# JRE version: OpenJDK Runtime Environment (Zulu 8.52.0.23-CA-win64) (8.0_282-b08) (build 1.8.0_282-b08)
# Java VM: OpenJDK 64-Bit Server VM (25.282-b08 mixed mode windows-amd64 compressed oops)
Heap:
 PSYoungGen      total 199168K, used 77525K [0x00000000d5580000, 0x00000000e4200000, 0x0000000100000000)
  eden space 187904K, 36% used [0x00000000d5580000,0x00000000d98f1408,0x00000000e0d00000)
  from space 11264K, 75% used [0x00000000e0d00000,0x00000000e1544010,0x00000000e1800000)
  to   space 11776K, 0% used [0x00000000e3680000,0x00000000e3680000,0x00000000e4200000)
 ParOldGen       total 89088K, used 9852K [0x0000000080000000, 0x0000000085700000, 0x00000000d5580000)
  object space 89088K, 11% used [0x0000000080000000,0x000000008099f050,0x0000000085700000)
 Metaspace       used 30255K, capacity 31214K, committed 31232K, reserved 1077248K
  class space    used 3578K, capacity 3824K, committed 3840K, reserved 1048576K
GC Heap History (10 events):
Event: 2.197 GC heap before
{Heap before GC invocations=4 (full 0):
 PSYoungGen      total 56832K, used 54717K [0x00000000d5580000, 0x00000000dc480000, 0x0000000100000000)
  eden space 49152K, 100% used [0x00000000d5580000,0x00000000d8580000,0x00000000d8580000)
  from space 7680K, 72% used [0x00000000d8580000,0x00000000d8aef7d0,0x00000000d8d00000)
  to   space 7680K, 0% used [0x00000000dbd00000,0x00000000dbd00000,0x00000000dc480000)
 ParOldGen       total 130048K, used 24K [0x0000000080000000, 0x0000000087f00000, 0x00000000d5580000)
  object space 130048K, 0% used [0x0000000080000000,0x0000000080006000,0x0000000087f00000)
 Metaspace       used 17353K, capacity 17600K, committed 17920K, reserved 1064960K
  class space    used 1866K, capacity 1972K, committed 2048K, reserved 1048576K
Event: 2.205 GC heap after
Heap after GC invocations=4 (full 0):
 PSYoungGen      total 105984K, used 7670K [0x00000000d5580000, 0x00000000dc480000, 0x0000000100000000)
  eden space 98304K, 0% used [0x00000000d5580000,0x00000000d5580000,0x00000000db580000)
  from space 7680K, 99% used [0x00000000dbd00000,0x00000000dc47d920,0x00000000dc480000)
  to   space 7680K, 0% used [0x00000000db580000,0x00000000db580000,0x00000000dbd00000)
 ParOldGen       total 130048K, used 867K [0x0000000080000000, 0x0000000087f00000, 0x00000000d5580000)
  object space 130048K, 0% used [0x0000000080000000,0x00000000800d8e38,0x0000000087f00000)
 Metaspace       used 17353K, capacity 17600K, committed 17920K, reserved 1064960K
  class space    used 1866K, capacity 1972K, committed 2048K, reserved 1048576K
}
Event: 2.891 GC heap before
{Heap before GC invocations=5 (full 0):
 PSYoungGen      total 105984K, used 65955K [0x00000000d5580000, 0x00000000dc480000, 0x0000000100000000)
  eden space 98304K, 59% used [0x00000000d5580000,0x00000000d8e6b470,0x00000000db580000)
  from space 7680K, 99% used [0x00000000dbd00000,0x00000000dc47d920,0x00000000dc480000)
  to   space 7680K, 0% used [0x00000000db580000,0x00000000db580000,0x00000000dbd00000)
 ParOldGen       total 130048K, used 867K [0x0000000080000000, 0x0000000087f00000, 0x00000000d5580000)
  object space 130048K, 0% used [0x0000000080000000,0x00000000800d8e38,0x0000000087f00000)
 Metaspace       used 20807K, capacity 21090K, committed 21296K, reserved 1069056K
  class space    used 2310K, capacity 2429K, committed 2432K, reserved 1048576K
Event: 2.903 GC heap after
Heap after GC invocations=5 (full 0):
 PSYoungGen      total 105984K, used 7662K [0x00000000d5580000, 0x00000000e2a80000, 0x0000000100000000)
  eden space 98304K, 0% used [0x00000000d5580000,0x00000000d5580000,0x00000000db580000)
  from space 7680K, 99% used [0x00000000db580000,0x00000000dbcfbbd8,0x00000000dbd00000)
  to   space 10752K, 0% used [0x00000000e2000000,0x00000000e2000000,0x00000000e2a80000)
 ParOldGen       total 130048K, used 3191K [0x0000000080000000, 0x0000000087f00000, 0x00000000d5580000)
  object space 130048K, 2% used [0x0000000080000000,0x000000008031dce8,0x0000000087f00000)
 Metaspace       used 20807K, capacity 21090K, committed 21296K, reserved 1069056K
  class space    used 2310K, capacity 2429K, committed 2432K, reserved 1048576K
}
Event: 2.903 GC heap before
{Heap before GC invocations=6 (full 1):
 PSYoungGen      total 105984K, used 7662K [0x00000000d5580000, 0x00000000e2a80000, 0x0000000100000000)
  eden space 98304K, 0% used [0x00000000d5580000,0x00000000d5580000,0x00000000db580000)
  from space 7680K, 99% used [0x00000000db580000,0x00000000dbcfbbd8,0x00000000dbd00000)
  to   space 10752K, 0% used [0x00000000e2000000,0x00000000e2000000,0x00000000e2a80000)
 ParOldGen       total 130048K, used 3191K [0x0000000080000000, 0x0000000087f00000, 0x00000000d5580000)
  object space 130048K, 2% used [0x0000000080000000,0x000000008031dce8,0x0000000087f00000)
 Metaspace       used 20807K, capacity 21090K, committed 21296K, reserved 1069056K
  class space    used 2310K, capacity 2429K, committed 2432K, reserved 1048576K
Event: 2.948 GC heap after
Heap after GC invocations=6 (full 1):
 PSYoungGen      total 105984K, used 0K [0x00000000d5580000, 0x00000000e2a80000, 0x0000000100000000)
  eden space 98304K, 0% used [0x00000000d5580000,0x00000000d5580000,0x00000000db580000)
  from space 7680K, 0% used [0x00000000db580000,0x00000000db580000,0x00000000dbd00000)
  to   space 10752K, 0% used [0x00000000e2000000,0x00000000e2000000,0x00000000e2a80000)
 ParOldGen       total 89088K, used 9844K [0x0000000080000000, 0x0000000085700000, 0x00000000d5580000)
  object space 89088K, 11% used [0x0000000080000000,0x000000008099d050,0x0000000085700000)
 Metaspace       used 20807K, capacity 21090K, committed 21296K, reserved 1069056K
  class space    used 2310K, capacity 2429K, committed 2432K, reserved 1048576K
}
Event: 3.567 GC heap before
{Heap before GC invocations=7 (full 1):
 PSYoungGen      total 105984K, used 98304K [0x00000000d5580000, 0x00000000e2a80000, 0x0000000100000000)
  eden space 98304K, 100% used [0x00000000d5580000,0x00000000db580000,0x00000000db580000)
  from space 7680K, 0% used [0x00000000db580000,0x00000000db580000,0x00000000dbd00000)
  to   space 10752K, 0% used [0x00000000e2000000,0x00000000e2000000,0x00000000e2a80000)
 ParOldGen       total 89088K, used 9844K [0x0000000080000000, 0x0000000085700000, 0x00000000d5580000)
  object space 89088K, 11% used [0x0000000080000000,0x000000008099d050,0x0000000085700000)
 Metaspace       used 22209K, capacity 22602K, committed 22960K, reserved 1069056K
  class space    used 2424K, capacity 2546K, committed 2560K, reserved 1048576K
Event: 3.570 GC heap after
Heap after GC invocations=7 (full 1):
 PSYoungGen      total 140800K, used 2747K [0x00000000d5580000, 0x00000000e2300000, 0x0000000100000000)
  eden space 137728K, 0% used [0x00000000d5580000,0x00000000d5580000,0x00000000ddc00000)
  from space 3072K, 89% used [0x00000000e2000000,0x00000000e22aed78,0x00000000e2300000)
  to   space 11264K, 0% used [0x00000000e0d00000,0x00000000e0d00000,0x00000000e1800000)
 ParOldGen       total 89088K, used 9852K [0x0000000080000000, 0x0000000085700000, 0x00000000d5580000)
  object space 89088K, 11% used [0x0000000080000000,0x000000008099f050,0x0000000085700000)
 Metaspace       used 22209K, capacity 22602K, committed 22960K, reserved 1069056K
  class space    used 2424K, capacity 2546K, committed 2560K, reserved 1048576K
}
Event: 4.370 GC heap before
{Heap before GC invocations=8 (full 1):
 PSYoungGen      total 140800K, used 140475K [0x00000000d5580000, 0x00000000e2300000, 0x0000000100000000)
  eden space 137728K, 100% used [0x00000000d5580000,0x00000000ddc00000,0x00000000ddc00000)
  from space 3072K, 89% used [0x00000000e2000000,0x00000000e22aed78,0x00000000e2300000)
  to   space 11264K, 0% used [0x00000000e0d00000,0x00000000e0d00000,0x00000000e1800000)
 ParOldGen       total 89088K, used 9852K [0x0000000080000000, 0x0000000085700000, 0x00000000d5580000)
  object space 89088K, 11% used [0x0000000080000000,0x000000008099f050,0x0000000085700000)
 Metaspace       used 24271K, capacity 24688K, committed 24960K, reserved 1071104K
  class space    used 2736K, capacity 2879K, committed 2944K, reserved 1048576K
Event: 4.418 GC heap after
Heap after GC invocations=8 (full 1):
 PSYoungGen      total 199168K, used 8464K [0x00000000d5580000, 0x00000000e4200000, 0x0000000100000000)
  eden space 187904K, 0% used [0x00000000d5580000,0x00000000d5580000,0x00000000e0d00000)
  from space 11264K, 75% used [0x00000000e0d00000,0x00000000e1544010,0x00000000e1800000)
  to   space 11776K, 0% used [0x00000000e3680000,0x00000000e3680000,0x00000000e4200000)
 ParOldGen       total 89088K, used 9852K [0x0000000080000000, 0x0000000085700000, 0x00000000d5580000)
  object space 89088K, 11% used [0x0000000080000000,0x000000008099f050,0x0000000085700000)
 Metaspace       used 24271K, capacity 24688K, committed 24960K, reserved 1071104K
  class space    used 2736K, capacity 2879K, committed 2944K, reserved 1048576K
}

