# JRE version: OpenJDK Runtime Environment (Zulu 8.52.0.23-CA-win64) (8.0_282-b08) (build 1.8.0_282-b08)
# Java VM: OpenJDK 64-Bit Server VM (25.282-b08 mixed mode windows-amd64 compressed oops)
Heap:
 PSYoungGen      total 247296K, used 78018K [0x00000000d5580000, 0x00000000e8280000, 0x0000000100000000)
  eden space 237056K, 28% used [0x00000000d5580000,0x00000000d98887f0,0x00000000e3d00000)
  from space 10240K, 91% used [0x00000000e4800000,0x00000000e51281b0,0x00000000e5200000)
  to   space 11264K, 0% used [0x00000000e3d00000,0x00000000e3d00000,0x00000000e4800000)
 ParOldGen       total 80384K, used 9826K [0x0000000080000000, 0x0000000084e80000, 0x00000000d5580000)
  object space 80384K, 12% used [0x0000000080000000,0x0000000080998b20,0x0000000084e80000)
 Metaspace       used 30847K, capacity 31880K, committed 32128K, reserved 1077248K
  class space    used 3621K, capacity 3894K, committed 3968K, reserved 1048576K
GC Heap History (10 events):
Event: 2.820 GC heap before
{Heap before GC invocations=5 (full 0):
 PSYoungGen      total 105984K, used 67540K [0x00000000d5580000, 0x00000000dc480000, 0x0000000100000000)
  eden space 98304K, 60% used [0x00000000d5580000,0x00000000d8ff6bd0,0x00000000db580000)
  from space 7680K, 99% used [0x00000000dbd00000,0x00000000dc47e7b8,0x00000000dc480000)
  to   space 7680K, 0% used [0x00000000db580000,0x00000000db580000,0x00000000dbd00000)
 ParOldGen       total 130048K, used 665K [0x0000000080000000, 0x0000000087f00000, 0x00000000d5580000)
  object space 130048K, 0% used [0x0000000080000000,0x00000000800a6758,0x0000000087f00000)
 Metaspace       used 20810K, capacity 21090K, committed 21296K, reserved 1069056K
  class space    used 2313K, capacity 2429K, committed 2432K, reserved 1048576K
Event: 2.845 GC heap after
Heap after GC invocations=5 (full 0):
 PSYoungGen      total 105984K, used 7662K [0x00000000d5580000, 0x00000000e2980000, 0x0000000100000000)
  eden space 98304K, 0% used [0x00000000d5580000,0x00000000d5580000,0x00000000db580000)
  from space 7680K, 99% used [0x00000000db580000,0x00000000dbcfbbd8,0x00000000dbd00000)
  to   space 10240K, 0% used [0x00000000e1f80000,0x00000000e1f80000,0x00000000e2980000)
 ParOldGen       total 130048K, used 2943K [0x0000000080000000, 0x0000000087f00000, 0x00000000d5580000)
  object space 130048K, 2% used [0x0000000080000000,0x00000000802dfe38,0x0000000087f00000)
 Metaspace       used 20810K, capacity 21090K, committed 21296K, reserved 1069056K
  class space    used 2313K, capacity 2429K, committed 2432K, reserved 1048576K
}
Event: 2.845 GC heap before
{Heap before GC invocations=6 (full 1):
 PSYoungGen      total 105984K, used 7662K [0x00000000d5580000, 0x00000000e2980000, 0x0000000100000000)
  eden space 98304K, 0% used [0x00000000d5580000,0x00000000d5580000,0x00000000db580000)
  from space 7680K, 99% used [0x00000000db580000,0x00000000dbcfbbd8,0x00000000dbd00000)
  to   space 10240K, 0% used [0x00000000e1f80000,0x00000000e1f80000,0x00000000e2980000)
 ParOldGen       total 130048K, used 2943K [0x0000000080000000, 0x0000000087f00000, 0x00000000d5580000)
  object space 130048K, 2% used [0x0000000080000000,0x00000000802dfe38,0x0000000087f00000)
 Metaspace       used 20810K, capacity 21090K, committed 21296K, reserved 1069056K
  class space    used 2313K, capacity 2429K, committed 2432K, reserved 1048576K
Event: 2.883 GC heap after
Heap after GC invocations=6 (full 1):
 PSYoungGen      total 105984K, used 0K [0x00000000d5580000, 0x00000000e2980000, 0x0000000100000000)
  eden space 98304K, 0% used [0x00000000d5580000,0x00000000d5580000,0x00000000db580000)
  from space 7680K, 0% used [0x00000000db580000,0x00000000db580000,0x00000000dbd00000)
  to   space 10240K, 0% used [0x00000000e1f80000,0x00000000e1f80000,0x00000000e2980000)
 ParOldGen       total 80384K, used 9818K [0x0000000080000000, 0x0000000084e80000, 0x00000000d5580000)
  object space 80384K, 12% used [0x0000000080000000,0x0000000080996b20,0x0000000084e80000)
 Metaspace       used 20810K, capacity 21090K, committed 21296K, reserved 1069056K
  class space    used 2313K, capacity 2429K, committed 2432K, reserved 1048576K
}
Event: 3.477 GC heap before
{Heap before GC invocations=7 (full 1):
 PSYoungGen      total 105984K, used 98304K [0x00000000d5580000, 0x00000000e2980000, 0x0000000100000000)
  eden space 98304K, 100% used [0x00000000d5580000,0x00000000db580000,0x00000000db580000)
  from space 7680K, 0% used [0x00000000db580000,0x00000000db580000,0x00000000dbd00000)
  to   space 10240K, 0% used [0x00000000e1f80000,0x00000000e1f80000,0x00000000e2980000)
 ParOldGen       total 80384K, used 9818K [0x0000000080000000, 0x0000000084e80000, 0x00000000d5580000)
  object space 80384K, 12% used [0x0000000080000000,0x0000000080996b20,0x0000000084e80000)
 Metaspace       used 22173K, capacity 22538K, committed 22704K, reserved 1069056K
  class space    used 2424K, capacity 2546K, committed 2560K, reserved 1048576K
Event: 3.482 GC heap after
Heap after GC invocations=7 (full 1):
 PSYoungGen      total 157184K, used 2883K [0x00000000d5580000, 0x00000000e2280000, 0x0000000100000000)
  eden space 154112K, 0% used [0x00000000d5580000,0x00000000d5580000,0x00000000dec00000)
  from space 3072K, 93% used [0x00000000e1f80000,0x00000000e2250db8,0x00000000e2280000)
  to   space 10752K, 0% used [0x00000000e0d80000,0x00000000e0d80000,0x00000000e1800000)
 ParOldGen       total 80384K, used 9818K [0x0000000080000000, 0x0000000084e80000, 0x00000000d5580000)
  object space 80384K, 12% used [0x0000000080000000,0x0000000080996b20,0x0000000084e80000)
 Metaspace       used 22173K, capacity 22538K, committed 22704K, reserved 1069056K
  class space    used 2424K, capacity 2546K, committed 2560K, reserved 1048576K
}
Event: 4.247 GC heap before
{Heap before GC invocations=8 (full 1):
 PSYoungGen      total 157184K, used 156995K [0x00000000d5580000, 0x00000000e2280000, 0x0000000100000000)
  eden space 154112K, 100% used [0x00000000d5580000,0x00000000dec00000,0x00000000dec00000)
  from space 3072K, 93% used [0x00000000e1f80000,0x00000000e2250db8,0x00000000e2280000)
  to   space 10752K, 0% used [0x00000000e0d80000,0x00000000e0d80000,0x00000000e1800000)
 ParOldGen       total 80384K, used 9818K [0x0000000080000000, 0x0000000084e80000, 0x00000000d5580000)
  object space 80384K, 12% used [0x0000000080000000,0x0000000080996b20,0x0000000084e80000)
 Metaspace       used 23000K, capacity 23464K, committed 23680K, reserved 1071104K
  class space    used 2489K, capacity 2620K, committed 2688K, reserved 1048576K
Event: 4.256 GC heap after
Heap after GC invocations=8 (full 1):
 PSYoungGen      total 199168K, used 6652K [0x00000000d5580000, 0x00000000e5200000, 0x0000000100000000)
  eden space 188416K, 0% used [0x00000000d5580000,0x00000000d5580000,0x00000000e0d80000)
  from space 10752K, 61% used [0x00000000e0d80000,0x00000000e13ff290,0x00000000e1800000)
  to   space 10240K, 0% used [0x00000000e4800000,0x00000000e4800000,0x00000000e5200000)
 ParOldGen       total 80384K, used 9818K [0x0000000080000000, 0x0000000084e80000, 0x00000000d5580000)
  object space 80384K, 12% used [0x0000000080000000,0x0000000080996b20,0x0000000084e80000)
 Metaspace       used 23000K, capacity 23464K, committed 23680K, reserved 1071104K
  class space    used 2489K, capacity 2620K, committed 2688K, reserved 1048576K
}
Event: 5.313 GC heap before
{Heap before GC invocations=9 (full 1):
 PSYoungGen      total 199168K, used 195068K [0x00000000d5580000, 0x00000000e5200000, 0x0000000100000000)
  eden space 188416K, 100% used [0x00000000d5580000,0x00000000e0d80000,0x00000000e0d80000)
  from space 10752K, 61% used [0x00000000e0d80000,0x00000000e13ff290,0x00000000e1800000)
  to   space 10240K, 0% used [0x00000000e4800000,0x00000000e4800000,0x00000000e5200000)
 ParOldGen       total 80384K, used 9818K [0x0000000080000000, 0x0000000084e80000, 0x00000000d5580000)
  object space 80384K, 12% used [0x0000000080000000,0x0000000080996b20,0x0000000084e80000)
 Metaspace       used 25145K, capacity 25606K, committed 26112K, reserved 1073152K
  class space    used 2814K, capacity 2949K, committed 3072K, reserved 1048576K
Event: 5.323 GC heap after
Heap after GC invocations=9 (full 1):
 PSYoungGen      total 247296K, used 9376K [0x00000000d5580000, 0x00000000e8280000, 0x0000000100000000)
  eden space 237056K, 0% used [0x00000000d5580000,0x00000000d5580000,0x00000000e3d00000)
  from space 10240K, 91% used [0x00000000e4800000,0x00000000e51281b0,0x00000000e5200000)
  to   space 11264K, 0% used [0x00000000e3d00000,0x00000000e3d00000,0x00000000e4800000)
 ParOldGen       total 80384K, used 9826K [0x0000000080000000, 0x0000000084e80000, 0x00000000d5580000)
  object space 80384K, 12% used [0x0000000080000000,0x0000000080998b20,0x0000000084e80000)
 Metaspace       used 25145K, capacity 25606K, committed 26112K, reserved 1073152K
  class space    used 2814K, capacity 2949K, committed 3072K, reserved 1048576K
}

