# JRE version: OpenJDK Runtime Environment (Zulu 8.52.0.23-CA-win64) (8.0_282-b08) (build 1.8.0_282-b08)
# Java VM: OpenJDK 64-Bit Server VM (25.282-b08 mixed mode windows-amd64 compressed oops)
Heap:
 PSYoungGen      total 237056K, used 90402K [0x00000000d5580000, 0x00000000e7d00000, 0x0000000100000000)
  eden space 226304K, 36% used [0x00000000d5580000,0x00000000da5acc58,0x00000000e3280000)
  from space 10752K, 77% used [0x00000000e3d00000,0x00000000e451bba8,0x00000000e4780000)
  to   space 10752K, 0% used [0x00000000e3280000,0x00000000e3280000,0x00000000e3d00000)
 ParOldGen       total 83968K, used 9787K [0x0000000080000000, 0x0000000085200000, 0x00000000d5580000)
  object space 83968K, 11% used [0x0000000080000000,0x000000008098ede0,0x0000000085200000)
 Metaspace       used 30532K, capacity 31524K, committed 31744K, reserved 1077248K
  class space    used 3574K, capacity 3820K, committed 3840K, reserved 1048576K
GC Heap History (10 events):
Event: 2.661 GC heap before
{Heap before GC invocations=5 (full 0):
 PSYoungGen      total 105984K, used 66208K [0x00000000d5580000, 0x00000000dc480000, 0x0000000100000000)
  eden space 98304K, 59% used [0x00000000d5580000,0x00000000d8ea8b20,0x00000000db580000)
  from space 7680K, 99% used [0x00000000dbd00000,0x00000000dc47f570,0x00000000dc480000)
  to   space 7680K, 0% used [0x00000000db580000,0x00000000db580000,0x00000000dbd00000)
 ParOldGen       total 130048K, used 815K [0x0000000080000000, 0x0000000087f00000, 0x00000000d5580000)
  object space 130048K, 0% used [0x0000000080000000,0x00000000800cbd48,0x0000000087f00000)
 Metaspace       used 20807K, capacity 21090K, committed 21296K, reserved 1069056K
  class space    used 2310K, capacity 2429K, committed 2432K, reserved 1048576K
Event: 2.678 GC heap after
Heap after GC invocations=5 (full 0):
 PSYoungGen      total 105984K, used 7671K [0x00000000d5580000, 0x00000000e2980000, 0x0000000100000000)
  eden space 98304K, 0% used [0x00000000d5580000,0x00000000d5580000,0x00000000db580000)
  from space 7680K, 99% used [0x00000000db580000,0x00000000dbcfdd40,0x00000000dbd00000)
  to   space 10240K, 0% used [0x00000000e1f80000,0x00000000e1f80000,0x00000000e2980000)
 ParOldGen       total 130048K, used 3004K [0x0000000080000000, 0x0000000087f00000, 0x00000000d5580000)
  object space 130048K, 2% used [0x0000000080000000,0x00000000802ef2d8,0x0000000087f00000)
 Metaspace       used 20807K, capacity 21090K, committed 21296K, reserved 1069056K
  class space    used 2310K, capacity 2429K, committed 2432K, reserved 1048576K
}
Event: 2.678 GC heap before
{Heap before GC invocations=6 (full 1):
 PSYoungGen      total 105984K, used 7671K [0x00000000d5580000, 0x00000000e2980000, 0x0000000100000000)
  eden space 98304K, 0% used [0x00000000d5580000,0x00000000d5580000,0x00000000db580000)
  from space 7680K, 99% used [0x00000000db580000,0x00000000dbcfdd40,0x00000000dbd00000)
  to   space 10240K, 0% used [0x00000000e1f80000,0x00000000e1f80000,0x00000000e2980000)
 ParOldGen       total 130048K, used 3004K [0x0000000080000000, 0x0000000087f00000, 0x00000000d5580000)
  object space 130048K, 2% used [0x0000000080000000,0x00000000802ef2d8,0x0000000087f00000)
 Metaspace       used 20807K, capacity 21090K, committed 21296K, reserved 1069056K
  class space    used 2310K, capacity 2429K, committed 2432K, reserved 1048576K
Event: 2.712 GC heap after
Heap after GC invocations=6 (full 1):
 PSYoungGen      total 105984K, used 0K [0x00000000d5580000, 0x00000000e2980000, 0x0000000100000000)
  eden space 98304K, 0% used [0x00000000d5580000,0x00000000d5580000,0x00000000db580000)
  from space 7680K, 0% used [0x00000000db580000,0x00000000db580000,0x00000000dbd00000)
  to   space 10240K, 0% used [0x00000000e1f80000,0x00000000e1f80000,0x00000000e2980000)
 ParOldGen       total 83968K, used 9779K [0x0000000080000000, 0x0000000085200000, 0x00000000d5580000)
  object space 83968K, 11% used [0x0000000080000000,0x000000008098cde0,0x0000000085200000)
 Metaspace       used 20807K, capacity 21090K, committed 21296K, reserved 1069056K
  class space    used 2310K, capacity 2429K, committed 2432K, reserved 1048576K
}
Event: 3.266 GC heap before
{Heap before GC invocations=7 (full 1):
 PSYoungGen      total 105984K, used 98304K [0x00000000d5580000, 0x00000000e2980000, 0x0000000100000000)
  eden space 98304K, 100% used [0x00000000d5580000,0x00000000db580000,0x00000000db580000)
  from space 7680K, 0% used [0x00000000db580000,0x00000000db580000,0x00000000dbd00000)
  to   space 10240K, 0% used [0x00000000e1f80000,0x00000000e1f80000,0x00000000e2980000)
 ParOldGen       total 83968K, used 9779K [0x0000000080000000, 0x0000000085200000, 0x00000000d5580000)
  object space 83968K, 11% used [0x0000000080000000,0x000000008098cde0,0x0000000085200000)
 Metaspace       used 22179K, capacity 22538K, committed 22704K, reserved 1069056K
  class space    used 2425K, capacity 2546K, committed 2560K, reserved 1048576K
Event: 3.270 GC heap after
Heap after GC invocations=7 (full 1):
 PSYoungGen      total 151040K, used 2877K [0x00000000d5580000, 0x00000000e2280000, 0x0000000100000000)
  eden space 147968K, 0% used [0x00000000d5580000,0x00000000d5580000,0x00000000de600000)
  from space 3072K, 93% used [0x00000000e1f80000,0x00000000e224f718,0x00000000e2280000)
  to   space 10752K, 0% used [0x00000000e0d80000,0x00000000e0d80000,0x00000000e1800000)
 ParOldGen       total 83968K, used 9787K [0x0000000080000000, 0x0000000085200000, 0x00000000d5580000)
  object space 83968K, 11% used [0x0000000080000000,0x000000008098ede0,0x0000000085200000)
 Metaspace       used 22179K, capacity 22538K, committed 22704K, reserved 1069056K
  class space    used 2425K, capacity 2546K, committed 2560K, reserved 1048576K
}
Event: 4.086 GC heap before
{Heap before GC invocations=8 (full 1):
 PSYoungGen      total 151040K, used 150845K [0x00000000d5580000, 0x00000000e2280000, 0x0000000100000000)
  eden space 147968K, 100% used [0x00000000d5580000,0x00000000de600000,0x00000000de600000)
  from space 3072K, 93% used [0x00000000e1f80000,0x00000000e224f718,0x00000000e2280000)
  to   space 10752K, 0% used [0x00000000e0d80000,0x00000000e0d80000,0x00000000e1800000)
 ParOldGen       total 83968K, used 9787K [0x0000000080000000, 0x0000000085200000, 0x00000000d5580000)
  object space 83968K, 11% used [0x0000000080000000,0x000000008098ede0,0x0000000085200000)
 Metaspace       used 23023K, capacity 23464K, committed 23680K, reserved 1071104K
  class space    used 2490K, capacity 2620K, committed 2688K, reserved 1048576K
Event: 4.101 GC heap after
Heap after GC invocations=8 (full 1):
 PSYoungGen      total 199168K, used 6685K [0x00000000d5580000, 0x00000000e4780000, 0x0000000100000000)
  eden space 188416K, 0% used [0x00000000d5580000,0x00000000d5580000,0x00000000e0d80000)
  from space 10752K, 62% used [0x00000000e0d80000,0x00000000e14074a0,0x00000000e1800000)
  to   space 10752K, 0% used [0x00000000e3d00000,0x00000000e3d00000,0x00000000e4780000)
 ParOldGen       total 83968K, used 9787K [0x0000000080000000, 0x0000000085200000, 0x00000000d5580000)
  object space 83968K, 11% used [0x0000000080000000,0x000000008098ede0,0x0000000085200000)
 Metaspace       used 23023K, capacity 23464K, committed 23680K, reserved 1071104K
  class space    used 2490K, capacity 2620K, committed 2688K, reserved 1048576K
}
Event: 5.182 GC heap before
{Heap before GC invocations=9 (full 1):
 PSYoungGen      total 199168K, used 195101K [0x00000000d5580000, 0x00000000e4780000, 0x0000000100000000)
  eden space 188416K, 100% used [0x00000000d5580000,0x00000000e0d80000,0x00000000e0d80000)
  from space 10752K, 62% used [0x00000000e0d80000,0x00000000e14074a0,0x00000000e1800000)
  to   space 10752K, 0% used [0x00000000e3d00000,0x00000000e3d00000,0x00000000e4780000)
 ParOldGen       total 83968K, used 9787K [0x0000000080000000, 0x0000000085200000, 0x00000000d5580000)
  object space 83968K, 11% used [0x0000000080000000,0x000000008098ede0,0x0000000085200000)
 Metaspace       used 24396K, capacity 24862K, committed 25216K, reserved 1071104K
  class space    used 2699K, capacity 2850K, committed 2944K, reserved 1048576K
Event: 5.189 GC heap after
Heap after GC invocations=9 (full 1):
 PSYoungGen      total 237056K, used 8302K [0x00000000d5580000, 0x00000000e7d00000, 0x0000000100000000)
  eden space 226304K, 0% used [0x00000000d5580000,0x00000000d5580000,0x00000000e3280000)
  from space 10752K, 77% used [0x00000000e3d00000,0x00000000e451bba8,0x00000000e4780000)
  to   space 10752K, 0% used [0x00000000e3280000,0x00000000e3280000,0x00000000e3d00000)
 ParOldGen       total 83968K, used 9787K [0x0000000080000000, 0x0000000085200000, 0x00000000d5580000)
  object space 83968K, 11% used [0x0000000080000000,0x000000008098ede0,0x0000000085200000)
 Metaspace       used 24396K, capacity 24862K, committed 25216K, reserved 1071104K
  class space    used 2699K, capacity 2850K, committed 2944K, reserved 1048576K
}

