# JRE version: OpenJDK Runtime Environment (Zulu 8.52.0.23-CA-win64) (8.0_282-b08) (build 1.8.0_282-b08)
# Java VM: OpenJDK 64-Bit Server VM (25.282-b08 mixed mode windows-amd64 compressed oops)
Heap:
 PSYoungGen      total 272384K, used 19761K [0x00000000d5580000, 0x00000000e7180000, 0x0000000100000000)
  eden space 259072K, 7% used [0x00000000d5580000,0x00000000d68cc740,0x00000000e5280000)
  from space 13312K, 0% used [0x00000000e6480000,0x00000000e6480000,0x00000000e7180000)
  to   space 15360K, 0% used [0x00000000e5380000,0x00000000e5380000,0x00000000e6280000)
 ParOldGen       total 140800K, used 22094K [0x0000000080000000, 0x0000000088980000, 0x00000000d5580000)
  object space 140800K, 15% used [0x0000000080000000,0x0000000081593970,0x0000000088980000)
 Metaspace       used 34166K, capacity 35468K, committed 35752K, reserved 1081344K
  class space    used 3974K, capacity 4283K, committed 4352K, reserved 1048576K
GC Heap History (10 events):
Event: 4.209 GC heap before
{Heap before GC invocations=8 (full 1):
 PSYoungGen      total 148480K, used 148339K [0x00000000d5580000, 0x00000000e2280000, 0x0000000100000000)
  eden space 145408K, 100% used [0x00000000d5580000,0x00000000de380000,0x00000000de380000)
  from space 3072K, 95% used [0x00000000e1f80000,0x00000000e225ce78,0x00000000e2280000)
  to   space 10752K, 0% used [0x00000000e0d80000,0x00000000e0d80000,0x00000000e1800000)
 ParOldGen       total 84480K, used 9820K [0x0000000080000000, 0x0000000085280000, 0x00000000d5580000)
  object space 84480K, 11% used [0x0000000080000000,0x0000000080997098,0x0000000085280000)
 Metaspace       used 22995K, capacity 23464K, committed 23680K, reserved 1071104K
  class space    used 2488K, capacity 2620K, committed 2688K, reserved 1048576K
Event: 4.220 GC heap after
Heap after GC invocations=8 (full 1):
 PSYoungGen      total 199168K, used 6669K [0x00000000d5580000, 0x00000000e3a80000, 0x0000000100000000)
  eden space 188416K, 0% used [0x00000000d5580000,0x00000000d5580000,0x00000000e0d80000)
  from space 10752K, 62% used [0x00000000e0d80000,0x00000000e14034b0,0x00000000e1800000)
  to   space 10240K, 0% used [0x00000000e3080000,0x00000000e3080000,0x00000000e3a80000)
 ParOldGen       total 84480K, used 9820K [0x0000000080000000, 0x0000000085280000, 0x00000000d5580000)
  object space 84480K, 11% used [0x0000000080000000,0x0000000080997098,0x0000000085280000)
 Metaspace       used 22995K, capacity 23464K, committed 23680K, reserved 1071104K
  class space    used 2488K, capacity 2620K, committed 2688K, reserved 1048576K
}
Event: 5.484 GC heap before
{Heap before GC invocations=9 (full 1):
 PSYoungGen      total 199168K, used 195085K [0x00000000d5580000, 0x00000000e3a80000, 0x0000000100000000)
  eden space 188416K, 100% used [0x00000000d5580000,0x00000000e0d80000,0x00000000e0d80000)
  from space 10752K, 62% used [0x00000000e0d80000,0x00000000e14034b0,0x00000000e1800000)
  to   space 10240K, 0% used [0x00000000e3080000,0x00000000e3080000,0x00000000e3a80000)
 ParOldGen       total 84480K, used 9820K [0x0000000080000000, 0x0000000085280000, 0x00000000d5580000)
  object space 84480K, 11% used [0x0000000080000000,0x0000000080997098,0x0000000085280000)
 Metaspace       used 24458K, capacity 24926K, committed 25216K, reserved 1071104K
  class space    used 2705K, capacity 2850K, committed 2944K, reserved 1048576K
Event: 5.491 GC heap after
Heap after GC invocations=9 (full 1):
 PSYoungGen      total 223744K, used 8372K [0x00000000d5580000, 0x00000000e7280000, 0x0000000100000000)
  eden space 213504K, 0% used [0x00000000d5580000,0x00000000d5580000,0x00000000e2600000)
  from space 10240K, 81% used [0x00000000e3080000,0x00000000e38ad008,0x00000000e3a80000)
  to   space 10752K, 0% used [0x00000000e2600000,0x00000000e2600000,0x00000000e3080000)
 ParOldGen       total 84480K, used 9820K [0x0000000080000000, 0x0000000085280000, 0x00000000d5580000)
  object space 84480K, 11% used [0x0000000080000000,0x0000000080997098,0x0000000085280000)
 Metaspace       used 24458K, capacity 24926K, committed 25216K, reserved 1071104K
  class space    used 2705K, capacity 2850K, committed 2944K, reserved 1048576K
}
Event: 10.198 GC heap before
{Heap before GC invocations=10 (full 1):
 PSYoungGen      total 223744K, used 221876K [0x00000000d5580000, 0x00000000e7280000, 0x0000000100000000)
  eden space 213504K, 100% used [0x00000000d5580000,0x00000000e2600000,0x00000000e2600000)
  from space 10240K, 81% used [0x00000000e3080000,0x00000000e38ad008,0x00000000e3a80000)
  to   space 10752K, 0% used [0x00000000e2600000,0x00000000e2600000,0x00000000e3080000)
 ParOldGen       total 84480K, used 9820K [0x0000000080000000, 0x0000000085280000, 0x00000000d5580000)
  object space 84480K, 11% used [0x0000000080000000,0x0000000080997098,0x0000000085280000)
 Metaspace       used 32862K, capacity 34018K, committed 34176K, reserved 1079296K
  class space    used 3851K, capacity 4156K, committed 4224K, reserved 1048576K
Event: 10.212 GC heap after
Heap after GC invocations=10 (full 1):
 PSYoungGen      total 224256K, used 10746K [0x00000000d5580000, 0x00000000e7280000, 0x0000000100000000)
  eden space 213504K, 0% used [0x00000000d5580000,0x00000000d5580000,0x00000000e2600000)
  from space 10752K, 99% used [0x00000000e2600000,0x00000000e307e968,0x00000000e3080000)
  to   space 14336K, 0% used [0x00000000e6480000,0x00000000e6480000,0x00000000e7280000)
 ParOldGen       total 84480K, used 15081K [0x0000000080000000, 0x0000000085280000, 0x00000000d5580000)
  object space 84480K, 17% used [0x0000000080000000,0x0000000080eba428,0x0000000085280000)
 Metaspace       used 32862K, capacity 34018K, committed 34176K, reserved 1079296K
  class space    used 3851K, capacity 4156K, committed 4224K, reserved 1048576K
}
Event: 16.284 GC heap before
{Heap before GC invocations=11 (full 1):
 PSYoungGen      total 224256K, used 156772K [0x00000000d5580000, 0x00000000e7280000, 0x0000000100000000)
  eden space 213504K, 68% used [0x00000000d5580000,0x00000000de41a6c0,0x00000000e2600000)
  from space 10752K, 99% used [0x00000000e2600000,0x00000000e307e968,0x00000000e3080000)
  to   space 14336K, 0% used [0x00000000e6480000,0x00000000e6480000,0x00000000e7280000)
 ParOldGen       total 84480K, used 15081K [0x0000000080000000, 0x0000000085280000, 0x00000000d5580000)
  object space 84480K, 17% used [0x0000000080000000,0x0000000080eba428,0x0000000085280000)
 Metaspace       used 34156K, capacity 35400K, committed 35496K, reserved 1081344K
  class space    used 3971K, capacity 4281K, committed 4352K, reserved 1048576K
Event: 16.314 GC heap after
Heap after GC invocations=11 (full 1):
 PSYoungGen      total 272384K, used 12952K [0x00000000d5580000, 0x00000000e7180000, 0x0000000100000000)
  eden space 259072K, 0% used [0x00000000d5580000,0x00000000d5580000,0x00000000e5280000)
  from space 13312K, 97% used [0x00000000e6480000,0x00000000e7126248,0x00000000e7180000)
  to   space 15360K, 0% used [0x00000000e5380000,0x00000000e5380000,0x00000000e6280000)
 ParOldGen       total 84480K, used 15089K [0x0000000080000000, 0x0000000085280000, 0x00000000d5580000)
  object space 84480K, 17% used [0x0000000080000000,0x0000000080ebc428,0x0000000085280000)
 Metaspace       used 34156K, capacity 35400K, committed 35496K, reserved 1081344K
  class space    used 3971K, capacity 4281K, committed 4352K, reserved 1048576K
}
Event: 16.314 GC heap before
{Heap before GC invocations=12 (full 2):
 PSYoungGen      total 272384K, used 12952K [0x00000000d5580000, 0x00000000e7180000, 0x0000000100000000)
  eden space 259072K, 0% used [0x00000000d5580000,0x00000000d5580000,0x00000000e5280000)
  from space 13312K, 97% used [0x00000000e6480000,0x00000000e7126248,0x00000000e7180000)
  to   space 15360K, 0% used [0x00000000e5380000,0x00000000e5380000,0x00000000e6280000)
 ParOldGen       total 84480K, used 15089K [0x0000000080000000, 0x0000000085280000, 0x00000000d5580000)
  object space 84480K, 17% used [0x0000000080000000,0x0000000080ebc428,0x0000000085280000)
 Metaspace       used 34156K, capacity 35400K, committed 35496K, reserved 1081344K
  class space    used 3971K, capacity 4281K, committed 4352K, reserved 1048576K
Event: 16.423 GC heap after
Heap after GC invocations=12 (full 2):
 PSYoungGen      total 272384K, used 0K [0x00000000d5580000, 0x00000000e7180000, 0x0000000100000000)
  eden space 259072K, 0% used [0x00000000d5580000,0x00000000d5580000,0x00000000e5280000)
  from space 13312K, 0% used [0x00000000e6480000,0x00000000e6480000,0x00000000e7180000)
  to   space 15360K, 0% used [0x00000000e5380000,0x00000000e5380000,0x00000000e6280000)
 ParOldGen       total 140800K, used 22094K [0x0000000080000000, 0x0000000088980000, 0x00000000d5580000)
  object space 140800K, 15% used [0x0000000080000000,0x0000000081593970,0x0000000088980000)
 Metaspace       used 34153K, capacity 35392K, committed 35496K, reserved 1081344K
  class space    used 3970K, capacity 4279K, committed 4352K, reserved 1048576K
}

