<?xml version="1.0" encoding="UTF-8"?>
<testsuites name="4-pruebas capacitación" time="434.525" tests="14" failures="0" errors="0">
   <testsuite name="4-pruebas capacitación" tests="14" failures="0" errors="0" time="434.525" skipped="0" timestamp="2023-03-23 11:11:51" hostname="diego.rojas - US-AF-000371" id="Test Suites/Test_Suite_Secundaria/4-pruebas capacitación">
      <properties>
         <property name="deviceName" value=""/>
         <property name="devicePlatform" value=""/>
         <property name="logFolder" value="C:\\Users\\diego.rojas\\git\\Pruebas-Minimas\\Reports\\20230323_111143\\Test_Suite_Secundaria\\4-pruebas capacitaci\u00F3n\\20230323_111143"/>
         <property name="logFiles" value="C:\\Users\\diego.rojas\\git\\Pruebas-Minimas\\Reports\\20230323_111143\\Test_Suite_Secundaria\\4-pruebas capacitaci\u00F3n\\20230323_111143\\execution0.log"/>
         <property name="attachments" value=""/>
         <property name="hostName" value="diego.rojas - US-AF-000371"/>
         <property name="os" value="Windows 10 64bit"/>
         <property name="katalonVersion" value="8.5.0.208"/>
         <property name="browser" value="Chrome 111.0.0.0"/>
         <property name="hostAddress" value="192.168.56.1"/>
         <property name="sessionId" value="b6fd43bc4fd69740551ed06f2ea21043"/>
         <property name="seleniumVersion" value="3.141.59"/>
         <property name="proxyInformation" value="ProxyInformation { proxyOption=NO_PROXY, proxyServerType=HTTP, username=, password=********, proxyServerAddress=, proxyServerPort=0, executionList=&quot;&quot;, isApplyToDesiredCapabilities=true }"/>
         <property name="platform" value="Windows 10"/>
      </properties>
      <testcase name="Test Cases/1.2-Tareas_Secundarias/4.1-Pruebas_Capacitación/4.1.1-Nuevo_Curso" time="42.566" classname="Test Cases/1.2-Tareas_Secundarias/4.1-Pruebas_Capacitación/4.1.1-Nuevo_Curso" status="PASSED">
         <system-out><![CDATA[2023-03-23 11:11:51 - [TEST_CASE][PASSED] - Test Cases/1.2-Tareas_Secundarias/4.1-Pruebas_Capacitación/4.1.1-Nuevo_Curso: Test Cases/1.2-Tareas_Secundarias/4.1-Pruebas_Capacitación/4.1.1-Nuevo_Curso

2023-03-23 11:11:52 - [TEST_STEP][PASSED] - callTestCase(findTestCase("0.1-Login"), [:], STOP_ON_FAILURE): Call Test Case 'Test Cases/0.1-Login' successfully

2023-03-23 11:11:52 - [TEST_CASE][PASSED] - Test Cases/0.1-Login: Test Cases/0.1-Login

2023-03-23 11:11:53 - [TEST_STEP][PASSED] - openBrowser(""): Browser is opened with url: ''

2023-03-23 11:11:53 - [MESSAGE][INFO] - Starting 'Chrome' driver

2023-03-23 11:11:53 - [MESSAGE][INFO] - Action delay is set to 0 milliseconds

2023-03-23 11:11:56 - [MESSAGE][PASSED] - Browser is opened with url: ''

2023-03-23 11:11:56 - [TEST_STEP][PASSED] - maximizeWindow(): Current window maximized

2023-03-23 11:11:56 - [MESSAGE][PASSED] - Current window maximized

2023-03-23 11:11:56 - [TEST_STEP][PASSED] - i = G_Login: null

2023-03-23 11:11:56 - [TEST_STEP][PASSED] - url = new java.net.URL(i): null

2023-03-23 11:11:56 - [TEST_STEP][PASSED] - println("URL: " + url.toString()): null

2023-03-23 11:11:56 - [TEST_STEP][PASSED] - connection = url.openConnection(): null

2023-03-23 11:11:57 - [TEST_STEP][PASSED] - connection.setRequestMethod("GET"): null

2023-03-23 11:11:57 - [TEST_STEP][PASSED] - connection.setReadTimeout(2 * 1000): null

2023-03-23 11:11:57 - [TEST_STEP][PASSED] - try: null

2023-03-23 11:11:57 - [TEST_STEP][PASSED] - connection.connect(): null

2023-03-23 11:11:57 - [TEST_STEP][PASSED] - flag = connected: null

2023-03-23 11:11:57 - [TEST_STEP][PASSED] - println("Valor_ori: " + flag): null

2023-03-23 11:11:57 - [TEST_STEP][PASSED] - if (flag): null

2023-03-23 11:11:57 - [TEST_STEP][PASSED] - navigateToUrl(i): Navigate to 'http://192.168.2.19:8380/saraweb' successfully

2023-03-23 11:11:57 - [MESSAGE][PASSED] - Navigate to 'http://192.168.2.19:8380/saraweb' successfully

2023-03-23 11:11:57 - [TEST_STEP][PASSED] - a(): null

2023-03-23 11:11:57 - [TEST_STEP][PASSED] - if (waitForElementVisible(findTestObject("3-OBJECTS UTILIDADES/Login/input_USUARIO_loginusuario"), 0)): null

2023-03-23 11:11:57 - [MESSAGE][WARNING] - Timeout '0' is invalid. Using default page load timeout: '37'

2023-03-23 11:11:58 - [MESSAGE][PASSED] - Object 'Object Repository/3-OBJECTS UTILIDADES/Login/input_USUARIO_loginusuario' is visible

2023-03-23 11:11:58 - [TEST_STEP][PASSED] - switchToWindowTitle("SARA"): Switched to window with title: 'SARA'

2023-03-23 11:11:58 - [MESSAGE][PASSED] - Switched to window with title: 'SARA'

2023-03-23 11:11:58 - [TEST_STEP][PASSED] - zoom(): null

2023-03-23 11:11:58 - [TEST_STEP][PASSED] - robot = new java.awt.Robot(): null

2023-03-23 11:11:58 - [TEST_STEP][PASSED] - robot.keyPress(VK_CONTROL): null

2023-03-23 11:11:58 - [TEST_STEP][PASSED] - robot.keyPress(VK_SUBTRACT): null

2023-03-23 11:11:58 - [TEST_STEP][PASSED] - robot.keyRelease(VK_CONTROL): null

2023-03-23 11:11:58 - [TEST_STEP][PASSED] - robot.keyRelease(VK_SUBTRACT): null

2023-03-23 11:11:58 - [TEST_STEP][PASSED] - robot.keyPress(VK_CONTROL): null

2023-03-23 11:11:58 - [TEST_STEP][PASSED] - robot.keyPress(VK_SUBTRACT): null

2023-03-23 11:11:58 - [TEST_STEP][PASSED] - robot.keyRelease(VK_CONTROL): null

2023-03-23 11:11:58 - [TEST_STEP][PASSED] - robot.keyRelease(VK_SUBTRACT): null

2023-03-23 11:11:58 - [TEST_STEP][PASSED] - robot.keyPress(VK_CONTROL): null

2023-03-23 11:11:58 - [TEST_STEP][PASSED] - robot.keyPress(VK_SUBTRACT): null

2023-03-23 11:11:58 - [TEST_STEP][PASSED] - robot.keyRelease(VK_CONTROL): null

2023-03-23 11:11:58 - [TEST_STEP][PASSED] - robot.keyRelease(VK_SUBTRACT): null

2023-03-23 11:11:58 - [TEST_STEP][PASSED] - robot.keyRelease(VK_CONTROL): null

2023-03-23 11:11:58 - [TEST_STEP][PASSED] - robot.keyRelease(VK_SUBTRACT): null

2023-03-23 11:11:58 - [TEST_STEP][PASSED] - setText(findTestObject("3-OBJECTS UTILIDADES/Login/input_USUARIO_loginusuario"), G_Usuario): Text 'saraadmin' is set on object 'Object Repository/3-OBJECTS UTILIDADES/Login/input_USUARIO_loginusuario'

2023-03-23 11:11:59 - [MESSAGE][PASSED] - Text 'saraadmin' is set on object 'Object Repository/3-OBJECTS UTILIDADES/Login/input_USUARIO_loginusuario'

2023-03-23 11:11:59 - [TEST_STEP][PASSED] - setEncryptedText(findTestObject("3-OBJECTS UTILIDADES/Login/input_CLAVE_loginpassword"), "SlAwMcyRKqrwbnzhAs8HhT6NnI7sEyng"): Text ****** has been set on object 'Object Repository/3-OBJECTS UTILIDADES/Login/input_CLAVE_loginpassword'

2023-03-23 11:12:01 - [MESSAGE][PASSED] - Text ****** has been set on object 'Object Repository/3-OBJECTS UTILIDADES/Login/input_CLAVE_loginpassword'

2023-03-23 11:12:01 - [TEST_STEP][PASSED] - while (waitForElementClickable(findTestObject("3-OBJECTS UTILIDADES/Login/a_Ingresar"), 1)): Web element with id: 'Object Repository/3-OBJECTS UTILIDADES/Login/a_Ingresar' located by '//a[contains(text(),'Ingresar')]' not found

2023-03-23 11:12:03 - [MESSAGE][INFO] - Unable to find the element located by 'By.xpath: //a[contains(text(),'Ingresar')]'. Please recheck the objects properties to make sure the desired element is located. 

2023-03-23 11:12:03 - [MESSAGE][WARNING] - Web element with id: 'Object Repository/3-OBJECTS UTILIDADES/Login/a_Ingresar' located by '//a[contains(text(),'Ingresar')]' not found

2023-03-23 11:12:03 - [MESSAGE][PASSED] - Call Test Case 'Test Cases/0.1-Login' successfully

2023-03-23 11:12:03 - [TEST_STEP][PASSED] - setText(findTestObject("2-OBJECTS TAREAS SECUNDARIAS/Pruebas capacitacion/Nuevo_Curso/input_ADMINISTRADOR DEL SISTEMA - SARA_form_templatej_idt24_input"), "Cursos (cap)"): Text 'Cursos (cap)' is set on object 'Object Repository/2-OBJECTS TAREAS SECUNDARIAS/Pruebas capacitacion/Nuevo_Curso/input_ADMINISTRADOR DEL SISTEMA - SARA_form_templatej_idt24_input'

2023-03-23 11:12:04 - [MESSAGE][PASSED] - Text 'Cursos (cap)' is set on object 'Object Repository/2-OBJECTS TAREAS SECUNDARIAS/Pruebas capacitacion/Nuevo_Curso/input_ADMINISTRADOR DEL SISTEMA - SARA_form_templatej_idt24_input'

2023-03-23 11:12:04 - [TEST_STEP][PASSED] - waitForElementClickable(findTestObject("2-OBJECTS TAREAS SECUNDARIAS/Pruebas capacitacion/Nuevo_Curso/li_Cursos (cap)"), 0): Object 'Object Repository/2-OBJECTS TAREAS SECUNDARIAS/Pruebas capacitacion/Nuevo_Curso/li_Cursos (cap)' is clickable

2023-03-23 11:12:04 - [MESSAGE][WARNING] - Timeout '0' is invalid. Using default page load timeout: '37'

2023-03-23 11:12:05 - [MESSAGE][PASSED] - Object 'Object Repository/2-OBJECTS TAREAS SECUNDARIAS/Pruebas capacitacion/Nuevo_Curso/li_Cursos (cap)' is clickable

2023-03-23 11:12:05 - [TEST_STEP][PASSED] - click(findTestObject("2-OBJECTS TAREAS SECUNDARIAS/Pruebas capacitacion/Nuevo_Curso/li_Cursos (cap)"), STOP_ON_FAILURE): Object: 'Object Repository/2-OBJECTS TAREAS SECUNDARIAS/Pruebas capacitacion/Nuevo_Curso/li_Cursos (cap)' is clicked on

2023-03-23 11:12:06 - [MESSAGE][PASSED] - Object: 'Object Repository/2-OBJECTS TAREAS SECUNDARIAS/Pruebas capacitacion/Nuevo_Curso/li_Cursos (cap)' is clicked on

2023-03-23 11:12:06 - [TEST_STEP][PASSED] - if (waitForElementPresent(findTestObject("2-OBJECTS TAREAS SECUNDARIAS/Pruebas capacitacion/Nuevo_Curso/td_Prueba"), 1)): null

2023-03-23 11:12:07 - [MESSAGE][PASSED] - Object 'Object Repository/2-OBJECTS TAREAS SECUNDARIAS/Pruebas capacitacion/Nuevo_Curso/td_Prueba' is present

2023-03-23 11:12:07 - [TEST_STEP][PASSED] - click(findTestObject("2-OBJECTS TAREAS SECUNDARIAS/Pruebas capacitacion/Nuevo_Curso/td_Prueba")): Object: 'Object Repository/2-OBJECTS TAREAS SECUNDARIAS/Pruebas capacitacion/Nuevo_Curso/td_Prueba' is clicked on

2023-03-23 11:12:07 - [MESSAGE][PASSED] - Object: 'Object Repository/2-OBJECTS TAREAS SECUNDARIAS/Pruebas capacitacion/Nuevo_Curso/td_Prueba' is clicked on

2023-03-23 11:12:07 - [TEST_STEP][PASSED] - click(findTestObject("2-OBJECTS TAREAS SECUNDARIAS/Pruebas capacitacion/Nuevo_Curso/a_Tema")): Object: 'Object Repository/2-OBJECTS TAREAS SECUNDARIAS/Pruebas capacitacion/Nuevo_Curso/a_Tema' is clicked on

2023-03-23 11:12:08 - [MESSAGE][PASSED] - Object: 'Object Repository/2-OBJECTS TAREAS SECUNDARIAS/Pruebas capacitacion/Nuevo_Curso/a_Tema' is clicked on

2023-03-23 11:12:08 - [TEST_STEP][PASSED] - if (waitForElementPresent(findTestObject("2-OBJECTS TAREAS SECUNDARIAS/Pruebas capacitacion/Nuevo_Curso/span_Tema"), 1)): null

2023-03-23 11:12:09 - [MESSAGE][PASSED] - Object 'Object Repository/2-OBJECTS TAREAS SECUNDARIAS/Pruebas capacitacion/Nuevo_Curso/span_Tema' is present

2023-03-23 11:12:09 - [TEST_STEP][PASSED] - click(findTestObject("2-OBJECTS TAREAS SECUNDARIAS/Pruebas capacitacion/Nuevo_Curso/a_Tema_form_cursopestaniaslistaTemas0j_idt608")): Object: 'Object Repository/2-OBJECTS TAREAS SECUNDARIAS/Pruebas capacitacion/Nuevo_Curso/a_Tema_form_cursopestaniaslistaTemas0j_idt608' is clicked on

2023-03-23 11:12:09 - [MESSAGE][PASSED] - Object: 'Object Repository/2-OBJECTS TAREAS SECUNDARIAS/Pruebas capacitacion/Nuevo_Curso/a_Tema_form_cursopestaniaslistaTemas0j_idt608' is clicked on

2023-03-23 11:12:09 - [TEST_STEP][PASSED] - click(findTestObject("2-OBJECTS TAREAS SECUNDARIAS/Pruebas capacitacion/Nuevo_Curso/a_Datos Bsicos")): Object: 'Object Repository/2-OBJECTS TAREAS SECUNDARIAS/Pruebas capacitacion/Nuevo_Curso/a_Datos Bsicos' is clicked on

2023-03-23 11:12:10 - [MESSAGE][PASSED] - Object: 'Object Repository/2-OBJECTS TAREAS SECUNDARIAS/Pruebas capacitacion/Nuevo_Curso/a_Datos Bsicos' is clicked on

2023-03-23 11:12:10 - [TEST_STEP][PASSED] - click(findTestObject("2-OBJECTS TAREAS SECUNDARIAS/Pruebas capacitacion/Nuevo_Curso/a_Eliminar")): Object: 'Object Repository/2-OBJECTS TAREAS SECUNDARIAS/Pruebas capacitacion/Nuevo_Curso/a_Eliminar' is clicked on

2023-03-23 11:12:10 - [MESSAGE][PASSED] - Object: 'Object Repository/2-OBJECTS TAREAS SECUNDARIAS/Pruebas capacitacion/Nuevo_Curso/a_Eliminar' is clicked on

2023-03-23 11:12:10 - [TEST_STEP][PASSED] - click(findTestObject("2-OBJECTS TAREAS SECUNDARIAS/Pruebas capacitacion/Nuevo_Curso/a_Aceptar")): Object: 'Object Repository/2-OBJECTS TAREAS SECUNDARIAS/Pruebas capacitacion/Nuevo_Curso/a_Aceptar' is clicked on

2023-03-23 11:12:11 - [MESSAGE][PASSED] - Object: 'Object Repository/2-OBJECTS TAREAS SECUNDARIAS/Pruebas capacitacion/Nuevo_Curso/a_Aceptar' is clicked on

2023-03-23 11:12:11 - [TEST_STEP][PASSED] - click(findTestObject("2-OBJECTS TAREAS SECUNDARIAS/Pruebas capacitacion/Nuevo_Curso/a_Nuevo"), STOP_ON_FAILURE): Object: 'Object Repository/2-OBJECTS TAREAS SECUNDARIAS/Pruebas capacitacion/Nuevo_Curso/a_Nuevo' is clicked on

2023-03-23 11:12:12 - [MESSAGE][PASSED] - Object: 'Object Repository/2-OBJECTS TAREAS SECUNDARIAS/Pruebas capacitacion/Nuevo_Curso/a_Nuevo' is clicked on

2023-03-23 11:12:12 - [TEST_STEP][PASSED] - setText(findTestObject("2-OBJECTS TAREAS SECUNDARIAS/Pruebas capacitacion/Nuevo_Curso/textarea_Curso_form_cursopestaniasdescripcion"), "Prueba"): Text 'Prueba' is set on object 'Object Repository/2-OBJECTS TAREAS SECUNDARIAS/Pruebas capacitacion/Nuevo_Curso/textarea_Curso_form_cursopestaniasdescripcion'

2023-03-23 11:12:12 - [MESSAGE][PASSED] - Text 'Prueba' is set on object 'Object Repository/2-OBJECTS TAREAS SECUNDARIAS/Pruebas capacitacion/Nuevo_Curso/textarea_Curso_form_cursopestaniasdescripcion'

2023-03-23 11:12:12 - [TEST_STEP][PASSED] - setText(findTestObject("2-OBJECTS TAREAS SECUNDARIAS/Pruebas capacitacion/Nuevo_Curso/input_Intensidad Horaria_form_cursopestaniasintensidad"), "12"): Text '12' is set on object 'Object Repository/2-OBJECTS TAREAS SECUNDARIAS/Pruebas capacitacion/Nuevo_Curso/input_Intensidad Horaria_form_cursopestaniasintensidad'

2023-03-23 11:12:13 - [MESSAGE][PASSED] - Text '12' is set on object 'Object Repository/2-OBJECTS TAREAS SECUNDARIAS/Pruebas capacitacion/Nuevo_Curso/input_Intensidad Horaria_form_cursopestaniasintensidad'

2023-03-23 11:12:13 - [TEST_STEP][PASSED] - check(findTestObject("2-OBJECTS TAREAS SECUNDARIAS/Pruebas capacitacion/Nuevo_Curso/label_Ambas"), STOP_ON_FAILURE): Object 'Object Repository/2-OBJECTS TAREAS SECUNDARIAS/Pruebas capacitacion/Nuevo_Curso/label_Ambas' is checked

2023-03-23 11:12:14 - [MESSAGE][PASSED] - Object 'Object Repository/2-OBJECTS TAREAS SECUNDARIAS/Pruebas capacitacion/Nuevo_Curso/label_Ambas' is checked

2023-03-23 11:12:14 - [TEST_STEP][PASSED] - setText(findTestObject("2-OBJECTS TAREAS SECUNDARIAS/Pruebas capacitacion/Nuevo_Curso/input_Puntaje Minimo_form_cursopestaniaspuntajeminimo"), "10"): Text '10' is set on object 'Object Repository/2-OBJECTS TAREAS SECUNDARIAS/Pruebas capacitacion/Nuevo_Curso/input_Puntaje Minimo_form_cursopestaniaspuntajeminimo'

2023-03-23 11:12:15 - [MESSAGE][PASSED] - Text '10' is set on object 'Object Repository/2-OBJECTS TAREAS SECUNDARIAS/Pruebas capacitacion/Nuevo_Curso/input_Puntaje Minimo_form_cursopestaniaspuntajeminimo'

2023-03-23 11:12:15 - [TEST_STEP][PASSED] - setText(findTestObject("2-OBJECTS TAREAS SECUNDARIAS/Pruebas capacitacion/Nuevo_Curso/input_Puntaje Aprobacin_form_cursopestaniaspuntajeaproba"), "31"): Text '31' is set on object 'Object Repository/2-OBJECTS TAREAS SECUNDARIAS/Pruebas capacitacion/Nuevo_Curso/input_Puntaje Aprobacin_form_cursopestaniaspuntajeaproba'

2023-03-23 11:12:15 - [MESSAGE][PASSED] - Text '31' is set on object 'Object Repository/2-OBJECTS TAREAS SECUNDARIAS/Pruebas capacitacion/Nuevo_Curso/input_Puntaje Aprobacin_form_cursopestaniaspuntajeaproba'

2023-03-23 11:12:15 - [TEST_STEP][PASSED] - setText(findTestObject("2-OBJECTS TAREAS SECUNDARIAS/Pruebas capacitacion/Nuevo_Curso/textarea_Prerrequisito_form_cursopestaniasprerequisito"), "null"): Text 'null' is set on object 'Object Repository/2-OBJECTS TAREAS SECUNDARIAS/Pruebas capacitacion/Nuevo_Curso/textarea_Prerrequisito_form_cursopestaniasprerequisito'

2023-03-23 11:12:16 - [MESSAGE][PASSED] - Text 'null' is set on object 'Object Repository/2-OBJECTS TAREAS SECUNDARIAS/Pruebas capacitacion/Nuevo_Curso/textarea_Prerrequisito_form_cursopestaniasprerequisito'

2023-03-23 11:12:16 - [TEST_STEP][PASSED] - setText(findTestObject("2-OBJECTS TAREAS SECUNDARIAS/Pruebas capacitacion/Nuevo_Curso/textarea_Metodologa_form_cursopestaniasmetodologia"), "virtual"): Text 'virtual' is set on object 'Object Repository/2-OBJECTS TAREAS SECUNDARIAS/Pruebas capacitacion/Nuevo_Curso/textarea_Metodologa_form_cursopestaniasmetodologia'

2023-03-23 11:12:17 - [MESSAGE][PASSED] - Text 'virtual' is set on object 'Object Repository/2-OBJECTS TAREAS SECUNDARIAS/Pruebas capacitacion/Nuevo_Curso/textarea_Metodologa_form_cursopestaniasmetodologia'

2023-03-23 11:12:17 - [TEST_STEP][PASSED] - click(findTestObject("2-OBJECTS TAREAS SECUNDARIAS/Pruebas capacitacion/Nuevo_Curso/select_-- Seleccione --CARTAS DE RETIROCERT"), STOP_ON_FAILURE): Object: 'Object Repository/2-OBJECTS TAREAS SECUNDARIAS/Pruebas capacitacion/Nuevo_Curso/select_-- Seleccione --CARTAS DE RETIROCERT' is clicked on

2023-03-23 11:12:17 - [MESSAGE][PASSED] - Object: 'Object Repository/2-OBJECTS TAREAS SECUNDARIAS/Pruebas capacitacion/Nuevo_Curso/select_-- Seleccione --CARTAS DE RETIROCERT' is clicked on

2023-03-23 11:12:17 - [TEST_STEP][PASSED] - optionT = "": null

2023-03-23 11:12:17 - [TEST_STEP][PASSED] - option1 = getText(findTestObject("2-OBJECTS TAREAS SECUNDARIAS/Pruebas capacitacion/Nuevo_Curso/options/option_option1")): Text of object 'Object Repository/2-OBJECTS TAREAS SECUNDARIAS/Pruebas capacitacion/Nuevo_Curso/options/option_option1' is: '-- Seleccione --'

2023-03-23 11:12:18 - [MESSAGE][PASSED] - Text of object 'Object Repository/2-OBJECTS TAREAS SECUNDARIAS/Pruebas capacitacion/Nuevo_Curso/options/option_option1' is: '-- Seleccione --'

2023-03-23 11:12:18 - [TEST_STEP][PASSED] - option2 = getText(findTestObject("2-OBJECTS TAREAS SECUNDARIAS/Pruebas capacitacion/Nuevo_Curso/options/option_option2")): Text of object 'Object Repository/2-OBJECTS TAREAS SECUNDARIAS/Pruebas capacitacion/Nuevo_Curso/options/option_option2' is: 'CARTAS DE RETIRO'

2023-03-23 11:12:18 - [MESSAGE][PASSED] - Text of object 'Object Repository/2-OBJECTS TAREAS SECUNDARIAS/Pruebas capacitacion/Nuevo_Curso/options/option_option2' is: 'CARTAS DE RETIRO'

2023-03-23 11:12:18 - [TEST_STEP][PASSED] - option3 = getText(findTestObject("2-OBJECTS TAREAS SECUNDARIAS/Pruebas capacitacion/Nuevo_Curso/options/option_option3")): Text of object 'Object Repository/2-OBJECTS TAREAS SECUNDARIAS/Pruebas capacitacion/Nuevo_Curso/options/option_option3' is: 'CERT. ACTIVOS'

2023-03-23 11:12:18 - [MESSAGE][PASSED] - Text of object 'Object Repository/2-OBJECTS TAREAS SECUNDARIAS/Pruebas capacitacion/Nuevo_Curso/options/option_option3' is: 'CERT. ACTIVOS'

2023-03-23 11:12:18 - [TEST_STEP][PASSED] - option4 = getText(findTestObject("2-OBJECTS TAREAS SECUNDARIAS/Pruebas capacitacion/Nuevo_Curso/options/option_option4")): Text of object 'Object Repository/2-OBJECTS TAREAS SECUNDARIAS/Pruebas capacitacion/Nuevo_Curso/options/option_option4' is: 'CERT. RETIRADOS'

2023-03-23 11:12:19 - [MESSAGE][PASSED] - Text of object 'Object Repository/2-OBJECTS TAREAS SECUNDARIAS/Pruebas capacitacion/Nuevo_Curso/options/option_option4' is: 'CERT. RETIRADOS'

2023-03-23 11:12:19 - [TEST_STEP][PASSED] - option5 = getText(findTestObject("2-OBJECTS TAREAS SECUNDARIAS/Pruebas capacitacion/Nuevo_Curso/options/option_option5")): Text of object 'Object Repository/2-OBJECTS TAREAS SECUNDARIAS/Pruebas capacitacion/Nuevo_Curso/options/option_option5' is: 'COMPROBANTE PRÉSTAMO VACACIONES'

2023-03-23 11:12:19 - [MESSAGE][PASSED] - Text of object 'Object Repository/2-OBJECTS TAREAS SECUNDARIAS/Pruebas capacitacion/Nuevo_Curso/options/option_option5' is: 'COMPROBANTE PRÉSTAMO VACACIONES'

2023-03-23 11:12:19 - [TEST_STEP][PASSED] - option6 = getText(findTestObject("2-OBJECTS TAREAS SECUNDARIAS/Pruebas capacitacion/Nuevo_Curso/options/option_option6")): Text of object 'Object Repository/2-OBJECTS TAREAS SECUNDARIAS/Pruebas capacitacion/Nuevo_Curso/options/option_option6' is: 'CONTRATO BASICO CON AUXILIO'

2023-03-23 11:12:19 - [MESSAGE][PASSED] - Text of object 'Object Repository/2-OBJECTS TAREAS SECUNDARIAS/Pruebas capacitacion/Nuevo_Curso/options/option_option6' is: 'CONTRATO BASICO CON AUXILIO'

2023-03-23 11:12:19 - [TEST_STEP][PASSED] - option7 = getText(findTestObject("2-OBJECTS TAREAS SECUNDARIAS/Pruebas capacitacion/Nuevo_Curso/options/option_option7")): Text of object 'Object Repository/2-OBJECTS TAREAS SECUNDARIAS/Pruebas capacitacion/Nuevo_Curso/options/option_option7' is: 'CONTRATO INTEGRAL CON AUXILIO'

2023-03-23 11:12:20 - [MESSAGE][PASSED] - Text of object 'Object Repository/2-OBJECTS TAREAS SECUNDARIAS/Pruebas capacitacion/Nuevo_Curso/options/option_option7' is: 'CONTRATO INTEGRAL CON AUXILIO'

2023-03-23 11:12:20 - [TEST_STEP][PASSED] - option8 = getText(findTestObject("2-OBJECTS TAREAS SECUNDARIAS/Pruebas capacitacion/Nuevo_Curso/options/option_option8")): Text of object 'Object Repository/2-OBJECTS TAREAS SECUNDARIAS/Pruebas capacitacion/Nuevo_Curso/options/option_option8' is: 'CONTRATO SALARIO INTEGRAL'

2023-03-23 11:12:20 - [MESSAGE][PASSED] - Text of object 'Object Repository/2-OBJECTS TAREAS SECUNDARIAS/Pruebas capacitacion/Nuevo_Curso/options/option_option8' is: 'CONTRATO SALARIO INTEGRAL'

2023-03-23 11:12:20 - [TEST_STEP][PASSED] - option9 = getText(findTestObject("2-OBJECTS TAREAS SECUNDARIAS/Pruebas capacitacion/Nuevo_Curso/options/option_option9")): Text of object 'Object Repository/2-OBJECTS TAREAS SECUNDARIAS/Pruebas capacitacion/Nuevo_Curso/options/option_option9' is: 'CONTRATO TERMINO INDEFINIDO'

2023-03-23 11:12:21 - [MESSAGE][PASSED] - Text of object 'Object Repository/2-OBJECTS TAREAS SECUNDARIAS/Pruebas capacitacion/Nuevo_Curso/options/option_option9' is: 'CONTRATO TERMINO INDEFINIDO'

2023-03-23 11:12:21 - [TEST_STEP][PASSED] - option10 = getText(findTestObject("2-OBJECTS TAREAS SECUNDARIAS/Pruebas capacitacion/Nuevo_Curso/options/option_option10")): Text of object 'Object Repository/2-OBJECTS TAREAS SECUNDARIAS/Pruebas capacitacion/Nuevo_Curso/options/option_option10' is: 'LCT DE ECUARDOR'

2023-03-23 11:12:21 - [MESSAGE][PASSED] - Text of object 'Object Repository/2-OBJECTS TAREAS SECUNDARIAS/Pruebas capacitacion/Nuevo_Curso/options/option_option10' is: 'LCT DE ECUARDOR'

2023-03-23 11:12:21 - [TEST_STEP][PASSED] - option11 = getText(findTestObject("2-OBJECTS TAREAS SECUNDARIAS/Pruebas capacitacion/Nuevo_Curso/options/option_option11")): Text of object 'Object Repository/2-OBJECTS TAREAS SECUNDARIAS/Pruebas capacitacion/Nuevo_Curso/options/option_option11' is: 'PLANILLA FLEXIBLE'

2023-03-23 11:12:21 - [MESSAGE][PASSED] - Text of object 'Object Repository/2-OBJECTS TAREAS SECUNDARIAS/Pruebas capacitacion/Nuevo_Curso/options/option_option11' is: 'PLANILLA FLEXIBLE'

2023-03-23 11:12:21 - [TEST_STEP][PASSED] - option12 = getText(findTestObject("2-OBJECTS TAREAS SECUNDARIAS/Pruebas capacitacion/Nuevo_Curso/options/option_option12")): Text of object 'Object Repository/2-OBJECTS TAREAS SECUNDARIAS/Pruebas capacitacion/Nuevo_Curso/options/option_option12' is: 'PLANTILLA DIPLOMA12'

2023-03-23 11:12:22 - [MESSAGE][PASSED] - Text of object 'Object Repository/2-OBJECTS TAREAS SECUNDARIAS/Pruebas capacitacion/Nuevo_Curso/options/option_option12' is: 'PLANTILLA DIPLOMA12'

2023-03-23 11:12:22 - [TEST_STEP][PASSED] - option13 = getText(findTestObject("2-OBJECTS TAREAS SECUNDARIAS/Pruebas capacitacion/Nuevo_Curso/options/option_option13")): Text of object 'Object Repository/2-OBJECTS TAREAS SECUNDARIAS/Pruebas capacitacion/Nuevo_Curso/options/option_option13' is: 'PLANTILLA IMPRESIÓN CARGO'

2023-03-23 11:12:22 - [MESSAGE][PASSED] - Text of object 'Object Repository/2-OBJECTS TAREAS SECUNDARIAS/Pruebas capacitacion/Nuevo_Curso/options/option_option13' is: 'PLANTILLA IMPRESIÓN CARGO'

2023-03-23 11:12:22 - [TEST_STEP][PASSED] - option14 = getText(findTestObject("2-OBJECTS TAREAS SECUNDARIAS/Pruebas capacitacion/Nuevo_Curso/options/option_option14")): Text of object 'Object Repository/2-OBJECTS TAREAS SECUNDARIAS/Pruebas capacitacion/Nuevo_Curso/options/option_option14' is: 'PRUEBA CERTIFICADO VACUNACION'

2023-03-23 11:12:22 - [MESSAGE][PASSED] - Text of object 'Object Repository/2-OBJECTS TAREAS SECUNDARIAS/Pruebas capacitacion/Nuevo_Curso/options/option_option14' is: 'PRUEBA CERTIFICADO VACUNACION'

2023-03-23 11:12:22 - [TEST_STEP][PASSED] - option15 = getText(findTestObject("2-OBJECTS TAREAS SECUNDARIAS/Pruebas capacitacion/Nuevo_Curso/options/option_option5")): Text of object 'Object Repository/2-OBJECTS TAREAS SECUNDARIAS/Pruebas capacitacion/Nuevo_Curso/options/option_option5' is: 'COMPROBANTE PRÉSTAMO VACACIONES'

2023-03-23 11:12:23 - [MESSAGE][PASSED] - Text of object 'Object Repository/2-OBJECTS TAREAS SECUNDARIAS/Pruebas capacitacion/Nuevo_Curso/options/option_option5' is: 'COMPROBANTE PRÉSTAMO VACACIONES'

2023-03-23 11:12:23 - [TEST_STEP][PASSED] - switch (option1 != "" || option2 != "" || option3 != "" || option4 != "" || option5 != "" || option6 != "" || option7 != "" || option8 != "" || option9 != "" || option10 != "" || option11 != "" || option12 != "" || option13 != "" || option14 != "" || option15 != ""): null

2023-03-23 11:12:23 - [TEST_STEP][PASSED] - case option12 == "PLANTILLA DIPLOMA12":: null

2023-03-23 11:12:23 - [TEST_STEP][PASSED] - click(findTestObject("2-OBJECTS TAREAS SECUNDARIAS/Pruebas capacitacion/Nuevo_Curso/options/option_option12"), STOP_ON_FAILURE): Object: 'Object Repository/2-OBJECTS TAREAS SECUNDARIAS/Pruebas capacitacion/Nuevo_Curso/options/option_option12' is clicked on

2023-03-23 11:12:23 - [MESSAGE][PASSED] - Object: 'Object Repository/2-OBJECTS TAREAS SECUNDARIAS/Pruebas capacitacion/Nuevo_Curso/options/option_option12' is clicked on

2023-03-23 11:12:23 - [TEST_STEP][PASSED] - break: null

2023-03-23 11:12:23 - [TEST_STEP][PASSED] - selectOptionByIndex(findTestObject("2-OBJECTS TAREAS SECUNDARIAS/Pruebas capacitacion/Nuevo_Curso/select_SeleccioneNINGUNOIcetexInstituto Caro y Cuervo.PositivaSena"), 5): All options with index in [5] are selected on object 'Object Repository/2-OBJECTS TAREAS SECUNDARIAS/Pruebas capacitacion/Nuevo_Curso/select_SeleccioneNINGUNOIcetexInstituto Caro y Cuervo.PositivaSena'

2023-03-23 11:12:24 - [MESSAGE][PASSED] - All options with index in [5] are selected on object 'Object Repository/2-OBJECTS TAREAS SECUNDARIAS/Pruebas capacitacion/Nuevo_Curso/select_SeleccioneNINGUNOIcetexInstituto Caro y Cuervo.PositivaSena'

2023-03-23 11:12:24 - [TEST_STEP][PASSED] - selectOptionByIndex(findTestObject("2-OBJECTS TAREAS SECUNDARIAS/Pruebas capacitacion/Nuevo_Curso/select_ActivoCancelado"), 0): All options with index in [0] are selected on object 'Object Repository/2-OBJECTS TAREAS SECUNDARIAS/Pruebas capacitacion/Nuevo_Curso/select_ActivoCancelado'

2023-03-23 11:12:25 - [MESSAGE][PASSED] - All options with index in [0] are selected on object 'Object Repository/2-OBJECTS TAREAS SECUNDARIAS/Pruebas capacitacion/Nuevo_Curso/select_ActivoCancelado'

2023-03-23 11:12:25 - [TEST_STEP][PASSED] - setText(findTestObject("2-OBJECTS TAREAS SECUNDARIAS/Pruebas capacitacion/Nuevo_Curso/input_Asistencia Mnima Horas_form_cursopestaniasasistenciamin"), "8"): Text '8' is set on object 'Object Repository/2-OBJECTS TAREAS SECUNDARIAS/Pruebas capacitacion/Nuevo_Curso/input_Asistencia Mnima Horas_form_cursopestaniasasistenciamin'

2023-03-23 11:12:26 - [MESSAGE][PASSED] - Text '8' is set on object 'Object Repository/2-OBJECTS TAREAS SECUNDARIAS/Pruebas capacitacion/Nuevo_Curso/input_Asistencia Mnima Horas_form_cursopestaniasasistenciamin'

2023-03-23 11:12:26 - [TEST_STEP][PASSED] - setText(findTestObject("2-OBJECTS TAREAS SECUNDARIAS/Pruebas capacitacion/Nuevo_Curso/input_Puntaje Mximo_form_cursopestaniaspuntajemaximo"), "50"): Text '50' is set on object 'Object Repository/2-OBJECTS TAREAS SECUNDARIAS/Pruebas capacitacion/Nuevo_Curso/input_Puntaje Mximo_form_cursopestaniaspuntajemaximo'

2023-03-23 11:12:26 - [MESSAGE][PASSED] - Text '50' is set on object 'Object Repository/2-OBJECTS TAREAS SECUNDARIAS/Pruebas capacitacion/Nuevo_Curso/input_Puntaje Mximo_form_cursopestaniaspuntajemaximo'

2023-03-23 11:12:26 - [TEST_STEP][PASSED] - setText(findTestObject("2-OBJECTS TAREAS SECUNDARIAS/Pruebas capacitacion/Nuevo_Curso/textarea_Poblacin Objeto_form_cursopestaniascobertura"), "null"): Text 'null' is set on object 'Object Repository/2-OBJECTS TAREAS SECUNDARIAS/Pruebas capacitacion/Nuevo_Curso/textarea_Poblacin Objeto_form_cursopestaniascobertura'

2023-03-23 11:12:27 - [MESSAGE][PASSED] - Text 'null' is set on object 'Object Repository/2-OBJECTS TAREAS SECUNDARIAS/Pruebas capacitacion/Nuevo_Curso/textarea_Poblacin Objeto_form_cursopestaniascobertura'

2023-03-23 11:12:27 - [TEST_STEP][PASSED] - setText(findTestObject("2-OBJECTS TAREAS SECUNDARIAS/Pruebas capacitacion/Nuevo_Curso/textarea_Objetivo_form_cursopestaniasimpacto"), "null"): Text 'null' is set on object 'Object Repository/2-OBJECTS TAREAS SECUNDARIAS/Pruebas capacitacion/Nuevo_Curso/textarea_Objetivo_form_cursopestaniasimpacto'

2023-03-23 11:12:28 - [MESSAGE][PASSED] - Text 'null' is set on object 'Object Repository/2-OBJECTS TAREAS SECUNDARIAS/Pruebas capacitacion/Nuevo_Curso/textarea_Objetivo_form_cursopestaniasimpacto'

2023-03-23 11:12:28 - [TEST_STEP][PASSED] - setText(findTestObject("2-OBJECTS TAREAS SECUNDARIAS/Pruebas capacitacion/Nuevo_Curso/textarea_Contenido_form_cursopestaniascontenido"), "null"): Text 'null' is set on object 'Object Repository/2-OBJECTS TAREAS SECUNDARIAS/Pruebas capacitacion/Nuevo_Curso/textarea_Contenido_form_cursopestaniascontenido'

2023-03-23 11:12:29 - [MESSAGE][PASSED] - Text 'null' is set on object 'Object Repository/2-OBJECTS TAREAS SECUNDARIAS/Pruebas capacitacion/Nuevo_Curso/textarea_Contenido_form_cursopestaniascontenido'

2023-03-23 11:12:29 - [TEST_STEP][PASSED] - click(findTestObject("2-OBJECTS TAREAS SECUNDARIAS/Pruebas capacitacion/Nuevo_Curso/a_Guardar")): Object: 'Object Repository/2-OBJECTS TAREAS SECUNDARIAS/Pruebas capacitacion/Nuevo_Curso/a_Guardar' is clicked on

2023-03-23 11:12:29 - [MESSAGE][PASSED] - Object: 'Object Repository/2-OBJECTS TAREAS SECUNDARIAS/Pruebas capacitacion/Nuevo_Curso/a_Guardar' is clicked on

2023-03-23 11:12:29 - [TEST_STEP][PASSED] - click(findTestObject("2-OBJECTS TAREAS SECUNDARIAS/Pruebas capacitacion/Nuevo_Curso/a_Tema")): Object: 'Object Repository/2-OBJECTS TAREAS SECUNDARIAS/Pruebas capacitacion/Nuevo_Curso/a_Tema' is clicked on

2023-03-23 11:12:30 - [MESSAGE][PASSED] - Object: 'Object Repository/2-OBJECTS TAREAS SECUNDARIAS/Pruebas capacitacion/Nuevo_Curso/a_Tema' is clicked on

2023-03-23 11:12:30 - [TEST_STEP][PASSED] - selectOptionByIndex(findTestObject("2-OBJECTS TAREAS SECUNDARIAS/Pruebas capacitacion/Nuevo_Curso/select_-- SELECCIONAR --GERENCIA DE PROYECTOSPLANMEACINPRUEBA DE MODULOSEGURIDAD EN EL SISTEMA DE INFORMACINTema"), 5): All options with index in [5] are selected on object 'Object Repository/2-OBJECTS TAREAS SECUNDARIAS/Pruebas capacitacion/Nuevo_Curso/select_-- SELECCIONAR --GERENCIA DE PROYECTOSPLANMEACINPRUEBA DE MODULOSEGURIDAD EN EL SISTEMA DE INFORMACINTema'

2023-03-23 11:12:31 - [MESSAGE][PASSED] - All options with index in [5] are selected on object 'Object Repository/2-OBJECTS TAREAS SECUNDARIAS/Pruebas capacitacion/Nuevo_Curso/select_-- SELECCIONAR --GERENCIA DE PROYECTOSPLANMEACINPRUEBA DE MODULOSEGURIDAD EN EL SISTEMA DE INFORMACINTema'

2023-03-23 11:12:31 - [TEST_STEP][PASSED] - setText(findTestObject("2-OBJECTS TAREAS SECUNDARIAS/Pruebas capacitacion/Nuevo_Curso/input_Orden_form_cursopestaniaslistaTemasorden"), "1"): Text '1' is set on object 'Object Repository/2-OBJECTS TAREAS SECUNDARIAS/Pruebas capacitacion/Nuevo_Curso/input_Orden_form_cursopestaniaslistaTemasorden'

2023-03-23 11:12:32 - [MESSAGE][PASSED] - Text '1' is set on object 'Object Repository/2-OBJECTS TAREAS SECUNDARIAS/Pruebas capacitacion/Nuevo_Curso/input_Orden_form_cursopestaniaslistaTemasorden'

2023-03-23 11:12:32 - [TEST_STEP][PASSED] - click(findTestObject("2-OBJECTS TAREAS SECUNDARIAS/Pruebas capacitacion/Nuevo_Curso/a_Orden_form_cursopestaniaslistaTemasj_idt609")): Object: 'Object Repository/2-OBJECTS TAREAS SECUNDARIAS/Pruebas capacitacion/Nuevo_Curso/a_Orden_form_cursopestaniaslistaTemasj_idt609' is clicked on

2023-03-23 11:12:32 - [MESSAGE][PASSED] - Object: 'Object Repository/2-OBJECTS TAREAS SECUNDARIAS/Pruebas capacitacion/Nuevo_Curso/a_Orden_form_cursopestaniaslistaTemasj_idt609' is clicked on

2023-03-23 11:12:32 - [TEST_STEP][PASSED] - click(findTestObject("2-OBJECTS TAREAS SECUNDARIAS/Pruebas capacitacion/Nuevo_Curso/a_Regresar")): Object: 'Object Repository/2-OBJECTS TAREAS SECUNDARIAS/Pruebas capacitacion/Nuevo_Curso/a_Regresar' is clicked on

2023-03-23 11:12:33 - [MESSAGE][PASSED] - Object: 'Object Repository/2-OBJECTS TAREAS SECUNDARIAS/Pruebas capacitacion/Nuevo_Curso/a_Regresar' is clicked on

2023-03-23 11:12:33 - [TEST_STEP][PASSED] - if (waitForElementVisible(findTestObject("2-OBJECTS TAREAS SECUNDARIAS/Pruebas capacitacion/Nuevo_Curso/td_Prueba"), 1)): null

2023-03-23 11:12:34 - [MESSAGE][PASSED] - Object 'Object Repository/2-OBJECTS TAREAS SECUNDARIAS/Pruebas capacitacion/Nuevo_Curso/td_Prueba' is visible

2023-03-23 11:12:34 - [TEST_STEP][PASSED] - Resultado = "PRUEBAS OK": null]]></system-out>
         <system-err><![CDATA[]]></system-err>
      </testcase>
      <testcase name="Test Cases/1.2-Tareas_Secundarias/4.1-Pruebas_Capacitación/4.1.2-Nuevo _Instructor-Entidad" time="26.901" classname="Test Cases/1.2-Tareas_Secundarias/4.1-Pruebas_Capacitación/4.1.2-Nuevo _Instructor-Entidad" status="PASSED">
         <system-out><![CDATA[2023-03-23 11:12:34 - [TEST_CASE][PASSED] - Test Cases/1.2-Tareas_Secundarias/4.1-Pruebas_Capacitación/4.1.2-Nuevo _Instructor-Entidad: Test Cases/1.2-Tareas_Secundarias/4.1-Pruebas_Capacitación/4.1.2-Nuevo _Instructor-Entidad

2023-03-23 11:12:34 - [TEST_STEP][PASSED] - today = new java.util.Date(): null

2023-03-23 11:12:34 - [TEST_STEP][PASSED] - Dia = today.format("dd"): null

2023-03-23 11:12:34 - [TEST_STEP][PASSED] - Mes = today.format("MM"): null

2023-03-23 11:12:34 - [TEST_STEP][PASSED] - MesN = today.format("MM"): null

2023-03-23 11:12:34 - [TEST_STEP][PASSED] - AñoI = today.format("yyyy"): null

2023-03-23 11:12:34 - [TEST_STEP][PASSED] - AñoR = today.format("yyyy"): null

2023-03-23 11:12:34 - [TEST_STEP][PASSED] - sumaD = Dia + 10: null

2023-03-23 11:12:34 - [TEST_STEP][PASSED] - sumaM = Mes + 1: null

2023-03-23 11:12:34 - [TEST_STEP][PASSED] - sumaA = AñoI + 1: null

2023-03-23 11:12:34 - [TEST_STEP][PASSED] - sumaAR = AñoI + 2: null

2023-03-23 11:12:34 - [TEST_STEP][PASSED] - if (sumaD > 30): null

2023-03-23 11:12:34 - [TEST_STEP][PASSED] - sumaD = sumaD - Dia: null

2023-03-23 11:12:34 - [TEST_STEP][PASSED] - Mes = sumaM: null

2023-03-23 11:12:34 - [TEST_STEP][PASSED] - if (sumaM > 12): null

2023-03-23 11:12:34 - [TEST_STEP][PASSED] - println(MesN): null

2023-03-23 11:12:34 - [TEST_STEP][PASSED] - println(Mes): null

2023-03-23 11:12:34 - [TEST_STEP][PASSED] - if (MesN == 12 && Mes == 1): null

2023-03-23 11:12:34 - [TEST_STEP][PASSED] - FechaI = Dia + "/" + MesN + "/" + AñoI: null

2023-03-23 11:12:34 - [TEST_STEP][PASSED] - FechaF = sumaD + "/" + Mes + "/" + AñoR: null

2023-03-23 11:12:34 - [TEST_STEP][PASSED] - callTestCase(findTestCase("0.1-Login"), [:], STOP_ON_FAILURE): Call Test Case 'Test Cases/0.1-Login' successfully

2023-03-23 11:12:34 - [TEST_CASE][PASSED] - Test Cases/0.1-Login: Test Cases/0.1-Login

2023-03-23 11:12:34 - [TEST_STEP][PASSED] - openBrowser(""): Browser is opened with url: ''

2023-03-23 11:12:34 - [MESSAGE][WARNING] - A browser is already opened. Closing browser and opening a new one

2023-03-23 11:12:35 - [MESSAGE][INFO] - Starting 'Chrome' driver

2023-03-23 11:12:35 - [MESSAGE][INFO] - Action delay is set to 0 milliseconds

2023-03-23 11:12:37 - [MESSAGE][PASSED] - Browser is opened with url: ''

2023-03-23 11:12:37 - [TEST_STEP][PASSED] - maximizeWindow(): Current window maximized

2023-03-23 11:12:37 - [MESSAGE][PASSED] - Current window maximized

2023-03-23 11:12:37 - [TEST_STEP][PASSED] - i = G_Login: null

2023-03-23 11:12:37 - [TEST_STEP][PASSED] - url = new java.net.URL(i): null

2023-03-23 11:12:37 - [TEST_STEP][PASSED] - println("URL: " + url.toString()): null

2023-03-23 11:12:37 - [TEST_STEP][PASSED] - connection = url.openConnection(): null

2023-03-23 11:12:37 - [TEST_STEP][PASSED] - connection.setRequestMethod("GET"): null

2023-03-23 11:12:37 - [TEST_STEP][PASSED] - connection.setReadTimeout(2 * 1000): null

2023-03-23 11:12:37 - [TEST_STEP][PASSED] - try: null

2023-03-23 11:12:37 - [TEST_STEP][PASSED] - connection.connect(): null

2023-03-23 11:12:37 - [TEST_STEP][PASSED] - flag = connected: null

2023-03-23 11:12:37 - [TEST_STEP][PASSED] - println("Valor_ori: " + flag): null

2023-03-23 11:12:37 - [TEST_STEP][PASSED] - if (flag): null

2023-03-23 11:12:37 - [TEST_STEP][PASSED] - navigateToUrl(i): Navigate to 'http://192.168.2.19:8380/saraweb' successfully

2023-03-23 11:12:37 - [MESSAGE][PASSED] - Navigate to 'http://192.168.2.19:8380/saraweb' successfully

2023-03-23 11:12:37 - [TEST_STEP][PASSED] - a(): null

2023-03-23 11:12:37 - [TEST_STEP][PASSED] - if (waitForElementVisible(findTestObject("3-OBJECTS UTILIDADES/Login/input_USUARIO_loginusuario"), 0)): null

2023-03-23 11:12:37 - [MESSAGE][WARNING] - Timeout '0' is invalid. Using default page load timeout: '37'

2023-03-23 11:12:38 - [MESSAGE][PASSED] - Object 'Object Repository/3-OBJECTS UTILIDADES/Login/input_USUARIO_loginusuario' is visible

2023-03-23 11:12:38 - [TEST_STEP][PASSED] - switchToWindowTitle("SARA"): Switched to window with title: 'SARA'

2023-03-23 11:12:38 - [MESSAGE][PASSED] - Switched to window with title: 'SARA'

2023-03-23 11:12:38 - [TEST_STEP][PASSED] - zoom(): null

2023-03-23 11:12:38 - [TEST_STEP][PASSED] - robot = new java.awt.Robot(): null

2023-03-23 11:12:38 - [TEST_STEP][PASSED] - robot.keyPress(VK_CONTROL): null

2023-03-23 11:12:38 - [TEST_STEP][PASSED] - robot.keyPress(VK_SUBTRACT): null

2023-03-23 11:12:38 - [TEST_STEP][PASSED] - robot.keyRelease(VK_CONTROL): null

2023-03-23 11:12:38 - [TEST_STEP][PASSED] - robot.keyRelease(VK_SUBTRACT): null

2023-03-23 11:12:38 - [TEST_STEP][PASSED] - robot.keyPress(VK_CONTROL): null

2023-03-23 11:12:38 - [TEST_STEP][PASSED] - robot.keyPress(VK_SUBTRACT): null

2023-03-23 11:12:38 - [TEST_STEP][PASSED] - robot.keyRelease(VK_CONTROL): null

2023-03-23 11:12:38 - [TEST_STEP][PASSED] - robot.keyRelease(VK_SUBTRACT): null

2023-03-23 11:12:38 - [TEST_STEP][PASSED] - robot.keyPress(VK_CONTROL): null

2023-03-23 11:12:38 - [TEST_STEP][PASSED] - robot.keyPress(VK_SUBTRACT): null

2023-03-23 11:12:38 - [TEST_STEP][PASSED] - robot.keyRelease(VK_CONTROL): null

2023-03-23 11:12:38 - [TEST_STEP][PASSED] - robot.keyRelease(VK_SUBTRACT): null

2023-03-23 11:12:38 - [TEST_STEP][PASSED] - robot.keyRelease(VK_CONTROL): null

2023-03-23 11:12:38 - [TEST_STEP][PASSED] - robot.keyRelease(VK_SUBTRACT): null

2023-03-23 11:12:38 - [TEST_STEP][PASSED] - setText(findTestObject("3-OBJECTS UTILIDADES/Login/input_USUARIO_loginusuario"), G_Usuario): Text 'saraadmin' is set on object 'Object Repository/3-OBJECTS UTILIDADES/Login/input_USUARIO_loginusuario'

2023-03-23 11:12:39 - [MESSAGE][PASSED] - Text 'saraadmin' is set on object 'Object Repository/3-OBJECTS UTILIDADES/Login/input_USUARIO_loginusuario'

2023-03-23 11:12:39 - [TEST_STEP][PASSED] - setEncryptedText(findTestObject("3-OBJECTS UTILIDADES/Login/input_CLAVE_loginpassword"), "SlAwMcyRKqrwbnzhAs8HhT6NnI7sEyng"): Text ****** has been set on object 'Object Repository/3-OBJECTS UTILIDADES/Login/input_CLAVE_loginpassword'

2023-03-23 11:12:40 - [MESSAGE][PASSED] - Text ****** has been set on object 'Object Repository/3-OBJECTS UTILIDADES/Login/input_CLAVE_loginpassword'

2023-03-23 11:12:40 - [TEST_STEP][PASSED] - while (waitForElementClickable(findTestObject("3-OBJECTS UTILIDADES/Login/a_Ingresar"), 1)): Web element with id: 'Object Repository/3-OBJECTS UTILIDADES/Login/a_Ingresar' located by '//a[contains(text(),'Ingresar')]' not found

2023-03-23 11:12:43 - [MESSAGE][INFO] - Unable to find the element located by 'By.xpath: //a[contains(text(),'Ingresar')]'. Please recheck the objects properties to make sure the desired element is located. 

2023-03-23 11:12:43 - [MESSAGE][WARNING] - Web element with id: 'Object Repository/3-OBJECTS UTILIDADES/Login/a_Ingresar' located by '//a[contains(text(),'Ingresar')]' not found

2023-03-23 11:12:43 - [MESSAGE][PASSED] - Call Test Case 'Test Cases/0.1-Login' successfully

2023-03-23 11:12:43 - [TEST_STEP][PASSED] - setText(findTestObject("2-OBJECTS TAREAS SECUNDARIAS/Pruebas capacitacion/Nuevo _Instructor-Entidad/input_Parmetros EntidadInstructor_form_templatej_idt24_input"), "Parametros Entidad/Instructor"): Text 'Parametros Entidad/Instructor' is set on object 'Object Repository/2-OBJECTS TAREAS SECUNDARIAS/Pruebas capacitacion/Nuevo _Instructor-Entidad/input_Parmetros EntidadInstructor_form_templatej_idt24_input'

2023-03-23 11:12:43 - [MESSAGE][PASSED] - Text 'Parametros Entidad/Instructor' is set on object 'Object Repository/2-OBJECTS TAREAS SECUNDARIAS/Pruebas capacitacion/Nuevo _Instructor-Entidad/input_Parmetros EntidadInstructor_form_templatej_idt24_input'

2023-03-23 11:12:43 - [TEST_STEP][PASSED] - click(findTestObject("2-OBJECTS TAREAS SECUNDARIAS/Pruebas capacitacion/Nuevo _Instructor-Entidad/li_Parametros EntidadInstructor (bie)")): Object: 'Object Repository/2-OBJECTS TAREAS SECUNDARIAS/Pruebas capacitacion/Nuevo _Instructor-Entidad/li_Parametros EntidadInstructor (bie)' is clicked on

2023-03-23 11:12:45 - [MESSAGE][PASSED] - Object: 'Object Repository/2-OBJECTS TAREAS SECUNDARIAS/Pruebas capacitacion/Nuevo _Instructor-Entidad/li_Parametros EntidadInstructor (bie)' is clicked on

2023-03-23 11:12:45 - [TEST_STEP][PASSED] - click(findTestObject("2-OBJECTS TAREAS SECUNDARIAS/Pruebas capacitacion/Nuevo _Instructor-Entidad/a_Entidad")): Object: 'Object Repository/2-OBJECTS TAREAS SECUNDARIAS/Pruebas capacitacion/Nuevo _Instructor-Entidad/a_Entidad' is clicked on

2023-03-23 11:12:46 - [MESSAGE][PASSED] - Object: 'Object Repository/2-OBJECTS TAREAS SECUNDARIAS/Pruebas capacitacion/Nuevo _Instructor-Entidad/a_Entidad' is clicked on

2023-03-23 11:12:46 - [TEST_STEP][PASSED] - if (waitForElementClickable(findTestObject("2-OBJECTS TAREAS SECUNDARIAS/Pruebas capacitacion/Nuevo _Instructor-Entidad/td_123456789"), 1)): null

2023-03-23 11:12:46 - [MESSAGE][PASSED] - Object 'Object Repository/2-OBJECTS TAREAS SECUNDARIAS/Pruebas capacitacion/Nuevo _Instructor-Entidad/td_123456789' is clickable

2023-03-23 11:12:46 - [TEST_STEP][PASSED] - click(findTestObject("2-OBJECTS TAREAS SECUNDARIAS/Pruebas capacitacion/Nuevo _Instructor-Entidad/td_123456789")): Object: 'Object Repository/2-OBJECTS TAREAS SECUNDARIAS/Pruebas capacitacion/Nuevo _Instructor-Entidad/td_123456789' is clicked on

2023-03-23 11:12:47 - [MESSAGE][PASSED] - Object: 'Object Repository/2-OBJECTS TAREAS SECUNDARIAS/Pruebas capacitacion/Nuevo _Instructor-Entidad/td_123456789' is clicked on

2023-03-23 11:12:47 - [TEST_STEP][PASSED] - click(findTestObject("2-OBJECTS TAREAS SECUNDARIAS/Pruebas capacitacion/Nuevo _Instructor-Entidad/a_Eliminar")): Object: 'Object Repository/2-OBJECTS TAREAS SECUNDARIAS/Pruebas capacitacion/Nuevo _Instructor-Entidad/a_Eliminar' is clicked on

2023-03-23 11:12:48 - [MESSAGE][PASSED] - Object: 'Object Repository/2-OBJECTS TAREAS SECUNDARIAS/Pruebas capacitacion/Nuevo _Instructor-Entidad/a_Eliminar' is clicked on

2023-03-23 11:12:48 - [TEST_STEP][PASSED] - click(findTestObject("2-OBJECTS TAREAS SECUNDARIAS/Pruebas capacitacion/Nuevo _Instructor-Entidad/a_Aceptar")): Object: 'Object Repository/2-OBJECTS TAREAS SECUNDARIAS/Pruebas capacitacion/Nuevo _Instructor-Entidad/a_Aceptar' is clicked on

2023-03-23 11:12:49 - [MESSAGE][PASSED] - Object: 'Object Repository/2-OBJECTS TAREAS SECUNDARIAS/Pruebas capacitacion/Nuevo _Instructor-Entidad/a_Aceptar' is clicked on

2023-03-23 11:12:49 - [TEST_STEP][PASSED] - click(findTestObject("2-OBJECTS TAREAS SECUNDARIAS/Pruebas capacitacion/Nuevo _Instructor-Entidad/a_Nuevo")): Object: 'Object Repository/2-OBJECTS TAREAS SECUNDARIAS/Pruebas capacitacion/Nuevo _Instructor-Entidad/a_Nuevo' is clicked on

2023-03-23 11:12:49 - [MESSAGE][PASSED] - Object: 'Object Repository/2-OBJECTS TAREAS SECUNDARIAS/Pruebas capacitacion/Nuevo _Instructor-Entidad/a_Nuevo' is clicked on

2023-03-23 11:12:49 - [TEST_STEP][PASSED] - setText(findTestObject("2-OBJECTS TAREAS SECUNDARIAS/Pruebas capacitacion/Nuevo _Instructor-Entidad/input_Identificacin_form_entidadtabidentificacionEntidad"), "123456789"): Text '123456789' is set on object 'Object Repository/2-OBJECTS TAREAS SECUNDARIAS/Pruebas capacitacion/Nuevo _Instructor-Entidad/input_Identificacin_form_entidadtabidentificacionEntidad'

2023-03-23 11:12:50 - [MESSAGE][PASSED] - Text '123456789' is set on object 'Object Repository/2-OBJECTS TAREAS SECUNDARIAS/Pruebas capacitacion/Nuevo _Instructor-Entidad/input_Identificacin_form_entidadtabidentificacionEntidad'

2023-03-23 11:12:50 - [TEST_STEP][PASSED] - selectOptionByIndex(findTestObject("2-OBJECTS TAREAS SECUNDARIAS/Pruebas capacitacion/Nuevo _Instructor-Entidad/select_--Seleccione--ActivoNo Disponible"), 1): All options with index in [1] are selected on object 'Object Repository/2-OBJECTS TAREAS SECUNDARIAS/Pruebas capacitacion/Nuevo _Instructor-Entidad/select_--Seleccione--ActivoNo Disponible'

2023-03-23 11:12:51 - [MESSAGE][PASSED] - All options with index in [1] are selected on object 'Object Repository/2-OBJECTS TAREAS SECUNDARIAS/Pruebas capacitacion/Nuevo _Instructor-Entidad/select_--Seleccione--ActivoNo Disponible'

2023-03-23 11:12:51 - [TEST_STEP][PASSED] - setText(findTestObject("2-OBJECTS TAREAS SECUNDARIAS/Pruebas capacitacion/Nuevo _Instructor-Entidad/textarea_Razn Social_form_entidadtabrazonsocial"), "Prueba"): Text 'Prueba' is set on object 'Object Repository/2-OBJECTS TAREAS SECUNDARIAS/Pruebas capacitacion/Nuevo _Instructor-Entidad/textarea_Razn Social_form_entidadtabrazonsocial'

2023-03-23 11:12:52 - [MESSAGE][PASSED] - Text 'Prueba' is set on object 'Object Repository/2-OBJECTS TAREAS SECUNDARIAS/Pruebas capacitacion/Nuevo _Instructor-Entidad/textarea_Razn Social_form_entidadtabrazonsocial'

2023-03-23 11:12:52 - [TEST_STEP][PASSED] - setText(findTestObject("2-OBJECTS TAREAS SECUNDARIAS/Pruebas capacitacion/Nuevo _Instructor-Entidad/input_Contacto_form_entidadtabcontacto"), "ninguno"): Text 'ninguno' is set on object 'Object Repository/2-OBJECTS TAREAS SECUNDARIAS/Pruebas capacitacion/Nuevo _Instructor-Entidad/input_Contacto_form_entidadtabcontacto'

2023-03-23 11:12:53 - [MESSAGE][PASSED] - Text 'ninguno' is set on object 'Object Repository/2-OBJECTS TAREAS SECUNDARIAS/Pruebas capacitacion/Nuevo _Instructor-Entidad/input_Contacto_form_entidadtabcontacto'

2023-03-23 11:12:53 - [TEST_STEP][PASSED] - setText(findTestObject("2-OBJECTS TAREAS SECUNDARIAS/Pruebas capacitacion/Nuevo _Instructor-Entidad/input_Direccin_form_entidadtabdireccion"), "carrera 132 # 152 c-10"): Text 'carrera 132 # 152 c-10' is set on object 'Object Repository/2-OBJECTS TAREAS SECUNDARIAS/Pruebas capacitacion/Nuevo _Instructor-Entidad/input_Direccin_form_entidadtabdireccion'

2023-03-23 11:12:54 - [MESSAGE][PASSED] - Text 'carrera 132 # 152 c-10' is set on object 'Object Repository/2-OBJECTS TAREAS SECUNDARIAS/Pruebas capacitacion/Nuevo _Instructor-Entidad/input_Direccin_form_entidadtabdireccion'

2023-03-23 11:12:54 - [TEST_STEP][PASSED] - setText(findTestObject("2-OBJECTS TAREAS SECUNDARIAS/Pruebas capacitacion/Nuevo _Instructor-Entidad/input_Barrio_form_entidadtabbarrio"), "ninguno"): Text 'ninguno' is set on object 'Object Repository/2-OBJECTS TAREAS SECUNDARIAS/Pruebas capacitacion/Nuevo _Instructor-Entidad/input_Barrio_form_entidadtabbarrio'

2023-03-23 11:12:54 - [MESSAGE][PASSED] - Text 'ninguno' is set on object 'Object Repository/2-OBJECTS TAREAS SECUNDARIAS/Pruebas capacitacion/Nuevo _Instructor-Entidad/input_Barrio_form_entidadtabbarrio'

2023-03-23 11:12:54 - [TEST_STEP][PASSED] - setText(findTestObject("2-OBJECTS TAREAS SECUNDARIAS/Pruebas capacitacion/Nuevo _Instructor-Entidad/input_Telfono_form_entidadtabtelefono"), "319388299"): Text '319388299' is set on object 'Object Repository/2-OBJECTS TAREAS SECUNDARIAS/Pruebas capacitacion/Nuevo _Instructor-Entidad/input_Telfono_form_entidadtabtelefono'

2023-03-23 11:12:55 - [MESSAGE][PASSED] - Text '319388299' is set on object 'Object Repository/2-OBJECTS TAREAS SECUNDARIAS/Pruebas capacitacion/Nuevo _Instructor-Entidad/input_Telfono_form_entidadtabtelefono'

2023-03-23 11:12:55 - [TEST_STEP][PASSED] - setText(findTestObject("2-OBJECTS TAREAS SECUNDARIAS/Pruebas capacitacion/Nuevo _Instructor-Entidad/input_Fecha de Ingreso_form_entidadtabfechaingreso_input"), FechaI): Text '23/3/2023' is set on object 'Object Repository/2-OBJECTS TAREAS SECUNDARIAS/Pruebas capacitacion/Nuevo _Instructor-Entidad/input_Fecha de Ingreso_form_entidadtabfechaingreso_input'

2023-03-23 11:12:56 - [MESSAGE][PASSED] - Text '23/3/2023' is set on object 'Object Repository/2-OBJECTS TAREAS SECUNDARIAS/Pruebas capacitacion/Nuevo _Instructor-Entidad/input_Fecha de Ingreso_form_entidadtabfechaingreso_input'

2023-03-23 11:12:56 - [TEST_STEP][PASSED] - sendKeys(findTestObject("2-OBJECTS TAREAS SECUNDARIAS/Pruebas capacitacion/Nuevo _Instructor-Entidad/input_Fecha de Ingreso_form_entidadtabfechaingreso_input"), Keys.chord(ESCAPE)): Keys 'ESCAPE + ' sent to object: 'Object Repository/2-OBJECTS TAREAS SECUNDARIAS/Pruebas capacitacion/Nuevo _Instructor-Entidad/input_Fecha de Ingreso_form_entidadtabfechaingreso_input'

2023-03-23 11:12:56 - [MESSAGE][PASSED] - Keys 'ESCAPE + ' sent to object: 'Object Repository/2-OBJECTS TAREAS SECUNDARIAS/Pruebas capacitacion/Nuevo _Instructor-Entidad/input_Fecha de Ingreso_form_entidadtabfechaingreso_input'

2023-03-23 11:12:56 - [TEST_STEP][PASSED] - waitForElementClickable(findTestObject("2-OBJECTS TAREAS SECUNDARIAS/Pruebas capacitacion/Nuevo _Instructor-Entidad/input_Fecha de Retiro_form_entidadtabfecharetiro_input"), 0): Object 'Object Repository/2-OBJECTS TAREAS SECUNDARIAS/Pruebas capacitacion/Nuevo _Instructor-Entidad/input_Fecha de Retiro_form_entidadtabfecharetiro_input' is clickable

2023-03-23 11:12:56 - [MESSAGE][WARNING] - Timeout '0' is invalid. Using default page load timeout: '37'

2023-03-23 11:12:57 - [MESSAGE][PASSED] - Object 'Object Repository/2-OBJECTS TAREAS SECUNDARIAS/Pruebas capacitacion/Nuevo _Instructor-Entidad/input_Fecha de Retiro_form_entidadtabfecharetiro_input' is clickable

2023-03-23 11:12:57 - [TEST_STEP][PASSED] - setText(findTestObject("2-OBJECTS TAREAS SECUNDARIAS/Pruebas capacitacion/Nuevo _Instructor-Entidad/input_Fecha de Retiro_form_entidadtabfecharetiro_input"), FechaF): Text '10/4/2023' is set on object 'Object Repository/2-OBJECTS TAREAS SECUNDARIAS/Pruebas capacitacion/Nuevo _Instructor-Entidad/input_Fecha de Retiro_form_entidadtabfecharetiro_input'

2023-03-23 11:12:58 - [MESSAGE][PASSED] - Text '10/4/2023' is set on object 'Object Repository/2-OBJECTS TAREAS SECUNDARIAS/Pruebas capacitacion/Nuevo _Instructor-Entidad/input_Fecha de Retiro_form_entidadtabfecharetiro_input'

2023-03-23 11:12:58 - [TEST_STEP][PASSED] - sendKeys(findTestObject("2-OBJECTS TAREAS SECUNDARIAS/Pruebas capacitacion/Nuevo _Instructor-Entidad/input_Fecha de Retiro_form_entidadtabfecharetiro_input"), Keys.chord(ESCAPE)): Keys 'ESCAPE + ' sent to object: 'Object Repository/2-OBJECTS TAREAS SECUNDARIAS/Pruebas capacitacion/Nuevo _Instructor-Entidad/input_Fecha de Retiro_form_entidadtabfecharetiro_input'

2023-03-23 11:12:58 - [MESSAGE][PASSED] - Keys 'ESCAPE + ' sent to object: 'Object Repository/2-OBJECTS TAREAS SECUNDARIAS/Pruebas capacitacion/Nuevo _Instructor-Entidad/input_Fecha de Retiro_form_entidadtabfecharetiro_input'

2023-03-23 11:12:58 - [TEST_STEP][PASSED] - setText(findTestObject("2-OBJECTS TAREAS SECUNDARIAS/Pruebas capacitacion/Nuevo _Instructor-Entidad/textarea_Observacin_form_entidadtabobservacion"), "ninguna"): Text 'ninguna' is set on object 'Object Repository/2-OBJECTS TAREAS SECUNDARIAS/Pruebas capacitacion/Nuevo _Instructor-Entidad/textarea_Observacin_form_entidadtabobservacion'

2023-03-23 11:12:59 - [MESSAGE][PASSED] - Text 'ninguna' is set on object 'Object Repository/2-OBJECTS TAREAS SECUNDARIAS/Pruebas capacitacion/Nuevo _Instructor-Entidad/textarea_Observacin_form_entidadtabobservacion'

2023-03-23 11:12:59 - [TEST_STEP][PASSED] - setText(findTestObject("2-OBJECTS TAREAS SECUNDARIAS/Pruebas capacitacion/Nuevo _Instructor-Entidad/input_Motivo de Retiro_form_entidadtabmotivo"), "ninguna"): Text 'ninguna' is set on object 'Object Repository/2-OBJECTS TAREAS SECUNDARIAS/Pruebas capacitacion/Nuevo _Instructor-Entidad/input_Motivo de Retiro_form_entidadtabmotivo'

2023-03-23 11:12:59 - [MESSAGE][PASSED] - Text 'ninguna' is set on object 'Object Repository/2-OBJECTS TAREAS SECUNDARIAS/Pruebas capacitacion/Nuevo _Instructor-Entidad/input_Motivo de Retiro_form_entidadtabmotivo'

2023-03-23 11:12:59 - [TEST_STEP][PASSED] - click(findTestObject("2-OBJECTS TAREAS SECUNDARIAS/Pruebas capacitacion/Nuevo _Instructor-Entidad/a_Guardar")): Object: 'Object Repository/2-OBJECTS TAREAS SECUNDARIAS/Pruebas capacitacion/Nuevo _Instructor-Entidad/a_Guardar' is clicked on

2023-03-23 11:13:00 - [MESSAGE][PASSED] - Object: 'Object Repository/2-OBJECTS TAREAS SECUNDARIAS/Pruebas capacitacion/Nuevo _Instructor-Entidad/a_Guardar' is clicked on

2023-03-23 11:13:00 - [TEST_STEP][PASSED] - Result = getText(findTestObject("3-OBJECTS UTILIDADES/Alerta/Alerta")): Text of object 'Object Repository/3-OBJECTS UTILIDADES/Alerta/Alerta' is: 'Se ingreso el registro'

2023-03-23 11:13:01 - [MESSAGE][PASSED] - Text of object 'Object Repository/3-OBJECTS UTILIDADES/Alerta/Alerta' is: 'Se ingreso el registro'

2023-03-23 11:13:01 - [TEST_STEP][PASSED] - if (Result == "Se ingreso el registro"): null

2023-03-23 11:13:01 - [TEST_STEP][PASSED] - Resultado = "PRUEBA OK": null]]></system-out>
         <system-err><![CDATA[]]></system-err>
      </testcase>
      <testcase name="Test Cases/1.2-Tareas_Secundarias/4.1-Pruebas_Capacitación/4.1.3-Evento_de_Capacitación" time="84.628" classname="Test Cases/1.2-Tareas_Secundarias/4.1-Pruebas_Capacitación/4.1.3-Evento_de_Capacitación" status="PASSED">
         <system-out><![CDATA[2023-03-23 11:13:01 - [TEST_CASE][PASSED] - Test Cases/1.2-Tareas_Secundarias/4.1-Pruebas_Capacitación/4.1.3-Evento_de_Capacitación: Test Cases/1.2-Tareas_Secundarias/4.1-Pruebas_Capacitación/4.1.3-Evento_de_Capacitación

2023-03-23 11:13:01 - [TEST_STEP][PASSED] - callTestCase(findTestCase("Utilidades-(atajos_para _tareas)/Modulos/Modulo Control Evento Capacitacion"), [:], STOP_ON_FAILURE): Call Test Case 'Test Cases/Utilidades-(atajos_para _tareas)/Modulos/Modulo Control Evento Capacitacion' successfully

2023-03-23 11:13:01 - [TEST_CASE][PASSED] - Test Cases/Utilidades-(atajos_para _tareas)/Modulos/Modulo Control Evento Capacitacion: Test Cases/Utilidades-(atajos_para _tareas)/Modulos/Modulo Control Evento Capacitacion

2023-03-23 11:13:02 - [TEST_STEP][PASSED] - callTestCase(findTestCase("0.1-Login"), [:], STOP_ON_FAILURE): Call Test Case 'Test Cases/0.1-Login' successfully

2023-03-23 11:13:02 - [TEST_CASE][PASSED] - Test Cases/0.1-Login: Test Cases/0.1-Login

2023-03-23 11:13:02 - [TEST_STEP][PASSED] - openBrowser(""): Browser is opened with url: ''

2023-03-23 11:13:02 - [MESSAGE][WARNING] - A browser is already opened. Closing browser and opening a new one

2023-03-23 11:13:03 - [MESSAGE][INFO] - Starting 'Chrome' driver

2023-03-23 11:13:03 - [MESSAGE][INFO] - Action delay is set to 0 milliseconds

2023-03-23 11:13:04 - [MESSAGE][PASSED] - Browser is opened with url: ''

2023-03-23 11:13:04 - [TEST_STEP][PASSED] - maximizeWindow(): Current window maximized

2023-03-23 11:13:04 - [MESSAGE][PASSED] - Current window maximized

2023-03-23 11:13:04 - [TEST_STEP][PASSED] - i = G_Login: null

2023-03-23 11:13:04 - [TEST_STEP][PASSED] - url = new java.net.URL(i): null

2023-03-23 11:13:04 - [TEST_STEP][PASSED] - println("URL: " + url.toString()): null

2023-03-23 11:13:04 - [TEST_STEP][PASSED] - connection = url.openConnection(): null

2023-03-23 11:13:04 - [TEST_STEP][PASSED] - connection.setRequestMethod("GET"): null

2023-03-23 11:13:04 - [TEST_STEP][PASSED] - connection.setReadTimeout(2 * 1000): null

2023-03-23 11:13:04 - [TEST_STEP][PASSED] - try: null

2023-03-23 11:13:04 - [TEST_STEP][PASSED] - connection.connect(): null

2023-03-23 11:13:04 - [TEST_STEP][PASSED] - flag = connected: null

2023-03-23 11:13:04 - [TEST_STEP][PASSED] - println("Valor_ori: " + flag): null

2023-03-23 11:13:04 - [TEST_STEP][PASSED] - if (flag): null

2023-03-23 11:13:04 - [TEST_STEP][PASSED] - navigateToUrl(i): Navigate to 'http://192.168.2.19:8380/saraweb' successfully

2023-03-23 11:13:11 - [MESSAGE][PASSED] - Navigate to 'http://192.168.2.19:8380/saraweb' successfully

2023-03-23 11:13:11 - [TEST_STEP][PASSED] - a(): null

2023-03-23 11:13:11 - [TEST_STEP][PASSED] - if (waitForElementVisible(findTestObject("3-OBJECTS UTILIDADES/Login/input_USUARIO_loginusuario"), 0)): null

2023-03-23 11:13:11 - [MESSAGE][WARNING] - Timeout '0' is invalid. Using default page load timeout: '37'

2023-03-23 11:13:12 - [MESSAGE][PASSED] - Object 'Object Repository/3-OBJECTS UTILIDADES/Login/input_USUARIO_loginusuario' is visible

2023-03-23 11:13:12 - [TEST_STEP][PASSED] - switchToWindowTitle("SARA"): Switched to window with title: 'SARA'

2023-03-23 11:13:12 - [MESSAGE][PASSED] - Switched to window with title: 'SARA'

2023-03-23 11:13:12 - [TEST_STEP][PASSED] - zoom(): null

2023-03-23 11:13:12 - [TEST_STEP][PASSED] - robot = new java.awt.Robot(): null

2023-03-23 11:13:12 - [TEST_STEP][PASSED] - robot.keyPress(VK_CONTROL): null

2023-03-23 11:13:12 - [TEST_STEP][PASSED] - robot.keyPress(VK_SUBTRACT): null

2023-03-23 11:13:12 - [TEST_STEP][PASSED] - robot.keyRelease(VK_CONTROL): null

2023-03-23 11:13:12 - [TEST_STEP][PASSED] - robot.keyRelease(VK_SUBTRACT): null

2023-03-23 11:13:12 - [TEST_STEP][PASSED] - robot.keyPress(VK_CONTROL): null

2023-03-23 11:13:12 - [TEST_STEP][PASSED] - robot.keyPress(VK_SUBTRACT): null

2023-03-23 11:13:12 - [TEST_STEP][PASSED] - robot.keyRelease(VK_CONTROL): null

2023-03-23 11:13:12 - [TEST_STEP][PASSED] - robot.keyRelease(VK_SUBTRACT): null

2023-03-23 11:13:12 - [TEST_STEP][PASSED] - robot.keyPress(VK_CONTROL): null

2023-03-23 11:13:12 - [TEST_STEP][PASSED] - robot.keyPress(VK_SUBTRACT): null

2023-03-23 11:13:12 - [TEST_STEP][PASSED] - robot.keyRelease(VK_CONTROL): null

2023-03-23 11:13:12 - [TEST_STEP][PASSED] - robot.keyRelease(VK_SUBTRACT): null

2023-03-23 11:13:12 - [TEST_STEP][PASSED] - robot.keyRelease(VK_CONTROL): null

2023-03-23 11:13:12 - [TEST_STEP][PASSED] - robot.keyRelease(VK_SUBTRACT): null

2023-03-23 11:13:12 - [TEST_STEP][PASSED] - setText(findTestObject("3-OBJECTS UTILIDADES/Login/input_USUARIO_loginusuario"), G_Usuario): Text 'saraadmin' is set on object 'Object Repository/3-OBJECTS UTILIDADES/Login/input_USUARIO_loginusuario'

2023-03-23 11:13:13 - [MESSAGE][PASSED] - Text 'saraadmin' is set on object 'Object Repository/3-OBJECTS UTILIDADES/Login/input_USUARIO_loginusuario'

2023-03-23 11:13:13 - [TEST_STEP][PASSED] - setEncryptedText(findTestObject("3-OBJECTS UTILIDADES/Login/input_CLAVE_loginpassword"), "SlAwMcyRKqrwbnzhAs8HhT6NnI7sEyng"): Text ****** has been set on object 'Object Repository/3-OBJECTS UTILIDADES/Login/input_CLAVE_loginpassword'

2023-03-23 11:13:14 - [MESSAGE][PASSED] - Text ****** has been set on object 'Object Repository/3-OBJECTS UTILIDADES/Login/input_CLAVE_loginpassword'

2023-03-23 11:13:14 - [TEST_STEP][PASSED] - while (waitForElementClickable(findTestObject("3-OBJECTS UTILIDADES/Login/a_Ingresar"), 1)): Web element with id: 'Object Repository/3-OBJECTS UTILIDADES/Login/a_Ingresar' located by '//a[contains(text(),'Ingresar')]' not found

2023-03-23 11:13:17 - [MESSAGE][INFO] - Unable to find the element located by 'By.xpath: //a[contains(text(),'Ingresar')]'. Please recheck the objects properties to make sure the desired element is located. 

2023-03-23 11:13:17 - [MESSAGE][WARNING] - Web element with id: 'Object Repository/3-OBJECTS UTILIDADES/Login/a_Ingresar' located by '//a[contains(text(),'Ingresar')]' not found

2023-03-23 11:13:17 - [MESSAGE][PASSED] - Call Test Case 'Test Cases/0.1-Login' successfully

2023-03-23 11:13:17 - [TEST_STEP][PASSED] - setText(findTestObject("3-OBJECTS UTILIDADES/Modulo Control Evento Capacitacion/input_ADMINISTRADOR DEL SISTEMA - SARA_form_templatej_idt24_input"), "Control Evento"): Text 'Control Evento' is set on object 'Object Repository/3-OBJECTS UTILIDADES/Modulo Control Evento Capacitacion/input_ADMINISTRADOR DEL SISTEMA - SARA_form_templatej_idt24_input'

2023-03-23 11:13:17 - [MESSAGE][PASSED] - Text 'Control Evento' is set on object 'Object Repository/3-OBJECTS UTILIDADES/Modulo Control Evento Capacitacion/input_ADMINISTRADOR DEL SISTEMA - SARA_form_templatej_idt24_input'

2023-03-23 11:13:17 - [TEST_STEP][PASSED] - click(findTestObject("3-OBJECTS UTILIDADES/Modulo Control Evento Capacitacion/li_Control Evento Capacitacion (cap)")): Object: 'Object Repository/3-OBJECTS UTILIDADES/Modulo Control Evento Capacitacion/li_Control Evento Capacitacion (cap)' is clicked on

2023-03-23 11:13:19 - [MESSAGE][PASSED] - Object: 'Object Repository/3-OBJECTS UTILIDADES/Modulo Control Evento Capacitacion/li_Control Evento Capacitacion (cap)' is clicked on

2023-03-23 11:13:19 - [MESSAGE][PASSED] - Call Test Case 'Test Cases/Utilidades-(atajos_para _tareas)/Modulos/Modulo Control Evento Capacitacion' successfully

2023-03-23 11:13:19 - [TEST_STEP][PASSED] - if (waitForElementClickable(findTestObject("2-OBJECTS TAREAS SECUNDARIAS/Pruebas capacitacion/Evento_de_Capacitacion/td_prueba"), 1)): null

2023-03-23 11:13:21 - [MESSAGE][PASSED] - Object 'Object Repository/2-OBJECTS TAREAS SECUNDARIAS/Pruebas capacitacion/Evento_de_Capacitacion/td_prueba' is clickable

2023-03-23 11:13:21 - [TEST_STEP][PASSED] - click(findTestObject("2-OBJECTS TAREAS SECUNDARIAS/Pruebas capacitacion/Evento_de_Capacitacion/td_prueba")): Object: 'Object Repository/2-OBJECTS TAREAS SECUNDARIAS/Pruebas capacitacion/Evento_de_Capacitacion/td_prueba' is clicked on

2023-03-23 11:13:21 - [MESSAGE][PASSED] - Object: 'Object Repository/2-OBJECTS TAREAS SECUNDARIAS/Pruebas capacitacion/Evento_de_Capacitacion/td_prueba' is clicked on

2023-03-23 11:13:21 - [TEST_STEP][PASSED] - click(findTestObject("2-OBJECTS TAREAS SECUNDARIAS/Pruebas capacitacion/Evento_de_Capacitacion/div_Evaluacin")): Object: 'Object Repository/2-OBJECTS TAREAS SECUNDARIAS/Pruebas capacitacion/Evento_de_Capacitacion/div_Evaluacin' is clicked on

2023-03-23 11:13:22 - [MESSAGE][PASSED] - Object: 'Object Repository/2-OBJECTS TAREAS SECUNDARIAS/Pruebas capacitacion/Evento_de_Capacitacion/div_Evaluacin' is clicked on

2023-03-23 11:13:22 - [TEST_STEP][PASSED] - click(findTestObject("2-OBJECTS TAREAS SECUNDARIAS/Pruebas capacitacion/Evento_de_Capacitacion/a_Evento")): Object: 'Object Repository/2-OBJECTS TAREAS SECUNDARIAS/Pruebas capacitacion/Evento_de_Capacitacion/a_Evento' is clicked on

2023-03-23 11:13:22 - [MESSAGE][PASSED] - Object: 'Object Repository/2-OBJECTS TAREAS SECUNDARIAS/Pruebas capacitacion/Evento_de_Capacitacion/a_Evento' is clicked on

2023-03-23 11:13:22 - [TEST_STEP][PASSED] - if (waitForElementPresent(findTestObject("2-OBJECTS TAREAS SECUNDARIAS/Pruebas capacitacion/Evento_de_Capacitacion/a_No Diligenciada_formEventoEvaluacionpanel_eventotablaEvaluacion0j_idt766"), 1)): null

2023-03-23 11:13:23 - [MESSAGE][PASSED] - Object 'Object Repository/2-OBJECTS TAREAS SECUNDARIAS/Pruebas capacitacion/Evento_de_Capacitacion/a_No Diligenciada_formEventoEvaluacionpanel_eventotablaEvaluacion0j_idt766' is present

2023-03-23 11:13:23 - [TEST_STEP][PASSED] - click(findTestObject("2-OBJECTS TAREAS SECUNDARIAS/Pruebas capacitacion/Evento_de_Capacitacion/a_No Diligenciada_formEventoEvaluacionpanel_eventotablaEvaluacion0j_idt766")): Object: 'Object Repository/2-OBJECTS TAREAS SECUNDARIAS/Pruebas capacitacion/Evento_de_Capacitacion/a_No Diligenciada_formEventoEvaluacionpanel_eventotablaEvaluacion0j_idt766' is clicked on

2023-03-23 11:13:24 - [MESSAGE][PASSED] - Object: 'Object Repository/2-OBJECTS TAREAS SECUNDARIAS/Pruebas capacitacion/Evento_de_Capacitacion/a_No Diligenciada_formEventoEvaluacionpanel_eventotablaEvaluacion0j_idt766' is clicked on

2023-03-23 11:13:24 - [TEST_STEP][PASSED] - click(findTestObject("2-OBJECTS TAREAS SECUNDARIAS/Pruebas capacitacion/Evento_de_Capacitacion/a_Aceptar4")): Object: 'Object Repository/2-OBJECTS TAREAS SECUNDARIAS/Pruebas capacitacion/Evento_de_Capacitacion/a_Aceptar4' is clicked on

2023-03-23 11:13:25 - [MESSAGE][PASSED] - Object: 'Object Repository/2-OBJECTS TAREAS SECUNDARIAS/Pruebas capacitacion/Evento_de_Capacitacion/a_Aceptar4' is clicked on

2023-03-23 11:13:25 - [TEST_STEP][PASSED] - click(findTestObject("2-OBJECTS TAREAS SECUNDARIAS/Pruebas capacitacion/Evento_de_Capacitacion/div_Programacin")): Object: 'Object Repository/2-OBJECTS TAREAS SECUNDARIAS/Pruebas capacitacion/Evento_de_Capacitacion/div_Programacin' is clicked on

2023-03-23 11:13:25 - [MESSAGE][PASSED] - Object: 'Object Repository/2-OBJECTS TAREAS SECUNDARIAS/Pruebas capacitacion/Evento_de_Capacitacion/div_Programacin' is clicked on

2023-03-23 11:13:25 - [TEST_STEP][PASSED] - click(findTestObject("2-OBJECTS TAREAS SECUNDARIAS/Pruebas capacitacion/Evento_de_Capacitacion/a_Programacin0")): Object: 'Object Repository/2-OBJECTS TAREAS SECUNDARIAS/Pruebas capacitacion/Evento_de_Capacitacion/a_Programacin0' is clicked on

2023-03-23 11:13:26 - [MESSAGE][PASSED] - Object: 'Object Repository/2-OBJECTS TAREAS SECUNDARIAS/Pruebas capacitacion/Evento_de_Capacitacion/a_Programacin0' is clicked on

2023-03-23 11:13:26 - [TEST_STEP][PASSED] - if (waitForElementVisible(findTestObject("2-OBJECTS TAREAS SECUNDARIAS/Pruebas capacitacion/Evento_de_Capacitacion/td_24122021"), 1)): null

2023-03-23 11:13:27 - [MESSAGE][PASSED] - Object 'Object Repository/2-OBJECTS TAREAS SECUNDARIAS/Pruebas capacitacion/Evento_de_Capacitacion/td_24122021' is visible

2023-03-23 11:13:27 - [TEST_STEP][PASSED] - click(findTestObject("2-OBJECTS TAREAS SECUNDARIAS/Pruebas capacitacion/Evento_de_Capacitacion/div_Ubicacin_ui-chkbox-box ui-widget ui-corner-all ui-state-default ui-state-hover")): Object: 'Object Repository/2-OBJECTS TAREAS SECUNDARIAS/Pruebas capacitacion/Evento_de_Capacitacion/div_Ubicacin_ui-chkbox-box ui-widget ui-corner-all ui-state-default ui-state-hover' is clicked on

2023-03-23 11:13:27 - [MESSAGE][PASSED] - Object: 'Object Repository/2-OBJECTS TAREAS SECUNDARIAS/Pruebas capacitacion/Evento_de_Capacitacion/div_Ubicacin_ui-chkbox-box ui-widget ui-corner-all ui-state-default ui-state-hover' is clicked on

2023-03-23 11:13:27 - [TEST_STEP][PASSED] - click(findTestObject("2-OBJECTS TAREAS SECUNDARIAS/Pruebas capacitacion/Evento_de_Capacitacion/a_Eliminar2")): Object: 'Object Repository/2-OBJECTS TAREAS SECUNDARIAS/Pruebas capacitacion/Evento_de_Capacitacion/a_Eliminar2' is clicked on

2023-03-23 11:13:28 - [MESSAGE][PASSED] - Object: 'Object Repository/2-OBJECTS TAREAS SECUNDARIAS/Pruebas capacitacion/Evento_de_Capacitacion/a_Eliminar2' is clicked on

2023-03-23 11:13:28 - [TEST_STEP][PASSED] - click(findTestObject("2-OBJECTS TAREAS SECUNDARIAS/Pruebas capacitacion/Evento_de_Capacitacion/a_Aceptar2")): Object: 'Object Repository/2-OBJECTS TAREAS SECUNDARIAS/Pruebas capacitacion/Evento_de_Capacitacion/a_Aceptar2' is clicked on

2023-03-23 11:13:29 - [MESSAGE][PASSED] - Object: 'Object Repository/2-OBJECTS TAREAS SECUNDARIAS/Pruebas capacitacion/Evento_de_Capacitacion/a_Aceptar2' is clicked on

2023-03-23 11:13:29 - [TEST_STEP][PASSED] - click(findTestObject("2-OBJECTS TAREAS SECUNDARIAS/Pruebas capacitacion/Evento_de_Capacitacion/div_Costo")): Object: 'Object Repository/2-OBJECTS TAREAS SECUNDARIAS/Pruebas capacitacion/Evento_de_Capacitacion/div_Costo' is clicked on

2023-03-23 11:13:29 - [MESSAGE][PASSED] - Object: 'Object Repository/2-OBJECTS TAREAS SECUNDARIAS/Pruebas capacitacion/Evento_de_Capacitacion/div_Costo' is clicked on

2023-03-23 11:13:29 - [TEST_STEP][PASSED] - click(findTestObject("2-OBJECTS TAREAS SECUNDARIAS/Pruebas capacitacion/Evento_de_Capacitacion/a_Registro2")): Object: 'Object Repository/2-OBJECTS TAREAS SECUNDARIAS/Pruebas capacitacion/Evento_de_Capacitacion/a_Registro2' is clicked on

2023-03-23 11:13:30 - [MESSAGE][PASSED] - Object: 'Object Repository/2-OBJECTS TAREAS SECUNDARIAS/Pruebas capacitacion/Evento_de_Capacitacion/a_Registro2' is clicked on

2023-03-23 11:13:30 - [TEST_STEP][PASSED] - if (waitForElementPresent(findTestObject("2-OBJECTS TAREAS SECUNDARIAS/Pruebas capacitacion/Evento_de_Capacitacion/a_REFRIGERIO_formCostoEventopanel_costostabla_costos0j_idt634"), 1)): null

2023-03-23 11:13:31 - [MESSAGE][PASSED] - Object 'Object Repository/2-OBJECTS TAREAS SECUNDARIAS/Pruebas capacitacion/Evento_de_Capacitacion/a_REFRIGERIO_formCostoEventopanel_costostabla_costos0j_idt634' is present

2023-03-23 11:13:31 - [TEST_STEP][PASSED] - click(findTestObject("2-OBJECTS TAREAS SECUNDARIAS/Pruebas capacitacion/Evento_de_Capacitacion/a_REFRIGERIO_formCostoEventopanel_costostabla_costos0j_idt634")): Object: 'Object Repository/2-OBJECTS TAREAS SECUNDARIAS/Pruebas capacitacion/Evento_de_Capacitacion/a_REFRIGERIO_formCostoEventopanel_costostabla_costos0j_idt634' is clicked on

2023-03-23 11:13:31 - [MESSAGE][PASSED] - Object: 'Object Repository/2-OBJECTS TAREAS SECUNDARIAS/Pruebas capacitacion/Evento_de_Capacitacion/a_REFRIGERIO_formCostoEventopanel_costostabla_costos0j_idt634' is clicked on

2023-03-23 11:13:31 - [TEST_STEP][PASSED] - click(findTestObject("2-OBJECTS TAREAS SECUNDARIAS/Pruebas capacitacion/Evento_de_Capacitacion/a_Aceptar3")): Object: 'Object Repository/2-OBJECTS TAREAS SECUNDARIAS/Pruebas capacitacion/Evento_de_Capacitacion/a_Aceptar3' is clicked on

2023-03-23 11:13:32 - [MESSAGE][PASSED] - Object: 'Object Repository/2-OBJECTS TAREAS SECUNDARIAS/Pruebas capacitacion/Evento_de_Capacitacion/a_Aceptar3' is clicked on

2023-03-23 11:13:32 - [TEST_STEP][PASSED] - click(findTestObject("2-OBJECTS TAREAS SECUNDARIAS/Pruebas capacitacion/Evento_de_Capacitacion/div_Recursos")): Object: 'Object Repository/2-OBJECTS TAREAS SECUNDARIAS/Pruebas capacitacion/Evento_de_Capacitacion/div_Recursos' is clicked on

2023-03-23 11:13:33 - [MESSAGE][PASSED] - Object: 'Object Repository/2-OBJECTS TAREAS SECUNDARIAS/Pruebas capacitacion/Evento_de_Capacitacion/div_Recursos' is clicked on

2023-03-23 11:13:33 - [TEST_STEP][PASSED] - click(findTestObject("2-OBJECTS TAREAS SECUNDARIAS/Pruebas capacitacion/Evento_de_Capacitacion/a_Logsticos")): Object: 'Object Repository/2-OBJECTS TAREAS SECUNDARIAS/Pruebas capacitacion/Evento_de_Capacitacion/a_Logsticos' is clicked on

2023-03-23 11:13:33 - [MESSAGE][PASSED] - Object: 'Object Repository/2-OBJECTS TAREAS SECUNDARIAS/Pruebas capacitacion/Evento_de_Capacitacion/a_Logsticos' is clicked on

2023-03-23 11:13:33 - [TEST_STEP][PASSED] - if (waitForElementPresent(findTestObject("2-OBJECTS TAREAS SECUNDARIAS/Pruebas capacitacion/Evento_de_Capacitacion/a_INDISPENSABLE_formRecursoLogisticopanel_recursostabla_recursos0j_idt606"), 1)): null

2023-03-23 11:13:34 - [MESSAGE][PASSED] - Object 'Object Repository/2-OBJECTS TAREAS SECUNDARIAS/Pruebas capacitacion/Evento_de_Capacitacion/a_INDISPENSABLE_formRecursoLogisticopanel_recursostabla_recursos0j_idt606' is present

2023-03-23 11:13:34 - [TEST_STEP][PASSED] - click(findTestObject("2-OBJECTS TAREAS SECUNDARIAS/Pruebas capacitacion/Evento_de_Capacitacion/a_INDISPENSABLE_formRecursoLogisticopanel_recursostabla_recursos0j_idt606")): Object: 'Object Repository/2-OBJECTS TAREAS SECUNDARIAS/Pruebas capacitacion/Evento_de_Capacitacion/a_INDISPENSABLE_formRecursoLogisticopanel_recursostabla_recursos0j_idt606' is clicked on

2023-03-23 11:13:34 - [MESSAGE][PASSED] - Object: 'Object Repository/2-OBJECTS TAREAS SECUNDARIAS/Pruebas capacitacion/Evento_de_Capacitacion/a_INDISPENSABLE_formRecursoLogisticopanel_recursostabla_recursos0j_idt606' is clicked on

2023-03-23 11:13:34 - [TEST_STEP][PASSED] - click(findTestObject("2-OBJECTS TAREAS SECUNDARIAS/Pruebas capacitacion/Evento_de_Capacitacion/a_Aceptar2")): Object: 'Object Repository/2-OBJECTS TAREAS SECUNDARIAS/Pruebas capacitacion/Evento_de_Capacitacion/a_Aceptar2' is clicked on

2023-03-23 11:13:35 - [MESSAGE][PASSED] - Object: 'Object Repository/2-OBJECTS TAREAS SECUNDARIAS/Pruebas capacitacion/Evento_de_Capacitacion/a_Aceptar2' is clicked on

2023-03-23 11:13:35 - [TEST_STEP][PASSED] - click(findTestObject("2-OBJECTS TAREAS SECUNDARIAS/Pruebas capacitacion/Evento_de_Capacitacion/div_Asistentes")): Object: 'Object Repository/2-OBJECTS TAREAS SECUNDARIAS/Pruebas capacitacion/Evento_de_Capacitacion/div_Asistentes' is clicked on

2023-03-23 11:13:36 - [MESSAGE][PASSED] - Object: 'Object Repository/2-OBJECTS TAREAS SECUNDARIAS/Pruebas capacitacion/Evento_de_Capacitacion/div_Asistentes' is clicked on

2023-03-23 11:13:36 - [TEST_STEP][PASSED] - click(findTestObject("2-OBJECTS TAREAS SECUNDARIAS/Pruebas capacitacion/Evento_de_Capacitacion/a_Registro1")): Object: 'Object Repository/2-OBJECTS TAREAS SECUNDARIAS/Pruebas capacitacion/Evento_de_Capacitacion/a_Registro1' is clicked on

2023-03-23 11:13:36 - [MESSAGE][PASSED] - Object: 'Object Repository/2-OBJECTS TAREAS SECUNDARIAS/Pruebas capacitacion/Evento_de_Capacitacion/a_Registro1' is clicked on

2023-03-23 11:13:36 - [TEST_STEP][PASSED] - while (waitForElementPresent(findTestObject("2-OBJECTS TAREAS SECUNDARIAS/Pruebas capacitacion/Evento_de_Capacitacion/td_prueba ka Pruebas"), 1)): null

2023-03-23 11:13:37 - [MESSAGE][PASSED] - Object 'Object Repository/2-OBJECTS TAREAS SECUNDARIAS/Pruebas capacitacion/Evento_de_Capacitacion/td_prueba ka Pruebas' is present

2023-03-23 11:13:37 - [TEST_STEP][PASSED] - click(findTestObject("2-OBJECTS TAREAS SECUNDARIAS/Pruebas capacitacion/Evento_de_Capacitacion/td_prueba ka Pruebas")): Object: 'Object Repository/2-OBJECTS TAREAS SECUNDARIAS/Pruebas capacitacion/Evento_de_Capacitacion/td_prueba ka Pruebas' is clicked on

2023-03-23 11:13:38 - [MESSAGE][PASSED] - Object: 'Object Repository/2-OBJECTS TAREAS SECUNDARIAS/Pruebas capacitacion/Evento_de_Capacitacion/td_prueba ka Pruebas' is clicked on

2023-03-23 11:13:38 - [TEST_STEP][PASSED] - click(findTestObject("2-OBJECTS TAREAS SECUNDARIAS/Pruebas capacitacion/Evento_de_Capacitacion/a_Eliminar1")): Object: 'Object Repository/2-OBJECTS TAREAS SECUNDARIAS/Pruebas capacitacion/Evento_de_Capacitacion/a_Eliminar1' is clicked on

2023-03-23 11:13:39 - [MESSAGE][PASSED] - Object: 'Object Repository/2-OBJECTS TAREAS SECUNDARIAS/Pruebas capacitacion/Evento_de_Capacitacion/a_Eliminar1' is clicked on

2023-03-23 11:13:39 - [TEST_STEP][PASSED] - click(findTestObject("2-OBJECTS TAREAS SECUNDARIAS/Pruebas capacitacion/Evento_de_Capacitacion/a_Aceptar1")): Object 'Object Repository/2-OBJECTS TAREAS SECUNDARIAS/Pruebas capacitacion/Evento_de_Capacitacion/td_prueba ka Pruebas' is present

2023-03-23 11:13:40 - [MESSAGE][PASSED] - Object: 'Object Repository/2-OBJECTS TAREAS SECUNDARIAS/Pruebas capacitacion/Evento_de_Capacitacion/a_Aceptar1' is clicked on

2023-03-23 11:13:40 - [MESSAGE][PASSED] - Object 'Object Repository/2-OBJECTS TAREAS SECUNDARIAS/Pruebas capacitacion/Evento_de_Capacitacion/td_prueba ka Pruebas' is present

2023-03-23 11:13:40 - [TEST_STEP][PASSED] - click(findTestObject("2-OBJECTS TAREAS SECUNDARIAS/Pruebas capacitacion/Evento_de_Capacitacion/td_prueba ka Pruebas")): Object: 'Object Repository/2-OBJECTS TAREAS SECUNDARIAS/Pruebas capacitacion/Evento_de_Capacitacion/td_prueba ka Pruebas' is clicked on

2023-03-23 11:13:41 - [MESSAGE][PASSED] - Object: 'Object Repository/2-OBJECTS TAREAS SECUNDARIAS/Pruebas capacitacion/Evento_de_Capacitacion/td_prueba ka Pruebas' is clicked on

2023-03-23 11:13:41 - [TEST_STEP][PASSED] - click(findTestObject("2-OBJECTS TAREAS SECUNDARIAS/Pruebas capacitacion/Evento_de_Capacitacion/a_Eliminar1")): Object: 'Object Repository/2-OBJECTS TAREAS SECUNDARIAS/Pruebas capacitacion/Evento_de_Capacitacion/a_Eliminar1' is clicked on

2023-03-23 11:13:41 - [MESSAGE][PASSED] - Object: 'Object Repository/2-OBJECTS TAREAS SECUNDARIAS/Pruebas capacitacion/Evento_de_Capacitacion/a_Eliminar1' is clicked on

2023-03-23 11:13:41 - [TEST_STEP][PASSED] - click(findTestObject("2-OBJECTS TAREAS SECUNDARIAS/Pruebas capacitacion/Evento_de_Capacitacion/a_Aceptar1")): Object 'Object Repository/2-OBJECTS TAREAS SECUNDARIAS/Pruebas capacitacion/Evento_de_Capacitacion/td_prueba ka Pruebas' is not present after 1 second(s)

2023-03-23 11:13:42 - [MESSAGE][PASSED] - Object: 'Object Repository/2-OBJECTS TAREAS SECUNDARIAS/Pruebas capacitacion/Evento_de_Capacitacion/a_Aceptar1' is clicked on

2023-03-23 11:13:45 - [MESSAGE][INFO] - Unable to find the element located by 'By.xpath: 
//tr[2]/td/div/div/table/tbody/tr/td[3]'. Please recheck the objects properties to make sure the desired element is located. 

2023-03-23 11:13:45 - [MESSAGE][WARNING] - Object 'Object Repository/2-OBJECTS TAREAS SECUNDARIAS/Pruebas capacitacion/Evento_de_Capacitacion/td_prueba ka Pruebas' is not present after 1 second(s)

2023-03-23 11:13:45 - [TEST_STEP][PASSED] - click(findTestObject("2-OBJECTS TAREAS SECUNDARIAS/Pruebas capacitacion/Evento_de_Capacitacion/div_Grupos")): Object: 'Object Repository/2-OBJECTS TAREAS SECUNDARIAS/Pruebas capacitacion/Evento_de_Capacitacion/div_Grupos' is clicked on

2023-03-23 11:13:45 - [MESSAGE][PASSED] - Object: 'Object Repository/2-OBJECTS TAREAS SECUNDARIAS/Pruebas capacitacion/Evento_de_Capacitacion/div_Grupos' is clicked on

2023-03-23 11:13:45 - [TEST_STEP][PASSED] - click(findTestObject("2-OBJECTS TAREAS SECUNDARIAS/Pruebas capacitacion/Evento_de_Capacitacion/a_Registro0")): Object: 'Object Repository/2-OBJECTS TAREAS SECUNDARIAS/Pruebas capacitacion/Evento_de_Capacitacion/a_Registro0' is clicked on

2023-03-23 11:13:45 - [MESSAGE][PASSED] - Object: 'Object Repository/2-OBJECTS TAREAS SECUNDARIAS/Pruebas capacitacion/Evento_de_Capacitacion/a_Registro0' is clicked on

2023-03-23 11:13:45 - [TEST_STEP][PASSED] - if (waitForElementClickable(findTestObject("2-OBJECTS TAREAS SECUNDARIAS/Pruebas capacitacion/Evento_de_Capacitacion/td_pruebas k - Copy (1)"), 1)): null

2023-03-23 11:13:46 - [MESSAGE][PASSED] - Object 'Object Repository/2-OBJECTS TAREAS SECUNDARIAS/Pruebas capacitacion/Evento_de_Capacitacion/td_pruebas k - Copy (1)' is clickable

2023-03-23 11:13:46 - [TEST_STEP][PASSED] - click(findTestObject("2-OBJECTS TAREAS SECUNDARIAS/Pruebas capacitacion/Evento_de_Capacitacion/td_pruebas k")): Object: 'Object Repository/2-OBJECTS TAREAS SECUNDARIAS/Pruebas capacitacion/Evento_de_Capacitacion/td_pruebas k' is clicked on

2023-03-23 11:13:47 - [MESSAGE][PASSED] - Object: 'Object Repository/2-OBJECTS TAREAS SECUNDARIAS/Pruebas capacitacion/Evento_de_Capacitacion/td_pruebas k' is clicked on

2023-03-23 11:13:47 - [TEST_STEP][PASSED] - click(findTestObject("2-OBJECTS TAREAS SECUNDARIAS/Pruebas capacitacion/Evento_de_Capacitacion/a_Eliminar0")): Object: 'Object Repository/2-OBJECTS TAREAS SECUNDARIAS/Pruebas capacitacion/Evento_de_Capacitacion/a_Eliminar0' is clicked on

2023-03-23 11:13:47 - [MESSAGE][PASSED] - Object: 'Object Repository/2-OBJECTS TAREAS SECUNDARIAS/Pruebas capacitacion/Evento_de_Capacitacion/a_Eliminar0' is clicked on

2023-03-23 11:13:47 - [TEST_STEP][PASSED] - click(findTestObject("2-OBJECTS TAREAS SECUNDARIAS/Pruebas capacitacion/Evento_de_Capacitacion/a_Aceptar0")): Object: 'Object Repository/2-OBJECTS TAREAS SECUNDARIAS/Pruebas capacitacion/Evento_de_Capacitacion/a_Aceptar0' is clicked on

[...]

2023-03-23 11:18:33 - [TEST_STEP][PASSED] - closeBrowser(): Browser is closed

2023-03-23 11:18:34 - [MESSAGE][PASSED] - Browser is closed]]></system-out>
         <system-err><![CDATA[]]></system-err>
      </testcase>
      <testcase name="Test Cases/1.2-Tareas_Secundarias/4.1-Pruebas_Capacitación/4.2.5-Enviar_y_imprimir_Diploma" time="30.865" classname="Test Cases/1.2-Tareas_Secundarias/4.1-Pruebas_Capacitación/4.2.5-Enviar_y_imprimir_Diploma" status="PASSED">
         <system-out><![CDATA[2023-03-23 11:18:34 - [TEST_CASE][PASSED] - Test Cases/1.2-Tareas_Secundarias/4.1-Pruebas_Capacitación/4.2.5-Enviar_y_imprimir_Diploma: Test Cases/1.2-Tareas_Secundarias/4.1-Pruebas_Capacitación/4.2.5-Enviar_y_imprimir_Diploma

2023-03-23 11:18:35 - [TEST_STEP][PASSED] - callTestCase(findTestCase("0.1-Login"), [:], STOP_ON_FAILURE): Call Test Case 'Test Cases/0.1-Login' successfully

2023-03-23 11:18:35 - [TEST_CASE][PASSED] - Test Cases/0.1-Login: Test Cases/0.1-Login

2023-03-23 11:18:35 - [TEST_STEP][PASSED] - openBrowser(""): Browser is opened with url: ''

2023-03-23 11:18:35 - [MESSAGE][INFO] - Starting 'Chrome' driver

2023-03-23 11:18:35 - [MESSAGE][INFO] - Action delay is set to 0 milliseconds

2023-03-23 11:18:36 - [MESSAGE][PASSED] - Browser is opened with url: ''

2023-03-23 11:18:36 - [TEST_STEP][PASSED] - maximizeWindow(): Current window maximized

2023-03-23 11:18:36 - [MESSAGE][PASSED] - Current window maximized

2023-03-23 11:18:36 - [TEST_STEP][PASSED] - i = G_Login: null

2023-03-23 11:18:36 - [TEST_STEP][PASSED] - url = new java.net.URL(i): null

2023-03-23 11:18:36 - [TEST_STEP][PASSED] - println("URL: " + url.toString()): null

2023-03-23 11:18:36 - [TEST_STEP][PASSED] - connection = url.openConnection(): null

2023-03-23 11:18:36 - [TEST_STEP][PASSED] - connection.setRequestMethod("GET"): null

2023-03-23 11:18:36 - [TEST_STEP][PASSED] - connection.setReadTimeout(2 * 1000): null

2023-03-23 11:18:36 - [TEST_STEP][PASSED] - try: null

2023-03-23 11:18:36 - [TEST_STEP][PASSED] - connection.connect(): null

2023-03-23 11:18:36 - [TEST_STEP][PASSED] - flag = connected: null

2023-03-23 11:18:36 - [TEST_STEP][PASSED] - println("Valor_ori: " + flag): null

2023-03-23 11:18:36 - [TEST_STEP][PASSED] - if (flag): null

2023-03-23 11:18:36 - [TEST_STEP][PASSED] - navigateToUrl(i): Navigate to 'http://192.168.2.19:8380/saraweb' successfully

2023-03-23 11:18:37 - [MESSAGE][PASSED] - Navigate to 'http://192.168.2.19:8380/saraweb' successfully

2023-03-23 11:18:37 - [TEST_STEP][PASSED] - a(): null

2023-03-23 11:18:37 - [TEST_STEP][PASSED] - if (waitForElementVisible(findTestObject("3-OBJECTS UTILIDADES/Login/input_USUARIO_loginusuario"), 0)): null

2023-03-23 11:18:37 - [MESSAGE][WARNING] - Timeout '0' is invalid. Using default page load timeout: '37'

2023-03-23 11:18:37 - [MESSAGE][PASSED] - Object 'Object Repository/3-OBJECTS UTILIDADES/Login/input_USUARIO_loginusuario' is visible

2023-03-23 11:18:37 - [TEST_STEP][PASSED] - switchToWindowTitle("SARA"): Switched to window with title: 'SARA'

2023-03-23 11:18:37 - [MESSAGE][PASSED] - Switched to window with title: 'SARA'

2023-03-23 11:18:37 - [TEST_STEP][PASSED] - zoom(): null

2023-03-23 11:18:37 - [TEST_STEP][PASSED] - robot = new java.awt.Robot(): null

2023-03-23 11:18:37 - [TEST_STEP][PASSED] - robot.keyPress(VK_CONTROL): null

2023-03-23 11:18:37 - [TEST_STEP][PASSED] - robot.keyPress(VK_SUBTRACT): null

2023-03-23 11:18:37 - [TEST_STEP][PASSED] - robot.keyRelease(VK_CONTROL): null

2023-03-23 11:18:37 - [TEST_STEP][PASSED] - robot.keyRelease(VK_SUBTRACT): null

2023-03-23 11:18:37 - [TEST_STEP][PASSED] - robot.keyPress(VK_CONTROL): null

2023-03-23 11:18:37 - [TEST_STEP][PASSED] - robot.keyPress(VK_SUBTRACT): null

2023-03-23 11:18:37 - [TEST_STEP][PASSED] - robot.keyRelease(VK_CONTROL): null

2023-03-23 11:18:37 - [TEST_STEP][PASSED] - robot.keyRelease(VK_SUBTRACT): null

2023-03-23 11:18:37 - [TEST_STEP][PASSED] - robot.keyPress(VK_CONTROL): null

2023-03-23 11:18:37 - [TEST_STEP][PASSED] - robot.keyPress(VK_SUBTRACT): null

2023-03-23 11:18:37 - [TEST_STEP][PASSED] - robot.keyRelease(VK_CONTROL): null

2023-03-23 11:18:37 - [TEST_STEP][PASSED] - robot.keyRelease(VK_SUBTRACT): null

2023-03-23 11:18:37 - [TEST_STEP][PASSED] - robot.keyRelease(VK_CONTROL): null

2023-03-23 11:18:37 - [TEST_STEP][PASSED] - robot.keyRelease(VK_SUBTRACT): null

2023-03-23 11:18:37 - [TEST_STEP][PASSED] - setText(findTestObject("3-OBJECTS UTILIDADES/Login/input_USUARIO_loginusuario"), G_Usuario): Text 'saraadmin' is set on object 'Object Repository/3-OBJECTS UTILIDADES/Login/input_USUARIO_loginusuario'

2023-03-23 11:18:38 - [MESSAGE][PASSED] - Text 'saraadmin' is set on object 'Object Repository/3-OBJECTS UTILIDADES/Login/input_USUARIO_loginusuario'

2023-03-23 11:18:38 - [TEST_STEP][PASSED] - setEncryptedText(findTestObject("3-OBJECTS UTILIDADES/Login/input_CLAVE_loginpassword"), "SlAwMcyRKqrwbnzhAs8HhT6NnI7sEyng"): Text ****** has been set on object 'Object Repository/3-OBJECTS UTILIDADES/Login/input_CLAVE_loginpassword'

2023-03-23 11:18:39 - [MESSAGE][PASSED] - Text ****** has been set on object 'Object Repository/3-OBJECTS UTILIDADES/Login/input_CLAVE_loginpassword'

2023-03-23 11:18:39 - [TEST_STEP][PASSED] - while (waitForElementClickable(findTestObject("3-OBJECTS UTILIDADES/Login/a_Ingresar"), 1)): Web element with id: 'Object Repository/3-OBJECTS UTILIDADES/Login/a_Ingresar' located by '//a[contains(text(),'Ingresar')]' not found

2023-03-23 11:18:42 - [MESSAGE][INFO] - Unable to find the element located by 'By.xpath: //a[contains(text(),'Ingresar')]'. Please recheck the objects properties to make sure the desired element is located. 

2023-03-23 11:18:42 - [MESSAGE][WARNING] - Web element with id: 'Object Repository/3-OBJECTS UTILIDADES/Login/a_Ingresar' located by '//a[contains(text(),'Ingresar')]' not found

2023-03-23 11:18:42 - [MESSAGE][PASSED] - Call Test Case 'Test Cases/0.1-Login' successfully

2023-03-23 11:18:42 - [TEST_STEP][PASSED] - setText(findTestObject("2-OBJECTS TAREAS SECUNDARIAS/Pruebas capacitacion/Enviar_Diploma/input_Empresa 1_form_templatej_idt24_input"), "Control Evento Capacitacion"): Text 'Control Evento Capacitacion' is set on object 'Object Repository/2-OBJECTS TAREAS SECUNDARIAS/Pruebas capacitacion/Enviar_Diploma/input_Empresa 1_form_templatej_idt24_input'

2023-03-23 11:18:42 - [MESSAGE][PASSED] - Text 'Control Evento Capacitacion' is set on object 'Object Repository/2-OBJECTS TAREAS SECUNDARIAS/Pruebas capacitacion/Enviar_Diploma/input_Empresa 1_form_templatej_idt24_input'

2023-03-23 11:18:42 - [TEST_STEP][PASSED] - click(findTestObject("2-OBJECTS TAREAS SECUNDARIAS/Pruebas capacitacion/Enviar_Diploma/li_Control Evento Capacitacion (cap)")): Object: 'Object Repository/2-OBJECTS TAREAS SECUNDARIAS/Pruebas capacitacion/Enviar_Diploma/li_Control Evento Capacitacion (cap)' is clicked on

2023-03-23 11:18:44 - [MESSAGE][PASSED] - Object: 'Object Repository/2-OBJECTS TAREAS SECUNDARIAS/Pruebas capacitacion/Enviar_Diploma/li_Control Evento Capacitacion (cap)' is clicked on

2023-03-23 11:18:44 - [TEST_STEP][PASSED] - click(findTestObject("2-OBJECTS TAREAS SECUNDARIAS/Pruebas capacitacion/Enviar_Diploma/td_Prueba")): Object: 'Object Repository/2-OBJECTS TAREAS SECUNDARIAS/Pruebas capacitacion/Enviar_Diploma/td_Prueba' is clicked on

2023-03-23 11:18:45 - [MESSAGE][PASSED] - Object: 'Object Repository/2-OBJECTS TAREAS SECUNDARIAS/Pruebas capacitacion/Enviar_Diploma/td_Prueba' is clicked on

2023-03-23 11:18:45 - [TEST_STEP][PASSED] - click(findTestObject("2-OBJECTS TAREAS SECUNDARIAS/Pruebas capacitacion/Enviar_Diploma/div_Asistentes")): Object: 'Object Repository/2-OBJECTS TAREAS SECUNDARIAS/Pruebas capacitacion/Enviar_Diploma/div_Asistentes' is clicked on

2023-03-23 11:18:46 - [MESSAGE][PASSED] - Object: 'Object Repository/2-OBJECTS TAREAS SECUNDARIAS/Pruebas capacitacion/Enviar_Diploma/div_Asistentes' is clicked on

2023-03-23 11:18:46 - [TEST_STEP][PASSED] - click(findTestObject("2-OBJECTS TAREAS SECUNDARIAS/Pruebas capacitacion/Enviar_Diploma/a_Registro")): Object: 'Object Repository/2-OBJECTS TAREAS SECUNDARIAS/Pruebas capacitacion/Enviar_Diploma/a_Registro' is clicked on

2023-03-23 11:18:47 - [MESSAGE][PASSED] - Object: 'Object Repository/2-OBJECTS TAREAS SECUNDARIAS/Pruebas capacitacion/Enviar_Diploma/a_Registro' is clicked on

2023-03-23 11:18:47 - [TEST_STEP][PASSED] - click(findTestObject("2-OBJECTS TAREAS SECUNDARIAS/Pruebas capacitacion/Enviar_Diploma/a_Agregar Asistentes")): Object: 'Object Repository/2-OBJECTS TAREAS SECUNDARIAS/Pruebas capacitacion/Enviar_Diploma/a_Agregar Asistentes' is clicked on

2023-03-23 11:18:48 - [MESSAGE][PASSED] - Object: 'Object Repository/2-OBJECTS TAREAS SECUNDARIAS/Pruebas capacitacion/Enviar_Diploma/a_Agregar Asistentes' is clicked on

2023-03-23 11:18:48 - [TEST_STEP][PASSED] - click(findTestObject("2-OBJECTS TAREAS SECUNDARIAS/Pruebas capacitacion/Enviar_Diploma/a_Identificacin_form_filtro_EmpleadosfiltroPopupEmpleado")): Object: 'Object Repository/2-OBJECTS TAREAS SECUNDARIAS/Pruebas capacitacion/Enviar_Diploma/a_Identificacin_form_filtro_EmpleadosfiltroPopupEmpleado' is clicked on

2023-03-23 11:18:49 - [MESSAGE][PASSED] - Object: 'Object Repository/2-OBJECTS TAREAS SECUNDARIAS/Pruebas capacitacion/Enviar_Diploma/a_Identificacin_form_filtro_EmpleadosfiltroPopupEmpleado' is clicked on

2023-03-23 11:18:49 - [TEST_STEP][PASSED] - setText(findTestObject("2-OBJECTS TAREAS SECUNDARIAS/Pruebas capacitacion/Enviar_Diploma/input_Filtro Empleado_form_popupEmpleadoj_idt2269"), "80097770"): Text '80097770' is set on object 'Object Repository/2-OBJECTS TAREAS SECUNDARIAS/Pruebas capacitacion/Enviar_Diploma/input_Filtro Empleado_form_popupEmpleadoj_idt2269'

2023-03-23 11:18:50 - [MESSAGE][PASSED] - Text '80097770' is set on object 'Object Repository/2-OBJECTS TAREAS SECUNDARIAS/Pruebas capacitacion/Enviar_Diploma/input_Filtro Empleado_form_popupEmpleadoj_idt2269'

2023-03-23 11:18:50 - [TEST_STEP][PASSED] - sendKeys(findTestObject("2-OBJECTS TAREAS SECUNDARIAS/Pruebas capacitacion/Enviar_Diploma/input_Filtro Empleado_form_popupEmpleadoj_idt2269"), Keys.chord(ENTER)): Keys 'ENTER + ' sent to object: 'Object Repository/2-OBJECTS TAREAS SECUNDARIAS/Pruebas capacitacion/Enviar_Diploma/input_Filtro Empleado_form_popupEmpleadoj_idt2269'

2023-03-23 11:18:50 - [MESSAGE][PASSED] - Keys 'ENTER + ' sent to object: 'Object Repository/2-OBJECTS TAREAS SECUNDARIAS/Pruebas capacitacion/Enviar_Diploma/input_Filtro Empleado_form_popupEmpleadoj_idt2269'

2023-03-23 11:18:50 - [TEST_STEP][PASSED] - click(findTestObject("2-OBJECTS TAREAS SECUNDARIAS/Pruebas capacitacion/Enviar_Diploma/span_80097770")): Object: 'Object Repository/2-OBJECTS TAREAS SECUNDARIAS/Pruebas capacitacion/Enviar_Diploma/span_80097770' is clicked on

2023-03-23 11:18:51 - [MESSAGE][PASSED] - Object: 'Object Repository/2-OBJECTS TAREAS SECUNDARIAS/Pruebas capacitacion/Enviar_Diploma/span_80097770' is clicked on

2023-03-23 11:18:51 - [TEST_STEP][PASSED] - click(findTestObject("2-OBJECTS TAREAS SECUNDARIAS/Pruebas capacitacion/Enviar_Diploma/div_Almanza Novoa John Alexandre_ui-chkbox-box ui-widget ui-corner-all ui-state-default ui-state-hover")): Object: 'Object Repository/2-OBJECTS TAREAS SECUNDARIAS/Pruebas capacitacion/Enviar_Diploma/div_Almanza Novoa John Alexandre_ui-chkbox-box ui-widget ui-corner-all ui-state-default ui-state-hover' is clicked on

2023-03-23 11:18:52 - [MESSAGE][PASSED] - Object: 'Object Repository/2-OBJECTS TAREAS SECUNDARIAS/Pruebas capacitacion/Enviar_Diploma/div_Almanza Novoa John Alexandre_ui-chkbox-box ui-widget ui-corner-all ui-state-default ui-state-hover' is clicked on

2023-03-23 11:18:52 - [TEST_STEP][PASSED] - selectOptionByIndex(findTestObject("2-OBJECTS TAREAS SECUNDARIAS/Pruebas capacitacion/Enviar_Diploma/select_--SeleccionePruebas k"), 1): All options with index in [1] are selected on object 'Object Repository/2-OBJECTS TAREAS SECUNDARIAS/Pruebas capacitacion/Enviar_Diploma/select_--SeleccionePruebas k'

2023-03-23 11:18:53 - [MESSAGE][PASSED] - All options with index in [1] are selected on object 'Object Repository/2-OBJECTS TAREAS SECUNDARIAS/Pruebas capacitacion/Enviar_Diploma/select_--SeleccionePruebas k'

2023-03-23 11:18:53 - [TEST_STEP][PASSED] - selectOptionByIndex(findTestObject("2-OBJECTS TAREAS SECUNDARIAS/Pruebas capacitacion/Enviar_Diploma/select_--SeleccionePrueba1pruebaPRUEBA PLAN CAPACITACIONPRUEBA SILVIA"), 1): All options with index in [1] are selected on object 'Object Repository/2-OBJECTS TAREAS SECUNDARIAS/Pruebas capacitacion/Enviar_Diploma/select_--SeleccionePrueba1pruebaPRUEBA PLAN CAPACITACIONPRUEBA SILVIA'

2023-03-23 11:18:54 - [MESSAGE][PASSED] - All options with index in [1] are selected on object 'Object Repository/2-OBJECTS TAREAS SECUNDARIAS/Pruebas capacitacion/Enviar_Diploma/select_--SeleccionePrueba1pruebaPRUEBA PLAN CAPACITACIONPRUEBA SILVIA'

2023-03-23 11:18:54 - [TEST_STEP][PASSED] - click(findTestObject("2-OBJECTS TAREAS SECUNDARIAS/Pruebas capacitacion/Enviar_Diploma/a_Aceptar")): Object: 'Object Repository/2-OBJECTS TAREAS SECUNDARIAS/Pruebas capacitacion/Enviar_Diploma/a_Aceptar' is clicked on

2023-03-23 11:18:54 - [MESSAGE][PASSED] - Object: 'Object Repository/2-OBJECTS TAREAS SECUNDARIAS/Pruebas capacitacion/Enviar_Diploma/a_Aceptar' is clicked on

2023-03-23 11:18:54 - [TEST_STEP][PASSED] - click(findTestObject("2-OBJECTS TAREAS SECUNDARIAS/Pruebas capacitacion/Enviar_Diploma/td_FINALIZADO")): Object: 'Object Repository/2-OBJECTS TAREAS SECUNDARIAS/Pruebas capacitacion/Enviar_Diploma/td_FINALIZADO' is clicked on

2023-03-23 11:18:55 - [MESSAGE][PASSED] - Object: 'Object Repository/2-OBJECTS TAREAS SECUNDARIAS/Pruebas capacitacion/Enviar_Diploma/td_FINALIZADO' is clicked on

2023-03-23 11:18:55 - [TEST_STEP][PASSED] - selectOptionByIndex(findTestObject("2-OBJECTS TAREAS SECUNDARIAS/Pruebas capacitacion/Enviar_Diploma/select_SeleccioneACEPTADOFINALIZADOINSCRITONO ACEPTADONO APROBADONO ASISTIO"), 2): All options with index in [2] are selected on object 'Object Repository/2-OBJECTS TAREAS SECUNDARIAS/Pruebas capacitacion/Enviar_Diploma/select_SeleccioneACEPTADOFINALIZADOINSCRITONO ACEPTADONO APROBADONO ASISTIO'

2023-03-23 11:18:57 - [MESSAGE][PASSED] - All options with index in [2] are selected on object 'Object Repository/2-OBJECTS TAREAS SECUNDARIAS/Pruebas capacitacion/Enviar_Diploma/select_SeleccioneACEPTADOFINALIZADOINSCRITONO ACEPTADONO APROBADONO ASISTIO'

2023-03-23 11:18:57 - [TEST_STEP][PASSED] - setText(findTestObject("2-OBJECTS TAREAS SECUNDARIAS/Pruebas capacitacion/Enviar_Diploma/input_Puntaje_formAsistenteEventopanelTabAsistenteEvenpuntaje"), "5"): Text '5' is set on object 'Object Repository/2-OBJECTS TAREAS SECUNDARIAS/Pruebas capacitacion/Enviar_Diploma/input_Puntaje_formAsistenteEventopanelTabAsistenteEvenpuntaje'

2023-03-23 11:18:58 - [MESSAGE][PASSED] - Text '5' is set on object 'Object Repository/2-OBJECTS TAREAS SECUNDARIAS/Pruebas capacitacion/Enviar_Diploma/input_Puntaje_formAsistenteEventopanelTabAsistenteEvenpuntaje'

2023-03-23 11:18:58 - [TEST_STEP][PASSED] - click(findTestObject("2-OBJECTS TAREAS SECUNDARIAS/Pruebas capacitacion/Enviar_Diploma/a_Actualizar")): Object: 'Object Repository/2-OBJECTS TAREAS SECUNDARIAS/Pruebas capacitacion/Enviar_Diploma/a_Actualizar' is clicked on

2023-03-23 11:18:58 - [MESSAGE][PASSED] - Object: 'Object Repository/2-OBJECTS TAREAS SECUNDARIAS/Pruebas capacitacion/Enviar_Diploma/a_Actualizar' is clicked on

2023-03-23 11:18:58 - [TEST_STEP][PASSED] - click(findTestObject("2-OBJECTS TAREAS SECUNDARIAS/Pruebas capacitacion/Enviar_Diploma/span_Externo_ui-icon ui-icon-closethick")): Object: 'Object Repository/2-OBJECTS TAREAS SECUNDARIAS/Pruebas capacitacion/Enviar_Diploma/span_Externo_ui-icon ui-icon-closethick' is clicked on

2023-03-23 11:18:59 - [MESSAGE][PASSED] - Object: 'Object Repository/2-OBJECTS TAREAS SECUNDARIAS/Pruebas capacitacion/Enviar_Diploma/span_Externo_ui-icon ui-icon-closethick' is clicked on

2023-03-23 11:18:59 - [TEST_STEP][PASSED] - check(findTestObject("2-OBJECTS TAREAS SECUNDARIAS/Pruebas capacitacion/Enviar_Diploma/span_Origen_ui-chkbox-icon ui-icon ui-icon-check ui-c")): Object 'Object Repository/2-OBJECTS TAREAS SECUNDARIAS/Pruebas capacitacion/Enviar_Diploma/span_Origen_ui-chkbox-icon ui-icon ui-icon-check ui-c' is checked

2023-03-23 11:19:00 - [MESSAGE][PASSED] - Object 'Object Repository/2-OBJECTS TAREAS SECUNDARIAS/Pruebas capacitacion/Enviar_Diploma/span_Origen_ui-chkbox-icon ui-icon ui-icon-check ui-c' is checked

2023-03-23 11:19:00 - [TEST_STEP][PASSED] - click(findTestObject("2-OBJECTS TAREAS SECUNDARIAS/Pruebas capacitacion/Enviar_Diploma/a_Enviar Diploma")): Object: 'Object Repository/2-OBJECTS TAREAS SECUNDARIAS/Pruebas capacitacion/Enviar_Diploma/a_Enviar Diploma' is clicked on

2023-03-23 11:19:00 - [MESSAGE][PASSED] - Object: 'Object Repository/2-OBJECTS TAREAS SECUNDARIAS/Pruebas capacitacion/Enviar_Diploma/a_Enviar Diploma' is clicked on

2023-03-23 11:19:00 - [TEST_STEP][PASSED] - click(findTestObject("2-OBJECTS TAREAS SECUNDARIAS/Pruebas capacitacion/Enviar_Diploma/a_Imprimir Diploma")): Object: 'Object Repository/2-OBJECTS TAREAS SECUNDARIAS/Pruebas capacitacion/Enviar_Diploma/a_Imprimir Diploma' is clicked on

2023-03-23 11:19:01 - [MESSAGE][PASSED] - Object: 'Object Repository/2-OBJECTS TAREAS SECUNDARIAS/Pruebas capacitacion/Enviar_Diploma/a_Imprimir Diploma' is clicked on

2023-03-23 11:19:01 - [TEST_STEP][PASSED] - click(findTestObject("2-OBJECTS TAREAS SECUNDARIAS/Pruebas capacitacion/Enviar_Diploma/div_Grupo_ui-chkbox-box ui-widget ui-corner-all ui-state-default ui-state-hover")): Object: 'Object Repository/2-OBJECTS TAREAS SECUNDARIAS/Pruebas capacitacion/Enviar_Diploma/div_Grupo_ui-chkbox-box ui-widget ui-corner-all ui-state-default ui-state-hover' is clicked on

2023-03-23 11:19:02 - [MESSAGE][PASSED] - Object: 'Object Repository/2-OBJECTS TAREAS SECUNDARIAS/Pruebas capacitacion/Enviar_Diploma/div_Grupo_ui-chkbox-box ui-widget ui-corner-all ui-state-default ui-state-hover' is clicked on

2023-03-23 11:19:02 - [TEST_STEP][PASSED] - click(findTestObject("2-OBJECTS TAREAS SECUNDARIAS/Pruebas capacitacion/Enviar_Diploma/a_Generar")): Object: 'Object Repository/2-OBJECTS TAREAS SECUNDARIAS/Pruebas capacitacion/Enviar_Diploma/a_Generar' is clicked on

2023-03-23 11:19:03 - [MESSAGE][PASSED] - Object: 'Object Repository/2-OBJECTS TAREAS SECUNDARIAS/Pruebas capacitacion/Enviar_Diploma/a_Generar' is clicked on

2023-03-23 11:19:03 - [TEST_STEP][PASSED] - click(findTestObject("2-OBJECTS TAREAS SECUNDARIAS/Pruebas capacitacion/Enviar_Diploma/span_Cupo_ui-icon ui-icon-closethick")): Object: 'Object Repository/2-OBJECTS TAREAS SECUNDARIAS/Pruebas capacitacion/Enviar_Diploma/span_Cupo_ui-icon ui-icon-closethick' is clicked on

2023-03-23 11:19:04 - [MESSAGE][PASSED] - Object: 'Object Repository/2-OBJECTS TAREAS SECUNDARIAS/Pruebas capacitacion/Enviar_Diploma/span_Cupo_ui-icon ui-icon-closethick' is clicked on

2023-03-23 11:19:04 - [TEST_STEP][PASSED] - if (waitForElementVisible(findTestObject("2-OBJECTS TAREAS SECUNDARIAS/Pruebas capacitacion/Enviar_Diploma/td_80097770"), 1)): null

2023-03-23 11:19:04 - [MESSAGE][PASSED] - Object 'Object Repository/2-OBJECTS TAREAS SECUNDARIAS/Pruebas capacitacion/Enviar_Diploma/td_80097770' is visible

2023-03-23 11:19:04 - [TEST_STEP][PASSED] - Resultado = "PRUEBA OK": null

2023-03-23 11:19:04 - [TEST_STEP][PASSED] - closeBrowser(): Browser is closed

2023-03-23 11:19:05 - [MESSAGE][PASSED] - Browser is closed]]></system-out>
         <system-err><![CDATA[]]></system-err>
      </testcase>
      <system-out><![CDATA[2023-03-23 11:11:51 - [TEST_SUITE][PASSED] - 4-pruebas capacitación: Test Cases/1.2-Tareas_Secundarias/4.1-Pruebas_Capacitación/4.2.5-Enviar_y_imprimir_Diploma]]></system-out>
      <system-err><![CDATA[]]></system-err>
   </testsuite>
</testsuites>
