<?xml version="1.0" encoding="UTF-8"?>
<testsuites name="3-Pruebas_Bienestar" time="686.63" tests="18" failures="0" errors="0">
   <testsuite name="3-Pruebas_Bienestar" tests="18" failures="0" errors="0" time="686.63" skipped="0" timestamp="2022-03-08 14:26:39" hostname="diego.rojas - US-AF-000371" id="Test Suites/3-Pruebas_Bienestar">
      <properties>
         <property name="deviceName" value=""/>
         <property name="devicePlatform" value=""/>
         <property name="logFolder" value="C:\\Users\\diego.rojas\\git\\Pruebas-Minimas\\Reports\\20220308_142515\\3-Pruebas_Bienestar\\20220308_142530"/>
         <property name="logFiles" value="C:\\Users\\diego.rojas\\git\\Pruebas-Minimas\\Reports\\20220308_142515\\3-Pruebas_Bienestar\\20220308_142530\\execution0.log"/>
         <property name="attachments" value=""/>
         <property name="hostName" value="diego.rojas - US-AF-000371"/>
         <property name="os" value="Windows 10 64bit"/>
         <property name="katalonVersion" value="8.2.5.208"/>
         <property name="browser" value="Chrome 98.0.4758.102"/>
         <property name="hostAddress" value="192.168.56.1"/>
         <property name="sessionId" value="23581afe53d51b136c63b3c0495ff847"/>
         <property name="seleniumVersion" value="3.141.59"/>
         <property name="proxyInformation" value="ProxyInformation { proxyOption=NO_PROXY, proxyServerType=HTTP, username=, password=********, proxyServerAddress=, proxyServerPort=0, executionList=&quot;&quot;, isApplyToDesiredCapabilities=true }"/>
         <property name="platform" value="Windows 10"/>
      </properties>
      <testcase name="Test Cases/3.1-Pruebas_Bienestar/3.1.1-Crear_un_Evento" time="180.802" classname="Test Cases/3.1-Pruebas_Bienestar/3.1.1-Crear_un_Evento" status="PASSED">
         <system-out><![CDATA[2022-03-08 14:26:40 - [TEST_CASE][PASSED] - Test Cases/3.1-Pruebas_Bienestar/3.1.1-Crear_un_Evento: Test Cases/3.1-Pruebas_Bienestar/3.1.1-Crear_un_Evento

2022-03-08 14:26:42 - [TEST_STEP][PASSED] - today = new java.util.Date(): null

2022-03-08 14:26:42 - [TEST_STEP][PASSED] - Dia = today.format("dd"): null

2022-03-08 14:26:42 - [TEST_STEP][PASSED] - Mes = today.format("MM"): null

2022-03-08 14:26:42 - [TEST_STEP][PASSED] - MesN = today.format("MM"): null

2022-03-08 14:26:42 - [TEST_STEP][PASSED] - Año = today.format("yyyy"): null

2022-03-08 14:26:42 - [TEST_STEP][PASSED] - AñoN = today.format("yyyy"): null

2022-03-08 14:26:42 - [TEST_STEP][PASSED] - sumaD = Dia + 10: null

2022-03-08 14:26:42 - [TEST_STEP][PASSED] - sumaM = Mes + 1: null

2022-03-08 14:26:42 - [TEST_STEP][PASSED] - sumaA = Año + 1: null

2022-03-08 14:26:42 - [TEST_STEP][PASSED] - if (sumaD > 30): null

2022-03-08 14:26:42 - [TEST_STEP][PASSED] - else: null

2022-03-08 14:26:42 - [TEST_STEP][PASSED] - sumaD: null

2022-03-08 14:26:42 - [TEST_STEP][PASSED] - Mes: null

2022-03-08 14:26:42 - [TEST_STEP][PASSED] - if (sumaM > 12): null

2022-03-08 14:26:42 - [TEST_STEP][PASSED] - FechaI = Dia + "/" + MesN + "/" + AñoN: null

2022-03-08 14:26:42 - [TEST_STEP][PASSED] - FechaF = sumaD + "/" + Mes + "/" + Año: null

2022-03-08 14:26:42 - [TEST_STEP][PASSED] - callTestCase(findTestCase("Utilidades-(atajos_para _tareas)/Modulos/Modulo bienestar-eventos"), [:], STOP_ON_FAILURE): Call Test Case 'Test Cases/Utilidades-(atajos_para _tareas)/Modulos/Modulo bienestar-eventos' successfully

2022-03-08 14:26:42 - [TEST_CASE][PASSED] - Test Cases/Utilidades-(atajos_para _tareas)/Modulos/Modulo bienestar-eventos: Test Cases/Utilidades-(atajos_para _tareas)/Modulos/Modulo bienestar-eventos

2022-03-08 14:26:43 - [TEST_STEP][PASSED] - callTestCase(findTestCase("0.1-Login"), [:], STOP_ON_FAILURE): Call Test Case 'Test Cases/0.1-Login' successfully

2022-03-08 14:26:43 - [TEST_CASE][PASSED] - Test Cases/0.1-Login: Test Cases/0.1-Login

2022-03-08 14:26:45 - [TEST_STEP][PASSED] - openBrowser(""): Browser is opened with url: ''

2022-03-08 14:26:45 - [MESSAGE][INFO] - Starting 'Chrome' driver

2022-03-08 14:26:45 - [MESSAGE][INFO] - Action delay is set to 0 milliseconds

2022-03-08 14:26:49 - [MESSAGE][PASSED] - Browser is opened with url: ''

2022-03-08 14:26:49 - [TEST_STEP][PASSED] - maximizeWindow(): Current window maximized

2022-03-08 14:26:49 - [MESSAGE][PASSED] - Current window maximized

2022-03-08 14:26:49 - [TEST_STEP][PASSED] - i = G_Login: null

2022-03-08 14:26:50 - [TEST_STEP][PASSED] - url = new java.net.URL(i): null

2022-03-08 14:26:50 - [TEST_STEP][PASSED] - println("URL: " + url.toString()): null

2022-03-08 14:26:50 - [TEST_STEP][PASSED] - connection = url.openConnection(): null

2022-03-08 14:26:50 - [TEST_STEP][PASSED] - connection.setRequestMethod("GET"): null

2022-03-08 14:26:50 - [TEST_STEP][PASSED] - connection.setReadTimeout(2 * 1000): null

2022-03-08 14:26:50 - [TEST_STEP][PASSED] - try: null

2022-03-08 14:26:50 - [TEST_STEP][PASSED] - connection.connect(): null

2022-03-08 14:26:50 - [TEST_STEP][PASSED] - flag = connected: null

2022-03-08 14:26:50 - [TEST_STEP][PASSED] - println("Valor_ori: " + flag): null

2022-03-08 14:26:50 - [TEST_STEP][PASSED] - if (flag): null

2022-03-08 14:26:50 - [TEST_STEP][PASSED] - navigateToUrl(i): Navigate to 'http://192.168.2.80:8380/saraweb' successfully

2022-03-08 14:26:51 - [MESSAGE][PASSED] - Navigate to 'http://192.168.2.80:8380/saraweb' successfully

2022-03-08 14:26:51 - [TEST_STEP][PASSED] - a(): null

2022-03-08 14:26:51 - [TEST_STEP][PASSED] - setText(findTestObject("Login/input_USUARIO_loginusuario"), G_Usuario): Text 'saraadmin' is set on object 'Object Repository/Login/input_USUARIO_loginusuario'

2022-03-08 14:26:52 - [MESSAGE][PASSED] - Text 'saraadmin' is set on object 'Object Repository/Login/input_USUARIO_loginusuario'

2022-03-08 14:26:52 - [TEST_STEP][PASSED] - setEncryptedText(findTestObject("Login/input_CLAVE_loginpassword"), "MkG4/TYiCFC3cb2driP7+Q=="): Text ****** has been set on object 'Object Repository/Login/input_CLAVE_loginpassword'

2022-03-08 14:26:53 - [MESSAGE][PASSED] - Text ****** has been set on object 'Object Repository/Login/input_CLAVE_loginpassword'

2022-03-08 14:26:53 - [TEST_STEP][PASSED] - waitForElementClickable(findTestObject("Login/a_Ingresar"), G_TimeOut): Object 'Object Repository/Login/a_Ingresar' is clickable

2022-03-08 14:26:54 - [MESSAGE][PASSED] - Object 'Object Repository/Login/a_Ingresar' is clickable

2022-03-08 14:26:54 - [TEST_STEP][PASSED] - click(findTestObject("Login/a_Ingresar")): Object: 'Object Repository/Login/a_Ingresar' is clicked on

2022-03-08 14:26:55 - [MESSAGE][PASSED] - Object: 'Object Repository/Login/a_Ingresar' is clicked on

2022-03-08 14:26:55 - [TEST_STEP][PASSED] - element = findWebElement(findTestObject("Login/a_Ir"), 30): null

2022-03-08 14:26:56 - [TEST_STEP][PASSED] - executeJavaScript("arguments[0].click()", Arrays.asList(element)): Execute JavaScript 'arguments[0].click()' successfully

2022-03-08 14:26:56 - [MESSAGE][PASSED] - Execute JavaScript 'arguments[0].click()' successfully

2022-03-08 14:26:56 - [MESSAGE][PASSED] - Call Test Case 'Test Cases/0.1-Login' successfully

2022-03-08 14:26:56 - [TEST_STEP][PASSED] - waitForElementClickable(findTestObject("Modulo bienestar-eventos/input_ADMINISTRADOR DEL SISTEMA"), 0): Object 'Object Repository/Modulo bienestar-eventos/input_ADMINISTRADOR DEL SISTEMA' is clickable

2022-03-08 14:26:56 - [MESSAGE][WARNING] - Timeout '0' is invalid. Using default page load timeout: '30'

2022-03-08 14:26:57 - [MESSAGE][PASSED] - Object 'Object Repository/Modulo bienestar-eventos/input_ADMINISTRADOR DEL SISTEMA' is clickable

2022-03-08 14:26:57 - [TEST_STEP][PASSED] - setText(findTestObject("Modulo bienestar-eventos/input_ADMINISTRADOR DEL SISTEMA"), "eventos (bie)"): Text 'eventos (bie)' is set on object 'Object Repository/Modulo bienestar-eventos/input_ADMINISTRADOR DEL SISTEMA'

2022-03-08 14:26:59 - [MESSAGE][PASSED] - Text 'eventos (bie)' is set on object 'Object Repository/Modulo bienestar-eventos/input_ADMINISTRADOR DEL SISTEMA'

2022-03-08 14:26:59 - [TEST_STEP][PASSED] - click(findTestObject("Modulo bienestar-eventos/span_Eventos (bie)")): Object: 'Object Repository/Modulo bienestar-eventos/span_Eventos (bie)' is clicked on

2022-03-08 14:27:00 - [MESSAGE][PASSED] - Object: 'Object Repository/Modulo bienestar-eventos/span_Eventos (bie)' is clicked on

2022-03-08 14:27:00 - [MESSAGE][PASSED] - Call Test Case 'Test Cases/Utilidades-(atajos_para _tareas)/Modulos/Modulo bienestar-eventos' successfully

2022-03-08 14:27:00 - [TEST_STEP][PASSED] - if (waitForElementClickable(findTestObject("Modulo Pruebas Bienestar/Crear_un_Evento/td_Prueba-S"), 1)): null

2022-03-08 14:27:02 - [MESSAGE][PASSED] - Object 'Object Repository/Modulo Pruebas Bienestar/Crear_un_Evento/td_Prueba-S' is clickable

2022-03-08 14:27:02 - [TEST_STEP][PASSED] - click(findTestObject("Modulo Pruebas Bienestar/Crear_un_Evento/td_Prueba-S")): Object: 'Object Repository/Modulo Pruebas Bienestar/Crear_un_Evento/td_Prueba-S' is clicked on

2022-03-08 14:27:03 - [MESSAGE][PASSED] - Object: 'Object Repository/Modulo Pruebas Bienestar/Crear_un_Evento/td_Prueba-S' is clicked on

2022-03-08 14:27:03 - [TEST_STEP][PASSED] - click(findTestObject("Modulo Pruebas Bienestar/Crear_un_Evento/a_CostoEvento")): Object: 'Object Repository/Modulo Pruebas Bienestar/Crear_un_Evento/a_CostoEvento' is clicked on

2022-03-08 14:27:04 - [MESSAGE][PASSED] - Object: 'Object Repository/Modulo Pruebas Bienestar/Crear_un_Evento/a_CostoEvento' is clicked on

2022-03-08 14:27:04 - [TEST_STEP][PASSED] - if (waitForElementClickable(findTestObject("Modulo Pruebas Bienestar/Crear_un_Evento/td_SALON 1"), 1)): null

2022-03-08 14:27:05 - [MESSAGE][PASSED] - Object 'Object Repository/Modulo Pruebas Bienestar/Crear_un_Evento/td_SALON 1' is clickable

2022-03-08 14:27:05 - [TEST_STEP][PASSED] - click(findTestObject("Modulo Pruebas Bienestar/Crear_un_Evento/a_TEST FB_form_costoEventolistaCostoEvento0j_idt663")): Object: 'Object Repository/Modulo Pruebas Bienestar/Crear_un_Evento/a_TEST FB_form_costoEventolistaCostoEvento0j_idt663' is clicked on

2022-03-08 14:27:06 - [MESSAGE][PASSED] - Object: 'Object Repository/Modulo Pruebas Bienestar/Crear_un_Evento/a_TEST FB_form_costoEventolistaCostoEvento0j_idt663' is clicked on

2022-03-08 14:27:06 - [TEST_STEP][PASSED] - click(findTestObject("Modulo Pruebas Bienestar/Crear_un_Evento/a_Aceptar Eliminar -1")): Object: 'Object Repository/Modulo Pruebas Bienestar/Crear_un_Evento/a_Aceptar Eliminar -1' is clicked on

2022-03-08 14:27:06 - [MESSAGE][PASSED] - Object: 'Object Repository/Modulo Pruebas Bienestar/Crear_un_Evento/a_Aceptar Eliminar -1' is clicked on

2022-03-08 14:27:06 - [TEST_STEP][PASSED] - click(findTestObject("Modulo Pruebas Bienestar/Crear_un_Evento/a_Momento Eventos")): Object: 'Object Repository/Modulo Pruebas Bienestar/Crear_un_Evento/a_Momento Eventos' is clicked on

2022-03-08 14:27:07 - [MESSAGE][PASSED] - Object: 'Object Repository/Modulo Pruebas Bienestar/Crear_un_Evento/a_Momento Eventos' is clicked on

2022-03-08 14:27:07 - [TEST_STEP][PASSED] - if (waitForElementClickable(findTestObject("Modulo Pruebas Bienestar/Crear_un_Evento/td_02112021"), 1)): null

2022-03-08 14:27:08 - [MESSAGE][PASSED] - Object 'Object Repository/Modulo Pruebas Bienestar/Crear_un_Evento/td_02112021' is clickable

2022-03-08 14:27:08 - [TEST_STEP][PASSED] - click(findTestObject("Modulo Pruebas Bienestar/Crear_un_Evento/td_02112021")): Object: 'Object Repository/Modulo Pruebas Bienestar/Crear_un_Evento/td_02112021' is clicked on

2022-03-08 14:27:09 - [MESSAGE][PASSED] - Object: 'Object Repository/Modulo Pruebas Bienestar/Crear_un_Evento/td_02112021' is clicked on

2022-03-08 14:27:09 - [TEST_STEP][PASSED] - if (waitForElementClickable(findTestObject("Modulo Pruebas Bienestar/Crear_un_Evento/a_MAR-MIE 0500-0600_popupMomentoEvento_formtablaMomentoEventoHorarioPopup0j_idt1582"), 1)): null

2022-03-08 14:27:09 - [MESSAGE][PASSED] - Object 'Object Repository/Modulo Pruebas Bienestar/Crear_un_Evento/a_MAR-MIE 0500-0600_popupMomentoEvento_formtablaMomentoEventoHorarioPopup0j_idt1582' is clickable

2022-03-08 14:27:09 - [TEST_STEP][PASSED] - click(findTestObject("Modulo Pruebas Bienestar/Crear_un_Evento/a_MAR-MIE 0500-0600_popupMomentoEvento_formtablaMomentoEventoHorarioPopup0j_idt1582")): Object: 'Object Repository/Modulo Pruebas Bienestar/Crear_un_Evento/a_MAR-MIE 0500-0600_popupMomentoEvento_formtablaMomentoEventoHorarioPopup0j_idt1582' is clicked on

2022-03-08 14:27:10 - [MESSAGE][PASSED] - Object: 'Object Repository/Modulo Pruebas Bienestar/Crear_un_Evento/a_MAR-MIE 0500-0600_popupMomentoEvento_formtablaMomentoEventoHorarioPopup0j_idt1582' is clicked on

2022-03-08 14:27:10 - [TEST_STEP][PASSED] - click(findTestObject("Modulo Pruebas Bienestar/Crear_un_Evento/a_Aceptar_eliminar")): Object: 'Object Repository/Modulo Pruebas Bienestar/Crear_un_Evento/a_Aceptar_eliminar' is clicked on

2022-03-08 14:27:11 - [MESSAGE][PASSED] - Object: 'Object Repository/Modulo Pruebas Bienestar/Crear_un_Evento/a_Aceptar_eliminar' is clicked on

2022-03-08 14:27:11 - [TEST_STEP][PASSED] - click(findTestObject("Modulo Pruebas Bienestar/Crear_un_Evento/a_Eliminar")): Object: 'Object Repository/Modulo Pruebas Bienestar/Crear_un_Evento/a_Eliminar' is clicked on

2022-03-08 14:27:11 - [MESSAGE][PASSED] - Object: 'Object Repository/Modulo Pruebas Bienestar/Crear_un_Evento/a_Eliminar' is clicked on

2022-03-08 14:27:11 - [TEST_STEP][PASSED] - click(findTestObject("Modulo Pruebas Bienestar/Crear_un_Evento/a_Aceptar0")): Object: 'Object Repository/Modulo Pruebas Bienestar/Crear_un_Evento/a_Aceptar0' is clicked on

2022-03-08 14:27:12 - [MESSAGE][PASSED] - Object: 'Object Repository/Modulo Pruebas Bienestar/Crear_un_Evento/a_Aceptar0' is clicked on

2022-03-08 14:27:12 - [TEST_STEP][PASSED] - click(findTestObject("Modulo Pruebas Bienestar/Crear_un_Evento/div_Evaluacin")): Object: 'Object Repository/Modulo Pruebas Bienestar/Crear_un_Evento/div_Evaluacin' is clicked on

2022-03-08 14:27:13 - [MESSAGE][PASSED] - Object: 'Object Repository/Modulo Pruebas Bienestar/Crear_un_Evento/div_Evaluacin' is clicked on

2022-03-08 14:27:13 - [TEST_STEP][PASSED] - click(findTestObject("Modulo Pruebas Bienestar/Crear_un_Evento/a_Evento0")): Object: 'Object Repository/Modulo Pruebas Bienestar/Crear_un_Evento/a_Evento0' is clicked on

2022-03-08 14:27:14 - [MESSAGE][PASSED] - Object: 'Object Repository/Modulo Pruebas Bienestar/Crear_un_Evento/a_Evento0' is clicked on

2022-03-08 14:27:14 - [TEST_STEP][PASSED] - if (waitForElementVisible(findTestObject("Modulo Pruebas Bienestar/Crear_un_Evento/td_1010220596"), 1)): null

2022-03-08 14:27:15 - [MESSAGE][PASSED] - Object 'Object Repository/Modulo Pruebas Bienestar/Crear_un_Evento/td_1010220596' is visible

2022-03-08 14:27:15 - [TEST_STEP][PASSED] - click(findTestObject("Modulo Pruebas Bienestar/Crear_un_Evento/a_No Diligenciada_formEventoEvaluacionpanel_eventotablaEvaluacion0j_idt881")): Object: 'Object Repository/Modulo Pruebas Bienestar/Crear_un_Evento/a_No Diligenciada_formEventoEvaluacionpanel_eventotablaEvaluacion0j_idt881' is clicked on

2022-03-08 14:27:15 - [MESSAGE][PASSED] - Object: 'Object Repository/Modulo Pruebas Bienestar/Crear_un_Evento/a_No Diligenciada_formEventoEvaluacionpanel_eventotablaEvaluacion0j_idt881' is clicked on

2022-03-08 14:27:15 - [TEST_STEP][PASSED] - click(findTestObject("Modulo Pruebas Bienestar/Crear_un_Evento/a_Aceptar0")): Object: 'Object Repository/Modulo Pruebas Bienestar/Crear_un_Evento/a_Aceptar0' is clicked on

2022-03-08 14:27:16 - [MESSAGE][PASSED] - Object: 'Object Repository/Modulo Pruebas Bienestar/Crear_un_Evento/a_Aceptar0' is clicked on

2022-03-08 14:27:16 - [TEST_STEP][PASSED] - click(findTestObject("Modulo Pruebas Bienestar/Crear_un_Evento/div_Participante")): Object: 'Object Repository/Modulo Pruebas Bienestar/Crear_un_Evento/div_Participante' is clicked on

2022-03-08 14:27:18 - [MESSAGE][PASSED] - Object: 'Object Repository/Modulo Pruebas Bienestar/Crear_un_Evento/div_Participante' is clicked on

2022-03-08 14:27:18 - [TEST_STEP][PASSED] - click(findTestObject("Modulo Pruebas Bienestar/Crear_un_Evento/a_Grupo")): Object: 'Object Repository/Modulo Pruebas Bienestar/Crear_un_Evento/a_Grupo' is clicked on

2022-03-08 14:27:18 - [MESSAGE][PASSED] - Object: 'Object Repository/Modulo Pruebas Bienestar/Crear_un_Evento/a_Grupo' is clicked on

2022-03-08 14:27:18 - [TEST_STEP][PASSED] - if (waitForElementVisible(findTestObject("Modulo Pruebas Bienestar/Crear_un_Evento/td_PRUEBAS K"), 1)): null

2022-03-08 14:27:19 - [MESSAGE][PASSED] - Object 'Object Repository/Modulo Pruebas Bienestar/Crear_un_Evento/td_PRUEBAS K' is visible

2022-03-08 14:27:19 - [TEST_STEP][PASSED] - click(findTestObject("Modulo Pruebas Bienestar/Crear_un_Evento/td_PRUEBAS K")): Object: 'Object Repository/Modulo Pruebas Bienestar/Crear_un_Evento/td_PRUEBAS K' is clicked on

2022-03-08 14:27:19 - [MESSAGE][PASSED] - Object: 'Object Repository/Modulo Pruebas Bienestar/Crear_un_Evento/td_PRUEBAS K' is clicked on

2022-03-08 14:27:19 - [TEST_STEP][PASSED] - if (waitForElementVisible(findTestObject("Modulo Pruebas Bienestar/Crear_un_Evento/a_Integrantes"), 1)): null

2022-03-08 14:27:20 - [MESSAGE][PASSED] - Object 'Object Repository/Modulo Pruebas Bienestar/Crear_un_Evento/a_Integrantes' is visible

2022-03-08 14:27:20 - [TEST_STEP][PASSED] - click(findTestObject("Modulo Pruebas Bienestar/Crear_un_Evento/a_Integrantes")): Object: 'Object Repository/Modulo Pruebas Bienestar/Crear_un_Evento/a_Integrantes' is clicked on

2022-03-08 14:27:20 - [MESSAGE][PASSED] - Object: 'Object Repository/Modulo Pruebas Bienestar/Crear_un_Evento/a_Integrantes' is clicked on

2022-03-08 14:27:20 - [TEST_STEP][PASSED] - if (waitForElementVisible(findTestObject("Modulo Pruebas Bienestar/Crear_un_Evento/a_Administracion_grupoEventopanel_principal_2pGListaIntegrantes0j_idt390"), 1)): null

2022-03-08 14:27:22 - [MESSAGE][PASSED] - Object 'Object Repository/Modulo Pruebas Bienestar/Crear_un_Evento/a_Administracion_grupoEventopanel_principal_2pGListaIntegrantes0j_idt390' is visible

2022-03-08 14:27:22 - [TEST_STEP][PASSED] - click(findTestObject("Modulo Pruebas Bienestar/Crear_un_Evento/a_Administracion_grupoEventopanel_principal_2pGListaIntegrantes0j_idt390")): Object: 'Object Repository/Modulo Pruebas Bienestar/Crear_un_Evento/a_Administracion_grupoEventopanel_principal_2pGListaIntegrantes0j_idt390' is clicked on

2022-03-08 14:27:22 - [MESSAGE][PASSED] - Object: 'Object Repository/Modulo Pruebas Bienestar/Crear_un_Evento/a_Administracion_grupoEventopanel_principal_2pGListaIntegrantes0j_idt390' is clicked on

2022-03-08 14:27:22 - [TEST_STEP][PASSED] - click(findTestObject("Modulo Pruebas Bienestar/Crear_un_Evento/a_Aceptar1")): Object: 'Object Repository/Modulo Pruebas Bienestar/Crear_un_Evento/a_Aceptar1' is clicked on

2022-03-08 14:27:23 - [MESSAGE][PASSED] - Object: 'Object Repository/Modulo Pruebas Bienestar/Crear_un_Evento/a_Aceptar1' is clicked on

2022-03-08 14:27:23 - [TEST_STEP][PASSED] - click(findTestObject("Modulo Pruebas Bienestar/Crear_un_Evento/a_Grupo_pestaa")): Object: 'Object Repository/Modulo Pruebas Bienestar/Crear_un_Evento/a_Grupo_pestaa' is clicked on

2022-03-08 14:27:24 - [MESSAGE][PASSED] - Object: 'Object Repository/Modulo Pruebas Bienestar/Crear_un_Evento/a_Grupo_pestaa' is clicked on

2022-03-08 14:27:24 - [TEST_STEP][PASSED] - element = findWebElement(findTestObject("Modulo Pruebas Bienestar/Crear_un_Evento/a_Eliminar0"), 30): null

2022-03-08 14:27:25 - [TEST_STEP][PASSED] - executeJavaScript("arguments[0].click()", Arrays.asList(element)): Execute JavaScript 'arguments[0].click()' successfully

2022-03-08 14:27:25 - [MESSAGE][PASSED] - Execute JavaScript 'arguments[0].click()' successfully

2022-03-08 14:27:25 - [TEST_STEP][PASSED] - click(findTestObject("Modulo Pruebas Bienestar/Crear_un_Evento/a_Aceptar3")): Object: 'Object Repository/Modulo Pruebas Bienestar/Crear_un_Evento/a_Aceptar3' is clicked on

2022-03-08 14:27:26 - [MESSAGE][PASSED] - Object: 'Object Repository/Modulo Pruebas Bienestar/Crear_un_Evento/a_Aceptar3' is clicked on

2022-03-08 14:27:26 - [TEST_STEP][PASSED] - click(findTestObject("Modulo Pruebas Bienestar/Crear_un_Evento/div_Evaluacin")): Object: 'Object Repository/Modulo Pruebas Bienestar/Crear_un_Evento/div_Evaluacin' is clicked on

2022-03-08 14:27:26 - [MESSAGE][PASSED] - Object: 'Object Repository/Modulo Pruebas Bienestar/Crear_un_Evento/div_Evaluacin' is clicked on

2022-03-08 14:27:26 - [TEST_STEP][PASSED] - click(findTestObject("Modulo Pruebas Bienestar/Crear_un_Evento/a_Evento0")): Object: 'Object Repository/Modulo Pruebas Bienestar/Crear_un_Evento/a_Evento0' is clicked on

2022-03-08 14:27:27 - [MESSAGE][PASSED] - Object: 'Object Repository/Modulo Pruebas Bienestar/Crear_un_Evento/a_Evento0' is clicked on

2022-03-08 14:27:27 - [TEST_STEP][PASSED] - if (waitForElementVisible(findTestObject("Modulo Pruebas Bienestar/Crear_un_Evento/a_No Diligenciada_formEventoEvaluacionpanel_eventotablaEvaluacion0j_idt881"), 1)): Web element with id: 'Object Repository/Modulo Pruebas Bienestar/Crear_un_Evento/a_No Diligenciada_formEventoEvaluacionpanel_eventotablaEvaluacion0j_idt881' located by '//td[10]/a' not found

2022-03-08 14:27:29 - [MESSAGE][INFO] - Unable to find the element located by 'By.xpath: //td[10]/a'. Please recheck the objects properties to make sure the desired element is located. 

2022-03-08 14:27:29 - [MESSAGE][WARNING] - Web element with id: 'Object Repository/Modulo Pruebas Bienestar/Crear_un_Evento/a_No Diligenciada_formEventoEvaluacionpanel_eventotablaEvaluacion0j_idt881' located by '//td[10]/a' not found

2022-03-08 14:27:29 - [TEST_STEP][PASSED] - click(findTestObject("Modulo Pruebas Bienestar/Crear_un_Evento/div_Datos Evento")): Object: 'Object Repository/Modulo Pruebas Bienestar/Crear_un_Evento/div_Datos Evento' is clicked on

2022-03-08 14:27:30 - [MESSAGE][PASSED] - Object: 'Object Repository/Modulo Pruebas Bienestar/Crear_un_Evento/div_Datos Evento' is clicked on

2022-03-08 14:27:30 - [TEST_STEP][PASSED] - click(findTestObject("Modulo Pruebas Bienestar/Crear_un_Evento/a_Publicacin")): Object: 'Object Repository/Modulo Pruebas Bienestar/Crear_un_Evento/a_Publicacin' is clicked on

2022-03-08 14:27:30 - [MESSAGE][PASSED] - Object: 'Object Repository/Modulo Pruebas Bienestar/Crear_un_Evento/a_Publicacin' is clicked on

2022-03-08 14:27:30 - [TEST_STEP][PASSED] - if (waitForElementVisible(findTestObject("Modulo Pruebas Bienestar/Crear_un_Evento/a_Eliminar_http"), 1)): Web element with id: 'Object Repository/Modulo Pruebas Bienestar/Crear_un_Evento/a_Eliminar_http' located by '//div/div/table/tbody/tr/td[3]/a' not found

2022-03-08 14:27:33 - [MESSAGE][INFO] - Unable to find the element located by 'By.xpath: //div/div/table/tbody/tr/td[3]/a'. Please recheck the objects properties to make sure the desired element is located. 

2022-03-08 14:27:33 - [MESSAGE][WARNING] - Web element with id: 'Object Repository/Modulo Pruebas Bienestar/Crear_un_Evento/a_Eliminar_http' located by '//div/div/table/tbody/tr/td[3]/a' not found

2022-03-08 14:27:33 - [TEST_STEP][PASSED] - click(findTestObject("Modulo Pruebas Bienestar/Crear_un_Evento/a_Entidades")): Object: 'Object Repository/Modulo Pruebas Bienestar/Crear_un_Evento/a_Entidades' is clicked on

2022-03-08 14:27:33 - [MESSAGE][PASSED] - Object: 'Object Repository/Modulo Pruebas Bienestar/Crear_un_Evento/a_Entidades' is clicked on

2022-03-08 14:27:33 - [TEST_STEP][PASSED] - if (waitForElementVisible(findTestObject("Modulo Pruebas Bienestar/Crear_un_Evento/a_US_form_entidadlistaEntidades0j_idt630"), 1)): null

2022-03-08 14:27:34 - [MESSAGE][PASSED] - Object 'Object Repository/Modulo Pruebas Bienestar/Crear_un_Evento/a_US_form_entidadlistaEntidades0j_idt630' is visible

2022-03-08 14:27:34 - [TEST_STEP][PASSED] - click(findTestObject("Modulo Pruebas Bienestar/Crear_un_Evento/a_US_form_entidadlistaEntidades0j_idt630")): Object: 'Object Repository/Modulo Pruebas Bienestar/Crear_un_Evento/a_US_form_entidadlistaEntidades0j_idt630' is clicked on

2022-03-08 14:27:35 - [MESSAGE][PASSED] - Object: 'Object Repository/Modulo Pruebas Bienestar/Crear_un_Evento/a_US_form_entidadlistaEntidades0j_idt630' is clicked on

2022-03-08 14:27:35 - [TEST_STEP][PASSED] - click(findTestObject("Modulo Pruebas Bienestar/Crear_un_Evento/a_Aceptar_Entidades")): Object: 'Object Repository/Modulo Pruebas Bienestar/Crear_un_Evento/a_Aceptar_Entidades' is clicked on

2022-03-08 14:27:35 - [MESSAGE][PASSED] - Object: 'Object Repository/Modulo Pruebas Bienestar/Crear_un_Evento/a_Aceptar_Entidades' is clicked on

2022-03-08 14:27:35 - [TEST_STEP][PASSED] - click(findTestObject("Modulo Pruebas Bienestar/Crear_un_Evento/a_DirigidoA")): Object: 'Object Repository/Modulo Pruebas Bienestar/Crear_un_Evento/a_DirigidoA' is clicked on

2022-03-08 14:27:36 - [MESSAGE][PASSED] - Object: 'Object Repository/Modulo Pruebas Bienestar/Crear_un_Evento/a_DirigidoA' is clicked on

2022-03-08 14:27:36 - [TEST_STEP][PASSED] - if (waitForElementVisible(findTestObject("Modulo Pruebas Bienestar/Crear_un_Evento/a_Edad_form_condicionDerechoTipoBeneftabla_ventanaCDTB0j_idt797"), 1)): null

2022-03-08 14:27:39 - [MESSAGE][PASSED] - Object 'Object Repository/Modulo Pruebas Bienestar/Crear_un_Evento/a_Edad_form_condicionDerechoTipoBeneftabla_ventanaCDTB0j_idt797' is visible

2022-03-08 14:27:39 - [TEST_STEP][PASSED] - click(findTestObject("Modulo Pruebas Bienestar/Crear_un_Evento/a_Edad_form_condicionDerechoTipoBeneftabla_ventanaCDTB0j_idt797"), STOP_ON_FAILURE): Object: 'Object Repository/Modulo Pruebas Bienestar/Crear_un_Evento/a_Edad_form_condicionDerechoTipoBeneftabla_ventanaCDTB0j_idt797' is clicked on

2022-03-08 14:27:39 - [MESSAGE][PASSED] - Object: 'Object Repository/Modulo Pruebas Bienestar/Crear_un_Evento/a_Edad_form_condicionDerechoTipoBeneftabla_ventanaCDTB0j_idt797' is clicked on

2022-03-08 14:27:39 - [TEST_STEP][PASSED] - click(findTestObject("Modulo Pruebas Bienestar/Crear_un_Evento/a_Aceptar_DirigidoA")): Object: 'Object Repository/Modulo Pruebas Bienestar/Crear_un_Evento/a_Aceptar_DirigidoA' is clicked on

2022-03-08 14:27:40 - [MESSAGE][PASSED] - Object: 'Object Repository/Modulo Pruebas Bienestar/Crear_un_Evento/a_Aceptar_DirigidoA' is clicked on

2022-03-08 14:27:40 - [TEST_STEP][PASSED] - click(findTestObject("Modulo Pruebas Bienestar/Crear_un_Evento/div_Recursos")): Object: 'Object Repository/Modulo Pruebas Bienestar/Crear_un_Evento/div_Recursos' is clicked on

2022-03-08 14:27:41 - [MESSAGE][PASSED] - Object: 'Object Repository/Modulo Pruebas Bienestar/Crear_un_Evento/div_Recursos' is clicked on

2022-03-08 14:27:41 - [TEST_STEP][PASSED] - click(findTestObject("Modulo Pruebas Bienestar/Crear_un_Evento/a_Logsticos")): Object: 'Object Repository/Modulo Pruebas Bienestar/Crear_un_Evento/a_Logsticos' is clicked on

2022-03-08 14:27:41 - [MESSAGE][PASSED] - Object: 'Object Repository/Modulo Pruebas Bienestar/Crear_un_Evento/a_Logsticos' is clicked on

2022-03-08 14:27:41 - [TEST_STEP][PASSED] - if (waitForElementVisible(findTestObject("Modulo Pruebas Bienestar/Crear_un_Evento/a_INDISPENSABLE_formRecursoLogisticopanel_recursostabla_recursos0j_idt951"), 1)): null

2022-03-08 14:27:42 - [MESSAGE][PASSED] - Object 'Object Repository/Modulo Pruebas Bienestar/Crear_un_Evento/a_INDISPENSABLE_formRecursoLogisticopanel_recursostabla_recursos0j_idt951' is visible

2022-03-08 14:27:42 - [TEST_STEP][PASSED] - click(findTestObject("Modulo Pruebas Bienestar/Crear_un_Evento/a_INDISPENSABLE_formRecursoLogisticopanel_recursostabla_recursos0j_idt951"), STOP_ON_FAILURE): Object: 'Object Repository/Modulo Pruebas Bienestar/Crear_un_Evento/a_INDISPENSABLE_formRecursoLogisticopanel_recursostabla_recursos0j_idt951' is clicked on

2022-03-08 14:27:43 - [MESSAGE][PASSED] - Object: 'Object Repository/Modulo Pruebas Bienestar/Crear_un_Evento/a_INDISPENSABLE_formRecursoLogisticopanel_recursostabla_recursos0j_idt951' is clicked on

2022-03-08 14:27:43 - [TEST_STEP][PASSED] - click(findTestObject("Modulo Pruebas Bienestar/Crear_un_Evento/a_Aceptar_Logisticos")): Object: 'Object Repository/Modulo Pruebas Bienestar/Crear_un_Evento/a_Aceptar_Logisticos' is clicked on

2022-03-08 14:27:43 - [MESSAGE][PASSED] - Object: 'Object Repository/Modulo Pruebas Bienestar/Crear_un_Evento/a_Aceptar_Logisticos' is clicked on

2022-03-08 14:27:43 - [TEST_STEP][PASSED] - click(findTestObject("Modulo Pruebas Bienestar/Crear_un_Evento/div_Datos Evento")): Object: 'Object Repository/Modulo Pruebas Bienestar/Crear_un_Evento/div_Datos Evento' is clicked on

2022-03-08 14:27:44 - [MESSAGE][PASSED] - Object: 'Object Repository/Modulo Pruebas Bienestar/Crear_un_Evento/div_Datos Evento' is clicked on

2022-03-08 14:27:44 - [TEST_STEP][PASSED] - click(findTestObject("Modulo Pruebas Bienestar/Crear_un_Evento/a_Registro")): Object: 'Object Repository/Modulo Pruebas Bienestar/Crear_un_Evento/a_Registro' is clicked on

2022-03-08 14:27:45 - [MESSAGE][PASSED] - Object: 'Object Repository/Modulo Pruebas Bienestar/Crear_un_Evento/a_Registro' is clicked on

2022-03-08 14:27:45 - [TEST_STEP][PASSED] - if (waitForElementPresent(findTestObject("Modulo Pruebas Bienestar/Crear_un_Evento/td_MAR-MIE 0500-0600"), 1)): Object 'Object Repository/Modulo Pruebas Bienestar/Crear_un_Evento/td_MAR-MIE 0500-0600' is not present after 1 second(s)

2022-03-08 14:27:47 - [MESSAGE][INFO] - Unable to find the element located by 'By.xpath: //td/div/div/table/tbody/tr/td[3]'. Please recheck the objects properties to make sure the desired element is located. 

2022-03-08 14:27:47 - [MESSAGE][WARNING] - Object 'Object Repository/Modulo Pruebas Bienestar/Crear_un_Evento/td_MAR-MIE 0500-0600' is not present after 1 second(s)

2022-03-08 14:27:47 - [TEST_STEP][PASSED] - click(findTestObject("Modulo Pruebas Bienestar/Crear_un_Evento/a_Eliminar")): Object: 'Object Repository/Modulo Pruebas Bienestar/Crear_un_Evento/a_Eliminar' is clicked on

2022-03-08 14:27:47 - [MESSAGE][PASSED] - Object: 'Object Repository/Modulo Pruebas Bienestar/Crear_un_Evento/a_Eliminar' is clicked on

2022-03-08 14:27:47 - [TEST_STEP][PASSED] - click(findTestObject("Modulo Pruebas Bienestar/Crear_un_Evento/a_Aceptar2")): Object: 'Object Repository/Modulo Pruebas Bienestar/Crear_un_Evento/a_Aceptar2' is clicked on

2022-03-08 14:27:48 - [MESSAGE][PASSED] - Object: 'Object Repository/Modulo Pruebas Bienestar/Crear_un_Evento/a_Aceptar2' is clicked on

2022-03-08 14:27:48 - [TEST_STEP][PASSED] - if (waitForElementClickable(findTestObject("Modulo Pruebas Bienestar/Crear_un_Evento/td_Prueba-S-SH"), 1)): null

2022-03-08 14:27:49 - [MESSAGE][PASSED] - Object 'Object Repository/Modulo Pruebas Bienestar/Crear_un_Evento/td_Prueba-S-SH' is clickable

2022-03-08 14:27:49 - [TEST_STEP][PASSED] - click(findTestObject("Modulo Pruebas Bienestar/Crear_un_Evento/td_Prueba-S-SH")): Object: 'Object Repository/Modulo Pruebas Bienestar/Crear_un_Evento/td_Prueba-S-SH' is clicked on

2022-03-08 14:27:49 - [MESSAGE][PASSED] - Object: 'Object Repository/Modulo Pruebas Bienestar/Crear_un_Evento/td_Prueba-S-SH' is clicked on

2022-03-08 14:27:49 - [TEST_STEP][PASSED] - click(findTestObject("Modulo Pruebas Bienestar/Crear_un_Evento/div_Participante")): Object: 'Object Repository/Modulo Pruebas Bienestar/Crear_un_Evento/div_Participante' is clicked on

2022-03-08 14:27:50 - [MESSAGE][PASSED] - Object: 'Object Repository/Modulo Pruebas Bienestar/Crear_un_Evento/div_Participante' is clicked on

2022-03-08 14:27:50 - [TEST_STEP][PASSED] - click(findTestObject("Modulo Pruebas Bienestar/Crear_un_Evento/a_Sancionados")): Object: 'Object Repository/Modulo Pruebas Bienestar/Crear_un_Evento/a_Sancionados' is clicked on

2022-03-08 14:27:50 - [MESSAGE][PASSED] - Object: 'Object Repository/Modulo Pruebas Bienestar/Crear_un_Evento/a_Sancionados' is clicked on

2022-03-08 14:27:50 - [TEST_STEP][PASSED] - if (waitForElementVisible(findTestObject("Modulo Pruebas Bienestar/Crear_un_Evento/a_PRUEBAS K_form_sancionadoslistaSancionados0j_idt645"), 1)): null

2022-03-08 14:27:51 - [MESSAGE][PASSED] - Object 'Object Repository/Modulo Pruebas Bienestar/Crear_un_Evento/a_PRUEBAS K_form_sancionadoslistaSancionados0j_idt645' is visible

2022-03-08 14:27:51 - [TEST_STEP][PASSED] - click(findTestObject("Modulo Pruebas Bienestar/Crear_un_Evento/a_PRUEBAS K_form_sancionadoslistaSancionados0j_idt645")): Object: 'Object Repository/Modulo Pruebas Bienestar/Crear_un_Evento/a_PRUEBAS K_form_sancionadoslistaSancionados0j_idt645' is clicked on

2022-03-08 14:27:52 - [MESSAGE][PASSED] - Object: 'Object Repository/Modulo Pruebas Bienestar/Crear_un_Evento/a_PRUEBAS K_form_sancionadoslistaSancionados0j_idt645' is clicked on

2022-03-08 14:27:52 - [TEST_STEP][PASSED] - click(findTestObject("Modulo Pruebas Bienestar/Crear_un_Evento/a_Aceptar_Sancionados")): Object: 'Object Repository/Modulo Pruebas Bienestar/Crear_un_Evento/a_Aceptar_Sancionados' is clicked on

2022-03-08 14:27:53 - [MESSAGE][PASSED] - Object: 'Object Repository/Modulo Pruebas Bienestar/Crear_un_Evento/a_Aceptar_Sancionados' is clicked on

2022-03-08 14:27:53 - [TEST_STEP][PASSED] - click(findTestObject("Modulo Pruebas Bienestar/Crear_un_Evento/a_Cambiar")): Object: 'Object Repository/Modulo Pruebas Bienestar/Crear_un_Evento/a_Cambiar' is clicked on

2022-03-08 14:27:54 - [MESSAGE][PASSED] - Object: 'Object Repository/Modulo Pruebas Bienestar/Crear_un_Evento/a_Cambiar' is clicked on

2022-03-08 14:27:54 - [TEST_STEP][PASSED] - if (waitForElementVisible(findTestObject("Modulo Pruebas Bienestar/Crear_un_Evento/td_A A A0"), 1)): Web element with id: 'Object Repository/Modulo Pruebas Bienestar/Crear_un_Evento/td_A A A0' located by '//*/text()[normalize-space(.)='A A A']/parent::*' not found

2022-03-08 14:27:56 - [MESSAGE][INFO] - Unable to find the element located by 'By.xpath: //*/text()[normalize-space(.)='A A A']/parent::*'. Please recheck the objects properties to make sure the desired element is located. 

2022-03-08 14:27:56 - [MESSAGE][WARNING] - Web element with id: 'Object Repository/Modulo Pruebas Bienestar/Crear_un_Evento/td_A A A0' located by '//*/text()[normalize-space(.)='A A A']/parent::*' not found

2022-03-08 14:27:56 - [TEST_STEP][PASSED] - if (waitForElementVisible(findTestObject("Modulo Pruebas Bienestar/Crear_un_Evento/td_Diaz Blanco Guisell0"), 1)): null

2022-03-08 14:27:57 - [MESSAGE][PASSED] - Object 'Object Repository/Modulo Pruebas Bienestar/Crear_un_Evento/td_Diaz Blanco Guisell0' is visible

2022-03-08 14:27:57 - [TEST_STEP][PASSED] - click(findTestObject("Modulo Pruebas Bienestar/Crear_un_Evento/td_Diaz Blanco Guisell0")): Object: 'Object Repository/Modulo Pruebas Bienestar/Crear_un_Evento/td_Diaz Blanco Guisell0' is clicked on

2022-03-08 14:27:57 - [MESSAGE][PASSED] - Object: 'Object Repository/Modulo Pruebas Bienestar/Crear_un_Evento/td_Diaz Blanco Guisell0' is clicked on

2022-03-08 14:27:57 - [TEST_STEP][PASSED] - click(findTestObject("Modulo Pruebas Bienestar/Crear_un_Evento/a_Cambiar Datos_guisell")): Object: 'Object Repository/Modulo Pruebas Bienestar/Crear_un_Evento/a_Cambiar Datos_guisell' is clicked on

2022-03-08 14:28:00 - [MESSAGE][PASSED] - Object: 'Object Repository/Modulo Pruebas Bienestar/Crear_un_Evento/a_Cambiar Datos_guisell' is clicked on

2022-03-08 14:28:00 - [TEST_STEP][PASSED] - click(findTestObject("Modulo Pruebas Bienestar/Crear_un_Evento/a_Eliminar_guisell")): Object: 'Object Repository/Modulo Pruebas Bienestar/Crear_un_Evento/a_Eliminar_guisell' is clicked on

2022-03-08 14:28:02 - [MESSAGE][PASSED] - Object: 'Object Repository/Modulo Pruebas Bienestar/Crear_un_Evento/a_Eliminar_guisell' is clicked on

2022-03-08 14:28:02 - [TEST_STEP][PASSED] - click(findTestObject("Modulo Pruebas Bienestar/Crear_un_Evento/span_Si_eliminar_guisel")): Object: 'Object Repository/Modulo Pruebas Bienestar/Crear_un_Evento/span_Si_eliminar_guisel' is clicked on

2022-03-08 14:28:02 - [MESSAGE][PASSED] - Object: 'Object Repository/Modulo Pruebas Bienestar/Crear_un_Evento/span_Si_eliminar_guisel' is clicked on

2022-03-08 14:28:02 - [TEST_STEP][PASSED] - click(findTestObject("Modulo Pruebas Bienestar/Crear_un_Evento/a_Individual")): Object: 'Object Repository/Modulo Pruebas Bienestar/Crear_un_Evento/a_Individual' is clicked on

2022-03-08 14:28:03 - [MESSAGE][PASSED] - Object: 'Object Repository/Modulo Pruebas Bienestar/Crear_un_Evento/a_Individual' is clicked on

2022-03-08 14:28:03 - [TEST_STEP][PASSED] - if (waitForElementVisible(findTestObject("Modulo Pruebas Bienestar/Crear_un_Evento/td_A A A1"), 1)): Web element with id: 'Object Repository/Modulo Pruebas Bienestar/Crear_un_Evento/td_A A A1' located by '//*/text()[normalize-space(.)='A A A']/parent::*' not found

2022-03-08 14:28:05 - [MESSAGE][INFO] - Unable to find the element located by 'By.xpath: //*/text()[normalize-space(.)='A A A']/parent::*'. Please recheck the objects properties to make sure the desired element is located. 

2022-03-08 14:28:05 - [MESSAGE][WARNING] - Web element with id: 'Object Repository/Modulo Pruebas Bienestar/Crear_un_Evento/td_A A A1' located by '//*/text()[normalize-space(.)='A A A']/parent::*' not found

2022-03-08 14:28:05 - [TEST_STEP][PASSED] - if (waitForElementVisible(findTestObject("Modulo Pruebas Bienestar/Crear_un_Evento/td_Diaz Blanco Guisell1"), 1)): Web element with id: 'Object Repository/Modulo Pruebas Bienestar/Crear_un_Evento/td_Diaz Blanco Guisell1' located by '//*/text()[normalize-space(.)='Diaz Blanco Guisell']/parent::*' not found

2022-03-08 14:28:08 - [MESSAGE][INFO] - Unable to find the element located by 'By.xpath: //*/text()[normalize-space(.)='Diaz Blanco Guisell']/parent::*'. Please recheck the objects properties to make sure the desired element is located. 

2022-03-08 14:28:08 - [MESSAGE][WARNING] - Web element with id: 'Object Repository/Modulo Pruebas Bienestar/Crear_un_Evento/td_Diaz Blanco Guisell1' located by '//*/text()[normalize-space(.)='Diaz Blanco Guisell']/parent::*' not found

2022-03-08 14:28:08 - [TEST_STEP][PASSED] - click(findTestObject("Modulo Pruebas Bienestar/Crear_un_Evento/div_Datos Evento")): Object: 'Object Repository/Modulo Pruebas Bienestar/Crear_un_Evento/div_Datos Evento' is clicked on

2022-03-08 14:28:08 - [MESSAGE][PASSED] - Object: 'Object Repository/Modulo Pruebas Bienestar/Crear_un_Evento/div_Datos Evento' is clicked on

2022-03-08 14:28:08 - [TEST_STEP][PASSED] - click(findTestObject("Modulo Pruebas Bienestar/Crear_un_Evento/a_DirigidoA")): Object: 'Object Repository/Modulo Pruebas Bienestar/Crear_un_Evento/a_DirigidoA' is clicked on

2022-03-08 14:28:08 - [MESSAGE][PASSED] - Object: 'Object Repository/Modulo Pruebas Bienestar/Crear_un_Evento/a_DirigidoA' is clicked on

2022-03-08 14:28:08 - [TEST_STEP][PASSED] - if (waitForElementVisible(findTestObject("Modulo Pruebas Bienestar/Crear_un_Evento/a_Edad_form_condicionDerechoTipoBeneftabla_ventanaCDTB0j_idt797"), 1)): null

2022-03-08 14:28:09 - [MESSAGE][PASSED] - Object 'Object Repository/Modulo Pruebas Bienestar/Crear_un_Evento/a_Edad_form_condicionDerechoTipoBeneftabla_ventanaCDTB0j_idt797' is visible

2022-03-08 14:28:09 - [TEST_STEP][PASSED] - click(findTestObject("Modulo Pruebas Bienestar/Crear_un_Evento/a_Edad_form_condicionDerechoTipoBeneftabla_ventanaCDTB0j_idt797")): Object: 'Object Repository/Modulo Pruebas Bienestar/Crear_un_Evento/a_Edad_form_condicionDerechoTipoBeneftabla_ventanaCDTB0j_idt797' is clicked on

2022-03-08 14:28:10 - [MESSAGE][PASSED] - Object: 'Object Repository/Modulo Pruebas Bienestar/Crear_un_Evento/a_Edad_form_condicionDerechoTipoBeneftabla_ventanaCDTB0j_idt797' is clicked on

2022-03-08 14:28:10 - [TEST_STEP][PASSED] - click(findTestObject("Modulo Pruebas Bienestar/Crear_un_Evento/a_Aceptar_eliminar_dirigidoA")): Object: 'Object Repository/Modulo Pruebas Bienestar/Crear_un_Evento/a_Aceptar_eliminar_dirigidoA' is clicked on

2022-03-08 14:28:10 - [MESSAGE][PASSED] - Object: 'Object Repository/Modulo Pruebas Bienestar/Crear_un_Evento/a_Aceptar_eliminar_dirigidoA' is clicked on

2022-03-08 14:28:10 - [TEST_STEP][PASSED] - click(findTestObject("Modulo Pruebas Bienestar/Crear_un_Evento/a_Instructores")): Object: 'Object Repository/Modulo Pruebas Bienestar/Crear_un_Evento/a_Instructores' is clicked on

2022-03-08 14:28:11 - [MESSAGE][PASSED] - Object: 'Object Repository/Modulo Pruebas Bienestar/Crear_un_Evento/a_Instructores' is clicked on

2022-03-08 14:28:11 - [TEST_STEP][PASSED] - if (waitForElementVisible(findTestObject("Modulo Pruebas Bienestar/Crear_un_Evento/a_Instructores_form_entrenadorlistaEntrenadores0j_idt620"), 1)): null

2022-03-08 14:28:12 - [MESSAGE][PASSED] - Object 'Object Repository/Modulo Pruebas Bienestar/Crear_un_Evento/a_Instructores_form_entrenadorlistaEntrenadores0j_idt620' is visible

2022-03-08 14:28:12 - [TEST_STEP][PASSED] - click(findTestObject("Modulo Pruebas Bienestar/Crear_un_Evento/a_Instructores_form_entrenadorlistaEntrenadores0j_idt620")): Object: 'Object Repository/Modulo Pruebas Bienestar/Crear_un_Evento/a_Instructores_form_entrenadorlistaEntrenadores0j_idt620' is clicked on

2022-03-08 14:28:12 - [MESSAGE][PASSED] - Object: 'Object Repository/Modulo Pruebas Bienestar/Crear_un_Evento/a_Instructores_form_entrenadorlistaEntrenadores0j_idt620' is clicked on

2022-03-08 14:28:12 - [TEST_STEP][PASSED] - click(findTestObject("Modulo Pruebas Bienestar/Crear_un_Evento/a_Aceptar_eliminar_instructor")): Object: 'Object Repository/Modulo Pruebas Bienestar/Crear_un_Evento/a_Aceptar_eliminar_instructor' is clicked on

2022-03-08 14:28:14 - [MESSAGE][PASSED] - Object: 'Object Repository/Modulo Pruebas Bienestar/Crear_un_Evento/a_Aceptar_eliminar_instructor' is clicked on

2022-03-08 14:28:14 - [TEST_STEP][PASSED] - click(findTestObject("Modulo Pruebas Bienestar/Crear_un_Evento/a_Momento Eventos")): Object: 'Object Repository/Modulo Pruebas Bienestar/Crear_un_Evento/a_Momento Eventos' is clicked on

2022-03-08 14:28:14 - [MESSAGE][PASSED] - Object: 'Object Repository/Modulo Pruebas Bienestar/Crear_un_Evento/a_Momento Eventos' is clicked on

2022-03-08 14:28:14 - [TEST_STEP][PASSED] - if (waitForElementClickable(findTestObject("Modulo Pruebas Bienestar/Crear_un_Evento/td_prueba-S-SH1"), 1)): null

2022-03-08 14:28:15 - [MESSAGE][PASSED] - Object 'Object Repository/Modulo Pruebas Bienestar/Crear_un_Evento/td_prueba-S-SH1' is clickable

2022-03-08 14:28:15 - [TEST_STEP][PASSED] - click(findTestObject("Modulo Pruebas Bienestar/Crear_un_Evento/td_prueba-S-SH1")): Object: 'Object Repository/Modulo Pruebas Bienestar/Crear_un_Evento/td_prueba-S-SH1' is clicked on

2022-03-08 14:28:16 - [MESSAGE][PASSED] - Object: 'Object Repository/Modulo Pruebas Bienestar/Crear_un_Evento/td_prueba-S-SH1' is clicked on

2022-03-08 14:28:16 - [TEST_STEP][PASSED] - if (waitForElementVisible(findTestObject("Modulo Pruebas Bienestar/Crear_un_Evento/a_MAR-MIE 0500-0600_popupMomentoEvento_formtablaMomentoEventoHorarioPopup0j_idt1586"), 1)): null

2022-03-08 14:28:17 - [MESSAGE][PASSED] - Object 'Object Repository/Modulo Pruebas Bienestar/Crear_un_Evento/a_MAR-MIE 0500-0600_popupMomentoEvento_formtablaMomentoEventoHorarioPopup0j_idt1586' is visible

2022-03-08 14:28:17 - [TEST_STEP][PASSED] - click(findTestObject("Modulo Pruebas Bienestar/Crear_un_Evento/a_MAR-MIE 0500-0600_popupMomentoEvento_formtablaMomentoEventoHorarioPopup0j_idt1586"), STOP_ON_FAILURE): Object: 'Object Repository/Modulo Pruebas Bienestar/Crear_un_Evento/a_MAR-MIE 0500-0600_popupMomentoEvento_formtablaMomentoEventoHorarioPopup0j_idt1586' is clicked on

2022-03-08 14:28:18 - [MESSAGE][PASSED] - Object: 'Object Repository/Modulo Pruebas Bienestar/Crear_un_Evento/a_MAR-MIE 0500-0600_popupMomentoEvento_formtablaMomentoEventoHorarioPopup0j_idt1586' is clicked on

2022-03-08 14:28:18 - [TEST_STEP][PASSED] - click(findTestObject("Modulo Pruebas Bienestar/Crear_un_Evento/a_Aceptar_eliminar_momentoE0")): Object: 'Object Repository/Modulo Pruebas Bienestar/Crear_un_Evento/a_Aceptar_eliminar_momentoE0' is clicked on

2022-03-08 14:28:19 - [MESSAGE][PASSED] - Object: 'Object Repository/Modulo Pruebas Bienestar/Crear_un_Evento/a_Aceptar_eliminar_momentoE0' is clicked on

2022-03-08 14:28:19 - [TEST_STEP][PASSED] - click(findTestObject("Modulo Pruebas Bienestar/Crear_un_Evento/a_Eliminar_momentoE")): Object: 'Object Repository/Modulo Pruebas Bienestar/Crear_un_Evento/a_Eliminar_momentoE' is clicked on

2022-03-08 14:28:20 - [MESSAGE][PASSED] - Object: 'Object Repository/Modulo Pruebas Bienestar/Crear_un_Evento/a_Eliminar_momentoE' is clicked on

2022-03-08 14:28:20 - [TEST_STEP][PASSED] - click(findTestObject("Modulo Pruebas Bienestar/Crear_un_Evento/a_Aceptar_eliminar_momentoE")): Object: 'Object Repository/Modulo Pruebas Bienestar/Crear_un_Evento/a_Aceptar_eliminar_momentoE' is clicked on

2022-03-08 14:28:21 - [MESSAGE][PASSED] - Object: 'Object Repository/Modulo Pruebas Bienestar/Crear_un_Evento/a_Aceptar_eliminar_momentoE' is clicked on

2022-03-08 14:28:21 - [TEST_STEP][PASSED] - click(findTestObject("Modulo Pruebas Bienestar/Crear_un_Evento/a_Publicacin")): Object: 'Object Repository/Modulo Pruebas Bienestar/Crear_un_Evento/a_Publicacin' is clicked on

2022-03-08 14:28:22 - [MESSAGE][PASSED] - Object: 'Object Repository/Modulo Pruebas Bienestar/Crear_un_Evento/a_Publicacin' is clicked on

2022-03-08 14:28:22 - [TEST_STEP][PASSED] - if (waitForElementVisible(findTestObject("Modulo Pruebas Bienestar/Crear_un_Evento/a_Eliminar_http"), 1)): null

2022-03-08 14:28:23 - [MESSAGE][PASSED] - Object 'Object Repository/Modulo Pruebas Bienestar/Crear_un_Evento/a_Eliminar_http' is visible

2022-03-08 14:28:23 - [TEST_STEP][PASSED] - click(findTestObject("Modulo Pruebas Bienestar/Crear_un_Evento/a_Eliminar_http")): Object: 'Object Repository/Modulo Pruebas Bienestar/Crear_un_Evento/a_Eliminar_http' is clicked on

2022-03-08 14:28:23 - [MESSAGE][PASSED] - Object: 'Object Repository/Modulo Pruebas Bienestar/Crear_un_Evento/a_Eliminar_http' is clicked on

2022-03-08 14:28:23 - [TEST_STEP][PASSED] - click(findTestObject("Modulo Pruebas Bienestar/Crear_un_Evento/span_Si")): Object: 'Object Repository/Modulo Pruebas Bienestar/Crear_un_Evento/span_Si' is clicked on

2022-03-08 14:28:24 - [MESSAGE][PASSED] - Object: 'Object Repository/Modulo Pruebas Bienestar/Crear_un_Evento/span_Si' is clicked on

2022-03-08 14:28:24 - [TEST_STEP][PASSED] - click(findTestObject("Modulo Pruebas Bienestar/Crear_un_Evento/a_Entidades")): Object: 'Object Repository/Modulo Pruebas Bienestar/Crear_un_Evento/a_Entidades' is clicked on

2022-03-08 14:28:25 - [MESSAGE][PASSED] - Object: 'Object Repository/Modulo Pruebas Bienestar/Crear_un_Evento/a_Entidades' is clicked on

2022-03-08 14:28:25 - [TEST_STEP][PASSED] - if (waitForElementVisible(findTestObject("Modulo Pruebas Bienestar/Crear_un_Evento/a_US_form_entidadlistaEntidades0j_idt630"), 1)): Web element with id: 'Object Repository/Modulo Pruebas Bienestar/Crear_un_Evento/a_US_form_entidadlistaEntidades0j_idt630' located by '//div/div/table/tbody/tr/td[2]/a' not found

2022-03-08 14:28:27 - [MESSAGE][INFO] - Unable to find the element located by 'By.xpath: //div/div/table/tbody/tr/td[2]/a'. Please recheck the objects properties to make sure the desired element is located. 

2022-03-08 14:28:27 - [MESSAGE][WARNING] - Web element with id: 'Object Repository/Modulo Pruebas Bienestar/Crear_un_Evento/a_US_form_entidadlistaEntidades0j_idt630' located by '//div/div/table/tbody/tr/td[2]/a' not found

2022-03-08 14:28:27 - [TEST_STEP][PASSED] - click(findTestObject("Modulo Pruebas Bienestar/Crear_un_Evento/a_DirigidoA")): Object: 'Object Repository/Modulo Pruebas Bienestar/Crear_un_Evento/a_DirigidoA' is clicked on

2022-03-08 14:28:28 - [MESSAGE][PASSED] - Object: 'Object Repository/Modulo Pruebas Bienestar/Crear_un_Evento/a_DirigidoA' is clicked on

2022-03-08 14:28:28 - [TEST_STEP][PASSED] - if (waitForElementVisible(findTestObject("Modulo Pruebas Bienestar/Crear_un_Evento/a_Edad_form_condicionDerechoTipoBeneftabla_ventanaCDTB0j_idt797"), 1)): Web element with id: 'Object Repository/Modulo Pruebas Bienestar/Crear_un_Evento/a_Edad_form_condicionDerechoTipoBeneftabla_ventanaCDTB0j_idt797' located by '//div/div/table/tbody/tr/td[3]/a' not found

2022-03-08 14:28:30 - [MESSAGE][INFO] - Unable to find the element located by 'By.xpath: //div/div/table/tbody/tr/td[3]/a'. Please recheck the objects properties to make sure the desired element is located. 

2022-03-08 14:28:30 - [MESSAGE][WARNING] - Web element with id: 'Object Repository/Modulo Pruebas Bienestar/Crear_un_Evento/a_Edad_form_condicionDerechoTipoBeneftabla_ventanaCDTB0j_idt797' located by '//div/div/table/tbody/tr/td[3]/a' not found

2022-03-08 14:28:30 - [TEST_STEP][PASSED] - click(findTestObject("Modulo Pruebas Bienestar/Crear_un_Evento/div_Recursos")): Object: 'Object Repository/Modulo Pruebas Bienestar/Crear_un_Evento/div_Recursos' is clicked on

2022-03-08 14:28:30 - [MESSAGE][PASSED] - Object: 'Object Repository/Modulo Pruebas Bienestar/Crear_un_Evento/div_Recursos' is clicked on

2022-03-08 14:28:30 - [TEST_STEP][PASSED] - click(findTestObject("Modulo Pruebas Bienestar/Crear_un_Evento/a_Logsticos")): Object: 'Object Repository/Modulo Pruebas Bienestar/Crear_un_Evento/a_Logsticos' is clicked on

2022-03-08 14:28:31 - [MESSAGE][PASSED] - Object: 'Object Repository/Modulo Pruebas Bienestar/Crear_un_Evento/a_Logsticos' is clicked on

2022-03-08 14:28:31 - [TEST_STEP][PASSED] - if (waitForElementVisible(findTestObject("Modulo Pruebas Bienestar/Crear_un_Evento/a_INDISPENSABLE_formRecursoLogisticopanel_recursostabla_recursos0j_idt951"), 1)): Web element with id: 'Object Repository/Modulo Pruebas Bienestar/Crear_un_Evento/a_INDISPENSABLE_formRecursoLogisticopanel_recursostabla_recursos0j_idt951' located by '//div/div/table/tbody/tr/td[3]/a' not found

2022-03-08 14:28:33 - [MESSAGE][INFO] - Unable to find the element located by 'By.xpath: //div/div/table/tbody/tr/td[3]/a'. Please recheck the objects properties to make sure the desired element is located. 

2022-03-08 14:28:33 - [MESSAGE][WARNING] - Web element with id: 'Object Repository/Modulo Pruebas Bienestar/Crear_un_Evento/a_INDISPENSABLE_formRecursoLogisticopanel_recursostabla_recursos0j_idt951' located by '//div/div/table/tbody/tr/td[3]/a' not found

2022-03-08 14:28:33 - [TEST_STEP][PASSED] - click(findTestObject("Modulo Pruebas Bienestar/Crear_un_Evento/div_Evaluacin")): Object: 'Object Repository/Modulo Pruebas Bienestar/Crear_un_Evento/div_Evaluacin' is clicked on

2022-03-08 14:28:33 - [MESSAGE][PASSED] - Object: 'Object Repository/Modulo Pruebas Bienestar/Crear_un_Evento/div_Evaluacin' is clicked on

2022-03-08 14:28:33 - [TEST_STEP][PASSED] - click(findTestObject("Modulo Pruebas Bienestar/Crear_un_Evento/a_Evento0")): Object: 'Object Repository/Modulo Pruebas Bienestar/Crear_un_Evento/a_Evento0' is clicked on

2022-03-08 14:28:34 - [MESSAGE][PASSED] - Object: 'Object Repository/Modulo Pruebas Bienestar/Crear_un_Evento/a_Evento0' is clicked on

2022-03-08 14:28:34 - [TEST_STEP][PASSED] - if (waitForElementVisible(findTestObject("Modulo Pruebas Bienestar/Crear_un_Evento/a_No Diligenciada_formEventoEvaluacionpanel_eventotablaEvaluacion0j_idt885"), 1)): Web element with id: 'Object Repository/Modulo Pruebas Bienestar/Crear_un_Evento/a_No Diligenciada_formEventoEvaluacionpanel_eventotablaEvaluacion0j_idt885' located by '//td[10]/a' not found

2022-03-08 14:28:36 - [MESSAGE][INFO] - Unable to find the element located by 'By.xpath: //td[10]/a'. Please recheck the objects properties to make sure the desired element is located. 

2022-03-08 14:28:36 - [MESSAGE][WARNING] - Web element with id: 'Object Repository/Modulo Pruebas Bienestar/Crear_un_Evento/a_No Diligenciada_formEventoEvaluacionpanel_eventotablaEvaluacion0j_idt885' located by '//td[10]/a' not found

2022-03-08 14:28:36 - [TEST_STEP][PASSED] - click(findTestObject("Modulo Pruebas Bienestar/Crear_un_Evento/div_Participante")): Object: 'Object Repository/Modulo Pruebas Bienestar/Crear_un_Evento/div_Participante' is clicked on

2022-03-08 14:28:36 - [MESSAGE][PASSED] - Object: 'Object Repository/Modulo Pruebas Bienestar/Crear_un_Evento/div_Participante' is clicked on

2022-03-08 14:28:36 - [TEST_STEP][PASSED] - click(findTestObject("Modulo Pruebas Bienestar/Crear_un_Evento/a_Cambiar")): Object: 'Object Repository/Modulo Pruebas Bienestar/Crear_un_Evento/a_Cambiar' is clicked on

2022-03-08 14:28:37 - [MESSAGE][PASSED] - Object: 'Object Repository/Modulo Pruebas Bienestar/Crear_un_Evento/a_Cambiar' is clicked on

2022-03-08 14:28:37 - [TEST_STEP][PASSED] - if (waitForElementVisible(findTestObject("Modulo Pruebas Bienestar/Crear_un_Evento/td_Noborrar Usuario Portal"), 1)): null

2022-03-08 14:28:38 - [MESSAGE][PASSED] - Object 'Object Repository/Modulo Pruebas Bienestar/Crear_un_Evento/td_Noborrar Usuario Portal' is visible

2022-03-08 14:28:38 - [TEST_STEP][PASSED] - click(findTestObject("Modulo Pruebas Bienestar/Crear_un_Evento/td_Noborrar Usuario Portal")): Object: 'Object Repository/Modulo Pruebas Bienestar/Crear_un_Evento/td_Noborrar Usuario Portal' is clicked on

2022-03-08 14:28:39 - [MESSAGE][PASSED] - Object: 'Object Repository/Modulo Pruebas Bienestar/Crear_un_Evento/td_Noborrar Usuario Portal' is clicked on

2022-03-08 14:28:39 - [TEST_STEP][PASSED] - click(findTestObject("Modulo Pruebas Bienestar/Crear_un_Evento/a_Cambiar Datos")): Object: 'Object Repository/Modulo Pruebas Bienestar/Crear_un_Evento/a_Cambiar Datos' is clicked on

2022-03-08 14:28:41 - [MESSAGE][PASSED] - Object: 'Object Repository/Modulo Pruebas Bienestar/Crear_un_Evento/a_Cambiar Datos' is clicked on

2022-03-08 14:28:41 - [TEST_STEP][PASSED] - click(findTestObject("Modulo Pruebas Bienestar/Crear_un_Evento/a_Eliminar_Cambiar")): Object: 'Object Repository/Modulo Pruebas Bienestar/Crear_un_Evento/a_Eliminar_Cambiar' is clicked on

2022-03-08 14:28:42 - [MESSAGE][PASSED] - Object: 'Object Repository/Modulo Pruebas Bienestar/Crear_un_Evento/a_Eliminar_Cambiar' is clicked on

2022-03-08 14:28:42 - [TEST_STEP][PASSED] - click(findTestObject("Modulo Pruebas Bienestar/Crear_un_Evento/span_Si_Cambiar")): Object: 'Object Repository/Modulo Pruebas Bienestar/Crear_un_Evento/span_Si_Cambiar' is clicked on

2022-03-08 14:28:42 - [MESSAGE][PASSED] - Object: 'Object Repository/Modulo Pruebas Bienestar/Crear_un_Evento/span_Si_Cambiar' is clicked on

2022-03-08 14:28:42 - [TEST_STEP][PASSED] - click(findTestObject("Modulo Pruebas Bienestar/Crear_un_Evento/div_Datos Evento")): Object: 'Object Repository/Modulo Pruebas Bienestar/Crear_un_Evento/div_Datos Evento' is clicked on

2022-03-08 14:28:44 - [MESSAGE][PASSED] - Object: 'Object Repository/Modulo Pruebas Bienestar/Crear_un_Evento/div_Datos Evento' is clicked on

2022-03-08 14:28:44 - [TEST_STEP][PASSED] - click(findTestObject("Modulo Pruebas Bienestar/Crear_un_Evento/a_Registro0")): Object: 'Object Repository/Modulo Pruebas Bienestar/Crear_un_Evento/a_Registro0' is clicked on

2022-03-08 14:28:44 - [MESSAGE][PASSED] - Object: 'Object Repository/Modulo Pruebas Bienestar/Crear_un_Evento/a_Registro0' is clicked on

2022-03-08 14:28:44 - [TEST_STEP][PASSED] - click(findTestObject("Modulo Pruebas Bienestar/Crear_un_Evento/a_Eliminar")): Object: 'Object Repository/Modulo Pruebas Bienestar/Crear_un_Evento/a_Eliminar' is clicked on

2022-03-08 14:28:45 - [MESSAGE][PASSED] - Object: 'Object Repository/Modulo Pruebas Bienestar/Crear_un_Evento/a_Eliminar' is clicked on

2022-03-08 14:28:45 - [TEST_STEP][PASSED] - click(findTestObject("Modulo Pruebas Bienestar/Crear_un_Evento/a_Aceptar2")): Object: 'Object Repository/Modulo Pruebas Bienestar/Crear_un_Evento/a_Aceptar2' is clicked on

2022-03-08 14:28:46 - [MESSAGE][PASSED] - Object: 'Object Repository/Modulo Pruebas Bienestar/Crear_un_Evento/a_Aceptar2' is clicked on

2022-03-08 14:28:46 - [TEST_STEP][PASSED] - click(findTestObject("Modulo Pruebas Bienestar/Crear_un_Evento/a_Nuevo")): Object: 'Object Repository/Modulo Pruebas Bienestar/Crear_un_Evento/a_Nuevo' is clicked on

2022-03-08 14:28:47 - [MESSAGE][PASSED] - Object: 'Object Repository/Modulo Pruebas Bienestar/Crear_un_Evento/a_Nuevo' is clicked on

2022-03-08 14:28:47 - [TEST_STEP][PASSED] - selectOptionByIndex(findTestObject("Modulo Pruebas Bienestar/Crear_un_Evento/select_-- Seleccione --aprea de Saludrea Formativarea Deportivarea de cienciasrea Social"), 3): All options with index in [3] are selected on object 'Object Repository/Modulo Pruebas Bienestar/Crear_un_Evento/select_-- Seleccione --aprea de Saludrea Formativarea Deportivarea de cienciasrea Social'

2022-03-08 14:28:49 - [MESSAGE][PASSED] - All options with index in [3] are selected on object 'Object Repository/Modulo Pruebas Bienestar/Crear_un_Evento/select_-- Seleccione --aprea de Saludrea Formativarea Deportivarea de cienciasrea Social'

2022-03-08 14:28:49 - [TEST_STEP][PASSED] - selectOptionByIndex(findTestObject("Modulo Pruebas Bienestar/Crear_un_Evento/select_-- Seleccione --Promocin y prevencinActivate Acompaamiento psicosocial Semana de la SaludSeguimiento puestos de trabajo"), "1"): All options with index in [1] are selected on object 'Object Repository/Modulo Pruebas Bienestar/Crear_un_Evento/select_-- Seleccione --Promocin y prevencinActivate Acompaamiento psicosocial Semana de la SaludSeguimiento puestos de trabajo'

2022-03-08 14:28:50 - [MESSAGE][PASSED] - All options with index in [1] are selected on object 'Object Repository/Modulo Pruebas Bienestar/Crear_un_Evento/select_-- Seleccione --Promocin y prevencinActivate Acompaamiento psicosocial Semana de la SaludSeguimiento puestos de trabajo'

2022-03-08 14:28:50 - [TEST_STEP][PASSED] - selectOptionByIndex(findTestObject("Modulo Pruebas Bienestar/Crear_un_Evento/select_-- Seleccione --Evento grupo Bienestar MultipleEvento Grupo Bienestar Multiple SIEvento Grupo Bienestar nicoEvento Individual Multiple SS"), 5): All options with index in [5] are selected on object 'Object Repository/Modulo Pruebas Bienestar/Crear_un_Evento/select_-- Seleccione --Evento grupo Bienestar MultipleEvento Grupo Bienestar Multiple SIEvento Grupo Bienestar nicoEvento Individual Multiple SS'

2022-03-08 14:28:51 - [MESSAGE][PASSED] - All options with index in [5] are selected on object 'Object Repository/Modulo Pruebas Bienestar/Crear_un_Evento/select_-- Seleccione --Evento grupo Bienestar MultipleEvento Grupo Bienestar Multiple SIEvento Grupo Bienestar nicoEvento Individual Multiple SS'

2022-03-08 14:28:51 - [TEST_STEP][PASSED] - waitForElementClickable(findTestObject("Modulo Pruebas Bienestar/Crear_un_Evento/a_Aplicar"), 0): Object 'Object Repository/Modulo Pruebas Bienestar/Crear_un_Evento/a_Aplicar' is clickable

2022-03-08 14:28:51 - [MESSAGE][WARNING] - Timeout '0' is invalid. Using default page load timeout: '30'

2022-03-08 14:28:52 - [MESSAGE][PASSED] - Object 'Object Repository/Modulo Pruebas Bienestar/Crear_un_Evento/a_Aplicar' is clickable

2022-03-08 14:28:52 - [TEST_STEP][PASSED] - click(findTestObject("Modulo Pruebas Bienestar/Crear_un_Evento/a_Aplicar")): Object: 'Object Repository/Modulo Pruebas Bienestar/Crear_un_Evento/a_Aplicar' is clicked on

2022-03-08 14:28:52 - [MESSAGE][PASSED] - Object: 'Object Repository/Modulo Pruebas Bienestar/Crear_un_Evento/a_Aplicar' is clicked on

2022-03-08 14:28:52 - [TEST_STEP][PASSED] - waitForElementClickable(findTestObject("Modulo Pruebas Bienestar/Crear_un_Evento/input_Nombre_formEventosfENombre"), 0): Object 'Object Repository/Modulo Pruebas Bienestar/Crear_un_Evento/input_Nombre_formEventosfENombre' is clickable

2022-03-08 14:28:52 - [MESSAGE][WARNING] - Timeout '0' is invalid. Using default page load timeout: '30'

2022-03-08 14:28:53 - [MESSAGE][PASSED] - Object 'Object Repository/Modulo Pruebas Bienestar/Crear_un_Evento/input_Nombre_formEventosfENombre' is clickable

2022-03-08 14:28:53 - [TEST_STEP][PASSED] - setText(findTestObject("Modulo Pruebas Bienestar/Crear_un_Evento/input_Nombre_formEventosfENombre"), "Prueba-S"): Text 'Prueba-S' is set on object 'Object Repository/Modulo Pruebas Bienestar/Crear_un_Evento/input_Nombre_formEventosfENombre'

2022-03-08 14:28:54 - [MESSAGE][PASSED] - Text 'Prueba-S' is set on object 'Object Repository/Modulo Pruebas Bienestar/Crear_un_Evento/input_Nombre_formEventosfENombre'

2022-03-08 14:28:54 - [TEST_STEP][PASSED] - setText(findTestObject("Modulo Pruebas Bienestar/Crear_un_Evento/input_Inicial Desarrollo_formEventosfechaIn_input"), FechaI): Text '8/3/2022' is set on object 'Object Repository/Modulo Pruebas Bienestar/Crear_un_Evento/input_Inicial Desarrollo_formEventosfechaIn_input'

2022-03-08 14:28:55 - [MESSAGE][PASSED] - Text '8/3/2022' is set on object 'Object Repository/Modulo Pruebas Bienestar/Crear_un_Evento/input_Inicial Desarrollo_formEventosfechaIn_input'

2022-03-08 14:28:55 - [TEST_STEP][PASSED] - setText(findTestObject("Modulo Pruebas Bienestar/Crear_un_Evento/input_Final Desarrollo_formEventosfechaFin_input"), FechaF): Text '18/3/2022' is set on object 'Object Repository/Modulo Pruebas Bienestar/Crear_un_Evento/input_Final Desarrollo_formEventosfechaFin_input'

2022-03-08 14:28:56 - [MESSAGE][PASSED] - Text '18/3/2022' is set on object 'Object Repository/Modulo Pruebas Bienestar/Crear_un_Evento/input_Final Desarrollo_formEventosfechaFin_input'

2022-03-08 14:28:56 - [TEST_STEP][PASSED] - click(findTestObject("Modulo Pruebas Bienestar/Crear_un_Evento/a_Guardar")): Object: 'Object Repository/Modulo Pruebas Bienestar/Crear_un_Evento/a_Guardar' is clicked on

2022-03-08 14:28:56 - [MESSAGE][PASSED] - Object: 'Object Repository/Modulo Pruebas Bienestar/Crear_un_Evento/a_Guardar' is clicked on

2022-03-08 14:28:56 - [TEST_STEP][PASSED] - click(findTestObject("Modulo Pruebas Bienestar/Crear_un_Evento/a_Momento Eventos")): Object: 'Object Repository/Modulo Pruebas Bienestar/Crear_un_Evento/a_Momento Eventos' is clicked on

2022-03-08 14:28:58 - [MESSAGE][PASSED] - Object: 'Object Repository/Modulo Pruebas Bienestar/Crear_un_Evento/a_Momento Eventos' is clicked on

2022-03-08 14:28:58 - [TEST_STEP][PASSED] - click(findTestObject("Modulo Pruebas Bienestar/Crear_un_Evento/a_Nuevo1")): Object: 'Object Repository/Modulo Pruebas Bienestar/Crear_un_Evento/a_Nuevo1' is clicked on

2022-03-08 14:28:59 - [MESSAGE][PASSED] - Object: 'Object Repository/Modulo Pruebas Bienestar/Crear_un_Evento/a_Nuevo1' is clicked on

2022-03-08 14:28:59 - [TEST_STEP][PASSED] - setText(findTestObject("Modulo Pruebas Bienestar/Crear_un_Evento/input_Cdigo_popupMomentoEvento_formcodigo"), "355682169"): Text '355682169' is set on object 'Object Repository/Modulo Pruebas Bienestar/Crear_un_Evento/input_Cdigo_popupMomentoEvento_formcodigo'

2022-03-08 14:29:01 - [MESSAGE][PASSED] - Text '355682169' is set on object 'Object Repository/Modulo Pruebas Bienestar/Crear_un_Evento/input_Cdigo_popupMomentoEvento_formcodigo'

2022-03-08 14:29:01 - [TEST_STEP][PASSED] - setText(findTestObject("Modulo Pruebas Bienestar/Crear_un_Evento/input_Nombre_popupMomentoEvento_formpMENombre"), "prueba"): Text 'prueba' is set on object 'Object Repository/Modulo Pruebas Bienestar/Crear_un_Evento/input_Nombre_popupMomentoEvento_formpMENombre'

2022-03-08 14:29:02 - [MESSAGE][PASSED] - Text 'prueba' is set on object 'Object Repository/Modulo Pruebas Bienestar/Crear_un_Evento/input_Nombre_popupMomentoEvento_formpMENombre'

2022-03-08 14:29:02 - [TEST_STEP][PASSED] - selectOptionByIndex(findTestObject("Modulo Pruebas Bienestar/Crear_un_Evento/select_-- Seleccione --ESCENARIO DE PRUEBASALON 1"), 1): All options with index in [1] are selected on object 'Object Repository/Modulo Pruebas Bienestar/Crear_un_Evento/select_-- Seleccione --ESCENARIO DE PRUEBASALON 1'

2022-03-08 14:29:03 - [MESSAGE][PASSED] - All options with index in [1] are selected on object 'Object Repository/Modulo Pruebas Bienestar/Crear_un_Evento/select_-- Seleccione --ESCENARIO DE PRUEBASALON 1'

2022-03-08 14:29:03 - [TEST_STEP][PASSED] - selectOptionByIndex(findTestObject("Modulo Pruebas Bienestar/Crear_un_Evento/select_-- Seleccione --FemeninaMasculinaMixta"), 3): All options with index in [3] are selected on object 'Object Repository/Modulo Pruebas Bienestar/Crear_un_Evento/select_-- Seleccione --FemeninaMasculinaMixta'

2022-03-08 14:29:04 - [MESSAGE][PASSED] - All options with index in [3] are selected on object 'Object Repository/Modulo Pruebas Bienestar/Crear_un_Evento/select_-- Seleccione --FemeninaMasculinaMixta'

2022-03-08 14:29:04 - [TEST_STEP][PASSED] - selectOptionByIndex(findTestObject("Modulo Pruebas Bienestar/Crear_un_Evento/select_-- Seleccione --Nivel BsicoNivel IntermedionicoNivel Avanzado"), 1): All options with index in [1] are selected on object 'Object Repository/Modulo Pruebas Bienestar/Crear_un_Evento/select_-- Seleccione --Nivel BsicoNivel IntermedionicoNivel Avanzado'

2022-03-08 14:29:05 - [MESSAGE][PASSED] - All options with index in [1] are selected on object 'Object Repository/Modulo Pruebas Bienestar/Crear_un_Evento/select_-- Seleccione --Nivel BsicoNivel IntermedionicoNivel Avanzado'

2022-03-08 14:29:05 - [TEST_STEP][PASSED] - setText(findTestObject("Modulo Pruebas Bienestar/Crear_un_Evento/input_Cupo Mximo_popupMomentoEvento_formpMECupoMaximo"), "150"): Text '150' is set on object 'Object Repository/Modulo Pruebas Bienestar/Crear_un_Evento/input_Cupo Mximo_popupMomentoEvento_formpMECupoMaximo'

2022-03-08 14:29:06 - [MESSAGE][PASSED] - Text '150' is set on object 'Object Repository/Modulo Pruebas Bienestar/Crear_un_Evento/input_Cupo Mximo_popupMomentoEvento_formpMECupoMaximo'

2022-03-08 14:29:06 - [TEST_STEP][PASSED] - setText(findTestObject("Modulo Pruebas Bienestar/Crear_un_Evento/input_Cupo Minimo_popupMomentoEvento_formpMECupoMinimo"), "1"): Text '1' is set on object 'Object Repository/Modulo Pruebas Bienestar/Crear_un_Evento/input_Cupo Minimo_popupMomentoEvento_formpMECupoMinimo'

2022-03-08 14:29:07 - [MESSAGE][PASSED] - Text '1' is set on object 'Object Repository/Modulo Pruebas Bienestar/Crear_un_Evento/input_Cupo Minimo_popupMomentoEvento_formpMECupoMinimo'

2022-03-08 14:29:07 - [TEST_STEP][PASSED] - selectOptionByIndex(findTestObject("Modulo Pruebas Bienestar/Crear_un_Evento/select_-- Seleccione --CanceladoProgramada"), 2): All options with index in [2] are selected on object 'Object Repository/Modulo Pruebas Bienestar/Crear_un_Evento/select_-- Seleccione --CanceladoProgramada'

2022-03-08 14:29:08 - [MESSAGE][PASSED] - All options with index in [2] are selected on object 'Object Repository/Modulo Pruebas Bienestar/Crear_un_Evento/select_-- Seleccione --CanceladoProgramada'

2022-03-08 14:29:08 - [TEST_STEP][PASSED] - setText(findTestObject("Modulo Pruebas Bienestar/Crear_un_Evento/input_Inscripcin Inicial_popupMomentoEvento_formpMEInscripcionInicia_input"), FechaI): Text '8/3/2022' is set on object 'Object Repository/Modulo Pruebas Bienestar/Crear_un_Evento/input_Inscripcin Inicial_popupMomentoEvento_formpMEInscripcionInicia_input'

2022-03-08 14:29:09 - [MESSAGE][PASSED] - Text '8/3/2022' is set on object 'Object Repository/Modulo Pruebas Bienestar/Crear_un_Evento/input_Inscripcin Inicial_popupMomentoEvento_formpMEInscripcionInicia_input'

2022-03-08 14:29:09 - [TEST_STEP][PASSED] - setText(findTestObject("Modulo Pruebas Bienestar/Crear_un_Evento/input_Inscripcin Termina_popupMomentoEvento_formpMEInscripcionFinaliza_input"), FechaF): Text '18/3/2022' is set on object 'Object Repository/Modulo Pruebas Bienestar/Crear_un_Evento/input_Inscripcin Termina_popupMomentoEvento_formpMEInscripcionFinaliza_input'

2022-03-08 14:29:10 - [MESSAGE][PASSED] - Text '18/3/2022' is set on object 'Object Repository/Modulo Pruebas Bienestar/Crear_un_Evento/input_Inscripcin Termina_popupMomentoEvento_formpMEInscripcionFinaliza_input'

2022-03-08 14:29:10 - [TEST_STEP][PASSED] - click(findTestObject("Modulo Pruebas Bienestar/Crear_un_Evento/a_Guardar1")): Object: 'Object Repository/Modulo Pruebas Bienestar/Crear_un_Evento/a_Guardar1' is clicked on

2022-03-08 14:29:11 - [MESSAGE][PASSED] - Object: 'Object Repository/Modulo Pruebas Bienestar/Crear_un_Evento/a_Guardar1' is clicked on

2022-03-08 14:29:11 - [TEST_STEP][PASSED] - click(findTestObject("Modulo Pruebas Bienestar/Crear_un_Evento/a_Regresar")): Object: 'Object Repository/Modulo Pruebas Bienestar/Crear_un_Evento/a_Regresar' is clicked on

2022-03-08 14:29:12 - [MESSAGE][PASSED] - Object: 'Object Repository/Modulo Pruebas Bienestar/Crear_un_Evento/a_Regresar' is clicked on

2022-03-08 14:29:12 - [TEST_STEP][PASSED] - click(findTestObject("Modulo Pruebas Bienestar/Crear_un_Evento/a_Nuevo")): Object: 'Object Repository/Modulo Pruebas Bienestar/Crear_un_Evento/a_Nuevo' is clicked on

2022-03-08 14:29:13 - [MESSAGE][PASSED] - Object: 'Object Repository/Modulo Pruebas Bienestar/Crear_un_Evento/a_Nuevo' is clicked on

2022-03-08 14:29:13 - [TEST_STEP][PASSED] - selectOptionByIndex(findTestObject("Modulo Pruebas Bienestar/Crear_un_Evento/select_-- Seleccione --aprea de Saludrea Formativarea Deportivarea de cienciasrea Social"), 5): All options with index in [5] are selected on object 'Object Repository/Modulo Pruebas Bienestar/Crear_un_Evento/select_-- Seleccione --aprea de Saludrea Formativarea Deportivarea de cienciasrea Social'

2022-03-08 14:29:15 - [MESSAGE][PASSED] - All options with index in [5] are selected on object 'Object Repository/Modulo Pruebas Bienestar/Crear_un_Evento/select_-- Seleccione --aprea de Saludrea Formativarea Deportivarea de cienciasrea Social'

2022-03-08 14:29:15 - [TEST_STEP][PASSED] - selectOptionByIndex(findTestObject("Modulo Pruebas Bienestar/Crear_un_Evento/select_-- Seleccione --Promocin y prevencinActivate Acompaamiento psicosocial Semana de la SaludSeguimiento puestos de trabajo"), "1"): All options with index in [1] are selected on object 'Object Repository/Modulo Pruebas Bienestar/Crear_un_Evento/select_-- Seleccione --Promocin y prevencinActivate Acompaamiento psicosocial Semana de la SaludSeguimiento puestos de trabajo'

2022-03-08 14:29:16 - [MESSAGE][PASSED] - All options with index in [1] are selected on object 'Object Repository/Modulo Pruebas Bienestar/Crear_un_Evento/select_-- Seleccione --Promocin y prevencinActivate Acompaamiento psicosocial Semana de la SaludSeguimiento puestos de trabajo'

2022-03-08 14:29:16 - [TEST_STEP][PASSED] - selectOptionByIndex(findTestObject("Modulo Pruebas Bienestar/Crear_un_Evento/select_-- Seleccione --Evento grupo Bienestar MultipleEvento Grupo Bienestar Multiple SIEvento Grupo Bienestar nicoEvento Individual Multiple SS"), 2): All options with index in [2] are selected on object 'Object Repository/Modulo Pruebas Bienestar/Crear_un_Evento/select_-- Seleccione --Evento grupo Bienestar MultipleEvento Grupo Bienestar Multiple SIEvento Grupo Bienestar nicoEvento Individual Multiple SS'

2022-03-08 14:29:18 - [MESSAGE][PASSED] - All options with index in [2] are selected on object 'Object Repository/Modulo Pruebas Bienestar/Crear_un_Evento/select_-- Seleccione --Evento grupo Bienestar MultipleEvento Grupo Bienestar Multiple SIEvento Grupo Bienestar nicoEvento Individual Multiple SS'

2022-03-08 14:29:18 - [TEST_STEP][PASSED] - click(findTestObject("Modulo Pruebas Bienestar/Crear_un_Evento/a_Aplicar")): Object: 'Object Repository/Modulo Pruebas Bienestar/Crear_un_Evento/a_Aplicar' is clicked on

2022-03-08 14:29:19 - [MESSAGE][PASSED] - Object: 'Object Repository/Modulo Pruebas Bienestar/Crear_un_Evento/a_Aplicar' is clicked on

2022-03-08 14:29:19 - [TEST_STEP][PASSED] - waitForElementClickable(findTestObject("Modulo Pruebas Bienestar/Crear_un_Evento/input_Nombre_formEventosfENombre"), 0): Object 'Object Repository/Modulo Pruebas Bienestar/Crear_un_Evento/input_Nombre_formEventosfENombre' is clickable

2022-03-08 14:29:19 - [MESSAGE][WARNING] - Timeout '0' is invalid. Using default page load timeout: '30'

2022-03-08 14:29:21 - [MESSAGE][PASSED] - Object 'Object Repository/Modulo Pruebas Bienestar/Crear_un_Evento/input_Nombre_formEventosfENombre' is clickable

2022-03-08 14:29:21 - [TEST_STEP][PASSED] - setText(findTestObject("Modulo Pruebas Bienestar/Crear_un_Evento/input_Nombre_formEventosfENombre"), "Prueba-S-SH"): Text 'Prueba-S-SH' is set on object 'Object Repository/Modulo Pruebas Bienestar/Crear_un_Evento/input_Nombre_formEventosfENombre'

2022-03-08 14:29:21 - [MESSAGE][PASSED] - Text 'Prueba-S-SH' is set on object 'Object Repository/Modulo Pruebas Bienestar/Crear_un_Evento/input_Nombre_formEventosfENombre'

2022-03-08 14:29:21 - [TEST_STEP][PASSED] - setText(findTestObject("Modulo Pruebas Bienestar/Crear_un_Evento/input_Inicial Desarrollo_formEventosfechaIn_input"), FechaI): Text '8/3/2022' is set on object 'Object Repository/Modulo Pruebas Bienestar/Crear_un_Evento/input_Inicial Desarrollo_formEventosfechaIn_input'

2022-03-08 14:29:22 - [MESSAGE][PASSED] - Text '8/3/2022' is set on object 'Object Repository/Modulo Pruebas Bienestar/Crear_un_Evento/input_Inicial Desarrollo_formEventosfechaIn_input'

2022-03-08 14:29:22 - [TEST_STEP][PASSED] - setText(findTestObject("Modulo Pruebas Bienestar/Crear_un_Evento/input_Final Desarrollo_formEventosfechaFin_input"), FechaF): Text '18/3/2022' is set on object 'Object Repository/Modulo Pruebas Bienestar/Crear_un_Evento/input_Final Desarrollo_formEventosfechaFin_input'

2022-03-08 14:29:23 - [MESSAGE][PASSED] - Text '18/3/2022' is set on object 'Object Repository/Modulo Pruebas Bienestar/Crear_un_Evento/input_Final Desarrollo_formEventosfechaFin_input'

2022-03-08 14:29:23 - [TEST_STEP][PASSED] - click(findTestObject("Modulo Pruebas Bienestar/Crear_un_Evento/a_Guardar")): Object: 'Object Repository/Modulo Pruebas Bienestar/Crear_un_Evento/a_Guardar' is clicked on

2022-03-08 14:29:24 - [MESSAGE][PASSED] - Object: 'Object Repository/Modulo Pruebas Bienestar/Crear_un_Evento/a_Guardar' is clicked on

2022-03-08 14:29:24 - [TEST_STEP][PASSED] - click(findTestObject("Modulo Pruebas Bienestar/Crear_un_Evento/a_Momento Eventos")): Object: 'Object Repository/Modulo Pruebas Bienestar/Crear_un_Evento/a_Momento Eventos' is clicked on

2022-03-08 14:29:25 - [MESSAGE][PASSED] - Object: 'Object Repository/Modulo Pruebas Bienestar/Crear_un_Evento/a_Momento Eventos' is clicked on

2022-03-08 14:29:25 - [TEST_STEP][PASSED] - click(findTestObject("Modulo Pruebas Bienestar/Crear_un_Evento/a_Nuevo1")): Object: 'Object Repository/Modulo Pruebas Bienestar/Crear_un_Evento/a_Nuevo1' is clicked on

2022-03-08 14:29:26 - [MESSAGE][PASSED] - Object: 'Object Repository/Modulo Pruebas Bienestar/Crear_un_Evento/a_Nuevo1' is clicked on

2022-03-08 14:29:26 - [TEST_STEP][PASSED] - setText(findTestObject("Modulo Pruebas Bienestar/Crear_un_Evento/input_Cdigo_popupMomentoEvento_formcodigo"), "355682169"): Text '355682169' is set on object 'Object Repository/Modulo Pruebas Bienestar/Crear_un_Evento/input_Cdigo_popupMomentoEvento_formcodigo'

2022-03-08 14:29:28 - [MESSAGE][PASSED] - Text '355682169' is set on object 'Object Repository/Modulo Pruebas Bienestar/Crear_un_Evento/input_Cdigo_popupMomentoEvento_formcodigo'

2022-03-08 14:29:28 - [TEST_STEP][PASSED] - setText(findTestObject("Modulo Pruebas Bienestar/Crear_un_Evento/input_Nombre_popupMomentoEvento_formpMENombre"), "prueba-S-SH"): Text 'prueba-S-SH' is set on object 'Object Repository/Modulo Pruebas Bienestar/Crear_un_Evento/input_Nombre_popupMomentoEvento_formpMENombre'

2022-03-08 14:29:29 - [MESSAGE][PASSED] - Text 'prueba-S-SH' is set on object 'Object Repository/Modulo Pruebas Bienestar/Crear_un_Evento/input_Nombre_popupMomentoEvento_formpMENombre'

2022-03-08 14:29:29 - [TEST_STEP][PASSED] - selectOptionByIndex(findTestObject("Modulo Pruebas Bienestar/Crear_un_Evento/select_-- Seleccione --ESCENARIO DE PRUEBASALON 1"), 1): All options with index in [1] are selected on object 'Object Repository/Modulo Pruebas Bienestar/Crear_un_Evento/select_-- Seleccione --ESCENARIO DE PRUEBASALON 1'

2022-03-08 14:29:30 - [MESSAGE][PASSED] - All options with index in [1] are selected on object 'Object Repository/Modulo Pruebas Bienestar/Crear_un_Evento/select_-- Seleccione --ESCENARIO DE PRUEBASALON 1'

2022-03-08 14:29:30 - [TEST_STEP][PASSED] - selectOptionByIndex(findTestObject("Modulo Pruebas Bienestar/Crear_un_Evento/select_-- Seleccione --FemeninaMasculinaMixta"), 3): All options with index in [3] are selected on object 'Object Repository/Modulo Pruebas Bienestar/Crear_un_Evento/select_-- Seleccione --FemeninaMasculinaMixta'

2022-03-08 14:29:31 - [MESSAGE][PASSED] - All options with index in [3] are selected on object 'Object Repository/Modulo Pruebas Bienestar/Crear_un_Evento/select_-- Seleccione --FemeninaMasculinaMixta'

2022-03-08 14:29:31 - [TEST_STEP][PASSED] - selectOptionByIndex(findTestObject("Modulo Pruebas Bienestar/Crear_un_Evento/select_-- Seleccione --Nivel BsicoNivel IntermedionicoNivel Avanzado"), 1): All options with index in [1] are selected on object 'Object Repository/Modulo Pruebas Bienestar/Crear_un_Evento/select_-- Seleccione --Nivel BsicoNivel IntermedionicoNivel Avanzado'

2022-03-08 14:29:33 - [MESSAGE][PASSED] - All options with index in [1] are selected on object 'Object Repository/Modulo Pruebas Bienestar/Crear_un_Evento/select_-- Seleccione --Nivel BsicoNivel IntermedionicoNivel Avanzado'

2022-03-08 14:29:33 - [TEST_STEP][PASSED] - setText(findTestObject("Modulo Pruebas Bienestar/Crear_un_Evento/input_Cupo Mximo_popupMomentoEvento_formpMECupoMaximo"), "150"): Text '150' is set on object 'Object Repository/Modulo Pruebas Bienestar/Crear_un_Evento/input_Cupo Mximo_popupMomentoEvento_formpMECupoMaximo'

2022-03-08 14:29:34 - [MESSAGE][PASSED] - Text '150' is set on object 'Object Repository/Modulo Pruebas Bienestar/Crear_un_Evento/input_Cupo Mximo_popupMomentoEvento_formpMECupoMaximo'

2022-03-08 14:29:34 - [TEST_STEP][PASSED] - setText(findTestObject("Modulo Pruebas Bienestar/Crear_un_Evento/input_Cupo Minimo_popupMomentoEvento_formpMECupoMinimo"), "1"): Text '1' is set on object 'Object Repository/Modulo Pruebas Bienestar/Crear_un_Evento/input_Cupo Minimo_popupMomentoEvento_formpMECupoMinimo'

2022-03-08 14:29:34 - [MESSAGE][PASSED] - Text '1' is set on object 'Object Repository/Modulo Pruebas Bienestar/Crear_un_Evento/input_Cupo Minimo_popupMomentoEvento_formpMECupoMinimo'

2022-03-08 14:29:34 - [TEST_STEP][PASSED] - selectOptionByIndex(findTestObject("Modulo Pruebas Bienestar/Crear_un_Evento/select_-- Seleccione --Canizalez Acero Marta BrigitteMendoza 1010 Empleado"), 2): All options with index in [2] are selected on object 'Object Repository/Modulo Pruebas Bienestar/Crear_un_Evento/select_-- Seleccione --Canizalez Acero Marta BrigitteMendoza 1010 Empleado'

2022-03-08 14:29:36 - [MESSAGE][PASSED] - All options with index in [2] are selected on object 'Object Repository/Modulo Pruebas Bienestar/Crear_un_Evento/select_-- Seleccione --Canizalez Acero Marta BrigitteMendoza 1010 Empleado'

2022-03-08 14:29:36 - [TEST_STEP][PASSED] - selectOptionByIndex(findTestObject("Modulo Pruebas Bienestar/Crear_un_Evento/select_-- Seleccione --CanceladoProgramada"), 2): All options with index in [2] are selected on object 'Object Repository/Modulo Pruebas Bienestar/Crear_un_Evento/select_-- Seleccione --CanceladoProgramada'

2022-03-08 14:29:37 - [MESSAGE][PASSED] - All options with index in [2] are selected on object 'Object Repository/Modulo Pruebas Bienestar/Crear_un_Evento/select_-- Seleccione --CanceladoProgramada'

2022-03-08 14:29:37 - [TEST_STEP][PASSED] - setText(findTestObject("Modulo Pruebas Bienestar/Crear_un_Evento/input_Inscripcin Inicial_popupMomentoEvento_formpMEInscripcionInicia_input"), FechaI): Text '8/3/2022' is set on object 'Object Repository/Modulo Pruebas Bienestar/Crear_un_Evento/input_Inscripcin Inicial_popupMomentoEvento_formpMEInscripcionInicia_input'

2022-03-08 14:29:38 - [MESSAGE][PASSED] - Text '8/3/2022' is set on object 'Object Repository/Modulo Pruebas Bienestar/Crear_un_Evento/input_Inscripcin Inicial_popupMomentoEvento_formpMEInscripcionInicia_input'

[...]

2022-03-08 14:37:27 - [TEST_STEP][PASSED] - click(findTestObject("Modulo Pruebas Bienestar/Crear_tipo_de_beneficio_CASO1_(Novedad_nómina)/td_PRUEBAS K")): Object: 'Object Repository/Modulo Pruebas Bienestar/Crear_tipo_de_beneficio_CASO1_(Novedad_nómina)/td_PRUEBAS K' is clicked on

2022-03-08 14:37:28 - [MESSAGE][PASSED] - Object: 'Object Repository/Modulo Pruebas Bienestar/Crear_tipo_de_beneficio_CASO1_(Novedad_nómina)/td_PRUEBAS K' is clicked on

2022-03-08 14:37:28 - [TEST_STEP][PASSED] - click(findTestObject("Modulo Pruebas Bienestar/Crear_tipo_de_beneficio_CASO1_(Novedad_nómina)/a_Filtro Seccin")): Object: 'Object Repository/Modulo Pruebas Bienestar/Crear_tipo_de_beneficio_CASO1_(Novedad_nómina)/a_Filtro Seccin' is clicked on

2022-03-08 14:37:29 - [MESSAGE][PASSED] - Object: 'Object Repository/Modulo Pruebas Bienestar/Crear_tipo_de_beneficio_CASO1_(Novedad_nómina)/a_Filtro Seccin' is clicked on

2022-03-08 14:37:29 - [TEST_STEP][PASSED] - if (waitForElementVisible(findTestObject("Modulo Pruebas Bienestar/Crear_tipo_de_beneficio_CASO1_(Novedad_nómina)/a_CONYUGUE_form_dirigidoTipoBeneficiariotabla_dirigido0j_idt689"), 1)): null

2022-03-08 14:37:29 - [MESSAGE][PASSED] - Object 'Object Repository/Modulo Pruebas Bienestar/Crear_tipo_de_beneficio_CASO1_(Novedad_nómina)/a_CONYUGUE_form_dirigidoTipoBeneficiariotabla_dirigido0j_idt689' is visible

2022-03-08 14:37:29 - [TEST_STEP][PASSED] - click(findTestObject("Modulo Pruebas Bienestar/Crear_tipo_de_beneficio_CASO1_(Novedad_nómina)/a_CONYUGUE_form_dirigidoTipoBeneficiariotabla_dirigido0j_idt689")): Object: 'Object Repository/Modulo Pruebas Bienestar/Crear_tipo_de_beneficio_CASO1_(Novedad_nómina)/a_CONYUGUE_form_dirigidoTipoBeneficiariotabla_dirigido0j_idt689' is clicked on

2022-03-08 14:37:30 - [MESSAGE][PASSED] - Object: 'Object Repository/Modulo Pruebas Bienestar/Crear_tipo_de_beneficio_CASO1_(Novedad_nómina)/a_CONYUGUE_form_dirigidoTipoBeneficiariotabla_dirigido0j_idt689' is clicked on

2022-03-08 14:37:30 - [TEST_STEP][PASSED] - click(findTestObject("Modulo Pruebas Bienestar/Crear_tipo_de_beneficio_CASO1_(Novedad_nómina)/a_Aceptar")): Object: 'Object Repository/Modulo Pruebas Bienestar/Crear_tipo_de_beneficio_CASO1_(Novedad_nómina)/a_Aceptar' is clicked on

2022-03-08 14:37:30 - [MESSAGE][PASSED] - Object: 'Object Repository/Modulo Pruebas Bienestar/Crear_tipo_de_beneficio_CASO1_(Novedad_nómina)/a_Aceptar' is clicked on

2022-03-08 14:37:30 - [TEST_STEP][PASSED] - click(findTestObject("Modulo Pruebas Bienestar/Crear_tipo_de_beneficio_CASO1_(Novedad_nómina)/a_Registro")): Object: 'Object Repository/Modulo Pruebas Bienestar/Crear_tipo_de_beneficio_CASO1_(Novedad_nómina)/a_Registro' is clicked on

2022-03-08 14:37:31 - [MESSAGE][PASSED] - Object: 'Object Repository/Modulo Pruebas Bienestar/Crear_tipo_de_beneficio_CASO1_(Novedad_nómina)/a_Registro' is clicked on

2022-03-08 14:37:31 - [TEST_STEP][PASSED] - click(findTestObject("Modulo Pruebas Bienestar/Crear_tipo_de_beneficio_CASO1_(Novedad_nómina)/a_Eliminar")): Object: 'Object Repository/Modulo Pruebas Bienestar/Crear_tipo_de_beneficio_CASO1_(Novedad_nómina)/a_Eliminar' is clicked on

2022-03-08 14:37:32 - [MESSAGE][PASSED] - Object: 'Object Repository/Modulo Pruebas Bienestar/Crear_tipo_de_beneficio_CASO1_(Novedad_nómina)/a_Eliminar' is clicked on

2022-03-08 14:37:32 - [TEST_STEP][PASSED] - click(findTestObject("Modulo Pruebas Bienestar/Crear_tipo_de_beneficio_CASO1_(Novedad_nómina)/a_Aceptar")): Object: 'Object Repository/Modulo Pruebas Bienestar/Crear_tipo_de_beneficio_CASO1_(Novedad_nómina)/a_Aceptar' is clicked on

2022-03-08 14:37:32 - [MESSAGE][PASSED] - Object: 'Object Repository/Modulo Pruebas Bienestar/Crear_tipo_de_beneficio_CASO1_(Novedad_nómina)/a_Aceptar' is clicked on

2022-03-08 14:37:32 - [TEST_STEP][PASSED] - scrollToElement(findTestObject("Modulo Pruebas Bienestar/Crear_tipo_de_beneficio_CASO1_(Novedad_nómina)/a_Nuevo"), 0): Scroll to object 'Object Repository/Modulo Pruebas Bienestar/Crear_tipo_de_beneficio_CASO1_(Novedad_nómina)/a_Nuevo' successfully

2022-03-08 14:37:33 - [MESSAGE][WARNING] - Timeout '0' is invalid. Using default page load timeout: '30'

2022-03-08 14:37:33 - [MESSAGE][PASSED] - Scroll to object 'Object Repository/Modulo Pruebas Bienestar/Crear_tipo_de_beneficio_CASO1_(Novedad_nómina)/a_Nuevo' successfully

2022-03-08 14:37:33 - [TEST_STEP][PASSED] - click(findTestObject("Modulo Pruebas Bienestar/Crear_tipo_de_beneficio_CASO1_(Novedad_nómina)/a_Nuevo")): Object: 'Object Repository/Modulo Pruebas Bienestar/Crear_tipo_de_beneficio_CASO1_(Novedad_nómina)/a_Nuevo' is clicked on

2022-03-08 14:37:34 - [MESSAGE][PASSED] - Object: 'Object Repository/Modulo Pruebas Bienestar/Crear_tipo_de_beneficio_CASO1_(Novedad_nómina)/a_Nuevo' is clicked on

2022-03-08 14:37:34 - [TEST_STEP][PASSED] - setText(findTestObject("Modulo Pruebas Bienestar/Crear_tipo_de_beneficio_CASO1_(Novedad_nómina)/input_Cdigo_formDetalleTipoBeneficioBienestarcodigoTipoBeneficio"), "5"): Text '5' is set on object 'Object Repository/Modulo Pruebas Bienestar/Crear_tipo_de_beneficio_CASO1_(Novedad_nómina)/input_Cdigo_formDetalleTipoBeneficioBienestarcodigoTipoBeneficio'

2022-03-08 14:37:35 - [MESSAGE][PASSED] - Text '5' is set on object 'Object Repository/Modulo Pruebas Bienestar/Crear_tipo_de_beneficio_CASO1_(Novedad_nómina)/input_Cdigo_formDetalleTipoBeneficioBienestarcodigoTipoBeneficio'

2022-03-08 14:37:35 - [TEST_STEP][PASSED] - setText(findTestObject("Modulo Pruebas Bienestar/Crear_tipo_de_beneficio_CASO1_(Novedad_nómina)/input_Descripcin_formDetalleTipoBeneficioBienestardescripcionTipoBeneficio"), "PRUEBAS KATALON"): Text 'PRUEBAS KATALON' is set on object 'Object Repository/Modulo Pruebas Bienestar/Crear_tipo_de_beneficio_CASO1_(Novedad_nómina)/input_Descripcin_formDetalleTipoBeneficioBienestardescripcionTipoBeneficio'

2022-03-08 14:37:36 - [MESSAGE][PASSED] - Text 'PRUEBAS KATALON' is set on object 'Object Repository/Modulo Pruebas Bienestar/Crear_tipo_de_beneficio_CASO1_(Novedad_nómina)/input_Descripcin_formDetalleTipoBeneficioBienestardescripcionTipoBeneficio'

2022-03-08 14:37:36 - [TEST_STEP][PASSED] - selectOptionByIndex(findTestObject("Modulo Pruebas Bienestar/Crear_tipo_de_beneficio_CASO1_(Novedad_nómina)/select_-- Seleccione --Auxilio de SaludAUXILIO DE VIVIENDAAUXILIO EDUCATIVOPrueba"), 4): All options with index in [4] are selected on object 'Object Repository/Modulo Pruebas Bienestar/Crear_tipo_de_beneficio_CASO1_(Novedad_nómina)/select_-- Seleccione --Auxilio de SaludAUXILIO DE VIVIENDAAUXILIO EDUCATIVOPrueba'

2022-03-08 14:37:37 - [MESSAGE][PASSED] - All options with index in [4] are selected on object 'Object Repository/Modulo Pruebas Bienestar/Crear_tipo_de_beneficio_CASO1_(Novedad_nómina)/select_-- Seleccione --Auxilio de SaludAUXILIO DE VIVIENDAAUXILIO EDUCATIVOPrueba'

2022-03-08 14:37:37 - [TEST_STEP][PASSED] - selectOptionByIndex(findTestObject("Modulo Pruebas Bienestar/Crear_tipo_de_beneficio_CASO1_(Novedad_nómina)/select_-- Seleccione --Solicitante Y Seccion HojaSolicitanteSeccion Hoja"), 1): All options with index in [1] are selected on object 'Object Repository/Modulo Pruebas Bienestar/Crear_tipo_de_beneficio_CASO1_(Novedad_nómina)/select_-- Seleccione --Solicitante Y Seccion HojaSolicitanteSeccion Hoja'

2022-03-08 14:37:38 - [MESSAGE][PASSED] - All options with index in [1] are selected on object 'Object Repository/Modulo Pruebas Bienestar/Crear_tipo_de_beneficio_CASO1_(Novedad_nómina)/select_-- Seleccione --Solicitante Y Seccion HojaSolicitanteSeccion Hoja'

2022-03-08 14:37:38 - [TEST_STEP][PASSED] - selectOptionByIndex(findTestObject("Modulo Pruebas Bienestar/Crear_tipo_de_beneficio_CASO1_(Novedad_nómina)/select_-- Seleccione --familia"), 1): All options with index in [1] are selected on object 'Object Repository/Modulo Pruebas Bienestar/Crear_tipo_de_beneficio_CASO1_(Novedad_nómina)/select_-- Seleccione --familia'

2022-03-08 14:37:39 - [MESSAGE][PASSED] - All options with index in [1] are selected on object 'Object Repository/Modulo Pruebas Bienestar/Crear_tipo_de_beneficio_CASO1_(Novedad_nómina)/select_-- Seleccione --familia'

2022-03-08 14:37:39 - [TEST_STEP][PASSED] - selectOptionByIndex(findTestObject("Modulo Pruebas Bienestar/Crear_tipo_de_beneficio_CASO1_(Novedad_nómina)/select_-- Seleccione --DescuentoNo RecaudoNovedad hacia NminaPrestamo"), 1): All options with index in [1] are selected on object 'Object Repository/Modulo Pruebas Bienestar/Crear_tipo_de_beneficio_CASO1_(Novedad_nómina)/select_-- Seleccione --DescuentoNo RecaudoNovedad hacia NminaPrestamo'

2022-03-08 14:37:40 - [MESSAGE][PASSED] - All options with index in [1] are selected on object 'Object Repository/Modulo Pruebas Bienestar/Crear_tipo_de_beneficio_CASO1_(Novedad_nómina)/select_-- Seleccione --DescuentoNo RecaudoNovedad hacia NminaPrestamo'

2022-03-08 14:37:40 - [TEST_STEP][PASSED] - selectOptionByIndex(findTestObject("Modulo Pruebas Bienestar/Crear_tipo_de_beneficio_CASO1_(Novedad_nómina)/select_-- Seleccione --Control por TarifaManejo TarifaNo Relacionar"), 3): All options with index in [3] are selected on object 'Object Repository/Modulo Pruebas Bienestar/Crear_tipo_de_beneficio_CASO1_(Novedad_nómina)/select_-- Seleccione --Control por TarifaManejo TarifaNo Relacionar'

2022-03-08 14:37:41 - [MESSAGE][PASSED] - All options with index in [3] are selected on object 'Object Repository/Modulo Pruebas Bienestar/Crear_tipo_de_beneficio_CASO1_(Novedad_nómina)/select_-- Seleccione --Control por TarifaManejo TarifaNo Relacionar'

2022-03-08 14:37:41 - [TEST_STEP][PASSED] - selectOptionByIndex(findTestObject("Modulo Pruebas Bienestar/Crear_tipo_de_beneficio_CASO1_(Novedad_nómina)/select_-- Seleccione --SiNo"), 1): All options with index in [1] are selected on object 'Object Repository/Modulo Pruebas Bienestar/Crear_tipo_de_beneficio_CASO1_(Novedad_nómina)/select_-- Seleccione --SiNo'

2022-03-08 14:37:42 - [MESSAGE][PASSED] - All options with index in [1] are selected on object 'Object Repository/Modulo Pruebas Bienestar/Crear_tipo_de_beneficio_CASO1_(Novedad_nómina)/select_-- Seleccione --SiNo'

2022-03-08 14:37:42 - [TEST_STEP][PASSED] - selectOptionByIndex(findTestObject("Modulo Pruebas Bienestar/Crear_tipo_de_beneficio_CASO1_(Novedad_nómina)/select_--Seleccione--NoSi"), 2): All options with index in [2] are selected on object 'Object Repository/Modulo Pruebas Bienestar/Crear_tipo_de_beneficio_CASO1_(Novedad_nómina)/select_--Seleccione--NoSi'

2022-03-08 14:37:44 - [MESSAGE][PASSED] - All options with index in [2] are selected on object 'Object Repository/Modulo Pruebas Bienestar/Crear_tipo_de_beneficio_CASO1_(Novedad_nómina)/select_--Seleccione--NoSi'

2022-03-08 14:37:44 - [TEST_STEP][PASSED] - selectOptionByIndex(findTestObject("Modulo Pruebas Bienestar/Crear_tipo_de_beneficio_CASO1_(Novedad_nómina)/select_Convenio--Seleccione--NoSi"), 2): All options with index in [2] are selected on object 'Object Repository/Modulo Pruebas Bienestar/Crear_tipo_de_beneficio_CASO1_(Novedad_nómina)/select_Convenio--Seleccione--NoSi'

2022-03-08 14:37:45 - [MESSAGE][PASSED] - All options with index in [2] are selected on object 'Object Repository/Modulo Pruebas Bienestar/Crear_tipo_de_beneficio_CASO1_(Novedad_nómina)/select_Convenio--Seleccione--NoSi'

2022-03-08 14:37:45 - [TEST_STEP][PASSED] - click(findTestObject("Modulo Pruebas Bienestar/Crear_tipo_de_beneficio_CASO1_(Novedad_nómina)/a_Guardar")): Object: 'Object Repository/Modulo Pruebas Bienestar/Crear_tipo_de_beneficio_CASO1_(Novedad_nómina)/a_Guardar' is clicked on

2022-03-08 14:37:46 - [MESSAGE][PASSED] - Object: 'Object Repository/Modulo Pruebas Bienestar/Crear_tipo_de_beneficio_CASO1_(Novedad_nómina)/a_Guardar' is clicked on

2022-03-08 14:37:46 - [TEST_STEP][PASSED] - closeBrowser(): Browser is closed

2022-03-08 14:37:46 - [MESSAGE][PASSED] - Browser is closed]]></system-out>
         <system-err><![CDATA[]]></system-err>
      </testcase>
      <testcase name="Test Cases/3.1-Pruebas_Bienestar/3.3.3-Filtro_sección" time="19.564" classname="Test Cases/3.1-Pruebas_Bienestar/3.3.3-Filtro_sección" status="PASSED">
         <system-out><![CDATA[2022-03-08 14:37:46 - [TEST_CASE][PASSED] - Test Cases/3.1-Pruebas_Bienestar/3.3.3-Filtro_sección: Test Cases/3.1-Pruebas_Bienestar/3.3.3-Filtro_sección

2022-03-08 14:37:47 - [TEST_STEP][PASSED] - callTestCase(findTestCase("0.1-Login"), [:], STOP_ON_FAILURE): Call Test Case 'Test Cases/0.1-Login' successfully

2022-03-08 14:37:47 - [TEST_CASE][PASSED] - Test Cases/0.1-Login: Test Cases/0.1-Login

2022-03-08 14:37:47 - [TEST_STEP][PASSED] - openBrowser(""): Browser is opened with url: ''

2022-03-08 14:37:47 - [MESSAGE][INFO] - Starting 'Chrome' driver

2022-03-08 14:37:47 - [MESSAGE][INFO] - Action delay is set to 0 milliseconds

2022-03-08 14:37:49 - [MESSAGE][PASSED] - Browser is opened with url: ''

2022-03-08 14:37:49 - [TEST_STEP][PASSED] - maximizeWindow(): Current window maximized

2022-03-08 14:37:49 - [MESSAGE][PASSED] - Current window maximized

2022-03-08 14:37:49 - [TEST_STEP][PASSED] - i = G_Login: null

2022-03-08 14:37:49 - [TEST_STEP][PASSED] - url = new java.net.URL(i): null

2022-03-08 14:37:49 - [TEST_STEP][PASSED] - println("URL: " + url.toString()): null

2022-03-08 14:37:49 - [TEST_STEP][PASSED] - connection = url.openConnection(): null

2022-03-08 14:37:49 - [TEST_STEP][PASSED] - connection.setRequestMethod("GET"): null

2022-03-08 14:37:49 - [TEST_STEP][PASSED] - connection.setReadTimeout(2 * 1000): null

2022-03-08 14:37:49 - [TEST_STEP][PASSED] - try: null

2022-03-08 14:37:49 - [TEST_STEP][PASSED] - connection.connect(): null

2022-03-08 14:37:49 - [TEST_STEP][PASSED] - flag = connected: null

2022-03-08 14:37:49 - [TEST_STEP][PASSED] - println("Valor_ori: " + flag): null

2022-03-08 14:37:49 - [TEST_STEP][PASSED] - if (flag): null

2022-03-08 14:37:49 - [TEST_STEP][PASSED] - navigateToUrl(i): Navigate to 'http://192.168.2.80:8380/saraweb' successfully

2022-03-08 14:37:50 - [MESSAGE][PASSED] - Navigate to 'http://192.168.2.80:8380/saraweb' successfully

2022-03-08 14:37:50 - [TEST_STEP][PASSED] - a(): null

2022-03-08 14:37:50 - [TEST_STEP][PASSED] - setText(findTestObject("Login/input_USUARIO_loginusuario"), G_Usuario): Text 'saraadmin' is set on object 'Object Repository/Login/input_USUARIO_loginusuario'

2022-03-08 14:37:51 - [MESSAGE][PASSED] - Text 'saraadmin' is set on object 'Object Repository/Login/input_USUARIO_loginusuario'

2022-03-08 14:37:51 - [TEST_STEP][PASSED] - setEncryptedText(findTestObject("Login/input_CLAVE_loginpassword"), "MkG4/TYiCFC3cb2driP7+Q=="): Text ****** has been set on object 'Object Repository/Login/input_CLAVE_loginpassword'

2022-03-08 14:37:51 - [MESSAGE][PASSED] - Text ****** has been set on object 'Object Repository/Login/input_CLAVE_loginpassword'

2022-03-08 14:37:51 - [TEST_STEP][PASSED] - waitForElementClickable(findTestObject("Login/a_Ingresar"), G_TimeOut): Object 'Object Repository/Login/a_Ingresar' is clickable

2022-03-08 14:37:52 - [MESSAGE][PASSED] - Object 'Object Repository/Login/a_Ingresar' is clickable

2022-03-08 14:37:52 - [TEST_STEP][PASSED] - click(findTestObject("Login/a_Ingresar")): Object: 'Object Repository/Login/a_Ingresar' is clicked on

2022-03-08 14:37:53 - [MESSAGE][PASSED] - Object: 'Object Repository/Login/a_Ingresar' is clicked on

2022-03-08 14:37:53 - [TEST_STEP][PASSED] - element = findWebElement(findTestObject("Login/a_Ir"), 30): null

2022-03-08 14:37:54 - [TEST_STEP][PASSED] - executeJavaScript("arguments[0].click()", Arrays.asList(element)): Execute JavaScript 'arguments[0].click()' successfully

2022-03-08 14:37:54 - [MESSAGE][PASSED] - Execute JavaScript 'arguments[0].click()' successfully

2022-03-08 14:37:54 - [MESSAGE][PASSED] - Call Test Case 'Test Cases/0.1-Login' successfully

2022-03-08 14:37:54 - [TEST_STEP][PASSED] - setText(findTestObject("Modulo Pruebas Bienestar/Filtro_sección/input_Beneficios_form_templatej_idt24_input"), "beneficio (bie)"): Text 'beneficio (bie)' is set on object 'Object Repository/Modulo Pruebas Bienestar/Filtro_sección/input_Beneficios_form_templatej_idt24_input'

2022-03-08 14:37:56 - [MESSAGE][PASSED] - Text 'beneficio (bie)' is set on object 'Object Repository/Modulo Pruebas Bienestar/Filtro_sección/input_Beneficios_form_templatej_idt24_input'

2022-03-08 14:37:56 - [TEST_STEP][PASSED] - click(findTestObject("Modulo Pruebas Bienestar/Filtro_sección/span_Beneficio (bie)")): Object: 'Object Repository/Modulo Pruebas Bienestar/Filtro_sección/span_Beneficio (bie)' is clicked on

2022-03-08 14:37:57 - [MESSAGE][PASSED] - Object: 'Object Repository/Modulo Pruebas Bienestar/Filtro_sección/span_Beneficio (bie)' is clicked on

2022-03-08 14:37:57 - [TEST_STEP][PASSED] - click(findTestObject("Modulo Pruebas Bienestar/Filtro_sección/td_PRUEBAS KATALON")): Object: 'Object Repository/Modulo Pruebas Bienestar/Filtro_sección/td_PRUEBAS KATALON' is clicked on

2022-03-08 14:37:59 - [MESSAGE][PASSED] - Object: 'Object Repository/Modulo Pruebas Bienestar/Filtro_sección/td_PRUEBAS KATALON' is clicked on

2022-03-08 14:37:59 - [TEST_STEP][PASSED] - click(findTestObject("Modulo Pruebas Bienestar/Filtro_sección/a_Filtro Seccin")): Object: 'Object Repository/Modulo Pruebas Bienestar/Filtro_sección/a_Filtro Seccin' is clicked on

2022-03-08 14:38:01 - [MESSAGE][PASSED] - Object: 'Object Repository/Modulo Pruebas Bienestar/Filtro_sección/a_Filtro Seccin' is clicked on

2022-03-08 14:38:01 - [TEST_STEP][PASSED] - if (waitForElementVisible(findTestObject("Modulo Pruebas Bienestar/Filtro_sección/a_CONYUGUE_form_dirigidoTipoBeneficiariotabla_dirigido0j_idt689"), 1)): Object 'Object Repository/Modulo Pruebas Bienestar/Filtro_sección/a_CONYUGUE_form_dirigidoTipoBeneficiariotabla_dirigido0j_idt689' is not visible after 1 second(s)

2022-03-08 14:38:03 - [MESSAGE][WARNING] - Object 'Object Repository/Modulo Pruebas Bienestar/Filtro_sección/a_CONYUGUE_form_dirigidoTipoBeneficiariotabla_dirigido0j_idt689' is not visible after 1 second(s)

2022-03-08 14:38:03 - [TEST_STEP][PASSED] - selectOptionByIndex(findTestObject("Modulo Pruebas Bienestar/Filtro_sección/select_--Seleccione--DiscapacidadEdadGeneroParentesco"), 4): All options with index in [4] are selected on object 'Object Repository/Modulo Pruebas Bienestar/Filtro_sección/select_--Seleccione--DiscapacidadEdadGeneroParentesco'

2022-03-08 14:38:04 - [MESSAGE][PASSED] - All options with index in [4] are selected on object 'Object Repository/Modulo Pruebas Bienestar/Filtro_sección/select_--Seleccione--DiscapacidadEdadGeneroParentesco'

2022-03-08 14:38:04 - [TEST_STEP][PASSED] - selectOptionByIndex(findTestObject("Modulo Pruebas Bienestar/Filtro_sección/select_-- Seleccione --CONYUGUEHERMANO (A)HIJO (A)NO DEFINIDOPADRE"), 1): All options with index in [1] are selected on object 'Object Repository/Modulo Pruebas Bienestar/Filtro_sección/select_-- Seleccione --CONYUGUEHERMANO (A)HIJO (A)NO DEFINIDOPADRE'

2022-03-08 14:38:06 - [MESSAGE][PASSED] - All options with index in [1] are selected on object 'Object Repository/Modulo Pruebas Bienestar/Filtro_sección/select_-- Seleccione --CONYUGUEHERMANO (A)HIJO (A)NO DEFINIDOPADRE'

2022-03-08 14:38:06 - [TEST_STEP][PASSED] - click(findTestObject("Modulo Pruebas Bienestar/Filtro_sección/a_Tipo Campo_form_dirigidoTipoBeneficiariotabla_dirigidoj_idt690")): Object: 'Object Repository/Modulo Pruebas Bienestar/Filtro_sección/a_Tipo Campo_form_dirigidoTipoBeneficiariotabla_dirigidoj_idt690' is clicked on

2022-03-08 14:38:06 - [MESSAGE][PASSED] - Object: 'Object Repository/Modulo Pruebas Bienestar/Filtro_sección/a_Tipo Campo_form_dirigidoTipoBeneficiariotabla_dirigidoj_idt690' is clicked on]]></system-out>
         <system-err><![CDATA[]]></system-err>
      </testcase>
      <system-out><![CDATA[2022-03-08 14:26:39 - [TEST_SUITE][PASSED] - 3-Pruebas_Bienestar: Test Cases/3.1-Pruebas_Bienestar/3.3.3-Filtro_sección]]></system-out>
      <system-err><![CDATA[]]></system-err>
   </testsuite>
</testsuites>
