<?xml version="1.0" encoding="UTF-8"?>
<testsuites name="13-Pruebas_Control_Tiempos" time="272.543" tests="10" failures="2" errors="0">
   <testsuite name="13-Pruebas_Control_Tiempos" tests="10" failures="2" errors="0" time="272.543" skipped="0" timestamp="2022-03-01 15:48:35" hostname="diego.rojas - US-AF-000371" id="Test Suites/13-Pruebas_Control_Tiempos">
      <properties>
         <property name="deviceName" value=""/>
         <property name="devicePlatform" value=""/>
         <property name="logFolder" value="C:\\Users\\diego.rojas\\git\\Pruebas-Minimas\\Reports\\20220301_154828\\13-Pruebas_Control_Tiempos\\20220301_154828"/>
         <property name="logFiles" value="C:\\Users\\diego.rojas\\git\\Pruebas-Minimas\\Reports\\20220301_154828\\13-Pruebas_Control_Tiempos\\20220301_154828\\execution0.log"/>
         <property name="attachments" value="C:\\Users\\diego.rojas\\git\\Pruebas-Minimas\\Reports\\20220301_154828\\13-Pruebas_Control_Tiempos\\20220301_154828\\1646167776584.png, C:\\Users\\diego.rojas\\git\\Pruebas-Minimas\\Reports\\20220301_154828\\13-Pruebas_Control_Tiempos\\20220301_154828\\1646167939614.png"/>
         <property name="hostName" value="diego.rojas - US-AF-000371"/>
         <property name="os" value="Windows 10 64bit"/>
         <property name="katalonVersion" value="8.2.5.208"/>
         <property name="browser" value="Chrome 98.0.4758.102"/>
         <property name="hostAddress" value="192.168.56.1"/>
         <property name="sessionId" value="116da47e5127fbb5c28a5b5ecb190d79"/>
         <property name="seleniumVersion" value="3.141.59"/>
         <property name="proxyInformation" value="ProxyInformation { proxyOption=NO_PROXY, proxyServerType=HTTP, username=, password=********, proxyServerAddress=, proxyServerPort=0, executionList=&quot;&quot;, isApplyToDesiredCapabilities=true }"/>
         <property name="platform" value="Windows 10"/>
      </properties>
      <testcase name="Test Cases/13.1-Pruebas_control_tiempos/13.1.1-Listado_de_personas" time="60.974" classname="Test Cases/13.1-Pruebas_control_tiempos/13.1.1-Listado_de_personas" status="FAILED">
         <failure type="FAILED" message="Test Cases/13.1-Pruebas_control_tiempos/13.1.1-Listado_de_personas FAILED.
Reason:
com.kms.katalon.core.exception.StepFailedException: Unable to click on object 'Object Repository/Modulo control tiempo/Listado de Personas/a_Regresar'
	at com.kms.katalon.core.webui.keyword.internal.WebUIKeywordMain.stepFailed(WebUIKeywordMain.groovy:64)
	at com.kms.katalon.core.webui.keyword.internal.WebUIKeywordMain.runKeyword(WebUIKeywordMain.groovy:26)
	at com.kms.katalon.core.webui.keyword.builtin.ClickKeyword.click(ClickKeyword.groovy:74)
	at com.kms.katalon.core.webui.keyword.builtin.ClickKeyword.execute(ClickKeyword.groovy:40)
	at com.kms.katalon.core.keyword.internal.KeywordExecutor.executeKeywordForPlatform(KeywordExecutor.groovy:74)
	at com.kms.katalon.core.webui.keyword.WebUiBuiltInKeywords.click(WebUiBuiltInKeywords.groovy:620)
	at com.kms.katalon.core.webui.keyword.WebUiBuiltInKeywords$click$5.call(Unknown Source)
	at 13.1.1-Listado_de_personas.run(13.1.1-Listado_de_personas:75)
	at com.kms.katalon.core.main.ScriptEngine.run(ScriptEngine.java:194)
	at com.kms.katalon.core.main.ScriptEngine.runScriptAsRawText(ScriptEngine.java:119)
	at com.kms.katalon.core.main.TestCaseExecutor.runScript(TestCaseExecutor.java:442)
	at com.kms.katalon.core.main.TestCaseExecutor.doExecute(TestCaseExecutor.java:433)
	at com.kms.katalon.core.main.TestCaseExecutor.processExecutionPhase(TestCaseExecutor.java:412)
	at com.kms.katalon.core.main.TestCaseExecutor.accessMainPhase(TestCaseExecutor.java:404)
	at com.kms.katalon.core.main.TestCaseExecutor.execute(TestCaseExecutor.java:281)
	at com.kms.katalon.core.main.TestSuiteExecutor.accessTestCaseMainPhase(TestSuiteExecutor.java:202)
	at com.kms.katalon.core.main.TestSuiteExecutor.accessTestSuiteMainPhase(TestSuiteExecutor.java:164)
	at com.kms.katalon.core.main.TestSuiteExecutor.execute(TestSuiteExecutor.java:105)
	at com.kms.katalon.core.main.TestCaseMain.startTestSuite(TestCaseMain.java:185)
	at com.kms.katalon.core.main.TestCaseMain$startTestSuite$0.call(Unknown Source)
	at TempTestSuite1646167708024.run(TempTestSuite1646167708024.groovy:36)
Caused by: org.openqa.selenium.ElementClickInterceptedException: element click intercepted: Element &lt;a id=&quot;Idform_persona_menu:j_idt109:j_idt114&quot; href=&quot;#&quot; class=&quot;ui-commandlink ui-widget&quot; onclick=&quot;PrimeFaces.ab({s:&amp;quot;Idform_persona_menu:j_idt109:j_idt114&amp;quot;,f:&amp;quot;Idform_persona_menu&amp;quot;,u:&amp;quot;areaAplicacion&amp;quot;,onco:function(xhr,status,args,data){resizeWindow();;}});return false;&quot;>...&lt;/a> is not clickable at point (159, 364). Other element would receive the click: &lt;div id=&quot;popupErrorDialog:dialog_popupFoto_modal&quot; class=&quot;ui-widget-overlay ui-dialog-mask&quot; style=&quot;z-index: 1014;&quot;>&lt;/div>
  (Session info: chrome=98.0.4758.102)
Build info: version: '3.141.59', revision: 'e82be7d358', time: '2018-11-14T08:25:53'
System info: host: 'US-AF-000371', ip: '192.168.56.1', os.name: 'Windows 10', os.arch: 'amd64', os.version: '10.0', java.version: '1.8.0_282'
Driver info: com.kms.katalon.selenium.driver.CChromeDriver
Capabilities {acceptInsecureCerts: false, browserName: chrome, browserVersion: 98.0.4758.102, chrome: {chromedriverVersion: 97.0.4692.36 (747e0a0f19c13..., userDataDir: C:\Users\DIEGO~1.ROJ\AppDat...}, goog:chromeOptions: {debuggerAddress: localhost:63707}, javascriptEnabled: true, networkConnectionEnabled: false, pageLoadStrategy: normal, platform: WINDOWS, platformName: WINDOWS, proxy: Proxy(), setWindowRect: true, strictFileInteractability: false, timeouts: {implicit: 0, pageLoad: 300000, script: 30000}, unhandledPromptBehavior: dismiss and notify, webauthn:extension:credBlob: true, webauthn:extension:largeBlob: true, webauthn:virtualAuthenticators: true}
Session ID: dcb0945e46236594074e295b815edb3f
	at org.openqa.selenium.remote.http.W3CHttpResponseCodec.createException(W3CHttpResponseCodec.java:187)
	at org.openqa.selenium.remote.http.W3CHttpResponseCodec.decode(W3CHttpResponseCodec.java:122)
	at org.openqa.selenium.remote.http.W3CHttpResponseCodec.decode(W3CHttpResponseCodec.java:49)
	at org.openqa.selenium.remote.HttpCommandExecutor.execute(HttpCommandExecutor.java:158)
	at org.openqa.selenium.remote.service.DriverCommandExecutor.execute(DriverCommandExecutor.java:83)
	at org.openqa.selenium.remote.RemoteWebDriver.execute(RemoteWebDriver.java:552)
	at com.kms.katalon.selenium.driver.CChromeDriver.execute(CChromeDriver.java:19)
	at org.openqa.selenium.remote.RemoteWebElement.execute(RemoteWebElement.java:285)
	at org.openqa.selenium.remote.RemoteWebElement.click(RemoteWebElement.java:84)
	at org.openqa.selenium.support.events.EventFiringWebDriver$EventFiringWebElement.lambda$new$0(EventFiringWebDriver.java:404)
	at com.sun.proxy.$Proxy11.click(Unknown Source)
	at org.openqa.selenium.support.events.EventFiringWebDriver$EventFiringWebElement.click(EventFiringWebDriver.java:417)
	at org.openqa.selenium.WebElement$click$0.call(Unknown Source)
	at com.kms.katalon.core.webui.keyword.builtin.ClickKeyword.clickUntilSuccessWithTimeout(ClickKeyword.groovy:81)
	at com.kms.katalon.core.webui.keyword.builtin.ClickKeyword.clickUntilSuccessWithTimeout(ClickKeyword.groovy)
	at com.kms.katalon.core.webui.keyword.builtin.ClickKeyword$_click_closure1.doCall(ClickKeyword.groovy:67)
	at com.kms.katalon.core.webui.keyword.builtin.ClickKeyword$_click_closure1.call(ClickKeyword.groovy)
	at com.kms.katalon.core.webui.keyword.internal.WebUIKeywordMain.runKeyword(WebUIKeywordMain.groovy:20)
	... 19 more
"/>
         <system-out><![CDATA[2022-03-01 15:48:35 - [TEST_CASE][FAILED] - Test Cases/13.1-Pruebas_control_tiempos/13.1.1-Listado_de_personas: Test Cases/13.1-Pruebas_control_tiempos/13.1.1-Listado_de_personas FAILED.
Reason:
com.kms.katalon.core.exception.StepFailedException: Unable to click on object 'Object Repository/Modulo control tiempo/Listado de Personas/a_Regresar'
	at com.kms.katalon.core.webui.keyword.internal.WebUIKeywordMain.stepFailed(WebUIKeywordMain.groovy:64)
	at com.kms.katalon.core.webui.keyword.internal.WebUIKeywordMain.runKeyword(WebUIKeywordMain.groovy:26)
	at com.kms.katalon.core.webui.keyword.builtin.ClickKeyword.click(ClickKeyword.groovy:74)
	at com.kms.katalon.core.webui.keyword.builtin.ClickKeyword.execute(ClickKeyword.groovy:40)
	at com.kms.katalon.core.keyword.internal.KeywordExecutor.executeKeywordForPlatform(KeywordExecutor.groovy:74)
	at com.kms.katalon.core.webui.keyword.WebUiBuiltInKeywords.click(WebUiBuiltInKeywords.groovy:620)
	at com.kms.katalon.core.webui.keyword.WebUiBuiltInKeywords$click$5.call(Unknown Source)
	at 13.1.1-Listado_de_personas.run(13.1.1-Listado_de_personas:75)
	at com.kms.katalon.core.main.ScriptEngine.run(ScriptEngine.java:194)
	at com.kms.katalon.core.main.ScriptEngine.runScriptAsRawText(ScriptEngine.java:119)
	at com.kms.katalon.core.main.TestCaseExecutor.runScript(TestCaseExecutor.java:442)
	at com.kms.katalon.core.main.TestCaseExecutor.doExecute(TestCaseExecutor.java:433)
	at com.kms.katalon.core.main.TestCaseExecutor.processExecutionPhase(TestCaseExecutor.java:412)
	at com.kms.katalon.core.main.TestCaseExecutor.accessMainPhase(TestCaseExecutor.java:404)
	at com.kms.katalon.core.main.TestCaseExecutor.execute(TestCaseExecutor.java:281)
	at com.kms.katalon.core.main.TestSuiteExecutor.accessTestCaseMainPhase(TestSuiteExecutor.java:202)
	at com.kms.katalon.core.main.TestSuiteExecutor.accessTestSuiteMainPhase(TestSuiteExecutor.java:164)
	at com.kms.katalon.core.main.TestSuiteExecutor.execute(TestSuiteExecutor.java:105)
	at com.kms.katalon.core.main.TestCaseMain.startTestSuite(TestCaseMain.java:185)
	at com.kms.katalon.core.main.TestCaseMain$startTestSuite$0.call(Unknown Source)
	at TempTestSuite1646167708024.run(TempTestSuite1646167708024.groovy:36)
Caused by: org.openqa.selenium.ElementClickInterceptedException: element click intercepted: Element <a id="Idform_persona_menu:j_idt109:j_idt114" href="#" class="ui-commandlink ui-widget" onclick="PrimeFaces.ab({s:&quot;Idform_persona_menu:j_idt109:j_idt114&quot;,f:&quot;Idform_persona_menu&quot;,u:&quot;areaAplicacion&quot;,onco:function(xhr,status,args,data){resizeWindow();;}});return false;">...</a> is not clickable at point (159, 364). Other element would receive the click: <div id="popupErrorDialog:dialog_popupFoto_modal" class="ui-widget-overlay ui-dialog-mask" style="z-index: 1014;"></div>
  (Session info: chrome=98.0.4758.102)
Build info: version: '3.141.59', revision: 'e82be7d358', time: '2018-11-14T08:25:53'
System info: host: 'US-AF-000371', ip: '192.168.56.1', os.name: 'Windows 10', os.arch: 'amd64', os.version: '10.0', java.version: '1.8.0_282'
Driver info: com.kms.katalon.selenium.driver.CChromeDriver
Capabilities {acceptInsecureCerts: false, browserName: chrome, browserVersion: 98.0.4758.102, chrome: {chromedriverVersion: 97.0.4692.36 (747e0a0f19c13..., userDataDir: C:\Users\DIEGO~1.ROJ\AppDat...}, goog:chromeOptions: {debuggerAddress: localhost:63707}, javascriptEnabled: true, networkConnectionEnabled: false, pageLoadStrategy: normal, platform: WINDOWS, platformName: WINDOWS, proxy: Proxy(), setWindowRect: true, strictFileInteractability: false, timeouts: {implicit: 0, pageLoad: 300000, script: 30000}, unhandledPromptBehavior: dismiss and notify, webauthn:extension:credBlob: true, webauthn:extension:largeBlob: true, webauthn:virtualAuthenticators: true}
Session ID: dcb0945e46236594074e295b815edb3f
	at org.openqa.selenium.remote.http.W3CHttpResponseCodec.createException(W3CHttpResponseCodec.java:187)
	at org.openqa.selenium.remote.http.W3CHttpResponseCodec.decode(W3CHttpResponseCodec.java:122)
	at org.openqa.selenium.remote.http.W3CHttpResponseCodec.decode(W3CHttpResponseCodec.java:49)
	at org.openqa.selenium.remote.HttpCommandExecutor.execute(HttpCommandExecutor.java:158)
	at org.openqa.selenium.remote.service.DriverCommandExecutor.execute(DriverCommandExecutor.java:83)
	at org.openqa.selenium.remote.RemoteWebDriver.execute(RemoteWebDriver.java:552)
	at com.kms.katalon.selenium.driver.CChromeDriver.execute(CChromeDriver.java:19)
	at org.openqa.selenium.remote.RemoteWebElement.execute(RemoteWebElement.java:285)
	at org.openqa.selenium.remote.RemoteWebElement.click(RemoteWebElement.java:84)
	at org.openqa.selenium.support.events.EventFiringWebDriver$EventFiringWebElement.lambda$new$0(EventFiringWebDriver.java:404)
	at com.sun.proxy.$Proxy11.click(Unknown Source)
	at org.openqa.selenium.support.events.EventFiringWebDriver$EventFiringWebElement.click(EventFiringWebDriver.java:417)
	at org.openqa.selenium.WebElement$click$0.call(Unknown Source)
	at com.kms.katalon.core.webui.keyword.builtin.ClickKeyword.clickUntilSuccessWithTimeout(ClickKeyword.groovy:81)
	at com.kms.katalon.core.webui.keyword.builtin.ClickKeyword.clickUntilSuccessWithTimeout(ClickKeyword.groovy)
	at com.kms.katalon.core.webui.keyword.builtin.ClickKeyword$_click_closure1.doCall(ClickKeyword.groovy:67)
	at com.kms.katalon.core.webui.keyword.builtin.ClickKeyword$_click_closure1.call(ClickKeyword.groovy)
	at com.kms.katalon.core.webui.keyword.internal.WebUIKeywordMain.runKeyword(WebUIKeywordMain.groovy:20)
	... 19 more


2022-03-01 15:48:36 - [TEST_STEP][PASSED] - callTestCase(findTestCase("0.1-Login"), [:], STOP_ON_FAILURE): Call Test Case 'Test Cases/0.1-Login' successfully

2022-03-01 15:48:36 - [TEST_CASE][PASSED] - Test Cases/0.1-Login: Test Cases/0.1-Login

2022-03-01 15:48:36 - [TEST_STEP][PASSED] - openBrowser(""): Browser is opened with url: ''

2022-03-01 15:48:37 - [MESSAGE][INFO] - Starting 'Chrome' driver

2022-03-01 15:48:37 - [MESSAGE][INFO] - Action delay is set to 0 milliseconds

2022-03-01 15:48:39 - [MESSAGE][PASSED] - Browser is opened with url: ''

2022-03-01 15:48:39 - [TEST_STEP][PASSED] - maximizeWindow(): Current window maximized

2022-03-01 15:48:39 - [MESSAGE][PASSED] - Current window maximized

2022-03-01 15:48:39 - [TEST_STEP][PASSED] - i = G_Login: null

2022-03-01 15:48:39 - [TEST_STEP][PASSED] - url = new java.net.URL(i): null

2022-03-01 15:48:39 - [TEST_STEP][PASSED] - println("URL: " + url.toString()): null

2022-03-01 15:48:39 - [TEST_STEP][PASSED] - connection = url.openConnection(): null

2022-03-01 15:48:39 - [TEST_STEP][PASSED] - connection.setRequestMethod("GET"): null

2022-03-01 15:48:39 - [TEST_STEP][PASSED] - connection.setReadTimeout(2 * 1000): null

2022-03-01 15:48:39 - [TEST_STEP][PASSED] - try: null

2022-03-01 15:48:39 - [TEST_STEP][PASSED] - connection.connect(): null

2022-03-01 15:48:39 - [TEST_STEP][PASSED] - flag = connected: null

2022-03-01 15:48:39 - [TEST_STEP][PASSED] - println("Valor_ori: " + flag): null

2022-03-01 15:48:39 - [TEST_STEP][PASSED] - if (flag): null

2022-03-01 15:48:39 - [TEST_STEP][PASSED] - navigateToUrl(i): Navigate to 'http://192.168.2.80:8380/saraweb' successfully

2022-03-01 15:48:40 - [MESSAGE][PASSED] - Navigate to 'http://192.168.2.80:8380/saraweb' successfully

2022-03-01 15:48:40 - [TEST_STEP][PASSED] - a(): null

2022-03-01 15:48:40 - [TEST_STEP][PASSED] - setText(findTestObject("Login/input_USUARIO_loginusuario"), G_Usuario): Text 'saraadmin' is set on object 'Object Repository/Login/input_USUARIO_loginusuario'

2022-03-01 15:48:41 - [MESSAGE][PASSED] - Text 'saraadmin' is set on object 'Object Repository/Login/input_USUARIO_loginusuario'

2022-03-01 15:48:41 - [TEST_STEP][PASSED] - setEncryptedText(findTestObject("Login/input_CLAVE_loginpassword"), "MkG4/TYiCFC3cb2driP7+Q=="): Text ****** has been set on object 'Object Repository/Login/input_CLAVE_loginpassword'

2022-03-01 15:48:41 - [MESSAGE][PASSED] - Text ****** has been set on object 'Object Repository/Login/input_CLAVE_loginpassword'

2022-03-01 15:48:41 - [TEST_STEP][PASSED] - waitForElementClickable(findTestObject("Login/a_Ingresar"), G_TimeOut): Object 'Object Repository/Login/a_Ingresar' is clickable

2022-03-01 15:48:42 - [MESSAGE][PASSED] - Object 'Object Repository/Login/a_Ingresar' is clickable

2022-03-01 15:48:42 - [TEST_STEP][PASSED] - click(findTestObject("Login/a_Ingresar")): Object: 'Object Repository/Login/a_Ingresar' is clicked on

2022-03-01 15:48:45 - [MESSAGE][PASSED] - Object: 'Object Repository/Login/a_Ingresar' is clicked on

2022-03-01 15:48:45 - [TEST_STEP][PASSED] - element = findWebElement(findTestObject("Login/a_Ir"), 30): null

2022-03-01 15:48:45 - [TEST_STEP][PASSED] - executeJavaScript("arguments[0].click()", Arrays.asList(element)): Execute JavaScript 'arguments[0].click()' successfully

2022-03-01 15:48:45 - [MESSAGE][PASSED] - Execute JavaScript 'arguments[0].click()' successfully

2022-03-01 15:48:45 - [MESSAGE][PASSED] - Call Test Case 'Test Cases/0.1-Login' successfully

2022-03-01 15:48:45 - [TEST_STEP][PASSED] - setText(findTestObject("Modulo control tiempo/Listado de Personas/input_Empresa 1_form_templatej_idt24_input"), "Listado Persona"): Text 'Listado Persona' is set on object 'Object Repository/Modulo control tiempo/Listado de Personas/input_Empresa 1_form_templatej_idt24_input'

2022-03-01 15:48:46 - [MESSAGE][PASSED] - Text 'Listado Persona' is set on object 'Object Repository/Modulo control tiempo/Listado de Personas/input_Empresa 1_form_templatej_idt24_input'

2022-03-01 15:48:46 - [TEST_STEP][PASSED] - click(findTestObject("Modulo control tiempo/Listado de Personas/span_Listado Persona")): Object: 'Object Repository/Modulo control tiempo/Listado de Personas/span_Listado Persona' is clicked on

2022-03-01 15:48:48 - [MESSAGE][PASSED] - Object: 'Object Repository/Modulo control tiempo/Listado de Personas/span_Listado Persona' is clicked on

2022-03-01 15:48:48 - [TEST_STEP][PASSED] - if (waitForElementVisible(findTestObject("Modulo control tiempo/Listado de Personas/td_1010220596"), 1)): null

2022-03-01 15:48:50 - [MESSAGE][PASSED] - Object 'Object Repository/Modulo control tiempo/Listado de Personas/td_1010220596' is visible

2022-03-01 15:48:50 - [TEST_STEP][PASSED] - click(findTestObject("Modulo control tiempo/Listado de Personas/td_1010220596")): Object: 'Object Repository/Modulo control tiempo/Listado de Personas/td_1010220596' is clicked on

2022-03-01 15:48:50 - [MESSAGE][PASSED] - Object: 'Object Repository/Modulo control tiempo/Listado de Personas/td_1010220596' is clicked on

2022-03-01 15:48:50 - [TEST_STEP][PASSED] - click(findTestObject("Modulo control tiempo/Listado de Personas/a_Reloj")): Object: 'Object Repository/Modulo control tiempo/Listado de Personas/a_Reloj' is clicked on

2022-03-01 15:48:51 - [MESSAGE][PASSED] - Object: 'Object Repository/Modulo control tiempo/Listado de Personas/a_Reloj' is clicked on

2022-03-01 15:48:51 - [TEST_STEP][PASSED] - if (waitForElementVisible(findTestObject("Modulo control tiempo/Listado de Personas/td_20210701 1800_eliminar reloj"), 1)): Web element with id: 'Object Repository/Modulo control tiempo/Listado de Personas/td_20210701 1800_eliminar reloj' located by '//*/text()[normalize-space(.)='2021/07/01 18:00']/parent::*' not found

2022-03-01 15:48:53 - [MESSAGE][INFO] - Unable to find the element located by 'By.xpath: //*/text()[normalize-space(.)='2021/07/01 18:00']/parent::*'. Please recheck the objects properties to make sure the desired element is located. 

2022-03-01 15:48:53 - [MESSAGE][WARNING] - Web element with id: 'Object Repository/Modulo control tiempo/Listado de Personas/td_20210701 1800_eliminar reloj' located by '//*/text()[normalize-space(.)='2021/07/01 18:00']/parent::*' not found

2022-03-01 15:48:53 - [TEST_STEP][PASSED] - click(findTestObject("Modulo control tiempo/Listado de Personas/a_Programacin")): Object: 'Object Repository/Modulo control tiempo/Listado de Personas/a_Programacin' is clicked on

2022-03-01 15:48:53 - [MESSAGE][PASSED] - Object: 'Object Repository/Modulo control tiempo/Listado de Personas/a_Programacin' is clicked on

2022-03-01 15:48:53 - [TEST_STEP][PASSED] - if (waitForElementVisible(findTestObject("Modulo control tiempo/Listado de Personas/td_Circular_Programacion1"), 1)): Web element with id: 'Object Repository/Modulo control tiempo/Listado de Personas/td_Circular_Programacion1' located by '//*/text()[normalize-space(.)='Circular']/parent::*' not found

2022-03-01 15:48:56 - [MESSAGE][INFO] - Unable to find the element located by 'By.xpath: //*/text()[normalize-space(.)='Circular']/parent::*'. Please recheck the objects properties to make sure the desired element is located. 

2022-03-01 15:48:56 - [MESSAGE][WARNING] - Web element with id: 'Object Repository/Modulo control tiempo/Listado de Personas/td_Circular_Programacion1' located by '//*/text()[normalize-space(.)='Circular']/parent::*' not found

2022-03-01 15:48:56 - [TEST_STEP][PASSED] - if (waitForElementVisible(findTestObject("Modulo control tiempo/Listado de Personas/td_Horario Predefinido_Programacion2"), 1)): Web element with id: 'Object Repository/Modulo control tiempo/Listado de Personas/td_Horario Predefinido_Programacion2' located by '//*/text()[normalize-space(.)='Horario Predefinido']/parent::*' not found

2022-03-01 15:48:58 - [MESSAGE][INFO] - Unable to find the element located by 'By.xpath: //*/text()[normalize-space(.)='Horario Predefinido']/parent::*'. Please recheck the objects properties to make sure the desired element is located. 

2022-03-01 15:48:58 - [MESSAGE][WARNING] - Web element with id: 'Object Repository/Modulo control tiempo/Listado de Personas/td_Horario Predefinido_Programacion2' located by '//*/text()[normalize-space(.)='Horario Predefinido']/parent::*' not found

2022-03-01 15:48:58 - [TEST_STEP][PASSED] - if (waitForElementVisible(findTestObject("Modulo control tiempo/Listado de Personas/td_Horario Predefinido_Programacion2"), 1)): Web element with id: 'Object Repository/Modulo control tiempo/Listado de Personas/td_Horario Predefinido_Programacion2' located by '//*/text()[normalize-space(.)='Horario Predefinido']/parent::*' not found

2022-03-01 15:49:00 - [MESSAGE][INFO] - Unable to find the element located by 'By.xpath: //*/text()[normalize-space(.)='Horario Predefinido']/parent::*'. Please recheck the objects properties to make sure the desired element is located. 

2022-03-01 15:49:00 - [MESSAGE][WARNING] - Web element with id: 'Object Repository/Modulo control tiempo/Listado de Personas/td_Horario Predefinido_Programacion2' located by '//*/text()[normalize-space(.)='Horario Predefinido']/parent::*' not found

2022-03-01 15:49:00 - [TEST_STEP][PASSED] - click(findTestObject("Modulo control tiempo/Listado de Personas/a_Persona")): Object: 'Object Repository/Modulo control tiempo/Listado de Personas/a_Persona' is clicked on

2022-03-01 15:49:00 - [MESSAGE][PASSED] - Object: 'Object Repository/Modulo control tiempo/Listado de Personas/a_Persona' is clicked on

2022-03-01 15:49:00 - [TEST_STEP][PASSED] - click(findTestObject("Modulo control tiempo/Listado de Personas/a_Eliminar")): Object: 'Object Repository/Modulo control tiempo/Listado de Personas/a_Eliminar' is clicked on

2022-03-01 15:49:01 - [MESSAGE][PASSED] - Object: 'Object Repository/Modulo control tiempo/Listado de Personas/a_Eliminar' is clicked on

2022-03-01 15:49:01 - [TEST_STEP][PASSED] - click(findTestObject("Modulo control tiempo/Listado de Personas/a_Aceptar")): Object: 'Object Repository/Modulo control tiempo/Listado de Personas/a_Aceptar' is clicked on

2022-03-01 15:49:02 - [MESSAGE][PASSED] - Object: 'Object Repository/Modulo control tiempo/Listado de Personas/a_Aceptar' is clicked on

2022-03-01 15:49:02 - [TEST_STEP][FAILED] - click(findTestObject("Modulo control tiempo/Listado de Personas/a_Regresar")): Unable to click on object 'Object Repository/Modulo control tiempo/Listado de Personas/a_Regresar' (Root cause: com.kms.katalon.core.exception.StepFailedException: Unable to click on object 'Object Repository/Modulo control tiempo/Listado de Personas/a_Regresar'
	at com.kms.katalon.core.webui.keyword.internal.WebUIKeywordMain.stepFailed(WebUIKeywordMain.groovy:64)
	at com.kms.katalon.core.webui.keyword.internal.WebUIKeywordMain.runKeyword(WebUIKeywordMain.groovy:26)
	at com.kms.katalon.core.webui.keyword.builtin.ClickKeyword.click(ClickKeyword.groovy:74)
	at com.kms.katalon.core.webui.keyword.builtin.ClickKeyword.execute(ClickKeyword.groovy:40)
	at com.kms.katalon.core.keyword.internal.KeywordExecutor.executeKeywordForPlatform(KeywordExecutor.groovy:74)
	at com.kms.katalon.core.webui.keyword.WebUiBuiltInKeywords.click(WebUiBuiltInKeywords.groovy:620)
	at com.kms.katalon.core.webui.keyword.WebUiBuiltInKeywords$click$5.call(Unknown Source)
	at 13.1.1-Listado_de_personas.run(13.1.1-Listado_de_personas:75)
	at com.kms.katalon.core.main.ScriptEngine.run(ScriptEngine.java:194)
	at com.kms.katalon.core.main.ScriptEngine.runScriptAsRawText(ScriptEngine.java:119)
	at com.kms.katalon.core.main.TestCaseExecutor.runScript(TestCaseExecutor.java:442)
	at com.kms.katalon.core.main.TestCaseExecutor.doExecute(TestCaseExecutor.java:433)
	at com.kms.katalon.core.main.TestCaseExecutor.processExecutionPhase(TestCaseExecutor.java:412)
	at com.kms.katalon.core.main.TestCaseExecutor.accessMainPhase(TestCaseExecutor.java:404)
	at com.kms.katalon.core.main.TestCaseExecutor.execute(TestCaseExecutor.java:281)
	at com.kms.katalon.core.main.TestSuiteExecutor.accessTestCaseMainPhase(TestSuiteExecutor.java:202)
	at com.kms.katalon.core.main.TestSuiteExecutor.accessTestSuiteMainPhase(TestSuiteExecutor.java:164)
	at com.kms.katalon.core.main.TestSuiteExecutor.execute(TestSuiteExecutor.java:105)
	at com.kms.katalon.core.main.TestCaseMain.startTestSuite(TestCaseMain.java:185)
	at com.kms.katalon.core.main.TestCaseMain$startTestSuite$0.call(Unknown Source)
	at TempTestSuite1646167708024.run(TempTestSuite1646167708024.groovy:36)
Caused by: org.openqa.selenium.ElementClickInterceptedException: element click intercepted: Element <a id="Idform_persona_menu:j_idt109:j_idt114" href="#" class="ui-commandlink ui-widget" onclick="PrimeFaces.ab({s:&quot;Idform_persona_menu:j_idt109:j_idt114&quot;,f:&quot;Idform_persona_menu&quot;,u:&quot;areaAplicacion&quot;,onco:function(xhr,status,args,data){resizeWindow();;}});return false;">...</a> is not clickable at point (159, 364). Other element would receive the click: <div id="popupErrorDialog:dialog_popupFoto_modal" class="ui-widget-overlay ui-dialog-mask" style="z-index: 1014;"></div>
  (Session info: chrome=98.0.4758.102)
Build info: version: '3.141.59', revision: 'e82be7d358', time: '2018-11-14T08:25:53'
System info: host: 'US-AF-000371', ip: '192.168.56.1', os.name: 'Windows 10', os.arch: 'amd64', os.version: '10.0', java.version: '1.8.0_282'
Driver info: com.kms.katalon.selenium.driver.CChromeDriver
Capabilities {acceptInsecureCerts: false, browserName: chrome, browserVersion: 98.0.4758.102, chrome: {chromedriverVersion: 97.0.4692.36 (747e0a0f19c13..., userDataDir: C:\Users\DIEGO~1.ROJ\AppDat...}, goog:chromeOptions: {debuggerAddress: localhost:63707}, javascriptEnabled: true, networkConnectionEnabled: false, pageLoadStrategy: normal, platform: WINDOWS, platformName: WINDOWS, proxy: Proxy(), setWindowRect: true, strictFileInteractability: false, timeouts: {implicit: 0, pageLoad: 300000, script: 30000}, unhandledPromptBehavior: dismiss and notify, webauthn:extension:credBlob: true, webauthn:extension:largeBlob: true, webauthn:virtualAuthenticators: true}
Session ID: dcb0945e46236594074e295b815edb3f
	at org.openqa.selenium.remote.http.W3CHttpResponseCodec.createException(W3CHttpResponseCodec.java:187)
	at org.openqa.selenium.remote.http.W3CHttpResponseCodec.decode(W3CHttpResponseCodec.java:122)
	at org.openqa.selenium.remote.http.W3CHttpResponseCodec.decode(W3CHttpResponseCodec.java:49)
	at org.openqa.selenium.remote.HttpCommandExecutor.execute(HttpCommandExecutor.java:158)
	at org.openqa.selenium.remote.service.DriverCommandExecutor.execute(DriverCommandExecutor.java:83)
	at org.openqa.selenium.remote.RemoteWebDriver.execute(RemoteWebDriver.java:552)
	at com.kms.katalon.selenium.driver.CChromeDriver.execute(CChromeDriver.java:19)
	at org.openqa.selenium.remote.RemoteWebElement.execute(RemoteWebElement.java:285)
	at org.openqa.selenium.remote.RemoteWebElement.click(RemoteWebElement.java:84)
	at org.openqa.selenium.support.events.EventFiringWebDriver$EventFiringWebElement.lambda$new$0(EventFiringWebDriver.java:404)
	at com.sun.proxy.$Proxy11.click(Unknown Source)
	at org.openqa.selenium.support.events.EventFiringWebDriver$EventFiringWebElement.click(EventFiringWebDriver.java:417)
	at org.openqa.selenium.WebElement$click$0.call(Unknown Source)
	at com.kms.katalon.core.webui.keyword.builtin.ClickKeyword.clickUntilSuccessWithTimeout(ClickKeyword.groovy:81)
	at com.kms.katalon.core.webui.keyword.builtin.ClickKeyword.clickUntilSuccessWithTimeout(ClickKeyword.groovy)
	at com.kms.katalon.core.webui.keyword.builtin.ClickKeyword$_click_closure1.doCall(ClickKeyword.groovy:67)
	at com.kms.katalon.core.webui.keyword.builtin.ClickKeyword$_click_closure1.call(ClickKeyword.groovy)
	at com.kms.katalon.core.webui.keyword.internal.WebUIKeywordMain.runKeyword(WebUIKeywordMain.groovy:20)
	at com.kms.katalon.core.webui.keyword.builtin.ClickKeyword.click(ClickKeyword.groovy:74)
	at com.kms.katalon.core.webui.keyword.builtin.ClickKeyword.execute(ClickKeyword.groovy:40)
	at com.kms.katalon.core.keyword.internal.KeywordExecutor.executeKeywordForPlatform(KeywordExecutor.groovy:74)
	at com.kms.katalon.core.webui.keyword.WebUiBuiltInKeywords.click(WebUiBuiltInKeywords.groovy:620)
	at com.kms.katalon.core.webui.keyword.WebUiBuiltInKeywords$click$5.call(Unknown Source)
	at Script1644932845669.run(Script1644932845669.groovy:75)
	... 13 more
)

2022-03-01 15:49:36 - [MESSAGE][FAILED] - Unable to click on object 'Object Repository/Modulo control tiempo/Listado de Personas/a_Regresar' (Root cause: com.kms.katalon.core.exception.StepFailedException: Unable to click on object 'Object Repository/Modulo control tiempo/Listado de Personas/a_Regresar'
	at com.kms.katalon.core.webui.keyword.internal.WebUIKeywordMain.stepFailed(WebUIKeywordMain.groovy:64)
	at com.kms.katalon.core.webui.keyword.internal.WebUIKeywordMain.runKeyword(WebUIKeywordMain.groovy:26)
	at com.kms.katalon.core.webui.keyword.builtin.ClickKeyword.click(ClickKeyword.groovy:74)
	at com.kms.katalon.core.webui.keyword.builtin.ClickKeyword.execute(ClickKeyword.groovy:40)
	at com.kms.katalon.core.keyword.internal.KeywordExecutor.executeKeywordForPlatform(KeywordExecutor.groovy:74)
	at com.kms.katalon.core.webui.keyword.WebUiBuiltInKeywords.click(WebUiBuiltInKeywords.groovy:620)
	at com.kms.katalon.core.webui.keyword.WebUiBuiltInKeywords$click$5.call(Unknown Source)
	at 13.1.1-Listado_de_personas.run(13.1.1-Listado_de_personas:75)
	at com.kms.katalon.core.main.ScriptEngine.run(ScriptEngine.java:194)
	at com.kms.katalon.core.main.ScriptEngine.runScriptAsRawText(ScriptEngine.java:119)
	at com.kms.katalon.core.main.TestCaseExecutor.runScript(TestCaseExecutor.java:442)
	at com.kms.katalon.core.main.TestCaseExecutor.doExecute(TestCaseExecutor.java:433)
	at com.kms.katalon.core.main.TestCaseExecutor.processExecutionPhase(TestCaseExecutor.java:412)
	at com.kms.katalon.core.main.TestCaseExecutor.accessMainPhase(TestCaseExecutor.java:404)
	at com.kms.katalon.core.main.TestCaseExecutor.execute(TestCaseExecutor.java:281)
	at com.kms.katalon.core.main.TestSuiteExecutor.accessTestCaseMainPhase(TestSuiteExecutor.java:202)
	at com.kms.katalon.core.main.TestSuiteExecutor.accessTestSuiteMainPhase(TestSuiteExecutor.java:164)
	at com.kms.katalon.core.main.TestSuiteExecutor.execute(TestSuiteExecutor.java:105)
	at com.kms.katalon.core.main.TestCaseMain.startTestSuite(TestCaseMain.java:185)
	at com.kms.katalon.core.main.TestCaseMain$startTestSuite$0.call(Unknown Source)
	at TempTestSuite1646167708024.run(TempTestSuite1646167708024.groovy:36)
Caused by: org.openqa.selenium.ElementClickInterceptedException: element click intercepted: Element <a id="Idform_persona_menu:j_idt109:j_idt114" href="#" class="ui-commandlink ui-widget" onclick="PrimeFaces.ab({s:&quot;Idform_persona_menu:j_idt109:j_idt114&quot;,f:&quot;Idform_persona_menu&quot;,u:&quot;areaAplicacion&quot;,onco:function(xhr,status,args,data){resizeWindow();;}});return false;">...</a> is not clickable at point (159, 364). Other element would receive the click: <div id="popupErrorDialog:dialog_popupFoto_modal" class="ui-widget-overlay ui-dialog-mask" style="z-index: 1014;"></div>
  (Session info: chrome=98.0.4758.102)
Build info: version: '3.141.59', revision: 'e82be7d358', time: '2018-11-14T08:25:53'
System info: host: 'US-AF-000371', ip: '192.168.56.1', os.name: 'Windows 10', os.arch: 'amd64', os.version: '10.0', java.version: '1.8.0_282'
Driver info: com.kms.katalon.selenium.driver.CChromeDriver
Capabilities {acceptInsecureCerts: false, browserName: chrome, browserVersion: 98.0.4758.102, chrome: {chromedriverVersion: 97.0.4692.36 (747e0a0f19c13..., userDataDir: C:\Users\DIEGO~1.ROJ\AppDat...}, goog:chromeOptions: {debuggerAddress: localhost:63707}, javascriptEnabled: true, networkConnectionEnabled: false, pageLoadStrategy: normal, platform: WINDOWS, platformName: WINDOWS, proxy: Proxy(), setWindowRect: true, strictFileInteractability: false, timeouts: {implicit: 0, pageLoad: 300000, script: 30000}, unhandledPromptBehavior: dismiss and notify, webauthn:extension:credBlob: true, webauthn:extension:largeBlob: true, webauthn:virtualAuthenticators: true}
Session ID: dcb0945e46236594074e295b815edb3f
	at org.openqa.selenium.remote.http.W3CHttpResponseCodec.createException(W3CHttpResponseCodec.java:187)
	at org.openqa.selenium.remote.http.W3CHttpResponseCodec.decode(W3CHttpResponseCodec.java:122)
	at org.openqa.selenium.remote.http.W3CHttpResponseCodec.decode(W3CHttpResponseCodec.java:49)
	at org.openqa.selenium.remote.HttpCommandExecutor.execute(HttpCommandExecutor.java:158)
	at org.openqa.selenium.remote.service.DriverCommandExecutor.execute(DriverCommandExecutor.java:83)
	at org.openqa.selenium.remote.RemoteWebDriver.execute(RemoteWebDriver.java:552)
	at com.kms.katalon.selenium.driver.CChromeDriver.execute(CChromeDriver.java:19)
	at org.openqa.selenium.remote.RemoteWebElement.execute(RemoteWebElement.java:285)
	at org.openqa.selenium.remote.RemoteWebElement.click(RemoteWebElement.java:84)
	at org.openqa.selenium.support.events.EventFiringWebDriver$EventFiringWebElement.lambda$new$0(EventFiringWebDriver.java:404)
	at com.sun.proxy.$Proxy11.click(Unknown Source)
	at org.openqa.selenium.support.events.EventFiringWebDriver$EventFiringWebElement.click(EventFiringWebDriver.java:417)
	at org.openqa.selenium.WebElement$click$0.call(Unknown Source)
	at com.kms.katalon.core.webui.keyword.builtin.ClickKeyword.clickUntilSuccessWithTimeout(ClickKeyword.groovy:81)
	at com.kms.katalon.core.webui.keyword.builtin.ClickKeyword.clickUntilSuccessWithTimeout(ClickKeyword.groovy)
	at com.kms.katalon.core.webui.keyword.builtin.ClickKeyword$_click_closure1.doCall(ClickKeyword.groovy:67)
	at com.kms.katalon.core.webui.keyword.builtin.ClickKeyword$_click_closure1.call(ClickKeyword.groovy)
	at com.kms.katalon.core.webui.keyword.internal.WebUIKeywordMain.runKeyword(WebUIKeywordMain.groovy:20)
	at com.kms.katalon.core.webui.keyword.builtin.ClickKeyword.click(ClickKeyword.groovy:74)
	at com.kms.katalon.core.webui.keyword.builtin.ClickKeyword.execute(ClickKeyword.groovy:40)
	at com.kms.katalon.core.keyword.internal.KeywordExecutor.executeKeywordForPlatform(KeywordExecutor.groovy:74)
	at com.kms.katalon.core.webui.keyword.WebUiBuiltInKeywords.click(WebUiBuiltInKeywords.groovy:620)
	at com.kms.katalon.core.webui.keyword.WebUiBuiltInKeywords$click$5.call(Unknown Source)
	at Script1644932845669.run(Script1644932845669.groovy:75)
	... 13 more
)
[[ATTACHMENT|C:\\Users\\diego.rojas\\git\\Pruebas-Minimas\\Reports\\20220301_154828\\13-Pruebas_Control_Tiempos\\20220301_154828\\1646167776584.png]]]]></system-out>
         <system-err><![CDATA[2022-03-01 15:48:35 - [TEST_CASE][FAILED] - Test Cases/13.1-Pruebas_control_tiempos/13.1.1-Listado_de_personas: Test Cases/13.1-Pruebas_control_tiempos/13.1.1-Listado_de_personas FAILED.
Reason:
com.kms.katalon.core.exception.StepFailedException: Unable to click on object 'Object Repository/Modulo control tiempo/Listado de Personas/a_Regresar'
	at com.kms.katalon.core.webui.keyword.internal.WebUIKeywordMain.stepFailed(WebUIKeywordMain.groovy:64)
	at com.kms.katalon.core.webui.keyword.internal.WebUIKeywordMain.runKeyword(WebUIKeywordMain.groovy:26)
	at com.kms.katalon.core.webui.keyword.builtin.ClickKeyword.click(ClickKeyword.groovy:74)
	at com.kms.katalon.core.webui.keyword.builtin.ClickKeyword.execute(ClickKeyword.groovy:40)
	at com.kms.katalon.core.keyword.internal.KeywordExecutor.executeKeywordForPlatform(KeywordExecutor.groovy:74)
	at com.kms.katalon.core.webui.keyword.WebUiBuiltInKeywords.click(WebUiBuiltInKeywords.groovy:620)
	at com.kms.katalon.core.webui.keyword.WebUiBuiltInKeywords$click$5.call(Unknown Source)
	at 13.1.1-Listado_de_personas.run(13.1.1-Listado_de_personas:75)
	at com.kms.katalon.core.main.ScriptEngine.run(ScriptEngine.java:194)
	at com.kms.katalon.core.main.ScriptEngine.runScriptAsRawText(ScriptEngine.java:119)
	at com.kms.katalon.core.main.TestCaseExecutor.runScript(TestCaseExecutor.java:442)
	at com.kms.katalon.core.main.TestCaseExecutor.doExecute(TestCaseExecutor.java:433)
	at com.kms.katalon.core.main.TestCaseExecutor.processExecutionPhase(TestCaseExecutor.java:412)
	at com.kms.katalon.core.main.TestCaseExecutor.accessMainPhase(TestCaseExecutor.java:404)
	at com.kms.katalon.core.main.TestCaseExecutor.execute(TestCaseExecutor.java:281)
	at com.kms.katalon.core.main.TestSuiteExecutor.accessTestCaseMainPhase(TestSuiteExecutor.java:202)
	at com.kms.katalon.core.main.TestSuiteExecutor.accessTestSuiteMainPhase(TestSuiteExecutor.java:164)
	at com.kms.katalon.core.main.TestSuiteExecutor.execute(TestSuiteExecutor.java:105)
	at com.kms.katalon.core.main.TestCaseMain.startTestSuite(TestCaseMain.java:185)
	at com.kms.katalon.core.main.TestCaseMain$startTestSuite$0.call(Unknown Source)
	at TempTestSuite1646167708024.run(TempTestSuite1646167708024.groovy:36)
Caused by: org.openqa.selenium.ElementClickInterceptedException: element click intercepted: Element <a id="Idform_persona_menu:j_idt109:j_idt114" href="#" class="ui-commandlink ui-widget" onclick="PrimeFaces.ab({s:&quot;Idform_persona_menu:j_idt109:j_idt114&quot;,f:&quot;Idform_persona_menu&quot;,u:&quot;areaAplicacion&quot;,onco:function(xhr,status,args,data){resizeWindow();;}});return false;">...</a> is not clickable at point (159, 364). Other element would receive the click: <div id="popupErrorDialog:dialog_popupFoto_modal" class="ui-widget-overlay ui-dialog-mask" style="z-index: 1014;"></div>
  (Session info: chrome=98.0.4758.102)
Build info: version: '3.141.59', revision: 'e82be7d358', time: '2018-11-14T08:25:53'
System info: host: 'US-AF-000371', ip: '192.168.56.1', os.name: 'Windows 10', os.arch: 'amd64', os.version: '10.0', java.version: '1.8.0_282'
Driver info: com.kms.katalon.selenium.driver.CChromeDriver
Capabilities {acceptInsecureCerts: false, browserName: chrome, browserVersion: 98.0.4758.102, chrome: {chromedriverVersion: 97.0.4692.36 (747e0a0f19c13..., userDataDir: C:\Users\DIEGO~1.ROJ\AppDat...}, goog:chromeOptions: {debuggerAddress: localhost:63707}, javascriptEnabled: true, networkConnectionEnabled: false, pageLoadStrategy: normal, platform: WINDOWS, platformName: WINDOWS, proxy: Proxy(), setWindowRect: true, strictFileInteractability: false, timeouts: {implicit: 0, pageLoad: 300000, script: 30000}, unhandledPromptBehavior: dismiss and notify, webauthn:extension:credBlob: true, webauthn:extension:largeBlob: true, webauthn:virtualAuthenticators: true}
Session ID: dcb0945e46236594074e295b815edb3f
	at org.openqa.selenium.remote.http.W3CHttpResponseCodec.createException(W3CHttpResponseCodec.java:187)
	at org.openqa.selenium.remote.http.W3CHttpResponseCodec.decode(W3CHttpResponseCodec.java:122)
	at org.openqa.selenium.remote.http.W3CHttpResponseCodec.decode(W3CHttpResponseCodec.java:49)
	at org.openqa.selenium.remote.HttpCommandExecutor.execute(HttpCommandExecutor.java:158)
	at org.openqa.selenium.remote.service.DriverCommandExecutor.execute(DriverCommandExecutor.java:83)
	at org.openqa.selenium.remote.RemoteWebDriver.execute(RemoteWebDriver.java:552)
	at com.kms.katalon.selenium.driver.CChromeDriver.execute(CChromeDriver.java:19)
	at org.openqa.selenium.remote.RemoteWebElement.execute(RemoteWebElement.java:285)
	at org.openqa.selenium.remote.RemoteWebElement.click(RemoteWebElement.java:84)
	at org.openqa.selenium.support.events.EventFiringWebDriver$EventFiringWebElement.lambda$new$0(EventFiringWebDriver.java:404)
	at com.sun.proxy.$Proxy11.click(Unknown Source)
	at org.openqa.selenium.support.events.EventFiringWebDriver$EventFiringWebElement.click(EventFiringWebDriver.java:417)
	at org.openqa.selenium.WebElement$click$0.call(Unknown Source)
	at com.kms.katalon.core.webui.keyword.builtin.ClickKeyword.clickUntilSuccessWithTimeout(ClickKeyword.groovy:81)
	at com.kms.katalon.core.webui.keyword.builtin.ClickKeyword.clickUntilSuccessWithTimeout(ClickKeyword.groovy)
	at com.kms.katalon.core.webui.keyword.builtin.ClickKeyword$_click_closure1.doCall(ClickKeyword.groovy:67)
	at com.kms.katalon.core.webui.keyword.builtin.ClickKeyword$_click_closure1.call(ClickKeyword.groovy)
	at com.kms.katalon.core.webui.keyword.internal.WebUIKeywordMain.runKeyword(WebUIKeywordMain.groovy:20)
	... 19 more]]></system-err>
      </testcase>
      <testcase name="Test Cases/13.1-Pruebas_control_tiempos/13.1.2-Sitios_de_Trabajo" time="16.199" classname="Test Cases/13.1-Pruebas_control_tiempos/13.1.2-Sitios_de_Trabajo" status="PASSED">
         <system-out><![CDATA[2022-03-01 15:49:36 - [TEST_CASE][PASSED] - Test Cases/13.1-Pruebas_control_tiempos/13.1.2-Sitios_de_Trabajo: Test Cases/13.1-Pruebas_control_tiempos/13.1.2-Sitios_de_Trabajo

2022-03-01 15:49:37 - [TEST_STEP][PASSED] - callTestCase(findTestCase("0.1-Login"), [:], STOP_ON_FAILURE): Call Test Case 'Test Cases/0.1-Login' successfully

2022-03-01 15:49:37 - [TEST_CASE][PASSED] - Test Cases/0.1-Login: Test Cases/0.1-Login

2022-03-01 15:49:37 - [TEST_STEP][PASSED] - openBrowser(""): Browser is opened with url: ''

2022-03-01 15:49:37 - [MESSAGE][WARNING] - A browser is already opened. Closing browser and opening a new one

2022-03-01 15:49:37 - [MESSAGE][INFO] - Starting 'Chrome' driver

2022-03-01 15:49:37 - [MESSAGE][INFO] - Action delay is set to 0 milliseconds

2022-03-01 15:49:39 - [MESSAGE][PASSED] - Browser is opened with url: ''

2022-03-01 15:49:39 - [TEST_STEP][PASSED] - maximizeWindow(): Current window maximized

2022-03-01 15:49:39 - [MESSAGE][PASSED] - Current window maximized

2022-03-01 15:49:39 - [TEST_STEP][PASSED] - i = G_Login: null

2022-03-01 15:49:39 - [TEST_STEP][PASSED] - url = new java.net.URL(i): null

2022-03-01 15:49:39 - [TEST_STEP][PASSED] - println("URL: " + url.toString()): null

2022-03-01 15:49:39 - [TEST_STEP][PASSED] - connection = url.openConnection(): null

2022-03-01 15:49:39 - [TEST_STEP][PASSED] - connection.setRequestMethod("GET"): null

2022-03-01 15:49:39 - [TEST_STEP][PASSED] - connection.setReadTimeout(2 * 1000): null

2022-03-01 15:49:39 - [TEST_STEP][PASSED] - try: null

2022-03-01 15:49:39 - [TEST_STEP][PASSED] - connection.connect(): null

2022-03-01 15:49:39 - [TEST_STEP][PASSED] - flag = connected: null

2022-03-01 15:49:39 - [TEST_STEP][PASSED] - println("Valor_ori: " + flag): null

2022-03-01 15:49:39 - [TEST_STEP][PASSED] - if (flag): null

2022-03-01 15:49:39 - [TEST_STEP][PASSED] - navigateToUrl(i): Navigate to 'http://192.168.2.80:8380/saraweb' successfully

2022-03-01 15:49:40 - [MESSAGE][PASSED] - Navigate to 'http://192.168.2.80:8380/saraweb' successfully

2022-03-01 15:49:40 - [TEST_STEP][PASSED] - a(): null

2022-03-01 15:49:40 - [TEST_STEP][PASSED] - setText(findTestObject("Login/input_USUARIO_loginusuario"), G_Usuario): Text 'saraadmin' is set on object 'Object Repository/Login/input_USUARIO_loginusuario'

2022-03-01 15:49:41 - [MESSAGE][PASSED] - Text 'saraadmin' is set on object 'Object Repository/Login/input_USUARIO_loginusuario'

2022-03-01 15:49:41 - [TEST_STEP][PASSED] - setEncryptedText(findTestObject("Login/input_CLAVE_loginpassword"), "MkG4/TYiCFC3cb2driP7+Q=="): Text ****** has been set on object 'Object Repository/Login/input_CLAVE_loginpassword'

2022-03-01 15:49:41 - [MESSAGE][PASSED] - Text ****** has been set on object 'Object Repository/Login/input_CLAVE_loginpassword'

2022-03-01 15:49:41 - [TEST_STEP][PASSED] - waitForElementClickable(findTestObject("Login/a_Ingresar"), G_TimeOut): Object 'Object Repository/Login/a_Ingresar' is clickable

2022-03-01 15:49:41 - [MESSAGE][PASSED] - Object 'Object Repository/Login/a_Ingresar' is clickable

2022-03-01 15:49:41 - [TEST_STEP][PASSED] - click(findTestObject("Login/a_Ingresar")): Object: 'Object Repository/Login/a_Ingresar' is clicked on

2022-03-01 15:49:44 - [MESSAGE][PASSED] - Object: 'Object Repository/Login/a_Ingresar' is clicked on

2022-03-01 15:49:44 - [TEST_STEP][PASSED] - element = findWebElement(findTestObject("Login/a_Ir"), 30): null

2022-03-01 15:49:44 - [TEST_STEP][PASSED] - executeJavaScript("arguments[0].click()", Arrays.asList(element)): Execute JavaScript 'arguments[0].click()' successfully

2022-03-01 15:49:45 - [MESSAGE][PASSED] - Execute JavaScript 'arguments[0].click()' successfully

2022-03-01 15:49:45 - [MESSAGE][PASSED] - Call Test Case 'Test Cases/0.1-Login' successfully

2022-03-01 15:49:45 - [TEST_STEP][PASSED] - setText(findTestObject("Modulo control tiempo/Sitios_de_Trabajo/input_Empresa 1_form_templatej_idt24_input"), "listado persona"): Text 'listado persona' is set on object 'Object Repository/Modulo control tiempo/Sitios_de_Trabajo/input_Empresa 1_form_templatej_idt24_input'

2022-03-01 15:49:46 - [MESSAGE][PASSED] - Text 'listado persona' is set on object 'Object Repository/Modulo control tiempo/Sitios_de_Trabajo/input_Empresa 1_form_templatej_idt24_input'

2022-03-01 15:49:46 - [TEST_STEP][PASSED] - click(findTestObject("Modulo control tiempo/Sitios_de_Trabajo/span_Listado Persona")): Object: 'Object Repository/Modulo control tiempo/Sitios_de_Trabajo/span_Listado Persona' is clicked on

2022-03-01 15:49:47 - [MESSAGE][PASSED] - Object: 'Object Repository/Modulo control tiempo/Sitios_de_Trabajo/span_Listado Persona' is clicked on

2022-03-01 15:49:47 - [TEST_STEP][PASSED] - click(findTestObject("Modulo control tiempo/Sitios_de_Trabajo/td_1010220596")): Object: 'Object Repository/Modulo control tiempo/Sitios_de_Trabajo/td_1010220596' is clicked on

2022-03-01 15:49:48 - [MESSAGE][PASSED] - Object: 'Object Repository/Modulo control tiempo/Sitios_de_Trabajo/td_1010220596' is clicked on

2022-03-01 15:49:48 - [TEST_STEP][PASSED] - click(findTestObject("Modulo control tiempo/Sitios_de_Trabajo/a_Sitios de Trabajo")): Object: 'Object Repository/Modulo control tiempo/Sitios_de_Trabajo/a_Sitios de Trabajo' is clicked on

2022-03-01 15:49:49 - [MESSAGE][PASSED] - Object: 'Object Repository/Modulo control tiempo/Sitios_de_Trabajo/a_Sitios de Trabajo' is clicked on

2022-03-01 15:49:49 - [TEST_STEP][PASSED] - click(findTestObject("Modulo control tiempo/Sitios_de_Trabajo/li_02-Sede Externo")): Object: 'Object Repository/Modulo control tiempo/Sitios_de_Trabajo/li_02-Sede Externo' is clicked on

2022-03-01 15:49:50 - [MESSAGE][PASSED] - Object: 'Object Repository/Modulo control tiempo/Sitios_de_Trabajo/li_02-Sede Externo' is clicked on

2022-03-01 15:49:50 - [TEST_STEP][PASSED] - if (waitForElementVisible(findTestObject("Modulo control tiempo/Sitios_de_Trabajo/td_9"), 1)): null

2022-03-01 15:49:51 - [MESSAGE][PASSED] - Object 'Object Repository/Modulo control tiempo/Sitios_de_Trabajo/td_9' is visible

2022-03-01 15:49:51 - [TEST_STEP][PASSED] - click(findTestObject("Modulo control tiempo/Sitios_de_Trabajo/td_9")): Object: 'Object Repository/Modulo control tiempo/Sitios_de_Trabajo/td_9' is clicked on

2022-03-01 15:49:51 - [MESSAGE][PASSED] - Object: 'Object Repository/Modulo control tiempo/Sitios_de_Trabajo/td_9' is clicked on

2022-03-01 15:49:51 - [TEST_STEP][PASSED] - element0 = findWebElement(findTestObject("Modulo control tiempo/Sitios_de_Trabajo/span_Add"), 30): null

2022-03-01 15:49:51 - [TEST_STEP][PASSED] - executeJavaScript("arguments[0].click()", Arrays.asList(element0)): Execute JavaScript 'arguments[0].click()' successfully

2022-03-01 15:49:51 - [MESSAGE][PASSED] - Execute JavaScript 'arguments[0].click()' successfully

2022-03-01 15:49:51 - [TEST_STEP][PASSED] - click(findTestObject("Modulo control tiempo/Sitios_de_Trabajo/span_Oficina")): Object: 'Object Repository/Modulo control tiempo/Sitios_de_Trabajo/span_Oficina' is clicked on

2022-03-01 15:49:52 - [MESSAGE][PASSED] - Object: 'Object Repository/Modulo control tiempo/Sitios_de_Trabajo/span_Oficina' is clicked on

2022-03-01 15:49:52 - [TEST_STEP][PASSED] - element = findWebElement(findTestObject("Modulo control tiempo/Sitios_de_Trabajo/span_Add"), 30): null

2022-03-01 15:49:52 - [TEST_STEP][PASSED] - executeJavaScript("arguments[0].click()", Arrays.asList(element)): Execute JavaScript 'arguments[0].click()' successfully

2022-03-01 15:49:52 - [MESSAGE][PASSED] - Execute JavaScript 'arguments[0].click()' successfully]]></system-out>
         <system-err><![CDATA[]]></system-err>
      </testcase>
      <testcase name="Test Cases/13.1-Pruebas_control_tiempos/13.1.4-Jornada" time="17.831" classname="Test Cases/13.1-Pruebas_control_tiempos/13.1.4-Jornada" status="PASSED">
         <system-out><![CDATA[2022-03-01 15:49:52 - [TEST_CASE][PASSED] - Test Cases/13.1-Pruebas_control_tiempos/13.1.4-Jornada: Test Cases/13.1-Pruebas_control_tiempos/13.1.4-Jornada

2022-03-01 15:49:53 - [TEST_STEP][PASSED] - callTestCase(findTestCase("0.1-Login"), [:], STOP_ON_FAILURE): Call Test Case 'Test Cases/0.1-Login' successfully

2022-03-01 15:49:53 - [TEST_CASE][PASSED] - Test Cases/0.1-Login: Test Cases/0.1-Login

2022-03-01 15:49:53 - [TEST_STEP][PASSED] - openBrowser(""): Browser is opened with url: ''

2022-03-01 15:49:53 - [MESSAGE][WARNING] - A browser is already opened. Closing browser and opening a new one

2022-03-01 15:49:54 - [MESSAGE][INFO] - Starting 'Chrome' driver

2022-03-01 15:49:54 - [MESSAGE][INFO] - Action delay is set to 0 milliseconds

2022-03-01 15:49:55 - [MESSAGE][PASSED] - Browser is opened with url: ''

2022-03-01 15:49:55 - [TEST_STEP][PASSED] - maximizeWindow(): Current window maximized

2022-03-01 15:49:55 - [MESSAGE][PASSED] - Current window maximized

2022-03-01 15:49:55 - [TEST_STEP][PASSED] - i = G_Login: null

2022-03-01 15:49:55 - [TEST_STEP][PASSED] - url = new java.net.URL(i): null

2022-03-01 15:49:55 - [TEST_STEP][PASSED] - println("URL: " + url.toString()): null

2022-03-01 15:49:55 - [TEST_STEP][PASSED] - connection = url.openConnection(): null

2022-03-01 15:49:55 - [TEST_STEP][PASSED] - connection.setRequestMethod("GET"): null

2022-03-01 15:49:55 - [TEST_STEP][PASSED] - connection.setReadTimeout(2 * 1000): null

2022-03-01 15:49:55 - [TEST_STEP][PASSED] - try: null

2022-03-01 15:49:55 - [TEST_STEP][PASSED] - connection.connect(): null

2022-03-01 15:49:55 - [TEST_STEP][PASSED] - flag = connected: null

2022-03-01 15:49:55 - [TEST_STEP][PASSED] - println("Valor_ori: " + flag): null

2022-03-01 15:49:55 - [TEST_STEP][PASSED] - if (flag): null

2022-03-01 15:49:55 - [TEST_STEP][PASSED] - navigateToUrl(i): Navigate to 'http://192.168.2.80:8380/saraweb' successfully

2022-03-01 15:49:55 - [MESSAGE][PASSED] - Navigate to 'http://192.168.2.80:8380/saraweb' successfully

2022-03-01 15:49:55 - [TEST_STEP][PASSED] - a(): null

2022-03-01 15:49:55 - [TEST_STEP][PASSED] - setText(findTestObject("Login/input_USUARIO_loginusuario"), G_Usuario): Text 'saraadmin' is set on object 'Object Repository/Login/input_USUARIO_loginusuario'

2022-03-01 15:49:56 - [MESSAGE][PASSED] - Text 'saraadmin' is set on object 'Object Repository/Login/input_USUARIO_loginusuario'

2022-03-01 15:49:56 - [TEST_STEP][PASSED] - setEncryptedText(findTestObject("Login/input_CLAVE_loginpassword"), "MkG4/TYiCFC3cb2driP7+Q=="): Text ****** has been set on object 'Object Repository/Login/input_CLAVE_loginpassword'

2022-03-01 15:49:57 - [MESSAGE][PASSED] - Text ****** has been set on object 'Object Repository/Login/input_CLAVE_loginpassword'

2022-03-01 15:49:57 - [TEST_STEP][PASSED] - waitForElementClickable(findTestObject("Login/a_Ingresar"), G_TimeOut): Object 'Object Repository/Login/a_Ingresar' is clickable

2022-03-01 15:49:57 - [MESSAGE][PASSED] - Object 'Object Repository/Login/a_Ingresar' is clickable

2022-03-01 15:49:57 - [TEST_STEP][PASSED] - click(findTestObject("Login/a_Ingresar")): Object: 'Object Repository/Login/a_Ingresar' is clicked on

2022-03-01 15:49:58 - [MESSAGE][PASSED] - Object: 'Object Repository/Login/a_Ingresar' is clicked on

2022-03-01 15:49:58 - [TEST_STEP][PASSED] - element = findWebElement(findTestObject("Login/a_Ir"), 30): null

2022-03-01 15:49:58 - [TEST_STEP][PASSED] - executeJavaScript("arguments[0].click()", Arrays.asList(element)): Execute JavaScript 'arguments[0].click()' successfully

2022-03-01 15:49:58 - [MESSAGE][PASSED] - Execute JavaScript 'arguments[0].click()' successfully

2022-03-01 15:49:58 - [MESSAGE][PASSED] - Call Test Case 'Test Cases/0.1-Login' successfully

2022-03-01 15:49:58 - [TEST_STEP][PASSED] - setText(findTestObject("Modulo control tiempo/Jornada/input_Empresa 1_form_templatej_idt24_input"), "Listado persona"): Text 'Listado persona' is set on object 'Object Repository/Modulo control tiempo/Jornada/input_Empresa 1_form_templatej_idt24_input'

2022-03-01 15:49:59 - [MESSAGE][PASSED] - Text 'Listado persona' is set on object 'Object Repository/Modulo control tiempo/Jornada/input_Empresa 1_form_templatej_idt24_input'

2022-03-01 15:49:59 - [TEST_STEP][PASSED] - click(findTestObject("Modulo control tiempo/Jornada/li_Listado Persona (get)")): Object: 'Object Repository/Modulo control tiempo/Jornada/li_Listado Persona (get)' is clicked on

2022-03-01 15:50:01 - [MESSAGE][PASSED] - Object: 'Object Repository/Modulo control tiempo/Jornada/li_Listado Persona (get)' is clicked on

2022-03-01 15:50:01 - [TEST_STEP][PASSED] - click(findTestObject("Modulo control tiempo/Jornada/td_1010220596")): Object: 'Object Repository/Modulo control tiempo/Jornada/td_1010220596' is clicked on

2022-03-01 15:50:04 - [MESSAGE][PASSED] - Object: 'Object Repository/Modulo control tiempo/Jornada/td_1010220596' is clicked on

2022-03-01 15:50:04 - [TEST_STEP][PASSED] - click(findTestObject("Modulo control tiempo/Jornada/a_Jornada")): Object: 'Object Repository/Modulo control tiempo/Jornada/a_Jornada' is clicked on

2022-03-01 15:50:05 - [MESSAGE][PASSED] - Object: 'Object Repository/Modulo control tiempo/Jornada/a_Jornada' is clicked on

2022-03-01 15:50:05 - [TEST_STEP][PASSED] - click(findTestObject("Modulo control tiempo/Jornada/a_Liquidar0")): Object: 'Object Repository/Modulo control tiempo/Jornada/a_Liquidar0' is clicked on

2022-03-01 15:50:06 - [MESSAGE][PASSED] - Object: 'Object Repository/Modulo control tiempo/Jornada/a_Liquidar0' is clicked on

2022-03-01 15:50:06 - [TEST_STEP][PASSED] - selectOptionByIndex(findTestObject("Modulo control tiempo/Jornada/select_Seleccionar24 de Diciembre del 2018 - 28 de Diciembre del 201824 de Octubre del 2018"), 1): All options with index in [1] are selected on object 'Object Repository/Modulo control tiempo/Jornada/select_Seleccionar24 de Diciembre del 2018 - 28 de Diciembre del 201824 de Octubre del 2018'

2022-03-01 15:50:07 - [MESSAGE][PASSED] - All options with index in [1] are selected on object 'Object Repository/Modulo control tiempo/Jornada/select_Seleccionar24 de Diciembre del 2018 - 28 de Diciembre del 201824 de Octubre del 2018'

2022-03-01 15:50:07 - [TEST_STEP][PASSED] - click(findTestObject("Modulo control tiempo/Jornada/a_Liquidar")): Object: 'Object Repository/Modulo control tiempo/Jornada/a_Liquidar' is clicked on

2022-03-01 15:50:08 - [MESSAGE][PASSED] - Object: 'Object Repository/Modulo control tiempo/Jornada/a_Liquidar' is clicked on

2022-03-01 15:50:08 - [TEST_STEP][PASSED] - if (waitForElementVisible(findTestObject("Modulo control tiempo/Jornada/p_Terminacion Normal"), 1)): null

2022-03-01 15:50:10 - [MESSAGE][PASSED] - Object 'Object Repository/Modulo control tiempo/Jornada/p_Terminacion Normal' is visible

2022-03-01 15:50:10 - [TEST_STEP][PASSED] - closeBrowser(): Browser is closed

2022-03-01 15:50:10 - [MESSAGE][PASSED] - Browser is closed]]></system-out>
         <system-err><![CDATA[]]></system-err>
      </testcase>
      <testcase name="Test Cases/13.1-Pruebas_control_tiempos/13.1.6-Reloj" time="20.989" classname="Test Cases/13.1-Pruebas_control_tiempos/13.1.6-Reloj" status="PASSED">
         <system-out><![CDATA[2022-03-01 15:50:10 - [TEST_CASE][PASSED] - Test Cases/13.1-Pruebas_control_tiempos/13.1.6-Reloj: Test Cases/13.1-Pruebas_control_tiempos/13.1.6-Reloj

2022-03-01 15:50:11 - [TEST_STEP][PASSED] - callTestCase(findTestCase("0.1-Login"), [:], STOP_ON_FAILURE): Call Test Case 'Test Cases/0.1-Login' successfully

2022-03-01 15:50:11 - [TEST_CASE][PASSED] - Test Cases/0.1-Login: Test Cases/0.1-Login

2022-03-01 15:50:11 - [TEST_STEP][PASSED] - openBrowser(""): Browser is opened with url: ''

2022-03-01 15:50:11 - [MESSAGE][INFO] - Starting 'Chrome' driver

2022-03-01 15:50:11 - [MESSAGE][INFO] - Action delay is set to 0 milliseconds

2022-03-01 15:50:12 - [MESSAGE][PASSED] - Browser is opened with url: ''

2022-03-01 15:50:12 - [TEST_STEP][PASSED] - maximizeWindow(): Current window maximized

2022-03-01 15:50:12 - [MESSAGE][PASSED] - Current window maximized

2022-03-01 15:50:12 - [TEST_STEP][PASSED] - i = G_Login: null

2022-03-01 15:50:12 - [TEST_STEP][PASSED] - url = new java.net.URL(i): null

2022-03-01 15:50:12 - [TEST_STEP][PASSED] - println("URL: " + url.toString()): null

2022-03-01 15:50:12 - [TEST_STEP][PASSED] - connection = url.openConnection(): null

2022-03-01 15:50:12 - [TEST_STEP][PASSED] - connection.setRequestMethod("GET"): null

2022-03-01 15:50:12 - [TEST_STEP][PASSED] - connection.setReadTimeout(2 * 1000): null

2022-03-01 15:50:12 - [TEST_STEP][PASSED] - try: null

2022-03-01 15:50:12 - [TEST_STEP][PASSED] - connection.connect(): null

2022-03-01 15:50:12 - [TEST_STEP][PASSED] - flag = connected: null

2022-03-01 15:50:12 - [TEST_STEP][PASSED] - println("Valor_ori: " + flag): null

2022-03-01 15:50:12 - [TEST_STEP][PASSED] - if (flag): null

2022-03-01 15:50:12 - [TEST_STEP][PASSED] - navigateToUrl(i): Navigate to 'http://192.168.2.80:8380/saraweb' successfully

2022-03-01 15:50:13 - [MESSAGE][PASSED] - Navigate to 'http://192.168.2.80:8380/saraweb' successfully

2022-03-01 15:50:13 - [TEST_STEP][PASSED] - a(): null

2022-03-01 15:50:13 - [TEST_STEP][PASSED] - setText(findTestObject("Login/input_USUARIO_loginusuario"), G_Usuario): Text 'saraadmin' is set on object 'Object Repository/Login/input_USUARIO_loginusuario'

2022-03-01 15:50:13 - [MESSAGE][PASSED] - Text 'saraadmin' is set on object 'Object Repository/Login/input_USUARIO_loginusuario'

2022-03-01 15:50:13 - [TEST_STEP][PASSED] - setEncryptedText(findTestObject("Login/input_CLAVE_loginpassword"), "MkG4/TYiCFC3cb2driP7+Q=="): Text ****** has been set on object 'Object Repository/Login/input_CLAVE_loginpassword'

2022-03-01 15:50:14 - [MESSAGE][PASSED] - Text ****** has been set on object 'Object Repository/Login/input_CLAVE_loginpassword'

2022-03-01 15:50:14 - [TEST_STEP][PASSED] - waitForElementClickable(findTestObject("Login/a_Ingresar"), G_TimeOut): Object 'Object Repository/Login/a_Ingresar' is clickable

2022-03-01 15:50:14 - [MESSAGE][PASSED] - Object 'Object Repository/Login/a_Ingresar' is clickable

2022-03-01 15:50:14 - [TEST_STEP][PASSED] - click(findTestObject("Login/a_Ingresar")): Object: 'Object Repository/Login/a_Ingresar' is clicked on

2022-03-01 15:50:15 - [MESSAGE][PASSED] - Object: 'Object Repository/Login/a_Ingresar' is clicked on

2022-03-01 15:50:15 - [TEST_STEP][PASSED] - element = findWebElement(findTestObject("Login/a_Ir"), 30): null

2022-03-01 15:50:16 - [TEST_STEP][PASSED] - executeJavaScript("arguments[0].click()", Arrays.asList(element)): Execute JavaScript 'arguments[0].click()' successfully

2022-03-01 15:50:16 - [MESSAGE][PASSED] - Execute JavaScript 'arguments[0].click()' successfully

2022-03-01 15:50:16 - [MESSAGE][PASSED] - Call Test Case 'Test Cases/0.1-Login' successfully

2022-03-01 15:50:16 - [TEST_STEP][PASSED] - setText(findTestObject("input_Empresa 1_form_templatej_idt24_input"), "Listado persona"): Text 'Listado persona' is set on object 'Object Repository/input_Empresa 1_form_templatej_idt24_input'

2022-03-01 15:50:17 - [MESSAGE][PASSED] - Text 'Listado persona' is set on object 'Object Repository/input_Empresa 1_form_templatej_idt24_input'

2022-03-01 15:50:17 - [TEST_STEP][PASSED] - click(findTestObject("Modulo control tiempo/Reloj/span_Listado Persona")): Object: 'Object Repository/Modulo control tiempo/Reloj/span_Listado Persona' is clicked on

2022-03-01 15:50:18 - [MESSAGE][PASSED] - Object: 'Object Repository/Modulo control tiempo/Reloj/span_Listado Persona' is clicked on

2022-03-01 15:50:18 - [TEST_STEP][PASSED] - click(findTestObject("Modulo control tiempo/Reloj/td_1010220596")): Object: 'Object Repository/Modulo control tiempo/Reloj/td_1010220596' is clicked on

2022-03-01 15:50:19 - [MESSAGE][PASSED] - Object: 'Object Repository/Modulo control tiempo/Reloj/td_1010220596' is clicked on

2022-03-01 15:50:19 - [TEST_STEP][PASSED] - click(findTestObject("Modulo control tiempo/Reloj/a_Reloj")): Object: 'Object Repository/Modulo control tiempo/Reloj/a_Reloj' is clicked on

2022-03-01 15:50:20 - [MESSAGE][PASSED] - Object: 'Object Repository/Modulo control tiempo/Reloj/a_Reloj' is clicked on

2022-03-01 15:50:20 - [TEST_STEP][PASSED] - if (waitForElementVisible(findTestObject("Modulo control tiempo/Reloj/td_20210701 1800"), 1)): Web element with id: 'Object Repository/Modulo control tiempo/Reloj/td_20210701 1800' located by '//*/text()[normalize-space(.)='2021/07/01 18:00']/parent::*' not found

2022-03-01 15:50:22 - [MESSAGE][INFO] - Unable to find the element located by 'By.xpath: //*/text()[normalize-space(.)='2021/07/01 18:00']/parent::*'. Please recheck the objects properties to make sure the desired element is located. 

2022-03-01 15:50:22 - [MESSAGE][WARNING] - Web element with id: 'Object Repository/Modulo control tiempo/Reloj/td_20210701 1800' located by '//*/text()[normalize-space(.)='2021/07/01 18:00']/parent::*' not found

2022-03-01 15:50:22 - [TEST_STEP][PASSED] - click(findTestObject("Modulo control tiempo/Reloj/a_Nuevo")): Object: 'Object Repository/Modulo control tiempo/Reloj/a_Nuevo' is clicked on

2022-03-01 15:50:23 - [MESSAGE][PASSED] - Object: 'Object Repository/Modulo control tiempo/Reloj/a_Nuevo' is clicked on

2022-03-01 15:50:23 - [TEST_STEP][PASSED] - selectOptionByIndex(findTestObject("Modulo control tiempo/Reloj/select_AbiertoCerrado"), 1): All options with index in [1] are selected on object 'Object Repository/Modulo control tiempo/Reloj/select_AbiertoCerrado'

2022-03-01 15:50:25 - [MESSAGE][PASSED] - All options with index in [1] are selected on object 'Object Repository/Modulo control tiempo/Reloj/select_AbiertoCerrado'

2022-03-01 15:50:25 - [TEST_STEP][PASSED] - setText(findTestObject("Modulo control tiempo/Reloj/input_Fecha Inicial_formPopupRelojfechaIni_input"), "01/07/2021"): Text '01/07/2021' is set on object 'Object Repository/Modulo control tiempo/Reloj/input_Fecha Inicial_formPopupRelojfechaIni_input'

2022-03-01 15:50:26 - [MESSAGE][PASSED] - Text '01/07/2021' is set on object 'Object Repository/Modulo control tiempo/Reloj/input_Fecha Inicial_formPopupRelojfechaIni_input'

2022-03-01 15:50:26 - [TEST_STEP][PASSED] - setText(findTestObject("Modulo control tiempo/Reloj/input_Fecha Final_formPopupRelojfechaFin_input"), "30/07/2021"): Text '30/07/2021' is set on object 'Object Repository/Modulo control tiempo/Reloj/input_Fecha Final_formPopupRelojfechaFin_input'

2022-03-01 15:50:27 - [MESSAGE][PASSED] - Text '30/07/2021' is set on object 'Object Repository/Modulo control tiempo/Reloj/input_Fecha Final_formPopupRelojfechaFin_input'

2022-03-01 15:50:27 - [TEST_STEP][PASSED] - setText(findTestObject("Modulo control tiempo/Reloj/input_Hora_formPopupRelojhoraIni"), "08"): Text '08' is set on object 'Object Repository/Modulo control tiempo/Reloj/input_Hora_formPopupRelojhoraIni'

2022-03-01 15:50:28 - [MESSAGE][PASSED] - Text '08' is set on object 'Object Repository/Modulo control tiempo/Reloj/input_Hora_formPopupRelojhoraIni'

2022-03-01 15:50:28 - [TEST_STEP][PASSED] - setText(findTestObject("Modulo control tiempo/Reloj/input__formPopupRelojminutoIni"), "10"): Text '10' is set on object 'Object Repository/Modulo control tiempo/Reloj/input__formPopupRelojminutoIni'

2022-03-01 15:50:29 - [MESSAGE][PASSED] - Text '10' is set on object 'Object Repository/Modulo control tiempo/Reloj/input__formPopupRelojminutoIni'

2022-03-01 15:50:29 - [TEST_STEP][PASSED] - setText(findTestObject("Modulo control tiempo/Reloj/input__formPopupRelojhoraFin"), "18"): Text '18' is set on object 'Object Repository/Modulo control tiempo/Reloj/input__formPopupRelojhoraFin'

2022-03-01 15:50:30 - [MESSAGE][PASSED] - Text '18' is set on object 'Object Repository/Modulo control tiempo/Reloj/input__formPopupRelojhoraFin'

2022-03-01 15:50:30 - [TEST_STEP][PASSED] - setText(findTestObject("Modulo control tiempo/Reloj/input__formPopupRelojminutoFin"), "00"): Text '00' is set on object 'Object Repository/Modulo control tiempo/Reloj/input__formPopupRelojminutoFin'

2022-03-01 15:50:31 - [MESSAGE][PASSED] - Text '00' is set on object 'Object Repository/Modulo control tiempo/Reloj/input__formPopupRelojminutoFin'

2022-03-01 15:50:31 - [TEST_STEP][PASSED] - click(findTestObject("Modulo control tiempo/Reloj/a_Guardar")): Object: 'Object Repository/Modulo control tiempo/Reloj/a_Guardar' is clicked on

2022-03-01 15:50:31 - [MESSAGE][PASSED] - Object: 'Object Repository/Modulo control tiempo/Reloj/a_Guardar' is clicked on]]></system-out>
         <system-err><![CDATA[]]></system-err>
      </testcase>
      <testcase name="Test Cases/13.1-Pruebas_control_tiempos/13.1.7-Dispositivo" time="16.594" classname="Test Cases/13.1-Pruebas_control_tiempos/13.1.7-Dispositivo" status="PASSED">
         <system-out><![CDATA[2022-03-01 15:50:31 - [TEST_CASE][PASSED] - Test Cases/13.1-Pruebas_control_tiempos/13.1.7-Dispositivo: Test Cases/13.1-Pruebas_control_tiempos/13.1.7-Dispositivo

2022-03-01 15:50:32 - [TEST_STEP][PASSED] - callTestCase(findTestCase("0.1-Login"), [:], STOP_ON_FAILURE): Call Test Case 'Test Cases/0.1-Login' successfully

2022-03-01 15:50:32 - [TEST_CASE][PASSED] - Test Cases/0.1-Login: Test Cases/0.1-Login

2022-03-01 15:50:32 - [TEST_STEP][PASSED] - openBrowser(""): Browser is opened with url: ''

2022-03-01 15:50:32 - [MESSAGE][WARNING] - A browser is already opened. Closing browser and opening a new one

2022-03-01 15:50:33 - [MESSAGE][INFO] - Starting 'Chrome' driver

2022-03-01 15:50:33 - [MESSAGE][INFO] - Action delay is set to 0 milliseconds

2022-03-01 15:50:34 - [MESSAGE][PASSED] - Browser is opened with url: ''

2022-03-01 15:50:34 - [TEST_STEP][PASSED] - maximizeWindow(): Current window maximized

2022-03-01 15:50:34 - [MESSAGE][PASSED] - Current window maximized

2022-03-01 15:50:34 - [TEST_STEP][PASSED] - i = G_Login: null

2022-03-01 15:50:34 - [TEST_STEP][PASSED] - url = new java.net.URL(i): null

2022-03-01 15:50:34 - [TEST_STEP][PASSED] - println("URL: " + url.toString()): null

2022-03-01 15:50:34 - [TEST_STEP][PASSED] - connection = url.openConnection(): null

2022-03-01 15:50:34 - [TEST_STEP][PASSED] - connection.setRequestMethod("GET"): null

2022-03-01 15:50:34 - [TEST_STEP][PASSED] - connection.setReadTimeout(2 * 1000): null

2022-03-01 15:50:34 - [TEST_STEP][PASSED] - try: null

2022-03-01 15:50:34 - [TEST_STEP][PASSED] - connection.connect(): null

2022-03-01 15:50:34 - [TEST_STEP][PASSED] - flag = connected: null

2022-03-01 15:50:34 - [TEST_STEP][PASSED] - println("Valor_ori: " + flag): null

2022-03-01 15:50:34 - [TEST_STEP][PASSED] - if (flag): null

2022-03-01 15:50:34 - [TEST_STEP][PASSED] - navigateToUrl(i): Navigate to 'http://192.168.2.80:8380/saraweb' successfully

2022-03-01 15:50:34 - [MESSAGE][PASSED] - Navigate to 'http://192.168.2.80:8380/saraweb' successfully

2022-03-01 15:50:34 - [TEST_STEP][PASSED] - a(): null

2022-03-01 15:50:34 - [TEST_STEP][PASSED] - setText(findTestObject("Login/input_USUARIO_loginusuario"), G_Usuario): Text 'saraadmin' is set on object 'Object Repository/Login/input_USUARIO_loginusuario'

2022-03-01 15:50:35 - [MESSAGE][PASSED] - Text 'saraadmin' is set on object 'Object Repository/Login/input_USUARIO_loginusuario'

2022-03-01 15:50:35 - [TEST_STEP][PASSED] - setEncryptedText(findTestObject("Login/input_CLAVE_loginpassword"), "MkG4/TYiCFC3cb2driP7+Q=="): Text ****** has been set on object 'Object Repository/Login/input_CLAVE_loginpassword'

2022-03-01 15:50:36 - [MESSAGE][PASSED] - Text ****** has been set on object 'Object Repository/Login/input_CLAVE_loginpassword'

2022-03-01 15:50:36 - [TEST_STEP][PASSED] - waitForElementClickable(findTestObject("Login/a_Ingresar"), G_TimeOut): Object 'Object Repository/Login/a_Ingresar' is clickable

2022-03-01 15:50:36 - [MESSAGE][PASSED] - Object 'Object Repository/Login/a_Ingresar' is clickable

2022-03-01 15:50:36 - [TEST_STEP][PASSED] - click(findTestObject("Login/a_Ingresar")): Object: 'Object Repository/Login/a_Ingresar' is clicked on

2022-03-01 15:50:37 - [MESSAGE][PASSED] - Object: 'Object Repository/Login/a_Ingresar' is clicked on

2022-03-01 15:50:37 - [TEST_STEP][PASSED] - element = findWebElement(findTestObject("Login/a_Ir"), 30): null

2022-03-01 15:50:38 - [TEST_STEP][PASSED] - executeJavaScript("arguments[0].click()", Arrays.asList(element)): Execute JavaScript 'arguments[0].click()' successfully

2022-03-01 15:50:38 - [MESSAGE][PASSED] - Execute JavaScript 'arguments[0].click()' successfully

2022-03-01 15:50:38 - [MESSAGE][PASSED] - Call Test Case 'Test Cases/0.1-Login' successfully

2022-03-01 15:50:38 - [TEST_STEP][PASSED] - setText(findTestObject("input_Empresa 1_form_templatej_idt24_input"), "listado persona"): Text 'listado persona' is set on object 'Object Repository/input_Empresa 1_form_templatej_idt24_input'

2022-03-01 15:50:39 - [MESSAGE][PASSED] - Text 'listado persona' is set on object 'Object Repository/input_Empresa 1_form_templatej_idt24_input'

2022-03-01 15:50:39 - [TEST_STEP][PASSED] - click(findTestObject("Modulo control tiempo/Dispositivo/span_Listado Persona")): Object: 'Object Repository/Modulo control tiempo/Dispositivo/span_Listado Persona' is clicked on

2022-03-01 15:50:40 - [MESSAGE][PASSED] - Object: 'Object Repository/Modulo control tiempo/Dispositivo/span_Listado Persona' is clicked on

2022-03-01 15:50:40 - [TEST_STEP][PASSED] - click(findTestObject("Modulo control tiempo/Dispositivo/td_1010220596")): Object: 'Object Repository/Modulo control tiempo/Dispositivo/td_1010220596' is clicked on

2022-03-01 15:50:41 - [MESSAGE][PASSED] - Object: 'Object Repository/Modulo control tiempo/Dispositivo/td_1010220596' is clicked on

2022-03-01 15:50:41 - [TEST_STEP][PASSED] - click(findTestObject("Modulo control tiempo/Dispositivo/a_dispositivo")): Object: 'Object Repository/Modulo control tiempo/Dispositivo/a_dispositivo' is clicked on

2022-03-01 15:50:43 - [MESSAGE][PASSED] - Object: 'Object Repository/Modulo control tiempo/Dispositivo/a_dispositivo' is clicked on

2022-03-01 15:50:43 - [TEST_STEP][PASSED] - if (waitForElementVisible(findTestObject("Modulo control tiempo/Dispositivo/td_-"), 1)): null

2022-03-01 15:50:43 - [MESSAGE][PASSED] - Object 'Object Repository/Modulo control tiempo/Dispositivo/td_-' is visible

2022-03-01 15:50:43 - [TEST_STEP][PASSED] - click(findTestObject("Modulo control tiempo/Dispositivo/td_-")): Object: 'Object Repository/Modulo control tiempo/Dispositivo/td_-' is clicked on

2022-03-01 15:50:44 - [MESSAGE][PASSED] - Object: 'Object Repository/Modulo control tiempo/Dispositivo/td_-' is clicked on

2022-03-01 15:50:44 - [TEST_STEP][PASSED] - element = findWebElement(findTestObject("Modulo control tiempo/Dispositivo/span_Remove All"), 30): null

2022-03-01 15:50:44 - [TEST_STEP][PASSED] - executeJavaScript("arguments[0].click()", Arrays.asList(element)): Execute JavaScript 'arguments[0].click()' successfully

2022-03-01 15:50:44 - [MESSAGE][PASSED] - Execute JavaScript 'arguments[0].click()' successfully

2022-03-01 15:50:44 - [TEST_STEP][PASSED] - click(findTestObject("Modulo control tiempo/Dispositivo/span_Huella Digital")): Object: 'Object Repository/Modulo control tiempo/Dispositivo/span_Huella Digital' is clicked on

2022-03-01 15:50:46 - [MESSAGE][PASSED] - Object: 'Object Repository/Modulo control tiempo/Dispositivo/span_Huella Digital' is clicked on

2022-03-01 15:50:46 - [TEST_STEP][PASSED] - click(findTestObject("Modulo control tiempo/Dispositivo/span_Huella Digital_ui-button-icon-left ui-icon ui-c ui-icon ui-icon-arrow-1-e")): Object: 'Object Repository/Modulo control tiempo/Dispositivo/span_Huella Digital_ui-button-icon-left ui-icon ui-c ui-icon ui-icon-arrow-1-e' is clicked on

2022-03-01 15:50:46 - [MESSAGE][PASSED] - Object: 'Object Repository/Modulo control tiempo/Dispositivo/span_Huella Digital_ui-button-icon-left ui-icon ui-c ui-icon ui-icon-arrow-1-e' is clicked on

2022-03-01 15:50:46 - [TEST_STEP][PASSED] - if (waitForElementVisible(findTestObject("Modulo control tiempo/Dispositivo/td_-"), 1)): null

2022-03-01 15:50:47 - [MESSAGE][PASSED] - Object 'Object Repository/Modulo control tiempo/Dispositivo/td_-' is visible

2022-03-01 15:50:47 - [TEST_STEP][PASSED] - closeBrowser(): Browser is closed

2022-03-01 15:50:48 - [MESSAGE][PASSED] - Browser is closed]]></system-out>
         <system-err><![CDATA[]]></system-err>
      </testcase>
      <testcase name="Test Cases/13.1-Pruebas_control_tiempos/13.1.8-Funciones" time="16.678" classname="Test Cases/13.1-Pruebas_control_tiempos/13.1.8-Funciones" status="PASSED">
         <system-out><![CDATA[2022-03-01 15:50:48 - [TEST_CASE][PASSED] - Test Cases/13.1-Pruebas_control_tiempos/13.1.8-Funciones: Test Cases/13.1-Pruebas_control_tiempos/13.1.8-Funciones

2022-03-01 15:50:48 - [TEST_STEP][PASSED] - callTestCase(findTestCase("0.1-Login"), [:], STOP_ON_FAILURE): Call Test Case 'Test Cases/0.1-Login' successfully

2022-03-01 15:50:48 - [TEST_CASE][PASSED] - Test Cases/0.1-Login: Test Cases/0.1-Login

2022-03-01 15:50:48 - [TEST_STEP][PASSED] - openBrowser(""): Browser is opened with url: ''

2022-03-01 15:50:48 - [MESSAGE][INFO] - Starting 'Chrome' driver

2022-03-01 15:50:48 - [MESSAGE][INFO] - Action delay is set to 0 milliseconds

2022-03-01 15:50:50 - [MESSAGE][PASSED] - Browser is opened with url: ''

2022-03-01 15:50:50 - [TEST_STEP][PASSED] - maximizeWindow(): Current window maximized

2022-03-01 15:50:50 - [MESSAGE][PASSED] - Current window maximized

2022-03-01 15:50:50 - [TEST_STEP][PASSED] - i = G_Login: null

2022-03-01 15:50:50 - [TEST_STEP][PASSED] - url = new java.net.URL(i): null

2022-03-01 15:50:50 - [TEST_STEP][PASSED] - println("URL: " + url.toString()): null

2022-03-01 15:50:50 - [TEST_STEP][PASSED] - connection = url.openConnection(): null

2022-03-01 15:50:50 - [TEST_STEP][PASSED] - connection.setRequestMethod("GET"): null

2022-03-01 15:50:50 - [TEST_STEP][PASSED] - connection.setReadTimeout(2 * 1000): null

2022-03-01 15:50:50 - [TEST_STEP][PASSED] - try: null

2022-03-01 15:50:50 - [TEST_STEP][PASSED] - connection.connect(): null

2022-03-01 15:50:50 - [TEST_STEP][PASSED] - flag = connected: null

2022-03-01 15:50:50 - [TEST_STEP][PASSED] - println("Valor_ori: " + flag): null

2022-03-01 15:50:50 - [TEST_STEP][PASSED] - if (flag): null

2022-03-01 15:50:50 - [TEST_STEP][PASSED] - navigateToUrl(i): Navigate to 'http://192.168.2.80:8380/saraweb' successfully

2022-03-01 15:50:50 - [MESSAGE][PASSED] - Navigate to 'http://192.168.2.80:8380/saraweb' successfully

2022-03-01 15:50:50 - [TEST_STEP][PASSED] - a(): null

2022-03-01 15:50:50 - [TEST_STEP][PASSED] - setText(findTestObject("Login/input_USUARIO_loginusuario"), G_Usuario): Text 'saraadmin' is set on object 'Object Repository/Login/input_USUARIO_loginusuario'

2022-03-01 15:50:51 - [MESSAGE][PASSED] - Text 'saraadmin' is set on object 'Object Repository/Login/input_USUARIO_loginusuario'

2022-03-01 15:50:51 - [TEST_STEP][PASSED] - setEncryptedText(findTestObject("Login/input_CLAVE_loginpassword"), "MkG4/TYiCFC3cb2driP7+Q=="): Text ****** has been set on object 'Object Repository/Login/input_CLAVE_loginpassword'

2022-03-01 15:50:51 - [MESSAGE][PASSED] - Text ****** has been set on object 'Object Repository/Login/input_CLAVE_loginpassword'

2022-03-01 15:50:51 - [TEST_STEP][PASSED] - waitForElementClickable(findTestObject("Login/a_Ingresar"), G_TimeOut): Object 'Object Repository/Login/a_Ingresar' is clickable

2022-03-01 15:50:52 - [MESSAGE][PASSED] - Object 'Object Repository/Login/a_Ingresar' is clickable

2022-03-01 15:50:52 - [TEST_STEP][PASSED] - click(findTestObject("Login/a_Ingresar")): Object: 'Object Repository/Login/a_Ingresar' is clicked on

2022-03-01 15:50:54 - [MESSAGE][PASSED] - Object: 'Object Repository/Login/a_Ingresar' is clicked on

2022-03-01 15:50:54 - [TEST_STEP][PASSED] - element = findWebElement(findTestObject("Login/a_Ir"), 30): null

2022-03-01 15:50:54 - [TEST_STEP][PASSED] - executeJavaScript("arguments[0].click()", Arrays.asList(element)): Execute JavaScript 'arguments[0].click()' successfully

2022-03-01 15:50:54 - [MESSAGE][PASSED] - Execute JavaScript 'arguments[0].click()' successfully

2022-03-01 15:50:54 - [MESSAGE][PASSED] - Call Test Case 'Test Cases/0.1-Login' successfully

2022-03-01 15:50:54 - [TEST_STEP][PASSED] - setText(findTestObject("input_Empresa 1_form_templatej_idt24_input"), "Listado persona"): Text 'Listado persona' is set on object 'Object Repository/input_Empresa 1_form_templatej_idt24_input'

2022-03-01 15:50:56 - [MESSAGE][PASSED] - Text 'Listado persona' is set on object 'Object Repository/input_Empresa 1_form_templatej_idt24_input'

2022-03-01 15:50:56 - [TEST_STEP][PASSED] - click(findTestObject("Modulo control tiempo/Funciones/span_Listado Persona")): Object: 'Object Repository/Modulo control tiempo/Funciones/span_Listado Persona' is clicked on

2022-03-01 15:50:57 - [MESSAGE][PASSED] - Object: 'Object Repository/Modulo control tiempo/Funciones/span_Listado Persona' is clicked on

2022-03-01 15:50:57 - [TEST_STEP][PASSED] - click(findTestObject("Modulo control tiempo/Funciones/td_1010220596")): Object: 'Object Repository/Modulo control tiempo/Funciones/td_1010220596' is clicked on

2022-03-01 15:50:58 - [MESSAGE][PASSED] - Object: 'Object Repository/Modulo control tiempo/Funciones/td_1010220596' is clicked on

2022-03-01 15:50:58 - [TEST_STEP][PASSED] - click(findTestObject("Modulo control tiempo/Funciones/a_Funciones")): Object: 'Object Repository/Modulo control tiempo/Funciones/a_Funciones' is clicked on

2022-03-01 15:50:59 - [MESSAGE][PASSED] - Object: 'Object Repository/Modulo control tiempo/Funciones/a_Funciones' is clicked on

2022-03-01 15:50:59 - [TEST_STEP][PASSED] - click(findTestObject("Modulo control tiempo/Funciones/td_1")): Object: 'Object Repository/Modulo control tiempo/Funciones/td_1' is clicked on

2022-03-01 15:51:01 - [MESSAGE][PASSED] - Object: 'Object Repository/Modulo control tiempo/Funciones/td_1' is clicked on

2022-03-01 15:51:01 - [TEST_STEP][PASSED] - waitForElementVisible(findTestObject("Modulo control tiempo/Funciones/a_Cancelar"), 2): Object 'Object Repository/Modulo control tiempo/Funciones/a_Cancelar' is visible

2022-03-01 15:51:03 - [MESSAGE][PASSED] - Object 'Object Repository/Modulo control tiempo/Funciones/a_Cancelar' is visible

2022-03-01 15:51:03 - [TEST_STEP][PASSED] - click(findTestObject("Modulo control tiempo/Funciones/a_Cancelar")): Object: 'Object Repository/Modulo control tiempo/Funciones/a_Cancelar' is clicked on

2022-03-01 15:51:03 - [MESSAGE][PASSED] - Object: 'Object Repository/Modulo control tiempo/Funciones/a_Cancelar' is clicked on

2022-03-01 15:51:03 - [TEST_STEP][PASSED] - if (waitForElementVisible(findTestObject("Modulo control tiempo/Funciones/td_1"), 1)): null

2022-03-01 15:51:04 - [MESSAGE][PASSED] - Object 'Object Repository/Modulo control tiempo/Funciones/td_1' is visible

2022-03-01 15:51:04 - [TEST_STEP][PASSED] - closeBrowser(): Browser is closed

2022-03-01 15:51:05 - [MESSAGE][PASSED] - Browser is closed]]></system-out>
         <system-err><![CDATA[]]></system-err>
      </testcase>
      <testcase name="Test Cases/13.1-Pruebas_control_tiempos/13.2.2-Liquidacin_reversar" time="74.627" classname="Test Cases/13.1-Pruebas_control_tiempos/13.2.2-Liquidacin_reversar" status="FAILED">
         <failure type="FAILED" message="Test Cases/13.1-Pruebas_control_tiempos/13.2.2-Liquidacin_reversar FAILED.
Reason:
com.kms.katalon.core.exception.StepFailedException: Unable to click on object 'Object Repository/Modulo control tiempo/liquidacin/a_Continuar'
	at com.kms.katalon.core.webui.keyword.internal.WebUIKeywordMain.stepFailed(WebUIKeywordMain.groovy:64)
	at com.kms.katalon.core.webui.keyword.internal.WebUIKeywordMain.runKeyword(WebUIKeywordMain.groovy:26)
	at com.kms.katalon.core.webui.keyword.builtin.ClickKeyword.click(ClickKeyword.groovy:74)
	at com.kms.katalon.core.webui.keyword.builtin.ClickKeyword.execute(ClickKeyword.groovy:40)
	at com.kms.katalon.core.keyword.internal.KeywordExecutor.executeKeywordForPlatform(KeywordExecutor.groovy:74)
	at com.kms.katalon.core.webui.keyword.WebUiBuiltInKeywords.click(WebUiBuiltInKeywords.groovy:620)
	at com.kms.katalon.core.webui.keyword.WebUiBuiltInKeywords$click$5.call(Unknown Source)
	at 13.2.2-Liquidacin_reversar.run(13.2.2-Liquidacin_reversar:35)
	at com.kms.katalon.core.main.ScriptEngine.run(ScriptEngine.java:194)
	at com.kms.katalon.core.main.ScriptEngine.runScriptAsRawText(ScriptEngine.java:119)
	at com.kms.katalon.core.main.TestCaseExecutor.runScript(TestCaseExecutor.java:442)
	at com.kms.katalon.core.main.TestCaseExecutor.doExecute(TestCaseExecutor.java:433)
	at com.kms.katalon.core.main.TestCaseExecutor.processExecutionPhase(TestCaseExecutor.java:412)
	at com.kms.katalon.core.main.TestCaseExecutor.accessMainPhase(TestCaseExecutor.java:404)
	at com.kms.katalon.core.main.TestCaseExecutor.execute(TestCaseExecutor.java:281)
	at com.kms.katalon.core.main.TestSuiteExecutor.accessTestCaseMainPhase(TestSuiteExecutor.java:202)
	at com.kms.katalon.core.main.TestSuiteExecutor.accessTestSuiteMainPhase(TestSuiteExecutor.java:164)
	at com.kms.katalon.core.main.TestSuiteExecutor.execute(TestSuiteExecutor.java:105)
	at com.kms.katalon.core.main.TestCaseMain.startTestSuite(TestCaseMain.java:185)
	at com.kms.katalon.core.main.TestCaseMain$startTestSuite$0.call(Unknown Source)
	at TempTestSuite1646167708024.run(TempTestSuite1646167708024.groovy:36)
Caused by: com.kms.katalon.core.webui.exception.WebElementNotFoundException: Web element with id: 'Object Repository/Modulo control tiempo/liquidacin/a_Continuar' located by '//a[contains(text(),'Continuar')]' not found
	at com.kms.katalon.core.webui.common.WebUiCommonHelper.findWebElement(WebUiCommonHelper.java:1370)
	at com.kms.katalon.core.webui.keyword.internal.WebUIAbstractKeyword.findWebElement(WebUIAbstractKeyword.groovy:27)
	at com.kms.katalon.core.webui.keyword.builtin.ClickKeyword$_click_closure1.doCall(ClickKeyword.groovy:65)
	at com.kms.katalon.core.webui.keyword.builtin.ClickKeyword$_click_closure1.call(ClickKeyword.groovy)
	at com.kms.katalon.core.webui.keyword.internal.WebUIKeywordMain.runKeyword(WebUIKeywordMain.groovy:20)
	... 19 more
"/>
         <system-out><![CDATA[2022-03-01 15:51:05 - [TEST_CASE][FAILED] - Test Cases/13.1-Pruebas_control_tiempos/13.2.2-Liquidacin_reversar: Test Cases/13.1-Pruebas_control_tiempos/13.2.2-Liquidacin_reversar FAILED.
Reason:
com.kms.katalon.core.exception.StepFailedException: Unable to click on object 'Object Repository/Modulo control tiempo/liquidacin/a_Continuar'
	at com.kms.katalon.core.webui.keyword.internal.WebUIKeywordMain.stepFailed(WebUIKeywordMain.groovy:64)
	at com.kms.katalon.core.webui.keyword.internal.WebUIKeywordMain.runKeyword(WebUIKeywordMain.groovy:26)
	at com.kms.katalon.core.webui.keyword.builtin.ClickKeyword.click(ClickKeyword.groovy:74)
	at com.kms.katalon.core.webui.keyword.builtin.ClickKeyword.execute(ClickKeyword.groovy:40)
	at com.kms.katalon.core.keyword.internal.KeywordExecutor.executeKeywordForPlatform(KeywordExecutor.groovy:74)
	at com.kms.katalon.core.webui.keyword.WebUiBuiltInKeywords.click(WebUiBuiltInKeywords.groovy:620)
	at com.kms.katalon.core.webui.keyword.WebUiBuiltInKeywords$click$5.call(Unknown Source)
	at 13.2.2-Liquidacin_reversar.run(13.2.2-Liquidacin_reversar:35)
	at com.kms.katalon.core.main.ScriptEngine.run(ScriptEngine.java:194)
	at com.kms.katalon.core.main.ScriptEngine.runScriptAsRawText(ScriptEngine.java:119)
	at com.kms.katalon.core.main.TestCaseExecutor.runScript(TestCaseExecutor.java:442)
	at com.kms.katalon.core.main.TestCaseExecutor.doExecute(TestCaseExecutor.java:433)
	at com.kms.katalon.core.main.TestCaseExecutor.processExecutionPhase(TestCaseExecutor.java:412)
	at com.kms.katalon.core.main.TestCaseExecutor.accessMainPhase(TestCaseExecutor.java:404)
	at com.kms.katalon.core.main.TestCaseExecutor.execute(TestCaseExecutor.java:281)
	at com.kms.katalon.core.main.TestSuiteExecutor.accessTestCaseMainPhase(TestSuiteExecutor.java:202)
	at com.kms.katalon.core.main.TestSuiteExecutor.accessTestSuiteMainPhase(TestSuiteExecutor.java:164)
	at com.kms.katalon.core.main.TestSuiteExecutor.execute(TestSuiteExecutor.java:105)
	at com.kms.katalon.core.main.TestCaseMain.startTestSuite(TestCaseMain.java:185)
	at com.kms.katalon.core.main.TestCaseMain$startTestSuite$0.call(Unknown Source)
	at TempTestSuite1646167708024.run(TempTestSuite1646167708024.groovy:36)
Caused by: com.kms.katalon.core.webui.exception.WebElementNotFoundException: Web element with id: 'Object Repository/Modulo control tiempo/liquidacin/a_Continuar' located by '//a[contains(text(),'Continuar')]' not found
	at com.kms.katalon.core.webui.common.WebUiCommonHelper.findWebElement(WebUiCommonHelper.java:1370)
	at com.kms.katalon.core.webui.keyword.internal.WebUIAbstractKeyword.findWebElement(WebUIAbstractKeyword.groovy:27)
	at com.kms.katalon.core.webui.keyword.builtin.ClickKeyword$_click_closure1.doCall(ClickKeyword.groovy:65)
	at com.kms.katalon.core.webui.keyword.builtin.ClickKeyword$_click_closure1.call(ClickKeyword.groovy)
	at com.kms.katalon.core.webui.keyword.internal.WebUIKeywordMain.runKeyword(WebUIKeywordMain.groovy:20)
	... 19 more


2022-03-01 15:51:05 - [TEST_STEP][PASSED] - callTestCase(findTestCase("0.1-Login"), [:], STOP_ON_FAILURE): Call Test Case 'Test Cases/0.1-Login' successfully

2022-03-01 15:51:05 - [TEST_CASE][PASSED] - Test Cases/0.1-Login: Test Cases/0.1-Login

2022-03-01 15:51:05 - [TEST_STEP][PASSED] - openBrowser(""): Browser is opened with url: ''

2022-03-01 15:51:05 - [MESSAGE][INFO] - Starting 'Chrome' driver

2022-03-01 15:51:05 - [MESSAGE][INFO] - Action delay is set to 0 milliseconds

2022-03-01 15:51:06 - [MESSAGE][PASSED] - Browser is opened with url: ''

2022-03-01 15:51:06 - [TEST_STEP][PASSED] - maximizeWindow(): Current window maximized

2022-03-01 15:51:06 - [MESSAGE][PASSED] - Current window maximized

2022-03-01 15:51:06 - [TEST_STEP][PASSED] - i = G_Login: null

2022-03-01 15:51:06 - [TEST_STEP][PASSED] - url = new java.net.URL(i): null

2022-03-01 15:51:06 - [TEST_STEP][PASSED] - println("URL: " + url.toString()): null

2022-03-01 15:51:06 - [TEST_STEP][PASSED] - connection = url.openConnection(): null

2022-03-01 15:51:06 - [TEST_STEP][PASSED] - connection.setRequestMethod("GET"): null

2022-03-01 15:51:06 - [TEST_STEP][PASSED] - connection.setReadTimeout(2 * 1000): null

2022-03-01 15:51:06 - [TEST_STEP][PASSED] - try: null

2022-03-01 15:51:06 - [TEST_STEP][PASSED] - connection.connect(): null

2022-03-01 15:51:06 - [TEST_STEP][PASSED] - flag = connected: null

2022-03-01 15:51:06 - [TEST_STEP][PASSED] - println("Valor_ori: " + flag): null

2022-03-01 15:51:06 - [TEST_STEP][PASSED] - if (flag): null

2022-03-01 15:51:06 - [TEST_STEP][PASSED] - navigateToUrl(i): Navigate to 'http://192.168.2.80:8380/saraweb' successfully

2022-03-01 15:51:07 - [MESSAGE][PASSED] - Navigate to 'http://192.168.2.80:8380/saraweb' successfully

2022-03-01 15:51:07 - [TEST_STEP][PASSED] - a(): null

2022-03-01 15:51:07 - [TEST_STEP][PASSED] - setText(findTestObject("Login/input_USUARIO_loginusuario"), G_Usuario): Text 'saraadmin' is set on object 'Object Repository/Login/input_USUARIO_loginusuario'

2022-03-01 15:51:08 - [MESSAGE][PASSED] - Text 'saraadmin' is set on object 'Object Repository/Login/input_USUARIO_loginusuario'

2022-03-01 15:51:08 - [TEST_STEP][PASSED] - setEncryptedText(findTestObject("Login/input_CLAVE_loginpassword"), "MkG4/TYiCFC3cb2driP7+Q=="): Text ****** has been set on object 'Object Repository/Login/input_CLAVE_loginpassword'

2022-03-01 15:51:08 - [MESSAGE][PASSED] - Text ****** has been set on object 'Object Repository/Login/input_CLAVE_loginpassword'

2022-03-01 15:51:08 - [TEST_STEP][PASSED] - waitForElementClickable(findTestObject("Login/a_Ingresar"), G_TimeOut): Object 'Object Repository/Login/a_Ingresar' is clickable

2022-03-01 15:51:08 - [MESSAGE][PASSED] - Object 'Object Repository/Login/a_Ingresar' is clickable

2022-03-01 15:51:08 - [TEST_STEP][PASSED] - click(findTestObject("Login/a_Ingresar")): Object: 'Object Repository/Login/a_Ingresar' is clicked on

2022-03-01 15:51:10 - [MESSAGE][PASSED] - Object: 'Object Repository/Login/a_Ingresar' is clicked on

2022-03-01 15:51:10 - [TEST_STEP][PASSED] - element = findWebElement(findTestObject("Login/a_Ir"), 30): null

2022-03-01 15:51:11 - [TEST_STEP][PASSED] - executeJavaScript("arguments[0].click()", Arrays.asList(element)): Execute JavaScript 'arguments[0].click()' successfully

2022-03-01 15:51:11 - [MESSAGE][PASSED] - Execute JavaScript 'arguments[0].click()' successfully

2022-03-01 15:51:11 - [MESSAGE][PASSED] - Call Test Case 'Test Cases/0.1-Login' successfully

2022-03-01 15:51:11 - [TEST_STEP][PASSED] - setText(findTestObject("Modulo control tiempo/liquidacin/input_Empresa 1_form_templatej_idt24_input"), "Liquidacion (get)"): Text 'Liquidacion (get)' is set on object 'Object Repository/Modulo control tiempo/liquidacin/input_Empresa 1_form_templatej_idt24_input'

2022-03-01 15:51:12 - [MESSAGE][PASSED] - Text 'Liquidacion (get)' is set on object 'Object Repository/Modulo control tiempo/liquidacin/input_Empresa 1_form_templatej_idt24_input'

2022-03-01 15:51:12 - [TEST_STEP][PASSED] - click(findTestObject("Modulo control tiempo/liquidacin/li_Liquidacion (get)")): Object: 'Object Repository/Modulo control tiempo/liquidacin/li_Liquidacion (get)' is clicked on

2022-03-01 15:51:14 - [MESSAGE][PASSED] - Object: 'Object Repository/Modulo control tiempo/liquidacin/li_Liquidacion (get)' is clicked on

2022-03-01 15:51:14 - [TEST_STEP][PASSED] - if (waitForElementVisible(findTestObject("Modulo control tiempo/liquidacin/td_01072021"), 1)): null

2022-03-01 15:51:15 - [MESSAGE][PASSED] - Object 'Object Repository/Modulo control tiempo/liquidacin/td_01072021' is visible

2022-03-01 15:51:15 - [TEST_STEP][PASSED] - click(findTestObject("Modulo control tiempo/liquidacin/td_01072021")): Object: 'Object Repository/Modulo control tiempo/liquidacin/td_01072021' is clicked on

2022-03-01 15:51:15 - [MESSAGE][PASSED] - Object: 'Object Repository/Modulo control tiempo/liquidacin/td_01072021' is clicked on

2022-03-01 15:51:15 - [TEST_STEP][PASSED] - click(findTestObject("Modulo control tiempo/liquidacin/a_Reversar")): Object: 'Object Repository/Modulo control tiempo/liquidacin/a_Reversar' is clicked on

2022-03-01 15:51:16 - [MESSAGE][PASSED] - Object: 'Object Repository/Modulo control tiempo/liquidacin/a_Reversar' is clicked on

2022-03-01 15:51:16 - [TEST_STEP][PASSED] - click(findTestObject("Modulo control tiempo/liquidacin/a_Aceptar")): Object: 'Object Repository/Modulo control tiempo/liquidacin/a_Aceptar' is clicked on

2022-03-01 15:51:16 - [MESSAGE][PASSED] - Object: 'Object Repository/Modulo control tiempo/liquidacin/a_Aceptar' is clicked on

2022-03-01 15:51:16 - [TEST_STEP][PASSED] - waitForElementVisible(findTestObject("Modulo control tiempo/liquidacin/a_Continuar"), 0): Web element with id: 'Object Repository/Modulo control tiempo/liquidacin/a_Continuar' located by '//a[contains(text(),'Continuar')]' not found

2022-03-01 15:51:17 - [MESSAGE][WARNING] - Timeout '0' is invalid. Using default page load timeout: '30'

2022-03-01 15:51:48 - [MESSAGE][INFO] - Unable to find the element located by 'By.xpath: //a[contains(text(),'Continuar')]'. Please recheck the objects properties to make sure the desired element is located. 

2022-03-01 15:51:48 - [MESSAGE][WARNING] - Web element with id: 'Object Repository/Modulo control tiempo/liquidacin/a_Continuar' located by '//a[contains(text(),'Continuar')]' not found

2022-03-01 15:51:48 - [TEST_STEP][FAILED] - click(findTestObject("Modulo control tiempo/liquidacin/a_Continuar")): Unable to click on object 'Object Repository/Modulo control tiempo/liquidacin/a_Continuar' (Root cause: com.kms.katalon.core.exception.StepFailedException: Unable to click on object 'Object Repository/Modulo control tiempo/liquidacin/a_Continuar'
	at com.kms.katalon.core.webui.keyword.internal.WebUIKeywordMain.stepFailed(WebUIKeywordMain.groovy:64)
	at com.kms.katalon.core.webui.keyword.internal.WebUIKeywordMain.runKeyword(WebUIKeywordMain.groovy:26)
	at com.kms.katalon.core.webui.keyword.builtin.ClickKeyword.click(ClickKeyword.groovy:74)
	at com.kms.katalon.core.webui.keyword.builtin.ClickKeyword.execute(ClickKeyword.groovy:40)
	at com.kms.katalon.core.keyword.internal.KeywordExecutor.executeKeywordForPlatform(KeywordExecutor.groovy:74)
	at com.kms.katalon.core.webui.keyword.WebUiBuiltInKeywords.click(WebUiBuiltInKeywords.groovy:620)
	at com.kms.katalon.core.webui.keyword.WebUiBuiltInKeywords$click$5.call(Unknown Source)
	at 13.2.2-Liquidacin_reversar.run(13.2.2-Liquidacin_reversar:35)
	at com.kms.katalon.core.main.ScriptEngine.run(ScriptEngine.java:194)
	at com.kms.katalon.core.main.ScriptEngine.runScriptAsRawText(ScriptEngine.java:119)
	at com.kms.katalon.core.main.TestCaseExecutor.runScript(TestCaseExecutor.java:442)
	at com.kms.katalon.core.main.TestCaseExecutor.doExecute(TestCaseExecutor.java:433)
	at com.kms.katalon.core.main.TestCaseExecutor.processExecutionPhase(TestCaseExecutor.java:412)
	at com.kms.katalon.core.main.TestCaseExecutor.accessMainPhase(TestCaseExecutor.java:404)
	at com.kms.katalon.core.main.TestCaseExecutor.execute(TestCaseExecutor.java:281)
	at com.kms.katalon.core.main.TestSuiteExecutor.accessTestCaseMainPhase(TestSuiteExecutor.java:202)
	at com.kms.katalon.core.main.TestSuiteExecutor.accessTestSuiteMainPhase(TestSuiteExecutor.java:164)
	at com.kms.katalon.core.main.TestSuiteExecutor.execute(TestSuiteExecutor.java:105)
	at com.kms.katalon.core.main.TestCaseMain.startTestSuite(TestCaseMain.java:185)
	at com.kms.katalon.core.main.TestCaseMain$startTestSuite$0.call(Unknown Source)
	at TempTestSuite1646167708024.run(TempTestSuite1646167708024.groovy:36)
Caused by: com.kms.katalon.core.webui.exception.WebElementNotFoundException: Web element with id: 'Object Repository/Modulo control tiempo/liquidacin/a_Continuar' located by '//a[contains(text(),'Continuar')]' not found
	at com.kms.katalon.core.webui.common.WebUiCommonHelper.findWebElement(WebUiCommonHelper.java:1370)
	at com.kms.katalon.core.webui.keyword.internal.WebUIAbstractKeyword.findWebElement(WebUIAbstractKeyword.groovy:27)
	at com.kms.katalon.core.webui.keyword.builtin.ClickKeyword$_click_closure1.doCall(ClickKeyword.groovy:65)
	at com.kms.katalon.core.webui.keyword.builtin.ClickKeyword$_click_closure1.call(ClickKeyword.groovy)
	at com.kms.katalon.core.webui.keyword.internal.WebUIKeywordMain.runKeyword(WebUIKeywordMain.groovy:20)
	at com.kms.katalon.core.webui.keyword.builtin.ClickKeyword.click(ClickKeyword.groovy:74)
	at com.kms.katalon.core.webui.keyword.builtin.ClickKeyword.execute(ClickKeyword.groovy:40)
	at com.kms.katalon.core.keyword.internal.KeywordExecutor.executeKeywordForPlatform(KeywordExecutor.groovy:74)
	at com.kms.katalon.core.webui.keyword.WebUiBuiltInKeywords.click(WebUiBuiltInKeywords.groovy:620)
	at com.kms.katalon.core.webui.keyword.WebUiBuiltInKeywords$click$5.call(Unknown Source)
	at Script1645030629894.run(Script1645030629894.groovy:35)
	... 13 more
)

2022-03-01 15:52:19 - [MESSAGE][INFO] - Unable to find the element located by 'By.xpath: //a[contains(text(),'Continuar')]'. Please recheck the objects properties to make sure the desired element is located. 

2022-03-01 15:52:19 - [MESSAGE][FAILED] - Unable to click on object 'Object Repository/Modulo control tiempo/liquidacin/a_Continuar' (Root cause: com.kms.katalon.core.exception.StepFailedException: Unable to click on object 'Object Repository/Modulo control tiempo/liquidacin/a_Continuar'
	at com.kms.katalon.core.webui.keyword.internal.WebUIKeywordMain.stepFailed(WebUIKeywordMain.groovy:64)
	at com.kms.katalon.core.webui.keyword.internal.WebUIKeywordMain.runKeyword(WebUIKeywordMain.groovy:26)
	at com.kms.katalon.core.webui.keyword.builtin.ClickKeyword.click(ClickKeyword.groovy:74)
	at com.kms.katalon.core.webui.keyword.builtin.ClickKeyword.execute(ClickKeyword.groovy:40)
	at com.kms.katalon.core.keyword.internal.KeywordExecutor.executeKeywordForPlatform(KeywordExecutor.groovy:74)
	at com.kms.katalon.core.webui.keyword.WebUiBuiltInKeywords.click(WebUiBuiltInKeywords.groovy:620)
	at com.kms.katalon.core.webui.keyword.WebUiBuiltInKeywords$click$5.call(Unknown Source)
	at 13.2.2-Liquidacin_reversar.run(13.2.2-Liquidacin_reversar:35)
	at com.kms.katalon.core.main.ScriptEngine.run(ScriptEngine.java:194)
	at com.kms.katalon.core.main.ScriptEngine.runScriptAsRawText(ScriptEngine.java:119)
	at com.kms.katalon.core.main.TestCaseExecutor.runScript(TestCaseExecutor.java:442)
	at com.kms.katalon.core.main.TestCaseExecutor.doExecute(TestCaseExecutor.java:433)
	at com.kms.katalon.core.main.TestCaseExecutor.processExecutionPhase(TestCaseExecutor.java:412)
	at com.kms.katalon.core.main.TestCaseExecutor.accessMainPhase(TestCaseExecutor.java:404)
	at com.kms.katalon.core.main.TestCaseExecutor.execute(TestCaseExecutor.java:281)
	at com.kms.katalon.core.main.TestSuiteExecutor.accessTestCaseMainPhase(TestSuiteExecutor.java:202)
	at com.kms.katalon.core.main.TestSuiteExecutor.accessTestSuiteMainPhase(TestSuiteExecutor.java:164)
	at com.kms.katalon.core.main.TestSuiteExecutor.execute(TestSuiteExecutor.java:105)
	at com.kms.katalon.core.main.TestCaseMain.startTestSuite(TestCaseMain.java:185)
	at com.kms.katalon.core.main.TestCaseMain$startTestSuite$0.call(Unknown Source)
	at TempTestSuite1646167708024.run(TempTestSuite1646167708024.groovy:36)
Caused by: com.kms.katalon.core.webui.exception.WebElementNotFoundException: Web element with id: 'Object Repository/Modulo control tiempo/liquidacin/a_Continuar' located by '//a[contains(text(),'Continuar')]' not found
	at com.kms.katalon.core.webui.common.WebUiCommonHelper.findWebElement(WebUiCommonHelper.java:1370)
	at com.kms.katalon.core.webui.keyword.internal.WebUIAbstractKeyword.findWebElement(WebUIAbstractKeyword.groovy:27)
	at com.kms.katalon.core.webui.keyword.builtin.ClickKeyword$_click_closure1.doCall(ClickKeyword.groovy:65)
	at com.kms.katalon.core.webui.keyword.builtin.ClickKeyword$_click_closure1.call(ClickKeyword.groovy)
	at com.kms.katalon.core.webui.keyword.internal.WebUIKeywordMain.runKeyword(WebUIKeywordMain.groovy:20)
	at com.kms.katalon.core.webui.keyword.builtin.ClickKeyword.click(ClickKeyword.groovy:74)
	at com.kms.katalon.core.webui.keyword.builtin.ClickKeyword.execute(ClickKeyword.groovy:40)
	at com.kms.katalon.core.keyword.internal.KeywordExecutor.executeKeywordForPlatform(KeywordExecutor.groovy:74)
	at com.kms.katalon.core.webui.keyword.WebUiBuiltInKeywords.click(WebUiBuiltInKeywords.groovy:620)
	at com.kms.katalon.core.webui.keyword.WebUiBuiltInKeywords$click$5.call(Unknown Source)
	at Script1645030629894.run(Script1645030629894.groovy:35)
	... 13 more
)
[[ATTACHMENT|C:\\Users\\diego.rojas\\git\\Pruebas-Minimas\\Reports\\20220301_154828\\13-Pruebas_Control_Tiempos\\20220301_154828\\1646167939614.png]]]]></system-out>
         <system-err><![CDATA[2022-03-01 15:51:05 - [TEST_CASE][FAILED] - Test Cases/13.1-Pruebas_control_tiempos/13.2.2-Liquidacin_reversar: Test Cases/13.1-Pruebas_control_tiempos/13.2.2-Liquidacin_reversar FAILED.
Reason:
com.kms.katalon.core.exception.StepFailedException: Unable to click on object 'Object Repository/Modulo control tiempo/liquidacin/a_Continuar'
	at com.kms.katalon.core.webui.keyword.internal.WebUIKeywordMain.stepFailed(WebUIKeywordMain.groovy:64)
	at com.kms.katalon.core.webui.keyword.internal.WebUIKeywordMain.runKeyword(WebUIKeywordMain.groovy:26)
	at com.kms.katalon.core.webui.keyword.builtin.ClickKeyword.click(ClickKeyword.groovy:74)
	at com.kms.katalon.core.webui.keyword.builtin.ClickKeyword.execute(ClickKeyword.groovy:40)
	at com.kms.katalon.core.keyword.internal.KeywordExecutor.executeKeywordForPlatform(KeywordExecutor.groovy:74)
	at com.kms.katalon.core.webui.keyword.WebUiBuiltInKeywords.click(WebUiBuiltInKeywords.groovy:620)
	at com.kms.katalon.core.webui.keyword.WebUiBuiltInKeywords$click$5.call(Unknown Source)
	at 13.2.2-Liquidacin_reversar.run(13.2.2-Liquidacin_reversar:35)
	at com.kms.katalon.core.main.ScriptEngine.run(ScriptEngine.java:194)
	at com.kms.katalon.core.main.ScriptEngine.runScriptAsRawText(ScriptEngine.java:119)
	at com.kms.katalon.core.main.TestCaseExecutor.runScript(TestCaseExecutor.java:442)
	at com.kms.katalon.core.main.TestCaseExecutor.doExecute(TestCaseExecutor.java:433)
	at com.kms.katalon.core.main.TestCaseExecutor.processExecutionPhase(TestCaseExecutor.java:412)
	at com.kms.katalon.core.main.TestCaseExecutor.accessMainPhase(TestCaseExecutor.java:404)
	at com.kms.katalon.core.main.TestCaseExecutor.execute(TestCaseExecutor.java:281)
	at com.kms.katalon.core.main.TestSuiteExecutor.accessTestCaseMainPhase(TestSuiteExecutor.java:202)
	at com.kms.katalon.core.main.TestSuiteExecutor.accessTestSuiteMainPhase(TestSuiteExecutor.java:164)
	at com.kms.katalon.core.main.TestSuiteExecutor.execute(TestSuiteExecutor.java:105)
	at com.kms.katalon.core.main.TestCaseMain.startTestSuite(TestCaseMain.java:185)
	at com.kms.katalon.core.main.TestCaseMain$startTestSuite$0.call(Unknown Source)
	at TempTestSuite1646167708024.run(TempTestSuite1646167708024.groovy:36)
Caused by: com.kms.katalon.core.webui.exception.WebElementNotFoundException: Web element with id: 'Object Repository/Modulo control tiempo/liquidacin/a_Continuar' located by '//a[contains(text(),'Continuar')]' not found
	at com.kms.katalon.core.webui.common.WebUiCommonHelper.findWebElement(WebUiCommonHelper.java:1370)
	at com.kms.katalon.core.webui.keyword.internal.WebUIAbstractKeyword.findWebElement(WebUIAbstractKeyword.groovy:27)
	at com.kms.katalon.core.webui.keyword.builtin.ClickKeyword$_click_closure1.doCall(ClickKeyword.groovy:65)
	at com.kms.katalon.core.webui.keyword.builtin.ClickKeyword$_click_closure1.call(ClickKeyword.groovy)
	at com.kms.katalon.core.webui.keyword.internal.WebUIKeywordMain.runKeyword(WebUIKeywordMain.groovy:20)
	... 19 more]]></system-err>
      </testcase>
      <testcase name="Test Cases/13.1-Pruebas_control_tiempos/13.2.3-Aplicar" time="19.874" classname="Test Cases/13.1-Pruebas_control_tiempos/13.2.3-Aplicar" status="PASSED">
         <system-out><![CDATA[2022-03-01 15:52:19 - [TEST_CASE][PASSED] - Test Cases/13.1-Pruebas_control_tiempos/13.2.3-Aplicar: Test Cases/13.1-Pruebas_control_tiempos/13.2.3-Aplicar

2022-03-01 15:52:20 - [TEST_STEP][PASSED] - callTestCase(findTestCase("0.1-Login"), [:], STOP_ON_FAILURE): Call Test Case 'Test Cases/0.1-Login' successfully

2022-03-01 15:52:20 - [TEST_CASE][PASSED] - Test Cases/0.1-Login: Test Cases/0.1-Login

2022-03-01 15:52:20 - [TEST_STEP][PASSED] - openBrowser(""): Browser is opened with url: ''

2022-03-01 15:52:20 - [MESSAGE][WARNING] - A browser is already opened. Closing browser and opening a new one

2022-03-01 15:52:20 - [MESSAGE][INFO] - Starting 'Chrome' driver

2022-03-01 15:52:20 - [MESSAGE][INFO] - Action delay is set to 0 milliseconds

2022-03-01 15:52:22 - [MESSAGE][PASSED] - Browser is opened with url: ''

2022-03-01 15:52:22 - [TEST_STEP][PASSED] - maximizeWindow(): Current window maximized

2022-03-01 15:52:22 - [MESSAGE][PASSED] - Current window maximized

2022-03-01 15:52:22 - [TEST_STEP][PASSED] - i = G_Login: null

2022-03-01 15:52:22 - [TEST_STEP][PASSED] - url = new java.net.URL(i): null

2022-03-01 15:52:22 - [TEST_STEP][PASSED] - println("URL: " + url.toString()): null

2022-03-01 15:52:22 - [TEST_STEP][PASSED] - connection = url.openConnection(): null

2022-03-01 15:52:22 - [TEST_STEP][PASSED] - connection.setRequestMethod("GET"): null

2022-03-01 15:52:22 - [TEST_STEP][PASSED] - connection.setReadTimeout(2 * 1000): null

2022-03-01 15:52:22 - [TEST_STEP][PASSED] - try: null

2022-03-01 15:52:22 - [TEST_STEP][PASSED] - connection.connect(): null

2022-03-01 15:52:22 - [TEST_STEP][PASSED] - flag = connected: null

2022-03-01 15:52:22 - [TEST_STEP][PASSED] - println("Valor_ori: " + flag): null

2022-03-01 15:52:22 - [TEST_STEP][PASSED] - if (flag): null

2022-03-01 15:52:22 - [TEST_STEP][PASSED] - navigateToUrl(i): Navigate to 'http://192.168.2.80:8380/saraweb' successfully

2022-03-01 15:52:23 - [MESSAGE][PASSED] - Navigate to 'http://192.168.2.80:8380/saraweb' successfully

2022-03-01 15:52:23 - [TEST_STEP][PASSED] - a(): null

2022-03-01 15:52:23 - [TEST_STEP][PASSED] - setText(findTestObject("Login/input_USUARIO_loginusuario"), G_Usuario): Text 'saraadmin' is set on object 'Object Repository/Login/input_USUARIO_loginusuario'

2022-03-01 15:52:23 - [MESSAGE][PASSED] - Text 'saraadmin' is set on object 'Object Repository/Login/input_USUARIO_loginusuario'

2022-03-01 15:52:23 - [TEST_STEP][PASSED] - setEncryptedText(findTestObject("Login/input_CLAVE_loginpassword"), "MkG4/TYiCFC3cb2driP7+Q=="): Text ****** has been set on object 'Object Repository/Login/input_CLAVE_loginpassword'

2022-03-01 15:52:24 - [MESSAGE][PASSED] - Text ****** has been set on object 'Object Repository/Login/input_CLAVE_loginpassword'

2022-03-01 15:52:24 - [TEST_STEP][PASSED] - waitForElementClickable(findTestObject("Login/a_Ingresar"), G_TimeOut): Object 'Object Repository/Login/a_Ingresar' is clickable

2022-03-01 15:52:24 - [MESSAGE][PASSED] - Object 'Object Repository/Login/a_Ingresar' is clickable

2022-03-01 15:52:24 - [TEST_STEP][PASSED] - click(findTestObject("Login/a_Ingresar")): Object: 'Object Repository/Login/a_Ingresar' is clicked on

2022-03-01 15:52:26 - [MESSAGE][PASSED] - Object: 'Object Repository/Login/a_Ingresar' is clicked on

2022-03-01 15:52:26 - [TEST_STEP][PASSED] - element = findWebElement(findTestObject("Login/a_Ir"), 30): null

2022-03-01 15:52:27 - [TEST_STEP][PASSED] - executeJavaScript("arguments[0].click()", Arrays.asList(element)): Execute JavaScript 'arguments[0].click()' successfully

2022-03-01 15:52:27 - [MESSAGE][PASSED] - Execute JavaScript 'arguments[0].click()' successfully

2022-03-01 15:52:27 - [MESSAGE][PASSED] - Call Test Case 'Test Cases/0.1-Login' successfully

2022-03-01 15:52:27 - [TEST_STEP][PASSED] - setText(findTestObject("input_Empresa 1_form_templatej_idt24_input"), "Liquidacion"): Text 'Liquidacion' is set on object 'Object Repository/input_Empresa 1_form_templatej_idt24_input'

2022-03-01 15:52:28 - [MESSAGE][PASSED] - Text 'Liquidacion' is set on object 'Object Repository/input_Empresa 1_form_templatej_idt24_input'

2022-03-01 15:52:28 - [TEST_STEP][PASSED] - click(findTestObject("Modulo control tiempo/Aplicar/span_Liquidacion")): Object: 'Object Repository/Modulo control tiempo/Aplicar/span_Liquidacion' is clicked on

2022-03-01 15:52:30 - [MESSAGE][PASSED] - Object: 'Object Repository/Modulo control tiempo/Aplicar/span_Liquidacion' is clicked on

2022-03-01 15:52:30 - [TEST_STEP][PASSED] - click(findTestObject("Modulo control tiempo/Aplicar/td_27022019")): Object: 'Object Repository/Modulo control tiempo/Aplicar/td_27022019' is clicked on

2022-03-01 15:52:31 - [MESSAGE][PASSED] - Object: 'Object Repository/Modulo control tiempo/Aplicar/td_27022019' is clicked on

2022-03-01 15:52:31 - [TEST_STEP][PASSED] - if (waitForElementVisible(findTestObject("Modulo control tiempo/Aplicar/a_Reversar Nomina"), 1)): Web element with id: 'Object Repository/Modulo control tiempo/Aplicar/a_Reversar Nomina' located by '//a[contains(text(),'Reversar Nomina')]' not found

2022-03-01 15:52:33 - [MESSAGE][INFO] - Unable to find the element located by 'By.xpath: //a[contains(text(),'Reversar Nomina')]'. Please recheck the objects properties to make sure the desired element is located. 

2022-03-01 15:52:33 - [MESSAGE][WARNING] - Web element with id: 'Object Repository/Modulo control tiempo/Aplicar/a_Reversar Nomina' located by '//a[contains(text(),'Reversar Nomina')]' not found

2022-03-01 15:52:33 - [TEST_STEP][PASSED] - click(findTestObject("Modulo control tiempo/Aplicar/a_Aplicar")): Object: 'Object Repository/Modulo control tiempo/Aplicar/a_Aplicar' is clicked on

2022-03-01 15:52:33 - [MESSAGE][PASSED] - Object: 'Object Repository/Modulo control tiempo/Aplicar/a_Aplicar' is clicked on

2022-03-01 15:52:33 - [TEST_STEP][PASSED] - click(findTestObject("Modulo control tiempo/Aplicar/a_Aceptar")): Object: 'Object Repository/Modulo control tiempo/Aplicar/a_Aceptar' is clicked on

2022-03-01 15:52:34 - [MESSAGE][PASSED] - Object: 'Object Repository/Modulo control tiempo/Aplicar/a_Aceptar' is clicked on

2022-03-01 15:52:34 - [TEST_STEP][PASSED] - click(findTestObject("Modulo control tiempo/Aplicar/a_Continuar")): Object: 'Object Repository/Modulo control tiempo/Aplicar/a_Continuar' is clicked on

2022-03-01 15:52:38 - [MESSAGE][PASSED] - Object: 'Object Repository/Modulo control tiempo/Aplicar/a_Continuar' is clicked on

2022-03-01 15:52:38 - [TEST_STEP][PASSED] - if (waitForElementVisible(findTestObject("Modulo control tiempo/Aplicar/a_Reversar Nomina"), 1)): null

2022-03-01 15:52:38 - [MESSAGE][PASSED] - Object 'Object Repository/Modulo control tiempo/Aplicar/a_Reversar Nomina' is visible

2022-03-01 15:52:38 - [TEST_STEP][PASSED] - closeBrowser(): Browser is closed

2022-03-01 15:52:39 - [MESSAGE][PASSED] - Browser is closed]]></system-out>
         <system-err><![CDATA[]]></system-err>
      </testcase>
      <testcase name="Test Cases/13.1-Pruebas_control_tiempos/13.2.4-Histrico_Evento" time="13.479" classname="Test Cases/13.1-Pruebas_control_tiempos/13.2.4-Histrico_Evento" status="PASSED">
         <system-out><![CDATA[2022-03-01 15:52:39 - [TEST_CASE][PASSED] - Test Cases/13.1-Pruebas_control_tiempos/13.2.4-Histrico_Evento: Test Cases/13.1-Pruebas_control_tiempos/13.2.4-Histrico_Evento

2022-03-01 15:52:39 - [TEST_STEP][PASSED] - callTestCase(findTestCase("0.1-Login"), [:], STOP_ON_FAILURE): Call Test Case 'Test Cases/0.1-Login' successfully

2022-03-01 15:52:40 - [TEST_CASE][PASSED] - Test Cases/0.1-Login: Test Cases/0.1-Login

2022-03-01 15:52:40 - [TEST_STEP][PASSED] - openBrowser(""): Browser is opened with url: ''

2022-03-01 15:52:40 - [MESSAGE][INFO] - Starting 'Chrome' driver

2022-03-01 15:52:40 - [MESSAGE][INFO] - Action delay is set to 0 milliseconds

2022-03-01 15:52:41 - [MESSAGE][PASSED] - Browser is opened with url: ''

2022-03-01 15:52:41 - [TEST_STEP][PASSED] - maximizeWindow(): Current window maximized

2022-03-01 15:52:41 - [MESSAGE][PASSED] - Current window maximized

2022-03-01 15:52:41 - [TEST_STEP][PASSED] - i = G_Login: null

2022-03-01 15:52:41 - [TEST_STEP][PASSED] - url = new java.net.URL(i): null

2022-03-01 15:52:41 - [TEST_STEP][PASSED] - println("URL: " + url.toString()): null

2022-03-01 15:52:41 - [TEST_STEP][PASSED] - connection = url.openConnection(): null

2022-03-01 15:52:41 - [TEST_STEP][PASSED] - connection.setRequestMethod("GET"): null

2022-03-01 15:52:41 - [TEST_STEP][PASSED] - connection.setReadTimeout(2 * 1000): null

2022-03-01 15:52:41 - [TEST_STEP][PASSED] - try: null

2022-03-01 15:52:41 - [TEST_STEP][PASSED] - connection.connect(): null

2022-03-01 15:52:41 - [TEST_STEP][PASSED] - flag = connected: null

2022-03-01 15:52:41 - [TEST_STEP][PASSED] - println("Valor_ori: " + flag): null

2022-03-01 15:52:41 - [TEST_STEP][PASSED] - if (flag): null

2022-03-01 15:52:41 - [TEST_STEP][PASSED] - navigateToUrl(i): Navigate to 'http://192.168.2.80:8380/saraweb' successfully

2022-03-01 15:52:42 - [MESSAGE][PASSED] - Navigate to 'http://192.168.2.80:8380/saraweb' successfully

2022-03-01 15:52:42 - [TEST_STEP][PASSED] - a(): null

2022-03-01 15:52:42 - [TEST_STEP][PASSED] - setText(findTestObject("Login/input_USUARIO_loginusuario"), G_Usuario): Text 'saraadmin' is set on object 'Object Repository/Login/input_USUARIO_loginusuario'

2022-03-01 15:52:43 - [MESSAGE][PASSED] - Text 'saraadmin' is set on object 'Object Repository/Login/input_USUARIO_loginusuario'

2022-03-01 15:52:43 - [TEST_STEP][PASSED] - setEncryptedText(findTestObject("Login/input_CLAVE_loginpassword"), "MkG4/TYiCFC3cb2driP7+Q=="): Text ****** has been set on object 'Object Repository/Login/input_CLAVE_loginpassword'

2022-03-01 15:52:43 - [MESSAGE][PASSED] - Text ****** has been set on object 'Object Repository/Login/input_CLAVE_loginpassword'

2022-03-01 15:52:43 - [TEST_STEP][PASSED] - waitForElementClickable(findTestObject("Login/a_Ingresar"), G_TimeOut): Object 'Object Repository/Login/a_Ingresar' is clickable

2022-03-01 15:52:43 - [MESSAGE][PASSED] - Object 'Object Repository/Login/a_Ingresar' is clickable

2022-03-01 15:52:43 - [TEST_STEP][PASSED] - click(findTestObject("Login/a_Ingresar")): Object: 'Object Repository/Login/a_Ingresar' is clicked on

2022-03-01 15:52:45 - [MESSAGE][PASSED] - Object: 'Object Repository/Login/a_Ingresar' is clicked on

2022-03-01 15:52:45 - [TEST_STEP][PASSED] - element = findWebElement(findTestObject("Login/a_Ir"), 30): null

2022-03-01 15:52:46 - [TEST_STEP][PASSED] - executeJavaScript("arguments[0].click()", Arrays.asList(element)): Execute JavaScript 'arguments[0].click()' successfully

2022-03-01 15:52:46 - [MESSAGE][PASSED] - Execute JavaScript 'arguments[0].click()' successfully

2022-03-01 15:52:46 - [MESSAGE][PASSED] - Call Test Case 'Test Cases/0.1-Login' successfully

2022-03-01 15:52:46 - [TEST_STEP][PASSED] - setText(findTestObject("Modulo control tiempo/Historico_Evento/input_Empresa 1_form_templatej_idt24_input"), "Historico Evento"): Text 'Historico Evento' is set on object 'Object Repository/Modulo control tiempo/Historico_Evento/input_Empresa 1_form_templatej_idt24_input'

2022-03-01 15:52:47 - [MESSAGE][PASSED] - Text 'Historico Evento' is set on object 'Object Repository/Modulo control tiempo/Historico_Evento/input_Empresa 1_form_templatej_idt24_input'

2022-03-01 15:52:47 - [TEST_STEP][PASSED] - click(findTestObject("Modulo control tiempo/Historico_Evento/li_Historico Evento (get)")): Object: 'Object Repository/Modulo control tiempo/Historico_Evento/li_Historico Evento (get)' is clicked on

2022-03-01 15:52:49 - [MESSAGE][PASSED] - Object: 'Object Repository/Modulo control tiempo/Historico_Evento/li_Historico Evento (get)' is clicked on

2022-03-01 15:52:49 - [TEST_STEP][PASSED] - scrollToElement(findTestObject("Modulo control tiempo/Historico_Evento/a_1"), 0): Scroll to object 'Object Repository/Modulo control tiempo/Historico_Evento/a_1' successfully

2022-03-01 15:52:49 - [MESSAGE][WARNING] - Timeout '0' is invalid. Using default page load timeout: '30'

2022-03-01 15:52:50 - [MESSAGE][PASSED] - Scroll to object 'Object Repository/Modulo control tiempo/Historico_Evento/a_1' successfully

2022-03-01 15:52:50 - [TEST_STEP][PASSED] - click(findTestObject("Modulo control tiempo/Historico_Evento/a_1")): Object: 'Object Repository/Modulo control tiempo/Historico_Evento/a_1' is clicked on

2022-03-01 15:52:50 - [MESSAGE][PASSED] - Object: 'Object Repository/Modulo control tiempo/Historico_Evento/a_1' is clicked on

2022-03-01 15:52:50 - [TEST_STEP][PASSED] - scrollToElement(findTestObject("Modulo control tiempo/Historico_Evento/a_Nombre Persona_eventoHistoricos_formj_idt71"), 0): Scroll to object 'Object Repository/Modulo control tiempo/Historico_Evento/a_Nombre Persona_eventoHistoricos_formj_idt71' successfully

2022-03-01 15:52:50 - [MESSAGE][WARNING] - Timeout '0' is invalid. Using default page load timeout: '30'

2022-03-01 15:52:50 - [MESSAGE][PASSED] - Scroll to object 'Object Repository/Modulo control tiempo/Historico_Evento/a_Nombre Persona_eventoHistoricos_formj_idt71' successfully

2022-03-01 15:52:50 - [TEST_STEP][PASSED] - scrollToElement(findTestObject("Modulo control tiempo/Historico_Evento/a_2"), 0): Scroll to object 'Object Repository/Modulo control tiempo/Historico_Evento/a_2' successfully

2022-03-01 15:52:51 - [MESSAGE][WARNING] - Timeout '0' is invalid. Using default page load timeout: '30'

2022-03-01 15:52:51 - [MESSAGE][PASSED] - Scroll to object 'Object Repository/Modulo control tiempo/Historico_Evento/a_2' successfully

2022-03-01 15:52:51 - [TEST_STEP][PASSED] - click(findTestObject("Modulo control tiempo/Historico_Evento/a_2")): Object: 'Object Repository/Modulo control tiempo/Historico_Evento/a_2' is clicked on

2022-03-01 15:52:51 - [MESSAGE][PASSED] - Object: 'Object Repository/Modulo control tiempo/Historico_Evento/a_2' is clicked on

2022-03-01 15:52:51 - [TEST_STEP][PASSED] - scrollToElement(findTestObject("Modulo control tiempo/Historico_Evento/a_Nombre Persona_eventoHistoricos_formj_idt71"), 0): Scroll to object 'Object Repository/Modulo control tiempo/Historico_Evento/a_Nombre Persona_eventoHistoricos_formj_idt71' successfully

2022-03-01 15:52:51 - [MESSAGE][WARNING] - Timeout '0' is invalid. Using default page load timeout: '30'

2022-03-01 15:52:52 - [MESSAGE][PASSED] - Scroll to object 'Object Repository/Modulo control tiempo/Historico_Evento/a_Nombre Persona_eventoHistoricos_formj_idt71' successfully

2022-03-01 15:52:52 - [TEST_STEP][PASSED] - closeBrowser(): Browser is closed

2022-03-01 15:52:53 - [MESSAGE][PASSED] - Browser is closed]]></system-out>
         <system-err><![CDATA[]]></system-err>
      </testcase>
      <testcase name="Test Cases/13.1-Pruebas_control_tiempos/13.2.5-Inconsistencias_Evento" time="14.914" classname="Test Cases/13.1-Pruebas_control_tiempos/13.2.5-Inconsistencias_Evento" status="PASSED">
         <system-out><![CDATA[2022-03-01 15:52:53 - [TEST_CASE][PASSED] - Test Cases/13.1-Pruebas_control_tiempos/13.2.5-Inconsistencias_Evento: Test Cases/13.1-Pruebas_control_tiempos/13.2.5-Inconsistencias_Evento

2022-03-01 15:52:53 - [TEST_STEP][PASSED] - callTestCase(findTestCase("0.1-Login"), [:], STOP_ON_FAILURE): Call Test Case 'Test Cases/0.1-Login' successfully

2022-03-01 15:52:53 - [TEST_CASE][PASSED] - Test Cases/0.1-Login: Test Cases/0.1-Login

2022-03-01 15:52:53 - [TEST_STEP][PASSED] - openBrowser(""): Browser is opened with url: ''

2022-03-01 15:52:53 - [MESSAGE][INFO] - Starting 'Chrome' driver

2022-03-01 15:52:53 - [MESSAGE][INFO] - Action delay is set to 0 milliseconds

2022-03-01 15:52:54 - [MESSAGE][PASSED] - Browser is opened with url: ''

2022-03-01 15:52:54 - [TEST_STEP][PASSED] - maximizeWindow(): Current window maximized

2022-03-01 15:52:54 - [MESSAGE][PASSED] - Current window maximized

2022-03-01 15:52:54 - [TEST_STEP][PASSED] - i = G_Login: null

2022-03-01 15:52:54 - [TEST_STEP][PASSED] - url = new java.net.URL(i): null

2022-03-01 15:52:54 - [TEST_STEP][PASSED] - println("URL: " + url.toString()): null

2022-03-01 15:52:54 - [TEST_STEP][PASSED] - connection = url.openConnection(): null

2022-03-01 15:52:54 - [TEST_STEP][PASSED] - connection.setRequestMethod("GET"): null

2022-03-01 15:52:54 - [TEST_STEP][PASSED] - connection.setReadTimeout(2 * 1000): null

2022-03-01 15:52:54 - [TEST_STEP][PASSED] - try: null

2022-03-01 15:52:54 - [TEST_STEP][PASSED] - connection.connect(): null

2022-03-01 15:52:54 - [TEST_STEP][PASSED] - flag = connected: null

2022-03-01 15:52:54 - [TEST_STEP][PASSED] - println("Valor_ori: " + flag): null

2022-03-01 15:52:54 - [TEST_STEP][PASSED] - if (flag): null

2022-03-01 15:52:54 - [TEST_STEP][PASSED] - navigateToUrl(i): Navigate to 'http://192.168.2.80:8380/saraweb' successfully

2022-03-01 15:52:55 - [MESSAGE][PASSED] - Navigate to 'http://192.168.2.80:8380/saraweb' successfully

2022-03-01 15:52:55 - [TEST_STEP][PASSED] - a(): null

2022-03-01 15:52:55 - [TEST_STEP][PASSED] - setText(findTestObject("Login/input_USUARIO_loginusuario"), G_Usuario): Text 'saraadmin' is set on object 'Object Repository/Login/input_USUARIO_loginusuario'

2022-03-01 15:52:56 - [MESSAGE][PASSED] - Text 'saraadmin' is set on object 'Object Repository/Login/input_USUARIO_loginusuario'

2022-03-01 15:52:56 - [TEST_STEP][PASSED] - setEncryptedText(findTestObject("Login/input_CLAVE_loginpassword"), "MkG4/TYiCFC3cb2driP7+Q=="): Text ****** has been set on object 'Object Repository/Login/input_CLAVE_loginpassword'

2022-03-01 15:52:56 - [MESSAGE][PASSED] - Text ****** has been set on object 'Object Repository/Login/input_CLAVE_loginpassword'

2022-03-01 15:52:56 - [TEST_STEP][PASSED] - waitForElementClickable(findTestObject("Login/a_Ingresar"), G_TimeOut): Object 'Object Repository/Login/a_Ingresar' is clickable

2022-03-01 15:52:56 - [MESSAGE][PASSED] - Object 'Object Repository/Login/a_Ingresar' is clickable

2022-03-01 15:52:56 - [TEST_STEP][PASSED] - click(findTestObject("Login/a_Ingresar")): Object: 'Object Repository/Login/a_Ingresar' is clicked on

2022-03-01 15:52:57 - [MESSAGE][PASSED] - Object: 'Object Repository/Login/a_Ingresar' is clicked on

2022-03-01 15:52:57 - [TEST_STEP][PASSED] - element = findWebElement(findTestObject("Login/a_Ir"), 30): null

2022-03-01 15:52:58 - [TEST_STEP][PASSED] - executeJavaScript("arguments[0].click()", Arrays.asList(element)): Execute JavaScript 'arguments[0].click()' successfully

2022-03-01 15:52:58 - [MESSAGE][PASSED] - Execute JavaScript 'arguments[0].click()' successfully

2022-03-01 15:52:58 - [MESSAGE][PASSED] - Call Test Case 'Test Cases/0.1-Login' successfully

2022-03-01 15:52:58 - [TEST_STEP][PASSED] - setText(findTestObject("input_Empresa 1_form_templatej_idt24_input"), "Inconsistencias Evento"): Text 'Inconsistencias Evento' is set on object 'Object Repository/input_Empresa 1_form_templatej_idt24_input'

2022-03-01 15:52:59 - [MESSAGE][PASSED] - Text 'Inconsistencias Evento' is set on object 'Object Repository/input_Empresa 1_form_templatej_idt24_input'

2022-03-01 15:52:59 - [TEST_STEP][PASSED] - click(findTestObject("Modulo control tiempo/Inconsistencias_Evento/li_Inconsistencias Evento (get)")): Object: 'Object Repository/Modulo control tiempo/Inconsistencias_Evento/li_Inconsistencias Evento (get)' is clicked on

2022-03-01 15:53:00 - [MESSAGE][PASSED] - Object: 'Object Repository/Modulo control tiempo/Inconsistencias_Evento/li_Inconsistencias Evento (get)' is clicked on

2022-03-01 15:53:00 - [TEST_STEP][PASSED] - click(findTestObject("Modulo control tiempo/Inconsistencias_Evento/a_Inconsistencia Marcacin")): Object: 'Object Repository/Modulo control tiempo/Inconsistencias_Evento/a_Inconsistencia Marcacin' is clicked on

2022-03-01 15:53:01 - [MESSAGE][PASSED] - Object: 'Object Repository/Modulo control tiempo/Inconsistencias_Evento/a_Inconsistencia Marcacin' is clicked on

2022-03-01 15:53:01 - [TEST_STEP][PASSED] - if (waitForElementVisible(findTestObject("Modulo control tiempo/Inconsistencias_Evento/td_ALMANZA ROSAS SILVIS"), 1)): null

2022-03-01 15:53:03 - [MESSAGE][PASSED] - Object 'Object Repository/Modulo control tiempo/Inconsistencias_Evento/td_ALMANZA ROSAS SILVIS' is visible

2022-03-01 15:53:03 - [TEST_STEP][PASSED] - click(findTestObject("Modulo control tiempo/Inconsistencias_Evento/td_ALMANZA ROSAS SILVIS")): Object: 'Object Repository/Modulo control tiempo/Inconsistencias_Evento/td_ALMANZA ROSAS SILVIS' is clicked on

2022-03-01 15:53:03 - [MESSAGE][PASSED] - Object: 'Object Repository/Modulo control tiempo/Inconsistencias_Evento/td_ALMANZA ROSAS SILVIS' is clicked on

2022-03-01 15:53:03 - [TEST_STEP][PASSED] - click(findTestObject("Modulo control tiempo/Inconsistencias_Evento/a_Solucionar")): Object: 'Object Repository/Modulo control tiempo/Inconsistencias_Evento/a_Solucionar' is clicked on

2022-03-01 15:53:04 - [MESSAGE][PASSED] - Object: 'Object Repository/Modulo control tiempo/Inconsistencias_Evento/a_Solucionar' is clicked on

2022-03-01 15:53:04 - [TEST_STEP][PASSED] - setText(findTestObject("Modulo control tiempo/Inconsistencias_Evento/input_Hora Final_formPopupSolucionInconsistenciahoraFin_input"), "23/03/2019"): Text '23/03/2019' is set on object 'Object Repository/Modulo control tiempo/Inconsistencias_Evento/input_Hora Final_formPopupSolucionInconsistenciahoraFin_input'

2022-03-01 15:53:05 - [MESSAGE][PASSED] - Text '23/03/2019' is set on object 'Object Repository/Modulo control tiempo/Inconsistencias_Evento/input_Hora Final_formPopupSolucionInconsistenciahoraFin_input'

2022-03-01 15:53:05 - [TEST_STEP][PASSED] - delay(2): Delayed 2 second(s)

2022-03-01 15:53:07 - [MESSAGE][PASSED] - Delayed 2 second(s)

2022-03-01 15:53:07 - [TEST_STEP][PASSED] - click(findTestObject("Modulo control tiempo/Inconsistencias_Evento/label_Inconsistencias")): Object: 'Object Repository/Modulo control tiempo/Inconsistencias_Evento/label_Inconsistencias' is clicked on

2022-03-01 15:53:07 - [MESSAGE][PASSED] - Object: 'Object Repository/Modulo control tiempo/Inconsistencias_Evento/label_Inconsistencias' is clicked on

2022-03-01 15:53:07 - [TEST_STEP][PASSED] - click(findTestObject("a_Guardar")): Object: 'Object Repository/a_Guardar' is clicked on

2022-03-01 15:53:08 - [MESSAGE][PASSED] - Object: 'Object Repository/a_Guardar' is clicked on]]></system-out>
         <system-err><![CDATA[]]></system-err>
      </testcase>
      <system-out><![CDATA[2022-03-01 15:48:35 - [TEST_SUITE][FAILED] - 13-Pruebas_Control_Tiempos: Test Cases/13.1-Pruebas_control_tiempos/13.1.1-Listado_de_personas FAILED.
Reason:
com.kms.katalon.core.exception.StepFailedException: Unable to click on object 'Object Repository/Modulo control tiempo/Listado de Personas/a_Regresar'
	at com.kms.katalon.core.webui.keyword.internal.WebUIKeywordMain.stepFailed(WebUIKeywordMain.groovy:64)
	at com.kms.katalon.core.webui.keyword.internal.WebUIKeywordMain.runKeyword(WebUIKeywordMain.groovy:26)
	at com.kms.katalon.core.webui.keyword.builtin.ClickKeyword.click(ClickKeyword.groovy:74)
	at com.kms.katalon.core.webui.keyword.builtin.ClickKeyword.execute(ClickKeyword.groovy:40)
	at com.kms.katalon.core.keyword.internal.KeywordExecutor.executeKeywordForPlatform(KeywordExecutor.groovy:74)
	at com.kms.katalon.core.webui.keyword.WebUiBuiltInKeywords.click(WebUiBuiltInKeywords.groovy:620)
	at com.kms.katalon.core.webui.keyword.WebUiBuiltInKeywords$click$5.call(Unknown Source)
	at 13.1.1-Listado_de_personas.run(13.1.1-Listado_de_personas:75)
	at com.kms.katalon.core.main.ScriptEngine.run(ScriptEngine.java:194)
	at com.kms.katalon.core.main.ScriptEngine.runScriptAsRawText(ScriptEngine.java:119)
	at com.kms.katalon.core.main.TestCaseExecutor.runScript(TestCaseExecutor.java:442)
	at com.kms.katalon.core.main.TestCaseExecutor.doExecute(TestCaseExecutor.java:433)
	at com.kms.katalon.core.main.TestCaseExecutor.processExecutionPhase(TestCaseExecutor.java:412)
	at com.kms.katalon.core.main.TestCaseExecutor.accessMainPhase(TestCaseExecutor.java:404)
	at com.kms.katalon.core.main.TestCaseExecutor.execute(TestCaseExecutor.java:281)
	at com.kms.katalon.core.main.TestSuiteExecutor.accessTestCaseMainPhase(TestSuiteExecutor.java:202)
	at com.kms.katalon.core.main.TestSuiteExecutor.accessTestSuiteMainPhase(TestSuiteExecutor.java:164)
	at com.kms.katalon.core.main.TestSuiteExecutor.execute(TestSuiteExecutor.java:105)
	at com.kms.katalon.core.main.TestCaseMain.startTestSuite(TestCaseMain.java:185)
	at com.kms.katalon.core.main.TestCaseMain$startTestSuite$0.call(Unknown Source)
	at TempTestSuite1646167708024.run(TempTestSuite1646167708024.groovy:36)
Caused by: org.openqa.selenium.ElementClickInterceptedException: element click intercepted: Element <a id="Idform_persona_menu:j_idt109:j_idt114" href="#" class="ui-commandlink ui-widget" onclick="PrimeFaces.ab({s:&quot;Idform_persona_menu:j_idt109:j_idt114&quot;,f:&quot;Idform_persona_menu&quot;,u:&quot;areaAplicacion&quot;,onco:function(xhr,status,args,data){resizeWindow();;}});return false;">...</a> is not clickable at point (159, 364). Other element would receive the click: <div id="popupErrorDialog:dialog_popupFoto_modal" class="ui-widget-overlay ui-dialog-mask" style="z-index: 1014;"></div>
  (Session info: chrome=98.0.4758.102)
Build info: version: '3.141.59', revision: 'e82be7d358', time: '2018-11-14T08:25:53'
System info: host: 'US-AF-000371', ip: '192.168.56.1', os.name: 'Windows 10', os.arch: 'amd64', os.version: '10.0', java.version: '1.8.0_282'
Driver info: com.kms.katalon.selenium.driver.CChromeDriver
Capabilities {acceptInsecureCerts: false, browserName: chrome, browserVersion: 98.0.4758.102, chrome: {chromedriverVersion: 97.0.4692.36 (747e0a0f19c13..., userDataDir: C:\Users\DIEGO~1.ROJ\AppDat...}, goog:chromeOptions: {debuggerAddress: localhost:63707}, javascriptEnabled: true, networkConnectionEnabled: false, pageLoadStrategy: normal, platform: WINDOWS, platformName: WINDOWS, proxy: Proxy(), setWindowRect: true, strictFileInteractability: false, timeouts: {implicit: 0, pageLoad: 300000, script: 30000}, unhandledPromptBehavior: dismiss and notify, webauthn:extension:credBlob: true, webauthn:extension:largeBlob: true, webauthn:virtualAuthenticators: true}
Session ID: dcb0945e46236594074e295b815edb3f
	at org.openqa.selenium.remote.http.W3CHttpResponseCodec.createException(W3CHttpResponseCodec.java:187)
	at org.openqa.selenium.remote.http.W3CHttpResponseCodec.decode(W3CHttpResponseCodec.java:122)
	at org.openqa.selenium.remote.http.W3CHttpResponseCodec.decode(W3CHttpResponseCodec.java:49)
	at org.openqa.selenium.remote.HttpCommandExecutor.execute(HttpCommandExecutor.java:158)
	at org.openqa.selenium.remote.service.DriverCommandExecutor.execute(DriverCommandExecutor.java:83)
	at org.openqa.selenium.remote.RemoteWebDriver.execute(RemoteWebDriver.java:552)
	at com.kms.katalon.selenium.driver.CChromeDriver.execute(CChromeDriver.java:19)
	at org.openqa.selenium.remote.RemoteWebElement.execute(RemoteWebElement.java:285)
	at org.openqa.selenium.remote.RemoteWebElement.click(RemoteWebElement.java:84)
	at org.openqa.selenium.support.events.EventFiringWebDriver$EventFiringWebElement.lambda$new$0(EventFiringWebDriver.java:404)
	at com.sun.proxy.$Proxy11.click(Unknown Source)
	at org.openqa.selenium.support.events.EventFiringWebDriver$EventFiringWebElement.click(EventFiringWebDriver.java:417)
	at org.openqa.selenium.WebElement$click$0.call(Unknown Source)
	at com.kms.katalon.core.webui.keyword.builtin.ClickKeyword.clickUntilSuccessWithTimeout(ClickKeyword.groovy:81)
	at com.kms.katalon.core.webui.keyword.builtin.ClickKeyword.clickUntilSuccessWithTimeout(ClickKeyword.groovy)
	at com.kms.katalon.core.webui.keyword.builtin.ClickKeyword$_click_closure1.doCall(ClickKeyword.groovy:67)
	at com.kms.katalon.core.webui.keyword.builtin.ClickKeyword$_click_closure1.call(ClickKeyword.groovy)
	at com.kms.katalon.core.webui.keyword.internal.WebUIKeywordMain.runKeyword(WebUIKeywordMain.groovy:20)
	... 19 more]]></system-out>
      <system-err><![CDATA[2022-03-01 15:48:35 - [TEST_SUITE][FAILED] - 13-Pruebas_Control_Tiempos: Test Cases/13.1-Pruebas_control_tiempos/13.1.1-Listado_de_personas FAILED.
Reason:
com.kms.katalon.core.exception.StepFailedException: Unable to click on object 'Object Repository/Modulo control tiempo/Listado de Personas/a_Regresar'
	at com.kms.katalon.core.webui.keyword.internal.WebUIKeywordMain.stepFailed(WebUIKeywordMain.groovy:64)
	at com.kms.katalon.core.webui.keyword.internal.WebUIKeywordMain.runKeyword(WebUIKeywordMain.groovy:26)
	at com.kms.katalon.core.webui.keyword.builtin.ClickKeyword.click(ClickKeyword.groovy:74)
	at com.kms.katalon.core.webui.keyword.builtin.ClickKeyword.execute(ClickKeyword.groovy:40)
	at com.kms.katalon.core.keyword.internal.KeywordExecutor.executeKeywordForPlatform(KeywordExecutor.groovy:74)
	at com.kms.katalon.core.webui.keyword.WebUiBuiltInKeywords.click(WebUiBuiltInKeywords.groovy:620)
	at com.kms.katalon.core.webui.keyword.WebUiBuiltInKeywords$click$5.call(Unknown Source)
	at 13.1.1-Listado_de_personas.run(13.1.1-Listado_de_personas:75)
	at com.kms.katalon.core.main.ScriptEngine.run(ScriptEngine.java:194)
	at com.kms.katalon.core.main.ScriptEngine.runScriptAsRawText(ScriptEngine.java:119)
	at com.kms.katalon.core.main.TestCaseExecutor.runScript(TestCaseExecutor.java:442)
	at com.kms.katalon.core.main.TestCaseExecutor.doExecute(TestCaseExecutor.java:433)
	at com.kms.katalon.core.main.TestCaseExecutor.processExecutionPhase(TestCaseExecutor.java:412)
	at com.kms.katalon.core.main.TestCaseExecutor.accessMainPhase(TestCaseExecutor.java:404)
	at com.kms.katalon.core.main.TestCaseExecutor.execute(TestCaseExecutor.java:281)
	at com.kms.katalon.core.main.TestSuiteExecutor.accessTestCaseMainPhase(TestSuiteExecutor.java:202)
	at com.kms.katalon.core.main.TestSuiteExecutor.accessTestSuiteMainPhase(TestSuiteExecutor.java:164)
	at com.kms.katalon.core.main.TestSuiteExecutor.execute(TestSuiteExecutor.java:105)
	at com.kms.katalon.core.main.TestCaseMain.startTestSuite(TestCaseMain.java:185)
	at com.kms.katalon.core.main.TestCaseMain$startTestSuite$0.call(Unknown Source)
	at TempTestSuite1646167708024.run(TempTestSuite1646167708024.groovy:36)
Caused by: org.openqa.selenium.ElementClickInterceptedException: element click intercepted: Element <a id="Idform_persona_menu:j_idt109:j_idt114" href="#" class="ui-commandlink ui-widget" onclick="PrimeFaces.ab({s:&quot;Idform_persona_menu:j_idt109:j_idt114&quot;,f:&quot;Idform_persona_menu&quot;,u:&quot;areaAplicacion&quot;,onco:function(xhr,status,args,data){resizeWindow();;}});return false;">...</a> is not clickable at point (159, 364). Other element would receive the click: <div id="popupErrorDialog:dialog_popupFoto_modal" class="ui-widget-overlay ui-dialog-mask" style="z-index: 1014;"></div>
  (Session info: chrome=98.0.4758.102)
Build info: version: '3.141.59', revision: 'e82be7d358', time: '2018-11-14T08:25:53'
System info: host: 'US-AF-000371', ip: '192.168.56.1', os.name: 'Windows 10', os.arch: 'amd64', os.version: '10.0', java.version: '1.8.0_282'
Driver info: com.kms.katalon.selenium.driver.CChromeDriver
Capabilities {acceptInsecureCerts: false, browserName: chrome, browserVersion: 98.0.4758.102, chrome: {chromedriverVersion: 97.0.4692.36 (747e0a0f19c13..., userDataDir: C:\Users\DIEGO~1.ROJ\AppDat...}, goog:chromeOptions: {debuggerAddress: localhost:63707}, javascriptEnabled: true, networkConnectionEnabled: false, pageLoadStrategy: normal, platform: WINDOWS, platformName: WINDOWS, proxy: Proxy(), setWindowRect: true, strictFileInteractability: false, timeouts: {implicit: 0, pageLoad: 300000, script: 30000}, unhandledPromptBehavior: dismiss and notify, webauthn:extension:credBlob: true, webauthn:extension:largeBlob: true, webauthn:virtualAuthenticators: true}
Session ID: dcb0945e46236594074e295b815edb3f
	at org.openqa.selenium.remote.http.W3CHttpResponseCodec.createException(W3CHttpResponseCodec.java:187)
	at org.openqa.selenium.remote.http.W3CHttpResponseCodec.decode(W3CHttpResponseCodec.java:122)
	at org.openqa.selenium.remote.http.W3CHttpResponseCodec.decode(W3CHttpResponseCodec.java:49)
	at org.openqa.selenium.remote.HttpCommandExecutor.execute(HttpCommandExecutor.java:158)
	at org.openqa.selenium.remote.service.DriverCommandExecutor.execute(DriverCommandExecutor.java:83)
	at org.openqa.selenium.remote.RemoteWebDriver.execute(RemoteWebDriver.java:552)
	at com.kms.katalon.selenium.driver.CChromeDriver.execute(CChromeDriver.java:19)
	at org.openqa.selenium.remote.RemoteWebElement.execute(RemoteWebElement.java:285)
	at org.openqa.selenium.remote.RemoteWebElement.click(RemoteWebElement.java:84)
	at org.openqa.selenium.support.events.EventFiringWebDriver$EventFiringWebElement.lambda$new$0(EventFiringWebDriver.java:404)
	at com.sun.proxy.$Proxy11.click(Unknown Source)
	at org.openqa.selenium.support.events.EventFiringWebDriver$EventFiringWebElement.click(EventFiringWebDriver.java:417)
	at org.openqa.selenium.WebElement$click$0.call(Unknown Source)
	at com.kms.katalon.core.webui.keyword.builtin.ClickKeyword.clickUntilSuccessWithTimeout(ClickKeyword.groovy:81)
	at com.kms.katalon.core.webui.keyword.builtin.ClickKeyword.clickUntilSuccessWithTimeout(ClickKeyword.groovy)
	at com.kms.katalon.core.webui.keyword.builtin.ClickKeyword$_click_closure1.doCall(ClickKeyword.groovy:67)
	at com.kms.katalon.core.webui.keyword.builtin.ClickKeyword$_click_closure1.call(ClickKeyword.groovy)
	at com.kms.katalon.core.webui.keyword.internal.WebUIKeywordMain.runKeyword(WebUIKeywordMain.groovy:20)
	... 19 more]]></system-err>
   </testsuite>
</testsuites>
