<?xml version="1.0" encoding="UTF-8"?>
<testsuites name="12-Pruebas_Planta_Personal" time="379.801" tests="14" failures="1" errors="0">
   <testsuite name="12-Pruebas_Planta_Personal" tests="14" failures="1" errors="0" time="379.801" skipped="0" timestamp="2022-03-03 13:59:57" hostname="diego.rojas - US-AF-000371" id="Test Suites/12-Pruebas_Planta_Personal">
      <properties>
         <property name="deviceName" value=""/>
         <property name="devicePlatform" value=""/>
         <property name="logFolder" value="C:\\Users\\diego.rojas\\git\\Pruebas-Minimas\\Reports\\20220303_130431\\12-Pruebas_Planta_Personal\\20220303_130536"/>
         <property name="logFiles" value="C:\\Users\\diego.rojas\\git\\Pruebas-Minimas\\Reports\\20220303_130431\\12-Pruebas_Planta_Personal\\20220303_130536\\execution0.log"/>
         <property name="attachments" value="C:\\Users\\diego.rojas\\git\\Pruebas-Minimas\\Reports\\20220303_130431\\12-Pruebas_Planta_Personal\\20220303_130536\\1646334052929.png"/>
         <property name="hostName" value="diego.rojas - US-AF-000371"/>
         <property name="os" value="Windows 10 64bit"/>
         <property name="katalonVersion" value="8.2.5.208"/>
         <property name="browser" value="Chrome 98.0.4758.102"/>
         <property name="hostAddress" value="192.168.56.1"/>
         <property name="sessionId" value="54f7f9a0fb7eee1a3327172a4d0c57a5"/>
         <property name="seleniumVersion" value="3.141.59"/>
         <property name="proxyInformation" value="ProxyInformation { proxyOption=NO_PROXY, proxyServerType=HTTP, username=, password=********, proxyServerAddress=, proxyServerPort=0, executionList=&quot;&quot;, isApplyToDesiredCapabilities=true }"/>
         <property name="platform" value="Windows 10"/>
      </properties>
      <testcase name="Test Cases/12.1-Pruebas_planta_personal/12.1.1-Crear_una_unidad" time="55.843" classname="Test Cases/12.1-Pruebas_planta_personal/12.1.1-Crear_una_unidad" status="FAILED">
         <failure type="FAILED" message="Test Cases/12.1-Pruebas_planta_personal/12.1.1-Crear_una_unidad FAILED.
Reason:
com.kms.katalon.core.exception.StepFailedException: Unable to click on object 'Object Repository/Modulo Pruebas Planta de Personal/Crear_una_unidad/a_Organigrama_organigramacrearUnidad'
	at com.kms.katalon.core.webui.keyword.internal.WebUIKeywordMain.stepFailed(WebUIKeywordMain.groovy:64)
	at com.kms.katalon.core.webui.keyword.internal.WebUIKeywordMain.runKeyword(WebUIKeywordMain.groovy:26)
	at com.kms.katalon.core.webui.keyword.builtin.ClickKeyword.click(ClickKeyword.groovy:74)
	at com.kms.katalon.core.webui.keyword.builtin.ClickKeyword.execute(ClickKeyword.groovy:40)
	at com.kms.katalon.core.keyword.internal.KeywordExecutor.executeKeywordForPlatform(KeywordExecutor.groovy:74)
	at com.kms.katalon.core.webui.keyword.WebUiBuiltInKeywords.click(WebUiBuiltInKeywords.groovy:620)
	at com.kms.katalon.core.webui.keyword.WebUiBuiltInKeywords$click$5.call(Unknown Source)
	at 12.1.1-Crear_una_unidad.run(12.1.1-Crear_una_unidad:44)
	at com.kms.katalon.core.main.ScriptEngine.run(ScriptEngine.java:194)
	at com.kms.katalon.core.main.ScriptEngine.runScriptAsRawText(ScriptEngine.java:119)
	at com.kms.katalon.core.main.TestCaseExecutor.runScript(TestCaseExecutor.java:442)
	at com.kms.katalon.core.main.TestCaseExecutor.doExecute(TestCaseExecutor.java:433)
	at com.kms.katalon.core.main.TestCaseExecutor.processExecutionPhase(TestCaseExecutor.java:412)
	at com.kms.katalon.core.main.TestCaseExecutor.accessMainPhase(TestCaseExecutor.java:404)
	at com.kms.katalon.core.main.TestCaseExecutor.execute(TestCaseExecutor.java:281)
	at com.kms.katalon.core.main.TestSuiteExecutor.accessTestCaseMainPhase(TestSuiteExecutor.java:202)
	at com.kms.katalon.core.main.TestSuiteExecutor.accessTestSuiteMainPhase(TestSuiteExecutor.java:164)
	at com.kms.katalon.core.main.TestSuiteExecutor.execute(TestSuiteExecutor.java:105)
	at com.kms.katalon.core.main.TestCaseMain.startTestSuite(TestCaseMain.java:185)
	at com.kms.katalon.core.main.TestCaseMain$startTestSuite$0.call(Unknown Source)
	at TempTestSuite1646330736977.run(TempTestSuite1646330736977.groovy:36)
Caused by: org.openqa.selenium.ElementClickInterceptedException: element click intercepted: Element &lt;a id=&quot;organigrama:crearUnidad&quot; href=&quot;#&quot; class=&quot;ui-commandlink ui-widget imagenMiniAdicionarUnidad&quot; aria-label=&quot;Crear Unidad&quot; onclick=&quot;PrimeFaces.ab({s:&amp;quot;organigrama:crearUnidad&amp;quot;,f:&amp;quot;organigrama&amp;quot;,p:&amp;quot;organigrama:crearUnidad&amp;quot;,u:&amp;quot;areaAplicacion&amp;quot;});return false;&quot; title=&quot;Crear Unidad&quot;>&lt;/a> is not clickable at point (526, 172). Other element would receive the click: &lt;div style=&quot;text-align:center;&quot;>...&lt;/div>
  (Session info: chrome=98.0.4758.102)
Build info: version: '3.141.59', revision: 'e82be7d358', time: '2018-11-14T08:25:53'
System info: host: 'US-AF-000371', ip: '192.168.56.1', os.name: 'Windows 10', os.arch: 'amd64', os.version: '10.0', java.version: '1.8.0_282'
Driver info: com.kms.katalon.selenium.driver.CChromeDriver
Capabilities {acceptInsecureCerts: false, browserName: chrome, browserVersion: 98.0.4758.102, chrome: {chromedriverVersion: 97.0.4692.36 (747e0a0f19c13..., userDataDir: C:\Users\DIEGO~1.ROJ\AppDat...}, goog:chromeOptions: {debuggerAddress: localhost:63899}, javascriptEnabled: true, networkConnectionEnabled: false, pageLoadStrategy: normal, platform: WINDOWS, platformName: WINDOWS, proxy: Proxy(), setWindowRect: true, strictFileInteractability: false, timeouts: {implicit: 0, pageLoad: 300000, script: 30000}, unhandledPromptBehavior: dismiss and notify, webauthn:extension:credBlob: true, webauthn:extension:largeBlob: true, webauthn:virtualAuthenticators: true}
Session ID: 79f21757df688d0667b721ad39c686b9
	at org.openqa.selenium.remote.http.W3CHttpResponseCodec.createException(W3CHttpResponseCodec.java:187)
	at org.openqa.selenium.remote.http.W3CHttpResponseCodec.decode(W3CHttpResponseCodec.java:122)
	at org.openqa.selenium.remote.http.W3CHttpResponseCodec.decode(W3CHttpResponseCodec.java:49)
	at org.openqa.selenium.remote.HttpCommandExecutor.execute(HttpCommandExecutor.java:158)
	at org.openqa.selenium.remote.service.DriverCommandExecutor.execute(DriverCommandExecutor.java:83)
	at org.openqa.selenium.remote.RemoteWebDriver.execute(RemoteWebDriver.java:552)
	at com.kms.katalon.selenium.driver.CChromeDriver.execute(CChromeDriver.java:19)
	at org.openqa.selenium.remote.RemoteWebElement.execute(RemoteWebElement.java:285)
	at org.openqa.selenium.remote.RemoteWebElement.click(RemoteWebElement.java:84)
	at org.openqa.selenium.support.events.EventFiringWebDriver$EventFiringWebElement.lambda$new$0(EventFiringWebDriver.java:404)
	at com.sun.proxy.$Proxy11.click(Unknown Source)
	at org.openqa.selenium.support.events.EventFiringWebDriver$EventFiringWebElement.click(EventFiringWebDriver.java:417)
	at org.openqa.selenium.WebElement$click$0.call(Unknown Source)
	at com.kms.katalon.core.webui.keyword.builtin.ClickKeyword.clickUntilSuccessWithTimeout(ClickKeyword.groovy:81)
	at com.kms.katalon.core.webui.keyword.builtin.ClickKeyword.clickUntilSuccessWithTimeout(ClickKeyword.groovy)
	at com.kms.katalon.core.webui.keyword.builtin.ClickKeyword$_click_closure1.doCall(ClickKeyword.groovy:67)
	at com.kms.katalon.core.webui.keyword.builtin.ClickKeyword$_click_closure1.call(ClickKeyword.groovy)
	at com.kms.katalon.core.webui.keyword.internal.WebUIKeywordMain.runKeyword(WebUIKeywordMain.groovy:20)
	... 19 more
"/>
         <system-out><![CDATA[2022-03-03 13:59:57 - [TEST_CASE][FAILED] - Test Cases/12.1-Pruebas_planta_personal/12.1.1-Crear_una_unidad: Test Cases/12.1-Pruebas_planta_personal/12.1.1-Crear_una_unidad FAILED.
Reason:
com.kms.katalon.core.exception.StepFailedException: Unable to click on object 'Object Repository/Modulo Pruebas Planta de Personal/Crear_una_unidad/a_Organigrama_organigramacrearUnidad'
	at com.kms.katalon.core.webui.keyword.internal.WebUIKeywordMain.stepFailed(WebUIKeywordMain.groovy:64)
	at com.kms.katalon.core.webui.keyword.internal.WebUIKeywordMain.runKeyword(WebUIKeywordMain.groovy:26)
	at com.kms.katalon.core.webui.keyword.builtin.ClickKeyword.click(ClickKeyword.groovy:74)
	at com.kms.katalon.core.webui.keyword.builtin.ClickKeyword.execute(ClickKeyword.groovy:40)
	at com.kms.katalon.core.keyword.internal.KeywordExecutor.executeKeywordForPlatform(KeywordExecutor.groovy:74)
	at com.kms.katalon.core.webui.keyword.WebUiBuiltInKeywords.click(WebUiBuiltInKeywords.groovy:620)
	at com.kms.katalon.core.webui.keyword.WebUiBuiltInKeywords$click$5.call(Unknown Source)
	at 12.1.1-Crear_una_unidad.run(12.1.1-Crear_una_unidad:44)
	at com.kms.katalon.core.main.ScriptEngine.run(ScriptEngine.java:194)
	at com.kms.katalon.core.main.ScriptEngine.runScriptAsRawText(ScriptEngine.java:119)
	at com.kms.katalon.core.main.TestCaseExecutor.runScript(TestCaseExecutor.java:442)
	at com.kms.katalon.core.main.TestCaseExecutor.doExecute(TestCaseExecutor.java:433)
	at com.kms.katalon.core.main.TestCaseExecutor.processExecutionPhase(TestCaseExecutor.java:412)
	at com.kms.katalon.core.main.TestCaseExecutor.accessMainPhase(TestCaseExecutor.java:404)
	at com.kms.katalon.core.main.TestCaseExecutor.execute(TestCaseExecutor.java:281)
	at com.kms.katalon.core.main.TestSuiteExecutor.accessTestCaseMainPhase(TestSuiteExecutor.java:202)
	at com.kms.katalon.core.main.TestSuiteExecutor.accessTestSuiteMainPhase(TestSuiteExecutor.java:164)
	at com.kms.katalon.core.main.TestSuiteExecutor.execute(TestSuiteExecutor.java:105)
	at com.kms.katalon.core.main.TestCaseMain.startTestSuite(TestCaseMain.java:185)
	at com.kms.katalon.core.main.TestCaseMain$startTestSuite$0.call(Unknown Source)
	at TempTestSuite1646330736977.run(TempTestSuite1646330736977.groovy:36)
Caused by: org.openqa.selenium.ElementClickInterceptedException: element click intercepted: Element <a id="organigrama:crearUnidad" href="#" class="ui-commandlink ui-widget imagenMiniAdicionarUnidad" aria-label="Crear Unidad" onclick="PrimeFaces.ab({s:&quot;organigrama:crearUnidad&quot;,f:&quot;organigrama&quot;,p:&quot;organigrama:crearUnidad&quot;,u:&quot;areaAplicacion&quot;});return false;" title="Crear Unidad"></a> is not clickable at point (526, 172). Other element would receive the click: <div style="text-align:center;">...</div>
  (Session info: chrome=98.0.4758.102)
Build info: version: '3.141.59', revision: 'e82be7d358', time: '2018-11-14T08:25:53'
System info: host: 'US-AF-000371', ip: '192.168.56.1', os.name: 'Windows 10', os.arch: 'amd64', os.version: '10.0', java.version: '1.8.0_282'
Driver info: com.kms.katalon.selenium.driver.CChromeDriver
Capabilities {acceptInsecureCerts: false, browserName: chrome, browserVersion: 98.0.4758.102, chrome: {chromedriverVersion: 97.0.4692.36 (747e0a0f19c13..., userDataDir: C:\Users\DIEGO~1.ROJ\AppDat...}, goog:chromeOptions: {debuggerAddress: localhost:63899}, javascriptEnabled: true, networkConnectionEnabled: false, pageLoadStrategy: normal, platform: WINDOWS, platformName: WINDOWS, proxy: Proxy(), setWindowRect: true, strictFileInteractability: false, timeouts: {implicit: 0, pageLoad: 300000, script: 30000}, unhandledPromptBehavior: dismiss and notify, webauthn:extension:credBlob: true, webauthn:extension:largeBlob: true, webauthn:virtualAuthenticators: true}
Session ID: 79f21757df688d0667b721ad39c686b9
	at org.openqa.selenium.remote.http.W3CHttpResponseCodec.createException(W3CHttpResponseCodec.java:187)
	at org.openqa.selenium.remote.http.W3CHttpResponseCodec.decode(W3CHttpResponseCodec.java:122)
	at org.openqa.selenium.remote.http.W3CHttpResponseCodec.decode(W3CHttpResponseCodec.java:49)
	at org.openqa.selenium.remote.HttpCommandExecutor.execute(HttpCommandExecutor.java:158)
	at org.openqa.selenium.remote.service.DriverCommandExecutor.execute(DriverCommandExecutor.java:83)
	at org.openqa.selenium.remote.RemoteWebDriver.execute(RemoteWebDriver.java:552)
	at com.kms.katalon.selenium.driver.CChromeDriver.execute(CChromeDriver.java:19)
	at org.openqa.selenium.remote.RemoteWebElement.execute(RemoteWebElement.java:285)
	at org.openqa.selenium.remote.RemoteWebElement.click(RemoteWebElement.java:84)
	at org.openqa.selenium.support.events.EventFiringWebDriver$EventFiringWebElement.lambda$new$0(EventFiringWebDriver.java:404)
	at com.sun.proxy.$Proxy11.click(Unknown Source)
	at org.openqa.selenium.support.events.EventFiringWebDriver$EventFiringWebElement.click(EventFiringWebDriver.java:417)
	at org.openqa.selenium.WebElement$click$0.call(Unknown Source)
	at com.kms.katalon.core.webui.keyword.builtin.ClickKeyword.clickUntilSuccessWithTimeout(ClickKeyword.groovy:81)
	at com.kms.katalon.core.webui.keyword.builtin.ClickKeyword.clickUntilSuccessWithTimeout(ClickKeyword.groovy)
	at com.kms.katalon.core.webui.keyword.builtin.ClickKeyword$_click_closure1.doCall(ClickKeyword.groovy:67)
	at com.kms.katalon.core.webui.keyword.builtin.ClickKeyword$_click_closure1.call(ClickKeyword.groovy)
	at com.kms.katalon.core.webui.keyword.internal.WebUIKeywordMain.runKeyword(WebUIKeywordMain.groovy:20)
	... 19 more


2022-03-03 13:59:57 - [TEST_STEP][PASSED] - callTestCase(findTestCase("0.1-Login"), [:], STOP_ON_FAILURE): Call Test Case 'Test Cases/0.1-Login' successfully

2022-03-03 13:59:57 - [TEST_CASE][PASSED] - Test Cases/0.1-Login: Test Cases/0.1-Login

2022-03-03 13:59:58 - [TEST_STEP][PASSED] - openBrowser(""): Browser is opened with url: ''

2022-03-03 13:59:58 - [MESSAGE][INFO] - Starting 'Chrome' driver

2022-03-03 13:59:58 - [MESSAGE][INFO] - Action delay is set to 0 milliseconds

2022-03-03 14:00:00 - [MESSAGE][PASSED] - Browser is opened with url: ''

2022-03-03 14:00:00 - [TEST_STEP][PASSED] - maximizeWindow(): Current window maximized

2022-03-03 14:00:01 - [MESSAGE][PASSED] - Current window maximized

2022-03-03 14:00:01 - [TEST_STEP][PASSED] - i = G_Login: null

2022-03-03 14:00:01 - [TEST_STEP][PASSED] - url = new java.net.URL(i): null

2022-03-03 14:00:01 - [TEST_STEP][PASSED] - println("URL: " + url.toString()): null

2022-03-03 14:00:01 - [TEST_STEP][PASSED] - connection = url.openConnection(): null

2022-03-03 14:00:01 - [TEST_STEP][PASSED] - connection.setRequestMethod("GET"): null

2022-03-03 14:00:01 - [TEST_STEP][PASSED] - connection.setReadTimeout(2 * 1000): null

2022-03-03 14:00:01 - [TEST_STEP][PASSED] - try: null

2022-03-03 14:00:01 - [TEST_STEP][PASSED] - connection.connect(): null

2022-03-03 14:00:01 - [TEST_STEP][PASSED] - flag = connected: null

2022-03-03 14:00:01 - [TEST_STEP][PASSED] - println("Valor_ori: " + flag): null

2022-03-03 14:00:01 - [TEST_STEP][PASSED] - if (flag): null

2022-03-03 14:00:01 - [TEST_STEP][PASSED] - navigateToUrl(i): Navigate to 'http://192.168.2.80:8380/saraweb' successfully

2022-03-03 14:00:02 - [MESSAGE][PASSED] - Navigate to 'http://192.168.2.80:8380/saraweb' successfully

2022-03-03 14:00:02 - [TEST_STEP][PASSED] - a(): null

2022-03-03 14:00:02 - [TEST_STEP][PASSED] - setText(findTestObject("Login/input_USUARIO_loginusuario"), G_Usuario): Text 'saraadmin' is set on object 'Object Repository/Login/input_USUARIO_loginusuario'

2022-03-03 14:00:03 - [MESSAGE][PASSED] - Text 'saraadmin' is set on object 'Object Repository/Login/input_USUARIO_loginusuario'

2022-03-03 14:00:03 - [TEST_STEP][PASSED] - setEncryptedText(findTestObject("Login/input_CLAVE_loginpassword"), "MkG4/TYiCFC3cb2driP7+Q=="): Text ****** has been set on object 'Object Repository/Login/input_CLAVE_loginpassword'

2022-03-03 14:00:03 - [MESSAGE][PASSED] - Text ****** has been set on object 'Object Repository/Login/input_CLAVE_loginpassword'

2022-03-03 14:00:03 - [TEST_STEP][PASSED] - waitForElementClickable(findTestObject("Login/a_Ingresar"), G_TimeOut): Object 'Object Repository/Login/a_Ingresar' is clickable

2022-03-03 14:00:04 - [MESSAGE][PASSED] - Object 'Object Repository/Login/a_Ingresar' is clickable

2022-03-03 14:00:04 - [TEST_STEP][PASSED] - click(findTestObject("Login/a_Ingresar")): Object: 'Object Repository/Login/a_Ingresar' is clicked on

2022-03-03 14:00:06 - [MESSAGE][PASSED] - Object: 'Object Repository/Login/a_Ingresar' is clicked on

2022-03-03 14:00:06 - [TEST_STEP][PASSED] - element = findWebElement(findTestObject("Login/a_Ir"), 30): null

2022-03-03 14:00:07 - [TEST_STEP][PASSED] - executeJavaScript("arguments[0].click()", Arrays.asList(element)): Execute JavaScript 'arguments[0].click()' successfully

2022-03-03 14:00:07 - [MESSAGE][PASSED] - Execute JavaScript 'arguments[0].click()' successfully

2022-03-03 14:00:07 - [MESSAGE][PASSED] - Call Test Case 'Test Cases/0.1-Login' successfully

2022-03-03 14:00:07 - [TEST_STEP][PASSED] - setText(findTestObject("Modulo Pruebas Planta de Personal/Crear_una_unidad/input_Empresa 1_form_templatej_idt24_input"), "planta personal (tal)"): Text 'planta personal (tal)' is set on object 'Object Repository/Modulo Pruebas Planta de Personal/Crear_una_unidad/input_Empresa 1_form_templatej_idt24_input'

2022-03-03 14:00:08 - [MESSAGE][PASSED] - Text 'planta personal (tal)' is set on object 'Object Repository/Modulo Pruebas Planta de Personal/Crear_una_unidad/input_Empresa 1_form_templatej_idt24_input'

2022-03-03 14:00:08 - [TEST_STEP][PASSED] - click(findTestObject("Modulo Pruebas Planta de Personal/Crear_una_unidad/span_Planta Personal (tal)")): Object: 'Object Repository/Modulo Pruebas Planta de Personal/Crear_una_unidad/span_Planta Personal (tal)' is clicked on

2022-03-03 14:00:09 - [MESSAGE][PASSED] - Object: 'Object Repository/Modulo Pruebas Planta de Personal/Crear_una_unidad/span_Planta Personal (tal)' is clicked on

2022-03-03 14:00:09 - [TEST_STEP][PASSED] - click(findTestObject("Modulo Pruebas Planta de Personal/Crear_una_unidad/span_Administracion")): Object: 'Object Repository/Modulo Pruebas Planta de Personal/Crear_una_unidad/span_Administracion' is clicked on

2022-03-03 14:00:11 - [MESSAGE][PASSED] - Object: 'Object Repository/Modulo Pruebas Planta de Personal/Crear_una_unidad/span_Administracion' is clicked on

2022-03-03 14:00:11 - [TEST_STEP][PASSED] - click(findTestObject("Modulo Pruebas Planta de Personal/Crear_una_unidad/span_No Relacionado_ui-button-icon-left ui-icon ui-c ui-icon-triangle-1-s")): Object: 'Object Repository/Modulo Pruebas Planta de Personal/Crear_una_unidad/span_No Relacionado_ui-button-icon-left ui-icon ui-c ui-icon-triangle-1-s' is clicked on

2022-03-03 14:00:12 - [MESSAGE][PASSED] - Object: 'Object Repository/Modulo Pruebas Planta de Personal/Crear_una_unidad/span_No Relacionado_ui-button-icon-left ui-icon ui-c ui-icon-triangle-1-s' is clicked on

2022-03-03 14:00:12 - [TEST_STEP][PASSED] - click(findTestObject("Modulo Pruebas Planta de Personal/Crear_una_unidad/span_Organigrama")): Object: 'Object Repository/Modulo Pruebas Planta de Personal/Crear_una_unidad/span_Organigrama' is clicked on

2022-03-03 14:00:12 - [MESSAGE][PASSED] - Object: 'Object Repository/Modulo Pruebas Planta de Personal/Crear_una_unidad/span_Organigrama' is clicked on

2022-03-03 14:00:12 - [TEST_STEP][PASSED] - getText(findTestObject("Modulo Pruebas Planta de Personal/Crear_una_unidad/span_Pruebas  Katalon")): Text of object 'Object Repository/Modulo Pruebas Planta de Personal/Crear_una_unidad/span_Pruebas  Katalon' is: 'TECNOLOGIA'

2022-03-03 14:00:13 - [MESSAGE][PASSED] - Text of object 'Object Repository/Modulo Pruebas Planta de Personal/Crear_una_unidad/span_Pruebas  Katalon' is: 'TECNOLOGIA'

2022-03-03 14:00:13 - [TEST_STEP][PASSED] - if (waitForElementVisible(findTestObject("Modulo Pruebas Planta de Personal/Crear_una_unidad/span_Pruebas  Katalon"), 1)): null

2022-03-03 14:00:14 - [MESSAGE][PASSED] - Object 'Object Repository/Modulo Pruebas Planta de Personal/Crear_una_unidad/span_Pruebas  Katalon' is visible

2022-03-03 14:00:14 - [TEST_STEP][PASSED] - click(findTestObject("Modulo Pruebas Planta de Personal/Crear_una_unidad/a_Pruebas  Katalon_organigramaj_idt1422modificar")): Object: 'Object Repository/Modulo Pruebas Planta de Personal/Crear_una_unidad/a_Pruebas  Katalon_organigramaj_idt1422modificar' is clicked on

2022-03-03 14:00:14 - [MESSAGE][PASSED] - Object: 'Object Repository/Modulo Pruebas Planta de Personal/Crear_una_unidad/a_Pruebas  Katalon_organigramaj_idt1422modificar' is clicked on

2022-03-03 14:00:14 - [TEST_STEP][PASSED] - click(findTestObject("Modulo Pruebas Planta de Personal/Crear_una_unidad/a_Eliminar")): Object: 'Object Repository/Modulo Pruebas Planta de Personal/Crear_una_unidad/a_Eliminar' is clicked on

2022-03-03 14:00:17 - [MESSAGE][PASSED] - Object: 'Object Repository/Modulo Pruebas Planta de Personal/Crear_una_unidad/a_Eliminar' is clicked on

2022-03-03 14:00:17 - [TEST_STEP][PASSED] - click(findTestObject("Modulo Pruebas Planta de Personal/Crear_una_unidad/span_Si")): Object: 'Object Repository/Modulo Pruebas Planta de Personal/Crear_una_unidad/span_Si' is clicked on

2022-03-03 14:00:17 - [MESSAGE][PASSED] - Object: 'Object Repository/Modulo Pruebas Planta de Personal/Crear_una_unidad/span_Si' is clicked on

2022-03-03 14:00:17 - [TEST_STEP][FAILED] - click(findTestObject("Modulo Pruebas Planta de Personal/Crear_una_unidad/a_Organigrama_organigramacrearUnidad")): Unable to click on object 'Object Repository/Modulo Pruebas Planta de Personal/Crear_una_unidad/a_Organigrama_organigramacrearUnidad' (Root cause: com.kms.katalon.core.exception.StepFailedException: Unable to click on object 'Object Repository/Modulo Pruebas Planta de Personal/Crear_una_unidad/a_Organigrama_organigramacrearUnidad'
	at com.kms.katalon.core.webui.keyword.internal.WebUIKeywordMain.stepFailed(WebUIKeywordMain.groovy:64)
	at com.kms.katalon.core.webui.keyword.internal.WebUIKeywordMain.runKeyword(WebUIKeywordMain.groovy:26)
	at com.kms.katalon.core.webui.keyword.builtin.ClickKeyword.click(ClickKeyword.groovy:74)
	at com.kms.katalon.core.webui.keyword.builtin.ClickKeyword.execute(ClickKeyword.groovy:40)
	at com.kms.katalon.core.keyword.internal.KeywordExecutor.executeKeywordForPlatform(KeywordExecutor.groovy:74)
	at com.kms.katalon.core.webui.keyword.WebUiBuiltInKeywords.click(WebUiBuiltInKeywords.groovy:620)
	at com.kms.katalon.core.webui.keyword.WebUiBuiltInKeywords$click$5.call(Unknown Source)
	at 12.1.1-Crear_una_unidad.run(12.1.1-Crear_una_unidad:44)
	at com.kms.katalon.core.main.ScriptEngine.run(ScriptEngine.java:194)
	at com.kms.katalon.core.main.ScriptEngine.runScriptAsRawText(ScriptEngine.java:119)
	at com.kms.katalon.core.main.TestCaseExecutor.runScript(TestCaseExecutor.java:442)
	at com.kms.katalon.core.main.TestCaseExecutor.doExecute(TestCaseExecutor.java:433)
	at com.kms.katalon.core.main.TestCaseExecutor.processExecutionPhase(TestCaseExecutor.java:412)
	at com.kms.katalon.core.main.TestCaseExecutor.accessMainPhase(TestCaseExecutor.java:404)
	at com.kms.katalon.core.main.TestCaseExecutor.execute(TestCaseExecutor.java:281)
	at com.kms.katalon.core.main.TestSuiteExecutor.accessTestCaseMainPhase(TestSuiteExecutor.java:202)
	at com.kms.katalon.core.main.TestSuiteExecutor.accessTestSuiteMainPhase(TestSuiteExecutor.java:164)
	at com.kms.katalon.core.main.TestSuiteExecutor.execute(TestSuiteExecutor.java:105)
	at com.kms.katalon.core.main.TestCaseMain.startTestSuite(TestCaseMain.java:185)
	at com.kms.katalon.core.main.TestCaseMain$startTestSuite$0.call(Unknown Source)
	at TempTestSuite1646330736977.run(TempTestSuite1646330736977.groovy:36)
Caused by: org.openqa.selenium.ElementClickInterceptedException: element click intercepted: Element <a id="organigrama:crearUnidad" href="#" class="ui-commandlink ui-widget imagenMiniAdicionarUnidad" aria-label="Crear Unidad" onclick="PrimeFaces.ab({s:&quot;organigrama:crearUnidad&quot;,f:&quot;organigrama&quot;,p:&quot;organigrama:crearUnidad&quot;,u:&quot;areaAplicacion&quot;});return false;" title="Crear Unidad"></a> is not clickable at point (526, 172). Other element would receive the click: <div style="text-align:center;">...</div>
  (Session info: chrome=98.0.4758.102)
Build info: version: '3.141.59', revision: 'e82be7d358', time: '2018-11-14T08:25:53'
System info: host: 'US-AF-000371', ip: '192.168.56.1', os.name: 'Windows 10', os.arch: 'amd64', os.version: '10.0', java.version: '1.8.0_282'
Driver info: com.kms.katalon.selenium.driver.CChromeDriver
Capabilities {acceptInsecureCerts: false, browserName: chrome, browserVersion: 98.0.4758.102, chrome: {chromedriverVersion: 97.0.4692.36 (747e0a0f19c13..., userDataDir: C:\Users\DIEGO~1.ROJ\AppDat...}, goog:chromeOptions: {debuggerAddress: localhost:63899}, javascriptEnabled: true, networkConnectionEnabled: false, pageLoadStrategy: normal, platform: WINDOWS, platformName: WINDOWS, proxy: Proxy(), setWindowRect: true, strictFileInteractability: false, timeouts: {implicit: 0, pageLoad: 300000, script: 30000}, unhandledPromptBehavior: dismiss and notify, webauthn:extension:credBlob: true, webauthn:extension:largeBlob: true, webauthn:virtualAuthenticators: true}
Session ID: 79f21757df688d0667b721ad39c686b9
	at org.openqa.selenium.remote.http.W3CHttpResponseCodec.createException(W3CHttpResponseCodec.java:187)
	at org.openqa.selenium.remote.http.W3CHttpResponseCodec.decode(W3CHttpResponseCodec.java:122)
	at org.openqa.selenium.remote.http.W3CHttpResponseCodec.decode(W3CHttpResponseCodec.java:49)
	at org.openqa.selenium.remote.HttpCommandExecutor.execute(HttpCommandExecutor.java:158)
	at org.openqa.selenium.remote.service.DriverCommandExecutor.execute(DriverCommandExecutor.java:83)
	at org.openqa.selenium.remote.RemoteWebDriver.execute(RemoteWebDriver.java:552)
	at com.kms.katalon.selenium.driver.CChromeDriver.execute(CChromeDriver.java:19)
	at org.openqa.selenium.remote.RemoteWebElement.execute(RemoteWebElement.java:285)
	at org.openqa.selenium.remote.RemoteWebElement.click(RemoteWebElement.java:84)
	at org.openqa.selenium.support.events.EventFiringWebDriver$EventFiringWebElement.lambda$new$0(EventFiringWebDriver.java:404)
	at com.sun.proxy.$Proxy11.click(Unknown Source)
	at org.openqa.selenium.support.events.EventFiringWebDriver$EventFiringWebElement.click(EventFiringWebDriver.java:417)
	at org.openqa.selenium.WebElement$click$0.call(Unknown Source)
	at com.kms.katalon.core.webui.keyword.builtin.ClickKeyword.clickUntilSuccessWithTimeout(ClickKeyword.groovy:81)
	at com.kms.katalon.core.webui.keyword.builtin.ClickKeyword.clickUntilSuccessWithTimeout(ClickKeyword.groovy)
	at com.kms.katalon.core.webui.keyword.builtin.ClickKeyword$_click_closure1.doCall(ClickKeyword.groovy:67)
	at com.kms.katalon.core.webui.keyword.builtin.ClickKeyword$_click_closure1.call(ClickKeyword.groovy)
	at com.kms.katalon.core.webui.keyword.internal.WebUIKeywordMain.runKeyword(WebUIKeywordMain.groovy:20)
	at com.kms.katalon.core.webui.keyword.builtin.ClickKeyword.click(ClickKeyword.groovy:74)
	at com.kms.katalon.core.webui.keyword.builtin.ClickKeyword.execute(ClickKeyword.groovy:40)
	at com.kms.katalon.core.keyword.internal.KeywordExecutor.executeKeywordForPlatform(KeywordExecutor.groovy:74)
	at com.kms.katalon.core.webui.keyword.WebUiBuiltInKeywords.click(WebUiBuiltInKeywords.groovy:620)
	at com.kms.katalon.core.webui.keyword.WebUiBuiltInKeywords$click$5.call(Unknown Source)
	at Script1646256717866.run(Script1646256717866.groovy:44)
	... 13 more
)

2022-03-03 14:00:53 - [MESSAGE][FAILED] - Unable to click on object 'Object Repository/Modulo Pruebas Planta de Personal/Crear_una_unidad/a_Organigrama_organigramacrearUnidad' (Root cause: com.kms.katalon.core.exception.StepFailedException: Unable to click on object 'Object Repository/Modulo Pruebas Planta de Personal/Crear_una_unidad/a_Organigrama_organigramacrearUnidad'
	at com.kms.katalon.core.webui.keyword.internal.WebUIKeywordMain.stepFailed(WebUIKeywordMain.groovy:64)
	at com.kms.katalon.core.webui.keyword.internal.WebUIKeywordMain.runKeyword(WebUIKeywordMain.groovy:26)
	at com.kms.katalon.core.webui.keyword.builtin.ClickKeyword.click(ClickKeyword.groovy:74)
	at com.kms.katalon.core.webui.keyword.builtin.ClickKeyword.execute(ClickKeyword.groovy:40)
	at com.kms.katalon.core.keyword.internal.KeywordExecutor.executeKeywordForPlatform(KeywordExecutor.groovy:74)
	at com.kms.katalon.core.webui.keyword.WebUiBuiltInKeywords.click(WebUiBuiltInKeywords.groovy:620)
	at com.kms.katalon.core.webui.keyword.WebUiBuiltInKeywords$click$5.call(Unknown Source)
	at 12.1.1-Crear_una_unidad.run(12.1.1-Crear_una_unidad:44)
	at com.kms.katalon.core.main.ScriptEngine.run(ScriptEngine.java:194)
	at com.kms.katalon.core.main.ScriptEngine.runScriptAsRawText(ScriptEngine.java:119)
	at com.kms.katalon.core.main.TestCaseExecutor.runScript(TestCaseExecutor.java:442)
	at com.kms.katalon.core.main.TestCaseExecutor.doExecute(TestCaseExecutor.java:433)
	at com.kms.katalon.core.main.TestCaseExecutor.processExecutionPhase(TestCaseExecutor.java:412)
	at com.kms.katalon.core.main.TestCaseExecutor.accessMainPhase(TestCaseExecutor.java:404)
	at com.kms.katalon.core.main.TestCaseExecutor.execute(TestCaseExecutor.java:281)
	at com.kms.katalon.core.main.TestSuiteExecutor.accessTestCaseMainPhase(TestSuiteExecutor.java:202)
	at com.kms.katalon.core.main.TestSuiteExecutor.accessTestSuiteMainPhase(TestSuiteExecutor.java:164)
	at com.kms.katalon.core.main.TestSuiteExecutor.execute(TestSuiteExecutor.java:105)
	at com.kms.katalon.core.main.TestCaseMain.startTestSuite(TestCaseMain.java:185)
	at com.kms.katalon.core.main.TestCaseMain$startTestSuite$0.call(Unknown Source)
	at TempTestSuite1646330736977.run(TempTestSuite1646330736977.groovy:36)
Caused by: org.openqa.selenium.ElementClickInterceptedException: element click intercepted: Element <a id="organigrama:crearUnidad" href="#" class="ui-commandlink ui-widget imagenMiniAdicionarUnidad" aria-label="Crear Unidad" onclick="PrimeFaces.ab({s:&quot;organigrama:crearUnidad&quot;,f:&quot;organigrama&quot;,p:&quot;organigrama:crearUnidad&quot;,u:&quot;areaAplicacion&quot;});return false;" title="Crear Unidad"></a> is not clickable at point (526, 172). Other element would receive the click: <div style="text-align:center;">...</div>
  (Session info: chrome=98.0.4758.102)
Build info: version: '3.141.59', revision: 'e82be7d358', time: '2018-11-14T08:25:53'
System info: host: 'US-AF-000371', ip: '192.168.56.1', os.name: 'Windows 10', os.arch: 'amd64', os.version: '10.0', java.version: '1.8.0_282'
Driver info: com.kms.katalon.selenium.driver.CChromeDriver
Capabilities {acceptInsecureCerts: false, browserName: chrome, browserVersion: 98.0.4758.102, chrome: {chromedriverVersion: 97.0.4692.36 (747e0a0f19c13..., userDataDir: C:\Users\DIEGO~1.ROJ\AppDat...}, goog:chromeOptions: {debuggerAddress: localhost:63899}, javascriptEnabled: true, networkConnectionEnabled: false, pageLoadStrategy: normal, platform: WINDOWS, platformName: WINDOWS, proxy: Proxy(), setWindowRect: true, strictFileInteractability: false, timeouts: {implicit: 0, pageLoad: 300000, script: 30000}, unhandledPromptBehavior: dismiss and notify, webauthn:extension:credBlob: true, webauthn:extension:largeBlob: true, webauthn:virtualAuthenticators: true}
Session ID: 79f21757df688d0667b721ad39c686b9
	at org.openqa.selenium.remote.http.W3CHttpResponseCodec.createException(W3CHttpResponseCodec.java:187)
	at org.openqa.selenium.remote.http.W3CHttpResponseCodec.decode(W3CHttpResponseCodec.java:122)
	at org.openqa.selenium.remote.http.W3CHttpResponseCodec.decode(W3CHttpResponseCodec.java:49)
	at org.openqa.selenium.remote.HttpCommandExecutor.execute(HttpCommandExecutor.java:158)
	at org.openqa.selenium.remote.service.DriverCommandExecutor.execute(DriverCommandExecutor.java:83)
	at org.openqa.selenium.remote.RemoteWebDriver.execute(RemoteWebDriver.java:552)
	at com.kms.katalon.selenium.driver.CChromeDriver.execute(CChromeDriver.java:19)
	at org.openqa.selenium.remote.RemoteWebElement.execute(RemoteWebElement.java:285)
	at org.openqa.selenium.remote.RemoteWebElement.click(RemoteWebElement.java:84)
	at org.openqa.selenium.support.events.EventFiringWebDriver$EventFiringWebElement.lambda$new$0(EventFiringWebDriver.java:404)
	at com.sun.proxy.$Proxy11.click(Unknown Source)
	at org.openqa.selenium.support.events.EventFiringWebDriver$EventFiringWebElement.click(EventFiringWebDriver.java:417)
	at org.openqa.selenium.WebElement$click$0.call(Unknown Source)
	at com.kms.katalon.core.webui.keyword.builtin.ClickKeyword.clickUntilSuccessWithTimeout(ClickKeyword.groovy:81)
	at com.kms.katalon.core.webui.keyword.builtin.ClickKeyword.clickUntilSuccessWithTimeout(ClickKeyword.groovy)
	at com.kms.katalon.core.webui.keyword.builtin.ClickKeyword$_click_closure1.doCall(ClickKeyword.groovy:67)
	at com.kms.katalon.core.webui.keyword.builtin.ClickKeyword$_click_closure1.call(ClickKeyword.groovy)
	at com.kms.katalon.core.webui.keyword.internal.WebUIKeywordMain.runKeyword(WebUIKeywordMain.groovy:20)
	at com.kms.katalon.core.webui.keyword.builtin.ClickKeyword.click(ClickKeyword.groovy:74)
	at com.kms.katalon.core.webui.keyword.builtin.ClickKeyword.execute(ClickKeyword.groovy:40)
	at com.kms.katalon.core.keyword.internal.KeywordExecutor.executeKeywordForPlatform(KeywordExecutor.groovy:74)
	at com.kms.katalon.core.webui.keyword.WebUiBuiltInKeywords.click(WebUiBuiltInKeywords.groovy:620)
	at com.kms.katalon.core.webui.keyword.WebUiBuiltInKeywords$click$5.call(Unknown Source)
	at Script1646256717866.run(Script1646256717866.groovy:44)
	... 13 more
)
[[ATTACHMENT|C:\\Users\\diego.rojas\\git\\Pruebas-Minimas\\Reports\\20220303_130431\\12-Pruebas_Planta_Personal\\20220303_130536\\1646334052929.png]]]]></system-out>
         <system-err><![CDATA[2022-03-03 13:59:57 - [TEST_CASE][FAILED] - Test Cases/12.1-Pruebas_planta_personal/12.1.1-Crear_una_unidad: Test Cases/12.1-Pruebas_planta_personal/12.1.1-Crear_una_unidad FAILED.
Reason:
com.kms.katalon.core.exception.StepFailedException: Unable to click on object 'Object Repository/Modulo Pruebas Planta de Personal/Crear_una_unidad/a_Organigrama_organigramacrearUnidad'
	at com.kms.katalon.core.webui.keyword.internal.WebUIKeywordMain.stepFailed(WebUIKeywordMain.groovy:64)
	at com.kms.katalon.core.webui.keyword.internal.WebUIKeywordMain.runKeyword(WebUIKeywordMain.groovy:26)
	at com.kms.katalon.core.webui.keyword.builtin.ClickKeyword.click(ClickKeyword.groovy:74)
	at com.kms.katalon.core.webui.keyword.builtin.ClickKeyword.execute(ClickKeyword.groovy:40)
	at com.kms.katalon.core.keyword.internal.KeywordExecutor.executeKeywordForPlatform(KeywordExecutor.groovy:74)
	at com.kms.katalon.core.webui.keyword.WebUiBuiltInKeywords.click(WebUiBuiltInKeywords.groovy:620)
	at com.kms.katalon.core.webui.keyword.WebUiBuiltInKeywords$click$5.call(Unknown Source)
	at 12.1.1-Crear_una_unidad.run(12.1.1-Crear_una_unidad:44)
	at com.kms.katalon.core.main.ScriptEngine.run(ScriptEngine.java:194)
	at com.kms.katalon.core.main.ScriptEngine.runScriptAsRawText(ScriptEngine.java:119)
	at com.kms.katalon.core.main.TestCaseExecutor.runScript(TestCaseExecutor.java:442)
	at com.kms.katalon.core.main.TestCaseExecutor.doExecute(TestCaseExecutor.java:433)
	at com.kms.katalon.core.main.TestCaseExecutor.processExecutionPhase(TestCaseExecutor.java:412)
	at com.kms.katalon.core.main.TestCaseExecutor.accessMainPhase(TestCaseExecutor.java:404)
	at com.kms.katalon.core.main.TestCaseExecutor.execute(TestCaseExecutor.java:281)
	at com.kms.katalon.core.main.TestSuiteExecutor.accessTestCaseMainPhase(TestSuiteExecutor.java:202)
	at com.kms.katalon.core.main.TestSuiteExecutor.accessTestSuiteMainPhase(TestSuiteExecutor.java:164)
	at com.kms.katalon.core.main.TestSuiteExecutor.execute(TestSuiteExecutor.java:105)
	at com.kms.katalon.core.main.TestCaseMain.startTestSuite(TestCaseMain.java:185)
	at com.kms.katalon.core.main.TestCaseMain$startTestSuite$0.call(Unknown Source)
	at TempTestSuite1646330736977.run(TempTestSuite1646330736977.groovy:36)
Caused by: org.openqa.selenium.ElementClickInterceptedException: element click intercepted: Element <a id="organigrama:crearUnidad" href="#" class="ui-commandlink ui-widget imagenMiniAdicionarUnidad" aria-label="Crear Unidad" onclick="PrimeFaces.ab({s:&quot;organigrama:crearUnidad&quot;,f:&quot;organigrama&quot;,p:&quot;organigrama:crearUnidad&quot;,u:&quot;areaAplicacion&quot;});return false;" title="Crear Unidad"></a> is not clickable at point (526, 172). Other element would receive the click: <div style="text-align:center;">...</div>
  (Session info: chrome=98.0.4758.102)
Build info: version: '3.141.59', revision: 'e82be7d358', time: '2018-11-14T08:25:53'
System info: host: 'US-AF-000371', ip: '192.168.56.1', os.name: 'Windows 10', os.arch: 'amd64', os.version: '10.0', java.version: '1.8.0_282'
Driver info: com.kms.katalon.selenium.driver.CChromeDriver
Capabilities {acceptInsecureCerts: false, browserName: chrome, browserVersion: 98.0.4758.102, chrome: {chromedriverVersion: 97.0.4692.36 (747e0a0f19c13..., userDataDir: C:\Users\DIEGO~1.ROJ\AppDat...}, goog:chromeOptions: {debuggerAddress: localhost:63899}, javascriptEnabled: true, networkConnectionEnabled: false, pageLoadStrategy: normal, platform: WINDOWS, platformName: WINDOWS, proxy: Proxy(), setWindowRect: true, strictFileInteractability: false, timeouts: {implicit: 0, pageLoad: 300000, script: 30000}, unhandledPromptBehavior: dismiss and notify, webauthn:extension:credBlob: true, webauthn:extension:largeBlob: true, webauthn:virtualAuthenticators: true}
Session ID: 79f21757df688d0667b721ad39c686b9
	at org.openqa.selenium.remote.http.W3CHttpResponseCodec.createException(W3CHttpResponseCodec.java:187)
	at org.openqa.selenium.remote.http.W3CHttpResponseCodec.decode(W3CHttpResponseCodec.java:122)
	at org.openqa.selenium.remote.http.W3CHttpResponseCodec.decode(W3CHttpResponseCodec.java:49)
	at org.openqa.selenium.remote.HttpCommandExecutor.execute(HttpCommandExecutor.java:158)
	at org.openqa.selenium.remote.service.DriverCommandExecutor.execute(DriverCommandExecutor.java:83)
	at org.openqa.selenium.remote.RemoteWebDriver.execute(RemoteWebDriver.java:552)
	at com.kms.katalon.selenium.driver.CChromeDriver.execute(CChromeDriver.java:19)
	at org.openqa.selenium.remote.RemoteWebElement.execute(RemoteWebElement.java:285)
	at org.openqa.selenium.remote.RemoteWebElement.click(RemoteWebElement.java:84)
	at org.openqa.selenium.support.events.EventFiringWebDriver$EventFiringWebElement.lambda$new$0(EventFiringWebDriver.java:404)
	at com.sun.proxy.$Proxy11.click(Unknown Source)
	at org.openqa.selenium.support.events.EventFiringWebDriver$EventFiringWebElement.click(EventFiringWebDriver.java:417)
	at org.openqa.selenium.WebElement$click$0.call(Unknown Source)
	at com.kms.katalon.core.webui.keyword.builtin.ClickKeyword.clickUntilSuccessWithTimeout(ClickKeyword.groovy:81)
	at com.kms.katalon.core.webui.keyword.builtin.ClickKeyword.clickUntilSuccessWithTimeout(ClickKeyword.groovy)
	at com.kms.katalon.core.webui.keyword.builtin.ClickKeyword$_click_closure1.doCall(ClickKeyword.groovy:67)
	at com.kms.katalon.core.webui.keyword.builtin.ClickKeyword$_click_closure1.call(ClickKeyword.groovy)
	at com.kms.katalon.core.webui.keyword.internal.WebUIKeywordMain.runKeyword(WebUIKeywordMain.groovy:20)
	... 19 more]]></system-err>
      </testcase>
      <testcase name="Test Cases/12.1-Pruebas_planta_personal/12.1.3-Crear_un_puesto_de_trabajo" time="31.932" classname="Test Cases/12.1-Pruebas_planta_personal/12.1.3-Crear_un_puesto_de_trabajo" status="PASSED">
         <system-out><![CDATA[2022-03-03 14:00:53 - [TEST_CASE][PASSED] - Test Cases/12.1-Pruebas_planta_personal/12.1.3-Crear_un_puesto_de_trabajo: Test Cases/12.1-Pruebas_planta_personal/12.1.3-Crear_un_puesto_de_trabajo

2022-03-03 14:00:53 - [TEST_STEP][PASSED] - callTestCase(findTestCase("0.1-Login"), [:], STOP_ON_FAILURE): Call Test Case 'Test Cases/0.1-Login' successfully

2022-03-03 14:00:53 - [TEST_CASE][PASSED] - Test Cases/0.1-Login: Test Cases/0.1-Login

2022-03-03 14:00:53 - [TEST_STEP][PASSED] - openBrowser(""): Browser is opened with url: ''

2022-03-03 14:00:53 - [MESSAGE][WARNING] - A browser is already opened. Closing browser and opening a new one

2022-03-03 14:00:54 - [MESSAGE][INFO] - Starting 'Chrome' driver

2022-03-03 14:00:54 - [MESSAGE][INFO] - Action delay is set to 0 milliseconds

2022-03-03 14:00:55 - [MESSAGE][PASSED] - Browser is opened with url: ''

2022-03-03 14:00:55 - [TEST_STEP][PASSED] - maximizeWindow(): Current window maximized

2022-03-03 14:00:55 - [MESSAGE][PASSED] - Current window maximized

2022-03-03 14:00:55 - [TEST_STEP][PASSED] - i = G_Login: null

2022-03-03 14:00:55 - [TEST_STEP][PASSED] - url = new java.net.URL(i): null

2022-03-03 14:00:55 - [TEST_STEP][PASSED] - println("URL: " + url.toString()): null

2022-03-03 14:00:55 - [TEST_STEP][PASSED] - connection = url.openConnection(): null

2022-03-03 14:00:55 - [TEST_STEP][PASSED] - connection.setRequestMethod("GET"): null

2022-03-03 14:00:55 - [TEST_STEP][PASSED] - connection.setReadTimeout(2 * 1000): null

2022-03-03 14:00:55 - [TEST_STEP][PASSED] - try: null

2022-03-03 14:00:55 - [TEST_STEP][PASSED] - connection.connect(): null

2022-03-03 14:00:55 - [TEST_STEP][PASSED] - flag = connected: null

2022-03-03 14:00:55 - [TEST_STEP][PASSED] - println("Valor_ori: " + flag): null

2022-03-03 14:00:55 - [TEST_STEP][PASSED] - if (flag): null

2022-03-03 14:00:55 - [TEST_STEP][PASSED] - navigateToUrl(i): Navigate to 'http://192.168.2.80:8380/saraweb' successfully

2022-03-03 14:00:56 - [MESSAGE][PASSED] - Navigate to 'http://192.168.2.80:8380/saraweb' successfully

2022-03-03 14:00:56 - [TEST_STEP][PASSED] - a(): null

2022-03-03 14:00:56 - [TEST_STEP][PASSED] - setText(findTestObject("Login/input_USUARIO_loginusuario"), G_Usuario): Text 'saraadmin' is set on object 'Object Repository/Login/input_USUARIO_loginusuario'

2022-03-03 14:00:57 - [MESSAGE][PASSED] - Text 'saraadmin' is set on object 'Object Repository/Login/input_USUARIO_loginusuario'

2022-03-03 14:00:57 - [TEST_STEP][PASSED] - setEncryptedText(findTestObject("Login/input_CLAVE_loginpassword"), "MkG4/TYiCFC3cb2driP7+Q=="): Text ****** has been set on object 'Object Repository/Login/input_CLAVE_loginpassword'

2022-03-03 14:00:58 - [MESSAGE][PASSED] - Text ****** has been set on object 'Object Repository/Login/input_CLAVE_loginpassword'

2022-03-03 14:00:58 - [TEST_STEP][PASSED] - waitForElementClickable(findTestObject("Login/a_Ingresar"), G_TimeOut): Object 'Object Repository/Login/a_Ingresar' is clickable

2022-03-03 14:00:58 - [MESSAGE][PASSED] - Object 'Object Repository/Login/a_Ingresar' is clickable

2022-03-03 14:00:58 - [TEST_STEP][PASSED] - click(findTestObject("Login/a_Ingresar")): Object: 'Object Repository/Login/a_Ingresar' is clicked on

2022-03-03 14:01:00 - [MESSAGE][PASSED] - Object: 'Object Repository/Login/a_Ingresar' is clicked on

2022-03-03 14:01:00 - [TEST_STEP][PASSED] - element = findWebElement(findTestObject("Login/a_Ir"), 30): null

2022-03-03 14:01:01 - [TEST_STEP][PASSED] - executeJavaScript("arguments[0].click()", Arrays.asList(element)): Execute JavaScript 'arguments[0].click()' successfully

2022-03-03 14:01:01 - [MESSAGE][PASSED] - Execute JavaScript 'arguments[0].click()' successfully

2022-03-03 14:01:01 - [MESSAGE][PASSED] - Call Test Case 'Test Cases/0.1-Login' successfully

2022-03-03 14:01:01 - [TEST_STEP][PASSED] - setText(findTestObject("Modulo Pruebas Planta de Personal/Crear_un_puesto_de_trabajo/input_Empresa 1_form_templatej_idt24_input"), "Planta personal (tal)"): Text 'Planta personal (tal)' is set on object 'Object Repository/Modulo Pruebas Planta de Personal/Crear_un_puesto_de_trabajo/input_Empresa 1_form_templatej_idt24_input'

2022-03-03 14:01:02 - [MESSAGE][PASSED] - Text 'Planta personal (tal)' is set on object 'Object Repository/Modulo Pruebas Planta de Personal/Crear_un_puesto_de_trabajo/input_Empresa 1_form_templatej_idt24_input'

2022-03-03 14:01:02 - [TEST_STEP][PASSED] - click(findTestObject("Modulo Pruebas Planta de Personal/Crear_un_puesto_de_trabajo/span_Planta Personal (tal)")): Object: 'Object Repository/Modulo Pruebas Planta de Personal/Crear_un_puesto_de_trabajo/span_Planta Personal (tal)' is clicked on

2022-03-03 14:01:03 - [MESSAGE][PASSED] - Object: 'Object Repository/Modulo Pruebas Planta de Personal/Crear_un_puesto_de_trabajo/span_Planta Personal (tal)' is clicked on

2022-03-03 14:01:03 - [TEST_STEP][PASSED] - click(findTestObject("Modulo Pruebas Planta de Personal/Crear_un_puesto_de_trabajo/span_Administracion")): Object: 'Object Repository/Modulo Pruebas Planta de Personal/Crear_un_puesto_de_trabajo/span_Administracion' is clicked on

2022-03-03 14:01:05 - [MESSAGE][PASSED] - Object: 'Object Repository/Modulo Pruebas Planta de Personal/Crear_un_puesto_de_trabajo/span_Administracion' is clicked on

2022-03-03 14:01:05 - [TEST_STEP][PASSED] - click(findTestObject("Modulo Pruebas Planta de Personal/Crear_un_puesto_de_trabajo/span_Posicion")): Object: 'Object Repository/Modulo Pruebas Planta de Personal/Crear_un_puesto_de_trabajo/span_Posicion' is clicked on

2022-03-03 14:01:06 - [MESSAGE][PASSED] - Object: 'Object Repository/Modulo Pruebas Planta de Personal/Crear_un_puesto_de_trabajo/span_Posicion' is clicked on

2022-03-03 14:01:06 - [TEST_STEP][PASSED] - click(findTestObject("Modulo Pruebas Planta de Personal/Crear_un_puesto_de_trabajo/span_Administracion")): Object: 'Object Repository/Modulo Pruebas Planta de Personal/Crear_un_puesto_de_trabajo/span_Administracion' is clicked on

2022-03-03 14:01:06 - [MESSAGE][PASSED] - Object: 'Object Repository/Modulo Pruebas Planta de Personal/Crear_un_puesto_de_trabajo/span_Administracion' is clicked on

2022-03-03 14:01:06 - [TEST_STEP][PASSED] - click(findTestObject("Modulo Pruebas Planta de Personal/Crear_un_puesto_de_trabajo/a_Posicion_organigramanuevoPuestoTrabajo")): Object: 'Object Repository/Modulo Pruebas Planta de Personal/Crear_un_puesto_de_trabajo/a_Posicion_organigramanuevoPuestoTrabajo' is clicked on

2022-03-03 14:01:07 - [MESSAGE][PASSED] - Object: 'Object Repository/Modulo Pruebas Planta de Personal/Crear_un_puesto_de_trabajo/a_Posicion_organigramanuevoPuestoTrabajo' is clicked on

2022-03-03 14:01:07 - [TEST_STEP][PASSED] - click(findTestObject("Modulo Pruebas Planta de Personal/Crear_un_puesto_de_trabajo/a_Cargo_datosPuestoTrabajo_formj_idt931")): Object: 'Object Repository/Modulo Pruebas Planta de Personal/Crear_un_puesto_de_trabajo/a_Cargo_datosPuestoTrabajo_formj_idt931' is clicked on

2022-03-03 14:01:08 - [MESSAGE][PASSED] - Object: 'Object Repository/Modulo Pruebas Planta de Personal/Crear_un_puesto_de_trabajo/a_Cargo_datosPuestoTrabajo_formj_idt931' is clicked on

2022-03-03 14:01:08 - [TEST_STEP][PASSED] - click(findTestObject("Modulo Pruebas Planta de Personal/Crear_un_puesto_de_trabajo/span_ABOGADO")): Object: 'Object Repository/Modulo Pruebas Planta de Personal/Crear_un_puesto_de_trabajo/span_ABOGADO' is clicked on

2022-03-03 14:01:09 - [MESSAGE][PASSED] - Object: 'Object Repository/Modulo Pruebas Planta de Personal/Crear_un_puesto_de_trabajo/span_ABOGADO' is clicked on

2022-03-03 14:01:09 - [TEST_STEP][PASSED] - selectOptionByIndex(findTestObject("Modulo Pruebas Planta de Personal/Crear_un_puesto_de_trabajo/select_-- Seleccione --Planta Dinamica                (1)Planta Fija                    (B1)"), 1): All options with index in [1] are selected on object 'Object Repository/Modulo Pruebas Planta de Personal/Crear_un_puesto_de_trabajo/select_-- Seleccione --Planta Dinamica                (1)Planta Fija                    (B1)'

2022-03-03 14:01:10 - [MESSAGE][PASSED] - All options with index in [1] are selected on object 'Object Repository/Modulo Pruebas Planta de Personal/Crear_un_puesto_de_trabajo/select_-- Seleccione --Planta Dinamica                (1)Planta Fija                    (B1)'

2022-03-03 14:01:10 - [TEST_STEP][PASSED] - selectOptionByIndex(findTestObject("Modulo Pruebas Planta de Personal/Crear_un_puesto_de_trabajo/select_-- Seleccione --Ampleado                       (Z3)Empleado                       (B3)Mapa"), 2): All options with index in [2] are selected on object 'Object Repository/Modulo Pruebas Planta de Personal/Crear_un_puesto_de_trabajo/select_-- Seleccione --Ampleado                       (Z3)Empleado                       (B3)Mapa'

2022-03-03 14:01:11 - [MESSAGE][PASSED] - All options with index in [2] are selected on object 'Object Repository/Modulo Pruebas Planta de Personal/Crear_un_puesto_de_trabajo/select_-- Seleccione --Ampleado                       (Z3)Empleado                       (B3)Mapa'

2022-03-03 14:01:11 - [TEST_STEP][PASSED] - selectOptionByIndex(findTestObject("Modulo Pruebas Planta de Personal/Crear_un_puesto_de_trabajo/select_-- Seleccione --BloqueadoEliminadoOcupado y disponible"), 3): All options with index in [3] are selected on object 'Object Repository/Modulo Pruebas Planta de Personal/Crear_un_puesto_de_trabajo/select_-- Seleccione --BloqueadoEliminadoOcupado y disponible'

2022-03-03 14:01:13 - [MESSAGE][PASSED] - All options with index in [3] are selected on object 'Object Repository/Modulo Pruebas Planta de Personal/Crear_un_puesto_de_trabajo/select_-- Seleccione --BloqueadoEliminadoOcupado y disponible'

2022-03-03 14:01:13 - [TEST_STEP][PASSED] - click(findTestObject("Modulo Pruebas Planta de Personal/Crear_un_puesto_de_trabajo/label_No es responsable de la Unidad")): Object: 'Object Repository/Modulo Pruebas Planta de Personal/Crear_un_puesto_de_trabajo/label_No es responsable de la Unidad' is clicked on

2022-03-03 14:01:13 - [MESSAGE][PASSED] - Object: 'Object Repository/Modulo Pruebas Planta de Personal/Crear_un_puesto_de_trabajo/label_No es responsable de la Unidad' is clicked on

2022-03-03 14:01:13 - [TEST_STEP][PASSED] - click(findTestObject("Modulo Pruebas Planta de Personal/Crear_un_puesto_de_trabajo/label_No")): Object: 'Object Repository/Modulo Pruebas Planta de Personal/Crear_un_puesto_de_trabajo/label_No' is clicked on

2022-03-03 14:01:14 - [MESSAGE][PASSED] - Object: 'Object Repository/Modulo Pruebas Planta de Personal/Crear_un_puesto_de_trabajo/label_No' is clicked on

2022-03-03 14:01:14 - [TEST_STEP][PASSED] - click(findTestObject("Modulo Pruebas Planta de Personal/Crear_un_puesto_de_trabajo/span_Actualizar")): Object: 'Object Repository/Modulo Pruebas Planta de Personal/Crear_un_puesto_de_trabajo/span_Actualizar' is clicked on

2022-03-03 14:01:14 - [MESSAGE][PASSED] - Object: 'Object Repository/Modulo Pruebas Planta de Personal/Crear_un_puesto_de_trabajo/span_Actualizar' is clicked on

2022-03-03 14:01:14 - [TEST_STEP][PASSED] - click(findTestObject("Modulo Pruebas Planta de Personal/Crear_un_puesto_de_trabajo/a_Zona Econmica_datosPuestoTrabajo_formj_idt1061")): Object: 'Object Repository/Modulo Pruebas Planta de Personal/Crear_un_puesto_de_trabajo/a_Zona Econmica_datosPuestoTrabajo_formj_idt1061' is clicked on

2022-03-03 14:01:16 - [MESSAGE][PASSED] - Object: 'Object Repository/Modulo Pruebas Planta de Personal/Crear_un_puesto_de_trabajo/a_Zona Econmica_datosPuestoTrabajo_formj_idt1061' is clicked on

2022-03-03 14:01:16 - [TEST_STEP][PASSED] - click(findTestObject("Modulo Pruebas Planta de Personal/Crear_un_puesto_de_trabajo/span_ADMINISTRATIVA")): Object: 'Object Repository/Modulo Pruebas Planta de Personal/Crear_un_puesto_de_trabajo/span_ADMINISTRATIVA' is clicked on

2022-03-03 14:01:17 - [MESSAGE][PASSED] - Object: 'Object Repository/Modulo Pruebas Planta de Personal/Crear_un_puesto_de_trabajo/span_ADMINISTRATIVA' is clicked on

2022-03-03 14:01:17 - [TEST_STEP][PASSED] - selectOptionByIndex(findTestObject("Modulo Pruebas Planta de Personal/Crear_un_puesto_de_trabajo/select_-- Seleccione empleados_lineacosto --ADMINISTRATIVO -- 1NO RELACIONADA"), 1): All options with index in [1] are selected on object 'Object Repository/Modulo Pruebas Planta de Personal/Crear_un_puesto_de_trabajo/select_-- Seleccione empleados_lineacosto --ADMINISTRATIVO -- 1NO RELACIONADA'

2022-03-03 14:01:18 - [MESSAGE][PASSED] - All options with index in [1] are selected on object 'Object Repository/Modulo Pruebas Planta de Personal/Crear_un_puesto_de_trabajo/select_-- Seleccione empleados_lineacosto --ADMINISTRATIVO -- 1NO RELACIONADA'

2022-03-03 14:01:18 - [TEST_STEP][PASSED] - selectOptionByLabel(findTestObject("Modulo Pruebas Planta de Personal/Crear_un_puesto_de_trabajo/select_-- Seleccione Ubicacin Fsica --ABEJORRALABREGOACACIASACANDIACEVEDOACHIAGRADO"), "BOGOTÁ", false): All options with label 'BOGOTÁ' are selected in object 'Object Repository/Modulo Pruebas Planta de Personal/Crear_un_puesto_de_trabajo/select_-- Seleccione Ubicacin Fsica --ABEJORRALABREGOACACIASACANDIACEVEDOACHIAGRADO' 

2022-03-03 14:01:19 - [MESSAGE][PASSED] - All options with label 'BOGOTÁ' are selected in object 'Object Repository/Modulo Pruebas Planta de Personal/Crear_un_puesto_de_trabajo/select_-- Seleccione Ubicacin Fsica --ABEJORRALABREGOACACIASACANDIACEVEDOACHIAGRADO' 

2022-03-03 14:01:19 - [TEST_STEP][PASSED] - selectOptionByIndex(findTestObject("Modulo Pruebas Planta de Personal/Crear_un_puesto_de_trabajo/select_2120 HORAS1240 HORAS0NO DEFINIDO61Pensin"), 2): All options with index in [2] are selected on object 'Object Repository/Modulo Pruebas Planta de Personal/Crear_un_puesto_de_trabajo/select_2120 HORAS1240 HORAS0NO DEFINIDO61Pensin'

2022-03-03 14:01:20 - [MESSAGE][PASSED] - All options with index in [2] are selected on object 'Object Repository/Modulo Pruebas Planta de Personal/Crear_un_puesto_de_trabajo/select_2120 HORAS1240 HORAS0NO DEFINIDO61Pensin'

2022-03-03 14:01:20 - [TEST_STEP][PASSED] - selectOptionByIndex(findTestObject("Modulo Pruebas Planta de Personal/Crear_un_puesto_de_trabajo/select_12kataloonkataloonNOMINA CATORCENALNOMINA"), 3): All options with index in [3] are selected on object 'Object Repository/Modulo Pruebas Planta de Personal/Crear_un_puesto_de_trabajo/select_12kataloonkataloonNOMINA CATORCENALNOMINA'

2022-03-03 14:01:21 - [MESSAGE][PASSED] - All options with index in [3] are selected on object 'Object Repository/Modulo Pruebas Planta de Personal/Crear_un_puesto_de_trabajo/select_12kataloonkataloonNOMINA CATORCENALNOMINA'

2022-03-03 14:01:21 - [TEST_STEP][PASSED] - selectOptionByIndex(findTestObject("Modulo Pruebas Planta de Personal/Crear_un_puesto_de_trabajo/select_0.5APRENDIZ ETAPA LECTIVA6APRENDIZ ETAPA PRODUCTIVA"), 7): All options with index in [7] are selected on object 'Object Repository/Modulo Pruebas Planta de Personal/Crear_un_puesto_de_trabajo/select_0.5APRENDIZ ETAPA LECTIVA6APRENDIZ ETAPA PRODUCTIVA'

2022-03-03 14:01:22 - [MESSAGE][PASSED] - All options with index in [7] are selected on object 'Object Repository/Modulo Pruebas Planta de Personal/Crear_un_puesto_de_trabajo/select_0.5APRENDIZ ETAPA LECTIVA6APRENDIZ ETAPA PRODUCTIVA'

2022-03-03 14:01:22 - [TEST_STEP][PASSED] - selectOptionByIndex(findTestObject("Modulo Pruebas Planta de Personal/Crear_un_puesto_de_trabajo/select_ADMINISTRATIVOSAPRENDICESEMPLEADOFBROLESTSMECANICOS"), 1): All options with index in [1] are selected on object 'Object Repository/Modulo Pruebas Planta de Personal/Crear_un_puesto_de_trabajo/select_ADMINISTRATIVOSAPRENDICESEMPLEADOFBROLESTSMECANICOS'

2022-03-03 14:01:23 - [MESSAGE][PASSED] - All options with index in [1] are selected on object 'Object Repository/Modulo Pruebas Planta de Personal/Crear_un_puesto_de_trabajo/select_ADMINISTRATIVOSAPRENDICESEMPLEADOFBROLESTSMECANICOS'

2022-03-03 14:01:23 - [TEST_STEP][PASSED] - setText(findTestObject("Modulo Pruebas Planta de Personal/Crear_un_puesto_de_trabajo/input_Mesada_datosPuestoTrabajo_formsueldo"), "150000"): Text '150000' is set on object 'Object Repository/Modulo Pruebas Planta de Personal/Crear_un_puesto_de_trabajo/input_Mesada_datosPuestoTrabajo_formsueldo'

2022-03-03 14:01:24 - [MESSAGE][PASSED] - Text '150000' is set on object 'Object Repository/Modulo Pruebas Planta de Personal/Crear_un_puesto_de_trabajo/input_Mesada_datosPuestoTrabajo_formsueldo'

2022-03-03 14:01:24 - [TEST_STEP][PASSED] - click(findTestObject("Modulo Pruebas Planta de Personal/Crear_un_puesto_de_trabajo/span_Actualizar")): Object: 'Object Repository/Modulo Pruebas Planta de Personal/Crear_un_puesto_de_trabajo/span_Actualizar' is clicked on

2022-03-03 14:01:25 - [MESSAGE][PASSED] - Object: 'Object Repository/Modulo Pruebas Planta de Personal/Crear_un_puesto_de_trabajo/span_Actualizar' is clicked on]]></system-out>
         <system-err><![CDATA[]]></system-err>
      </testcase>
      <testcase name="Test Cases/12.1-Pruebas_planta_personal/12.1.4-Ajuste_relación_(Encargos)" time="15.265" classname="Test Cases/12.1-Pruebas_planta_personal/12.1.4-Ajuste_relación_(Encargos)" status="PASSED">
         <system-out><![CDATA[2022-03-03 14:01:25 - [TEST_CASE][PASSED] - Test Cases/12.1-Pruebas_planta_personal/12.1.4-Ajuste_relación_(Encargos): Test Cases/12.1-Pruebas_planta_personal/12.1.4-Ajuste_relación_(Encargos)

2022-03-03 14:01:25 - [TEST_STEP][PASSED] - callTestCase(findTestCase("0.1-Login"), [:], STOP_ON_FAILURE): Call Test Case 'Test Cases/0.1-Login' successfully

2022-03-03 14:01:25 - [TEST_CASE][PASSED] - Test Cases/0.1-Login: Test Cases/0.1-Login

2022-03-03 14:01:25 - [TEST_STEP][PASSED] - openBrowser(""): Browser is opened with url: ''

2022-03-03 14:01:25 - [MESSAGE][WARNING] - A browser is already opened. Closing browser and opening a new one

2022-03-03 14:01:26 - [MESSAGE][INFO] - Starting 'Chrome' driver

2022-03-03 14:01:26 - [MESSAGE][INFO] - Action delay is set to 0 milliseconds

2022-03-03 14:01:27 - [MESSAGE][PASSED] - Browser is opened with url: ''

2022-03-03 14:01:27 - [TEST_STEP][PASSED] - maximizeWindow(): Current window maximized

2022-03-03 14:01:27 - [MESSAGE][PASSED] - Current window maximized

2022-03-03 14:01:27 - [TEST_STEP][PASSED] - i = G_Login: null

2022-03-03 14:01:27 - [TEST_STEP][PASSED] - url = new java.net.URL(i): null

2022-03-03 14:01:27 - [TEST_STEP][PASSED] - println("URL: " + url.toString()): null

2022-03-03 14:01:27 - [TEST_STEP][PASSED] - connection = url.openConnection(): null

2022-03-03 14:01:27 - [TEST_STEP][PASSED] - connection.setRequestMethod("GET"): null

2022-03-03 14:01:27 - [TEST_STEP][PASSED] - connection.setReadTimeout(2 * 1000): null

2022-03-03 14:01:27 - [TEST_STEP][PASSED] - try: null

2022-03-03 14:01:27 - [TEST_STEP][PASSED] - connection.connect(): null

2022-03-03 14:01:27 - [TEST_STEP][PASSED] - flag = connected: null

2022-03-03 14:01:27 - [TEST_STEP][PASSED] - println("Valor_ori: " + flag): null

2022-03-03 14:01:27 - [TEST_STEP][PASSED] - if (flag): null

2022-03-03 14:01:27 - [TEST_STEP][PASSED] - navigateToUrl(i): Navigate to 'http://192.168.2.80:8380/saraweb' successfully

2022-03-03 14:01:28 - [MESSAGE][PASSED] - Navigate to 'http://192.168.2.80:8380/saraweb' successfully

2022-03-03 14:01:28 - [TEST_STEP][PASSED] - a(): null

2022-03-03 14:01:28 - [TEST_STEP][PASSED] - setText(findTestObject("Login/input_USUARIO_loginusuario"), G_Usuario): Text 'saraadmin' is set on object 'Object Repository/Login/input_USUARIO_loginusuario'

2022-03-03 14:01:28 - [MESSAGE][PASSED] - Text 'saraadmin' is set on object 'Object Repository/Login/input_USUARIO_loginusuario'

2022-03-03 14:01:28 - [TEST_STEP][PASSED] - setEncryptedText(findTestObject("Login/input_CLAVE_loginpassword"), "MkG4/TYiCFC3cb2driP7+Q=="): Text ****** has been set on object 'Object Repository/Login/input_CLAVE_loginpassword'

2022-03-03 14:01:29 - [MESSAGE][PASSED] - Text ****** has been set on object 'Object Repository/Login/input_CLAVE_loginpassword'

2022-03-03 14:01:29 - [TEST_STEP][PASSED] - waitForElementClickable(findTestObject("Login/a_Ingresar"), G_TimeOut): Object 'Object Repository/Login/a_Ingresar' is clickable

2022-03-03 14:01:29 - [MESSAGE][PASSED] - Object 'Object Repository/Login/a_Ingresar' is clickable

2022-03-03 14:01:29 - [TEST_STEP][PASSED] - click(findTestObject("Login/a_Ingresar")): Object: 'Object Repository/Login/a_Ingresar' is clicked on

2022-03-03 14:01:31 - [MESSAGE][PASSED] - Object: 'Object Repository/Login/a_Ingresar' is clicked on

2022-03-03 14:01:31 - [TEST_STEP][PASSED] - element = findWebElement(findTestObject("Login/a_Ir"), 30): null

2022-03-03 14:01:31 - [TEST_STEP][PASSED] - executeJavaScript("arguments[0].click()", Arrays.asList(element)): Execute JavaScript 'arguments[0].click()' successfully

2022-03-03 14:01:31 - [MESSAGE][PASSED] - Execute JavaScript 'arguments[0].click()' successfully

2022-03-03 14:01:31 - [MESSAGE][PASSED] - Call Test Case 'Test Cases/0.1-Login' successfully

2022-03-03 14:01:31 - [TEST_STEP][PASSED] - setText(findTestObject("input_Empresa 1_form_templatej_idt24_input"), "Planta Personal (tal)"): Text 'Planta Personal (tal)' is set on object 'Object Repository/input_Empresa 1_form_templatej_idt24_input'

2022-03-03 14:01:33 - [MESSAGE][PASSED] - Text 'Planta Personal (tal)' is set on object 'Object Repository/input_Empresa 1_form_templatej_idt24_input'

2022-03-03 14:01:33 - [TEST_STEP][PASSED] - click(findTestObject("Modulo Pruebas Planta de Personal/Ajuste_relación_(Encargos)/span_Planta Personal (ta")): Object: 'Object Repository/Modulo Pruebas Planta de Personal/Ajuste_relación_(Encargos)/span_Planta Personal (ta' is clicked on

2022-03-03 14:01:35 - [MESSAGE][PASSED] - Object: 'Object Repository/Modulo Pruebas Planta de Personal/Ajuste_relación_(Encargos)/span_Planta Personal (ta' is clicked on

2022-03-03 14:01:35 - [TEST_STEP][PASSED] - click(findTestObject("Modulo Pruebas Planta de Personal/Ajuste_relación_(Encargos)/a_Actos Administrativos_organigramaajusterelacion")): Object: 'Object Repository/Modulo Pruebas Planta de Personal/Ajuste_relación_(Encargos)/a_Actos Administrativos_organigramaajusterelacion' is clicked on

2022-03-03 14:01:37 - [MESSAGE][PASSED] - Object: 'Object Repository/Modulo Pruebas Planta de Personal/Ajuste_relación_(Encargos)/a_Actos Administrativos_organigramaajusterelacion' is clicked on

2022-03-03 14:01:37 - [TEST_STEP][PASSED] - click(findTestObject("Modulo Pruebas Planta de Personal/Ajuste_relación_(Encargos)/a_Ajuste Relacion")): Object: 'Object Repository/Modulo Pruebas Planta de Personal/Ajuste_relación_(Encargos)/a_Ajuste Relacion' is clicked on

2022-03-03 14:01:38 - [MESSAGE][PASSED] - Object: 'Object Repository/Modulo Pruebas Planta de Personal/Ajuste_relación_(Encargos)/a_Ajuste Relacion' is clicked on

2022-03-03 14:01:38 - [TEST_STEP][PASSED] - click(findTestObject("Modulo Pruebas Planta de Personal/Ajuste_relación_(Encargos)/a_Aceptar")): Object: 'Object Repository/Modulo Pruebas Planta de Personal/Ajuste_relación_(Encargos)/a_Aceptar' is clicked on

2022-03-03 14:01:39 - [MESSAGE][PASSED] - Object: 'Object Repository/Modulo Pruebas Planta de Personal/Ajuste_relación_(Encargos)/a_Aceptar' is clicked on

2022-03-03 14:01:39 - [TEST_STEP][PASSED] - closeBrowser(): Browser is closed

2022-03-03 14:01:40 - [MESSAGE][PASSED] - Browser is closed]]></system-out>
         <system-err><![CDATA[]]></system-err>
      </testcase>
      <testcase name="Test Cases/12.1-Pruebas_planta_personal/12.1.5-Buscar_Empleado" time="18.956" classname="Test Cases/12.1-Pruebas_planta_personal/12.1.5-Buscar_Empleado" status="PASSED">
         <system-out><![CDATA[2022-03-03 14:01:40 - [TEST_CASE][PASSED] - Test Cases/12.1-Pruebas_planta_personal/12.1.5-Buscar_Empleado: Test Cases/12.1-Pruebas_planta_personal/12.1.5-Buscar_Empleado

2022-03-03 14:01:40 - [TEST_STEP][PASSED] - callTestCase(findTestCase("0.1-Login"), [:], STOP_ON_FAILURE): Call Test Case 'Test Cases/0.1-Login' successfully

2022-03-03 14:01:40 - [TEST_CASE][PASSED] - Test Cases/0.1-Login: Test Cases/0.1-Login

2022-03-03 14:01:40 - [TEST_STEP][PASSED] - openBrowser(""): Browser is opened with url: ''

2022-03-03 14:01:40 - [MESSAGE][INFO] - Starting 'Chrome' driver

2022-03-03 14:01:40 - [MESSAGE][INFO] - Action delay is set to 0 milliseconds

2022-03-03 14:01:42 - [MESSAGE][PASSED] - Browser is opened with url: ''

2022-03-03 14:01:42 - [TEST_STEP][PASSED] - maximizeWindow(): Current window maximized

2022-03-03 14:01:42 - [MESSAGE][PASSED] - Current window maximized

2022-03-03 14:01:42 - [TEST_STEP][PASSED] - i = G_Login: null

2022-03-03 14:01:42 - [TEST_STEP][PASSED] - url = new java.net.URL(i): null

2022-03-03 14:01:42 - [TEST_STEP][PASSED] - println("URL: " + url.toString()): null

2022-03-03 14:01:42 - [TEST_STEP][PASSED] - connection = url.openConnection(): null

2022-03-03 14:01:42 - [TEST_STEP][PASSED] - connection.setRequestMethod("GET"): null

2022-03-03 14:01:42 - [TEST_STEP][PASSED] - connection.setReadTimeout(2 * 1000): null

2022-03-03 14:01:42 - [TEST_STEP][PASSED] - try: null

2022-03-03 14:01:42 - [TEST_STEP][PASSED] - connection.connect(): null

2022-03-03 14:01:42 - [TEST_STEP][PASSED] - flag = connected: null

2022-03-03 14:01:42 - [TEST_STEP][PASSED] - println("Valor_ori: " + flag): null

2022-03-03 14:01:42 - [TEST_STEP][PASSED] - if (flag): null

2022-03-03 14:01:42 - [TEST_STEP][PASSED] - navigateToUrl(i): Navigate to 'http://192.168.2.80:8380/saraweb' successfully

2022-03-03 14:01:42 - [MESSAGE][PASSED] - Navigate to 'http://192.168.2.80:8380/saraweb' successfully

2022-03-03 14:01:42 - [TEST_STEP][PASSED] - a(): null

2022-03-03 14:01:42 - [TEST_STEP][PASSED] - setText(findTestObject("Login/input_USUARIO_loginusuario"), G_Usuario): Text 'saraadmin' is set on object 'Object Repository/Login/input_USUARIO_loginusuario'

2022-03-03 14:01:43 - [MESSAGE][PASSED] - Text 'saraadmin' is set on object 'Object Repository/Login/input_USUARIO_loginusuario'

2022-03-03 14:01:43 - [TEST_STEP][PASSED] - setEncryptedText(findTestObject("Login/input_CLAVE_loginpassword"), "MkG4/TYiCFC3cb2driP7+Q=="): Text ****** has been set on object 'Object Repository/Login/input_CLAVE_loginpassword'

2022-03-03 14:01:44 - [MESSAGE][PASSED] - Text ****** has been set on object 'Object Repository/Login/input_CLAVE_loginpassword'

2022-03-03 14:01:44 - [TEST_STEP][PASSED] - waitForElementClickable(findTestObject("Login/a_Ingresar"), G_TimeOut): Object 'Object Repository/Login/a_Ingresar' is clickable

2022-03-03 14:01:44 - [MESSAGE][PASSED] - Object 'Object Repository/Login/a_Ingresar' is clickable

2022-03-03 14:01:44 - [TEST_STEP][PASSED] - click(findTestObject("Login/a_Ingresar")): Object: 'Object Repository/Login/a_Ingresar' is clicked on

2022-03-03 14:01:45 - [MESSAGE][PASSED] - Object: 'Object Repository/Login/a_Ingresar' is clicked on

2022-03-03 14:01:45 - [TEST_STEP][PASSED] - element = findWebElement(findTestObject("Login/a_Ir"), 30): null

2022-03-03 14:01:46 - [TEST_STEP][PASSED] - executeJavaScript("arguments[0].click()", Arrays.asList(element)): Execute JavaScript 'arguments[0].click()' successfully

2022-03-03 14:01:46 - [MESSAGE][PASSED] - Execute JavaScript 'arguments[0].click()' successfully

2022-03-03 14:01:46 - [MESSAGE][PASSED] - Call Test Case 'Test Cases/0.1-Login' successfully

2022-03-03 14:01:46 - [TEST_STEP][PASSED] - setText(findTestObject("Modulo Pruebas Planta de Personal/Buscar_Empleado/input_Empresa 1_form_templatej_idt24_input"), "planta personal (tal)"): Text 'planta personal (tal)' is set on object 'Object Repository/Modulo Pruebas Planta de Personal/Buscar_Empleado/input_Empresa 1_form_templatej_idt24_input'

2022-03-03 14:01:47 - [MESSAGE][PASSED] - Text 'planta personal (tal)' is set on object 'Object Repository/Modulo Pruebas Planta de Personal/Buscar_Empleado/input_Empresa 1_form_templatej_idt24_input'

2022-03-03 14:01:47 - [TEST_STEP][PASSED] - click(findTestObject("Modulo Pruebas Planta de Personal/Buscar_Empleado/span_Planta Personal (ta")): Object: 'Object Repository/Modulo Pruebas Planta de Personal/Buscar_Empleado/span_Planta Personal (ta' is clicked on

2022-03-03 14:01:48 - [MESSAGE][PASSED] - Object: 'Object Repository/Modulo Pruebas Planta de Personal/Buscar_Empleado/span_Planta Personal (ta' is clicked on

2022-03-03 14:01:48 - [TEST_STEP][PASSED] - click(findTestObject("Modulo Pruebas Planta de Personal/Buscar_Empleado/a_Actos Administrativos_organigramabuscar")): Object: 'Object Repository/Modulo Pruebas Planta de Personal/Buscar_Empleado/a_Actos Administrativos_organigramabuscar' is clicked on

2022-03-03 14:01:49 - [MESSAGE][PASSED] - Object: 'Object Repository/Modulo Pruebas Planta de Personal/Buscar_Empleado/a_Actos Administrativos_organigramabuscar' is clicked on

2022-03-03 14:01:49 - [TEST_STEP][PASSED] - selectOptionByIndex(findTestObject("Modulo Pruebas Planta de Personal/Buscar_Empleado/select_--Seleccione--EmpleadoPuesto"), 1): All options with index in [1] are selected on object 'Object Repository/Modulo Pruebas Planta de Personal/Buscar_Empleado/select_--Seleccione--EmpleadoPuesto'

2022-03-03 14:01:51 - [MESSAGE][PASSED] - All options with index in [1] are selected on object 'Object Repository/Modulo Pruebas Planta de Personal/Buscar_Empleado/select_--Seleccione--EmpleadoPuesto'

2022-03-03 14:01:51 - [TEST_STEP][PASSED] - click(findTestObject("Modulo Pruebas Planta de Personal/Buscar_Empleado/a_Identificacin_popupBusquedaPlantaj_idt286")): Object: 'Object Repository/Modulo Pruebas Planta de Personal/Buscar_Empleado/a_Identificacin_popupBusquedaPlantaj_idt286' is clicked on

2022-03-03 14:01:51 - [MESSAGE][PASSED] - Object: 'Object Repository/Modulo Pruebas Planta de Personal/Buscar_Empleado/a_Identificacin_popupBusquedaPlantaj_idt286' is clicked on

2022-03-03 14:01:51 - [TEST_STEP][PASSED] - setText(findTestObject("Modulo Pruebas Planta de Personal/Buscar_Empleado/input_Filtro Hoja de Vida_formPopupHojaVidaj_idt1339"), "mendoza cabra empleado"): Text 'mendoza cabra empleado' is set on object 'Object Repository/Modulo Pruebas Planta de Personal/Buscar_Empleado/input_Filtro Hoja de Vida_formPopupHojaVidaj_idt1339'

2022-03-03 14:01:52 - [MESSAGE][PASSED] - Text 'mendoza cabra empleado' is set on object 'Object Repository/Modulo Pruebas Planta de Personal/Buscar_Empleado/input_Filtro Hoja de Vida_formPopupHojaVidaj_idt1339'

2022-03-03 14:01:52 - [TEST_STEP][PASSED] - sendKeys(findTestObject("Modulo Pruebas Planta de Personal/Buscar_Empleado/input_Filtro Hoja de Vida_formPopupHojaVidaj_idt1339"), Keys.chord(ENTER)): Keys 'ENTER + ' sent to object: 'Object Repository/Modulo Pruebas Planta de Personal/Buscar_Empleado/input_Filtro Hoja de Vida_formPopupHojaVidaj_idt1339'

2022-03-03 14:01:53 - [MESSAGE][PASSED] - Keys 'ENTER + ' sent to object: 'Object Repository/Modulo Pruebas Planta de Personal/Buscar_Empleado/input_Filtro Hoja de Vida_formPopupHojaVidaj_idt1339'

2022-03-03 14:01:53 - [TEST_STEP][PASSED] - click(findTestObject("Modulo Pruebas Planta de Personal/Buscar_Empleado/span_Mendoza Cabra Empleado")): Object: 'Object Repository/Modulo Pruebas Planta de Personal/Buscar_Empleado/span_Mendoza Cabra Empleado' is clicked on

2022-03-03 14:01:53 - [MESSAGE][PASSED] - Object: 'Object Repository/Modulo Pruebas Planta de Personal/Buscar_Empleado/span_Mendoza Cabra Empleado' is clicked on

2022-03-03 14:01:53 - [TEST_STEP][PASSED] - click(findTestObject("Modulo Pruebas Planta de Personal/Buscar_Empleado/span_65       - Asistente")): Object: 'Object Repository/Modulo Pruebas Planta de Personal/Buscar_Empleado/span_65       - Asistente' is clicked on

2022-03-03 14:01:55 - [MESSAGE][PASSED] - Object: 'Object Repository/Modulo Pruebas Planta de Personal/Buscar_Empleado/span_65       - Asistente' is clicked on

2022-03-03 14:01:55 - [TEST_STEP][PASSED] - scrollToElement(findTestObject("Modulo Pruebas Planta de Personal/Buscar_Empleado/a_1"), 0): Scroll to object 'Object Repository/Modulo Pruebas Planta de Personal/Buscar_Empleado/a_1' successfully

2022-03-03 14:01:55 - [MESSAGE][WARNING] - Timeout '0' is invalid. Using default page load timeout: '30'

2022-03-03 14:01:58 - [MESSAGE][PASSED] - Scroll to object 'Object Repository/Modulo Pruebas Planta de Personal/Buscar_Empleado/a_1' successfully

2022-03-03 14:01:58 - [TEST_STEP][PASSED] - closeBrowser(): Browser is closed

2022-03-03 14:01:59 - [MESSAGE][PASSED] - Browser is closed]]></system-out>
         <system-err><![CDATA[]]></system-err>
      </testcase>
      <testcase name="Test Cases/12.1-Pruebas_planta_personal/12.1.6-Buscar_puesto_de_trabajo" time="19.92" classname="Test Cases/12.1-Pruebas_planta_personal/12.1.6-Buscar_puesto_de_trabajo" status="PASSED">
         <system-out><![CDATA[2022-03-03 14:01:59 - [TEST_CASE][PASSED] - Test Cases/12.1-Pruebas_planta_personal/12.1.6-Buscar_puesto_de_trabajo: Test Cases/12.1-Pruebas_planta_personal/12.1.6-Buscar_puesto_de_trabajo

2022-03-03 14:01:59 - [TEST_STEP][PASSED] - callTestCase(findTestCase("0.1-Login"), [:], STOP_ON_FAILURE): Call Test Case 'Test Cases/0.1-Login' successfully

2022-03-03 14:01:59 - [TEST_CASE][PASSED] - Test Cases/0.1-Login: Test Cases/0.1-Login

2022-03-03 14:01:59 - [TEST_STEP][PASSED] - openBrowser(""): Browser is opened with url: ''

2022-03-03 14:01:59 - [MESSAGE][INFO] - Starting 'Chrome' driver

2022-03-03 14:01:59 - [MESSAGE][INFO] - Action delay is set to 0 milliseconds

2022-03-03 14:02:01 - [MESSAGE][PASSED] - Browser is opened with url: ''

2022-03-03 14:02:01 - [TEST_STEP][PASSED] - maximizeWindow(): Current window maximized

2022-03-03 14:02:01 - [MESSAGE][PASSED] - Current window maximized

2022-03-03 14:02:01 - [TEST_STEP][PASSED] - i = G_Login: null

2022-03-03 14:02:01 - [TEST_STEP][PASSED] - url = new java.net.URL(i): null

2022-03-03 14:02:01 - [TEST_STEP][PASSED] - println("URL: " + url.toString()): null

2022-03-03 14:02:01 - [TEST_STEP][PASSED] - connection = url.openConnection(): null

2022-03-03 14:02:01 - [TEST_STEP][PASSED] - connection.setRequestMethod("GET"): null

2022-03-03 14:02:01 - [TEST_STEP][PASSED] - connection.setReadTimeout(2 * 1000): null

2022-03-03 14:02:01 - [TEST_STEP][PASSED] - try: null

2022-03-03 14:02:01 - [TEST_STEP][PASSED] - connection.connect(): null

2022-03-03 14:02:01 - [TEST_STEP][PASSED] - flag = connected: null

2022-03-03 14:02:01 - [TEST_STEP][PASSED] - println("Valor_ori: " + flag): null

2022-03-03 14:02:01 - [TEST_STEP][PASSED] - if (flag): null

2022-03-03 14:02:01 - [TEST_STEP][PASSED] - navigateToUrl(i): Navigate to 'http://192.168.2.80:8380/saraweb' successfully

2022-03-03 14:02:01 - [MESSAGE][PASSED] - Navigate to 'http://192.168.2.80:8380/saraweb' successfully

2022-03-03 14:02:01 - [TEST_STEP][PASSED] - a(): null

2022-03-03 14:02:01 - [TEST_STEP][PASSED] - setText(findTestObject("Login/input_USUARIO_loginusuario"), G_Usuario): Text 'saraadmin' is set on object 'Object Repository/Login/input_USUARIO_loginusuario'

2022-03-03 14:02:02 - [MESSAGE][PASSED] - Text 'saraadmin' is set on object 'Object Repository/Login/input_USUARIO_loginusuario'

2022-03-03 14:02:02 - [TEST_STEP][PASSED] - setEncryptedText(findTestObject("Login/input_CLAVE_loginpassword"), "MkG4/TYiCFC3cb2driP7+Q=="): Text ****** has been set on object 'Object Repository/Login/input_CLAVE_loginpassword'

2022-03-03 14:02:02 - [MESSAGE][PASSED] - Text ****** has been set on object 'Object Repository/Login/input_CLAVE_loginpassword'

2022-03-03 14:02:02 - [TEST_STEP][PASSED] - waitForElementClickable(findTestObject("Login/a_Ingresar"), G_TimeOut): Object 'Object Repository/Login/a_Ingresar' is clickable

2022-03-03 14:02:03 - [MESSAGE][PASSED] - Object 'Object Repository/Login/a_Ingresar' is clickable

2022-03-03 14:02:03 - [TEST_STEP][PASSED] - click(findTestObject("Login/a_Ingresar")): Object: 'Object Repository/Login/a_Ingresar' is clicked on

2022-03-03 14:02:05 - [MESSAGE][PASSED] - Object: 'Object Repository/Login/a_Ingresar' is clicked on

2022-03-03 14:02:05 - [TEST_STEP][PASSED] - element = findWebElement(findTestObject("Login/a_Ir"), 30): null

2022-03-03 14:02:06 - [TEST_STEP][PASSED] - executeJavaScript("arguments[0].click()", Arrays.asList(element)): Execute JavaScript 'arguments[0].click()' successfully

2022-03-03 14:02:06 - [MESSAGE][PASSED] - Execute JavaScript 'arguments[0].click()' successfully

2022-03-03 14:02:06 - [MESSAGE][PASSED] - Call Test Case 'Test Cases/0.1-Login' successfully

2022-03-03 14:02:06 - [TEST_STEP][PASSED] - setText(findTestObject("input_Empresa 1_form_templatej_idt24_input"), "planta personal (tal)"): Text 'planta personal (tal)' is set on object 'Object Repository/input_Empresa 1_form_templatej_idt24_input'

2022-03-03 14:02:07 - [MESSAGE][PASSED] - Text 'planta personal (tal)' is set on object 'Object Repository/input_Empresa 1_form_templatej_idt24_input'

2022-03-03 14:02:07 - [TEST_STEP][PASSED] - click(findTestObject("Modulo Pruebas Planta de Personal/Buscar_puesto_de_trabajo/span_Planta Personal (ta")): Object: 'Object Repository/Modulo Pruebas Planta de Personal/Buscar_puesto_de_trabajo/span_Planta Personal (ta' is clicked on

2022-03-03 14:02:08 - [MESSAGE][PASSED] - Object: 'Object Repository/Modulo Pruebas Planta de Personal/Buscar_puesto_de_trabajo/span_Planta Personal (ta' is clicked on

2022-03-03 14:02:08 - [TEST_STEP][PASSED] - click(findTestObject("Modulo Pruebas Planta de Personal/Buscar_puesto_de_trabajo/a_Actos Administrativos_organigramabuscar")): Object: 'Object Repository/Modulo Pruebas Planta de Personal/Buscar_puesto_de_trabajo/a_Actos Administrativos_organigramabuscar' is clicked on

2022-03-03 14:02:09 - [MESSAGE][PASSED] - Object: 'Object Repository/Modulo Pruebas Planta de Personal/Buscar_puesto_de_trabajo/a_Actos Administrativos_organigramabuscar' is clicked on

2022-03-03 14:02:09 - [TEST_STEP][PASSED] - selectOptionByIndex(findTestObject("Modulo Pruebas Planta de Personal/Buscar_puesto_de_trabajo/select_--Seleccione--EmpleadoPuesto"), 2): All options with index in [2] are selected on object 'Object Repository/Modulo Pruebas Planta de Personal/Buscar_puesto_de_trabajo/select_--Seleccione--EmpleadoPuesto'

2022-03-03 14:02:11 - [MESSAGE][PASSED] - All options with index in [2] are selected on object 'Object Repository/Modulo Pruebas Planta de Personal/Buscar_puesto_de_trabajo/select_--Seleccione--EmpleadoPuesto'

2022-03-03 14:02:11 - [TEST_STEP][PASSED] - click(findTestObject("Modulo Pruebas Planta de Personal/Buscar_puesto_de_trabajo/a_Cargo_popupBusquedaPlantaj_idt279")): Object: 'Object Repository/Modulo Pruebas Planta de Personal/Buscar_puesto_de_trabajo/a_Cargo_popupBusquedaPlantaj_idt279' is clicked on

2022-03-03 14:02:11 - [MESSAGE][PASSED] - Object: 'Object Repository/Modulo Pruebas Planta de Personal/Buscar_puesto_de_trabajo/a_Cargo_popupBusquedaPlantaj_idt279' is clicked on

2022-03-03 14:02:11 - [TEST_STEP][PASSED] - click(findTestObject("Modulo Pruebas Planta de Personal/Buscar_puesto_de_trabajo/a_Unidad Organizacional_popupBusquedaPlantaj_idt274")): Object: 'Object Repository/Modulo Pruebas Planta de Personal/Buscar_puesto_de_trabajo/a_Unidad Organizacional_popupBusquedaPlantaj_idt274' is clicked on

2022-03-03 14:02:12 - [MESSAGE][PASSED] - Object: 'Object Repository/Modulo Pruebas Planta de Personal/Buscar_puesto_de_trabajo/a_Unidad Organizacional_popupBusquedaPlantaj_idt274' is clicked on

2022-03-03 14:02:12 - [TEST_STEP][PASSED] - setText(findTestObject("Modulo Pruebas Planta de Personal/Buscar_puesto_de_trabajo/input_Unidad_form_popupUnidadUsuarioj_idt880"), "administracion"): Text 'administracion' is set on object 'Object Repository/Modulo Pruebas Planta de Personal/Buscar_puesto_de_trabajo/input_Unidad_form_popupUnidadUsuarioj_idt880'

2022-03-03 14:02:13 - [MESSAGE][PASSED] - Text 'administracion' is set on object 'Object Repository/Modulo Pruebas Planta de Personal/Buscar_puesto_de_trabajo/input_Unidad_form_popupUnidadUsuarioj_idt880'

2022-03-03 14:02:13 - [TEST_STEP][PASSED] - sendKeys(findTestObject("Modulo Pruebas Planta de Personal/Buscar_puesto_de_trabajo/input_Unidad_form_popupUnidadUsuarioj_idt880"), Keys.chord(ENTER)): Keys 'ENTER + ' sent to object: 'Object Repository/Modulo Pruebas Planta de Personal/Buscar_puesto_de_trabajo/input_Unidad_form_popupUnidadUsuarioj_idt880'

2022-03-03 14:02:13 - [MESSAGE][PASSED] - Keys 'ENTER + ' sent to object: 'Object Repository/Modulo Pruebas Planta de Personal/Buscar_puesto_de_trabajo/input_Unidad_form_popupUnidadUsuarioj_idt880'

[...]

2022-03-03 14:05:58 - [MESSAGE][PASSED] - Object 'Object Repository/Modulo Pruebas Planta de Personal/Crear_descripción_del_cargo(Puesto_trabajo_multiple)/a_Definir_Perfil' is visible

2022-03-03 14:05:58 - [TEST_STEP][PASSED] - closeBrowser(): Browser is closed

2022-03-03 14:05:59 - [MESSAGE][PASSED] - Browser is closed

2022-03-03 14:05:59 - [MESSAGE][PASSED] - Call Test Case 'Test Cases/12.1-Pruebas_planta_personal/12.2.3-Crear_descripción_del_cargo_(PUESTO_TRABAJO_MULTIPLE)' successfully]]></system-out>
         <system-err><![CDATA[]]></system-err>
      </testcase>
      <testcase name="Test Cases/12.1-Pruebas_planta_personal/12.2.7-Impresión_de_descripción_del_cargo" time="17.055" classname="Test Cases/12.1-Pruebas_planta_personal/12.2.7-Impresión_de_descripción_del_cargo" status="PASSED">
         <system-out><![CDATA[2022-03-03 14:05:59 - [TEST_CASE][PASSED] - Test Cases/12.1-Pruebas_planta_personal/12.2.7-Impresión_de_descripción_del_cargo: Test Cases/12.1-Pruebas_planta_personal/12.2.7-Impresión_de_descripción_del_cargo

2022-03-03 14:06:00 - [TEST_STEP][PASSED] - callTestCase(findTestCase("0.1-Login"), [:], STOP_ON_FAILURE): Call Test Case 'Test Cases/0.1-Login' successfully

2022-03-03 14:06:00 - [TEST_CASE][PASSED] - Test Cases/0.1-Login: Test Cases/0.1-Login

2022-03-03 14:06:00 - [TEST_STEP][PASSED] - openBrowser(""): Browser is opened with url: ''

2022-03-03 14:06:00 - [MESSAGE][INFO] - Starting 'Chrome' driver

2022-03-03 14:06:00 - [MESSAGE][INFO] - Action delay is set to 0 milliseconds

2022-03-03 14:06:01 - [MESSAGE][PASSED] - Browser is opened with url: ''

2022-03-03 14:06:01 - [TEST_STEP][PASSED] - maximizeWindow(): Current window maximized

2022-03-03 14:06:01 - [MESSAGE][PASSED] - Current window maximized

2022-03-03 14:06:01 - [TEST_STEP][PASSED] - i = G_Login: null

2022-03-03 14:06:01 - [TEST_STEP][PASSED] - url = new java.net.URL(i): null

2022-03-03 14:06:01 - [TEST_STEP][PASSED] - println("URL: " + url.toString()): null

2022-03-03 14:06:01 - [TEST_STEP][PASSED] - connection = url.openConnection(): null

2022-03-03 14:06:01 - [TEST_STEP][PASSED] - connection.setRequestMethod("GET"): null

2022-03-03 14:06:01 - [TEST_STEP][PASSED] - connection.setReadTimeout(2 * 1000): null

2022-03-03 14:06:01 - [TEST_STEP][PASSED] - try: null

2022-03-03 14:06:01 - [TEST_STEP][PASSED] - connection.connect(): null

2022-03-03 14:06:01 - [TEST_STEP][PASSED] - flag = connected: null

2022-03-03 14:06:01 - [TEST_STEP][PASSED] - println("Valor_ori: " + flag): null

2022-03-03 14:06:01 - [TEST_STEP][PASSED] - if (flag): null

2022-03-03 14:06:01 - [TEST_STEP][PASSED] - navigateToUrl(i): Navigate to 'http://192.168.2.80:8380/saraweb' successfully

2022-03-03 14:06:01 - [MESSAGE][PASSED] - Navigate to 'http://192.168.2.80:8380/saraweb' successfully

2022-03-03 14:06:01 - [TEST_STEP][PASSED] - a(): null

2022-03-03 14:06:01 - [TEST_STEP][PASSED] - setText(findTestObject("Login/input_USUARIO_loginusuario"), G_Usuario): Text 'saraadmin' is set on object 'Object Repository/Login/input_USUARIO_loginusuario'

2022-03-03 14:06:02 - [MESSAGE][PASSED] - Text 'saraadmin' is set on object 'Object Repository/Login/input_USUARIO_loginusuario'

2022-03-03 14:06:02 - [TEST_STEP][PASSED] - setEncryptedText(findTestObject("Login/input_CLAVE_loginpassword"), "MkG4/TYiCFC3cb2driP7+Q=="): Text ****** has been set on object 'Object Repository/Login/input_CLAVE_loginpassword'

2022-03-03 14:06:03 - [MESSAGE][PASSED] - Text ****** has been set on object 'Object Repository/Login/input_CLAVE_loginpassword'

2022-03-03 14:06:03 - [TEST_STEP][PASSED] - waitForElementClickable(findTestObject("Login/a_Ingresar"), G_TimeOut): Object 'Object Repository/Login/a_Ingresar' is clickable

2022-03-03 14:06:03 - [MESSAGE][PASSED] - Object 'Object Repository/Login/a_Ingresar' is clickable

2022-03-03 14:06:03 - [TEST_STEP][PASSED] - click(findTestObject("Login/a_Ingresar")): Object: 'Object Repository/Login/a_Ingresar' is clicked on

2022-03-03 14:06:04 - [MESSAGE][PASSED] - Object: 'Object Repository/Login/a_Ingresar' is clicked on

2022-03-03 14:06:04 - [TEST_STEP][PASSED] - element = findWebElement(findTestObject("Login/a_Ir"), 30): null

2022-03-03 14:06:04 - [TEST_STEP][PASSED] - executeJavaScript("arguments[0].click()", Arrays.asList(element)): Execute JavaScript 'arguments[0].click()' successfully

2022-03-03 14:06:04 - [MESSAGE][PASSED] - Execute JavaScript 'arguments[0].click()' successfully

2022-03-03 14:06:04 - [MESSAGE][PASSED] - Call Test Case 'Test Cases/0.1-Login' successfully

2022-03-03 14:06:04 - [TEST_STEP][PASSED] - setText(findTestObject("Modulo Pruebas Planta de Personal/Impresión_de_descripción_del_cargo/input_Empresa 1_form_templatej_idt24_input"), "Listado Descripcion Cargo (tal)"): Text 'Listado Descripcion Cargo (tal)' is set on object 'Object Repository/Modulo Pruebas Planta de Personal/Impresión_de_descripción_del_cargo/input_Empresa 1_form_templatej_idt24_input'

2022-03-03 14:06:06 - [MESSAGE][PASSED] - Text 'Listado Descripcion Cargo (tal)' is set on object 'Object Repository/Modulo Pruebas Planta de Personal/Impresión_de_descripción_del_cargo/input_Empresa 1_form_templatej_idt24_input'

2022-03-03 14:06:06 - [TEST_STEP][PASSED] - click(findTestObject("Modulo Pruebas Planta de Personal/Impresión_de_descripción_del_cargo/li_Listado Descripcion Cargo (tal)")): Object: 'Object Repository/Modulo Pruebas Planta de Personal/Impresión_de_descripción_del_cargo/li_Listado Descripcion Cargo (tal)' is clicked on

2022-03-03 14:06:07 - [MESSAGE][PASSED] - Object: 'Object Repository/Modulo Pruebas Planta de Personal/Impresión_de_descripción_del_cargo/li_Listado Descripcion Cargo (tal)' is clicked on

2022-03-03 14:06:07 - [TEST_STEP][PASSED] - click(findTestObject("Modulo Pruebas Planta de Personal/Impresión_de_descripción_del_cargo/a_Cargo_form_listadoDescripcionCargoj_idt70")): Object: 'Object Repository/Modulo Pruebas Planta de Personal/Impresión_de_descripción_del_cargo/a_Cargo_form_listadoDescripcionCargoj_idt70' is clicked on

2022-03-03 14:06:08 - [MESSAGE][PASSED] - Object: 'Object Repository/Modulo Pruebas Planta de Personal/Impresión_de_descripción_del_cargo/a_Cargo_form_listadoDescripcionCargoj_idt70' is clicked on

2022-03-03 14:06:08 - [TEST_STEP][PASSED] - click(findTestObject("Modulo Pruebas Planta de Personal/Impresión_de_descripción_del_cargo/span_40 MIL STAFF")): Object: 'Object Repository/Modulo Pruebas Planta de Personal/Impresión_de_descripción_del_cargo/span_40 MIL STAFF' is clicked on

2022-03-03 14:06:09 - [MESSAGE][PASSED] - Object: 'Object Repository/Modulo Pruebas Planta de Personal/Impresión_de_descripción_del_cargo/span_40 MIL STAFF' is clicked on

2022-03-03 14:06:09 - [TEST_STEP][PASSED] - click(findTestObject("Modulo Pruebas Planta de Personal/Impresión_de_descripción_del_cargo/span_01072021")): Object: 'Object Repository/Modulo Pruebas Planta de Personal/Impresión_de_descripción_del_cargo/span_01072021' is clicked on

2022-03-03 14:06:10 - [MESSAGE][PASSED] - Object: 'Object Repository/Modulo Pruebas Planta de Personal/Impresión_de_descripción_del_cargo/span_01072021' is clicked on

2022-03-03 14:06:10 - [TEST_STEP][PASSED] - click(findTestObject("Modulo Pruebas Planta de Personal/Impresión_de_descripción_del_cargo/a_Imprimir Publicacin")): Object: 'Object Repository/Modulo Pruebas Planta de Personal/Impresión_de_descripción_del_cargo/a_Imprimir Publicacin' is clicked on

2022-03-03 14:06:11 - [MESSAGE][PASSED] - Object: 'Object Repository/Modulo Pruebas Planta de Personal/Impresión_de_descripción_del_cargo/a_Imprimir Publicacin' is clicked on

2022-03-03 14:06:11 - [TEST_STEP][PASSED] - click(findTestObject("Modulo Pruebas Planta de Personal/Impresión_de_descripción_del_cargo/td_Descripcin del Cargo1")): Object: 'Object Repository/Modulo Pruebas Planta de Personal/Impresión_de_descripción_del_cargo/td_Descripcin del Cargo1' is clicked on

2022-03-03 14:06:12 - [MESSAGE][PASSED] - Object: 'Object Repository/Modulo Pruebas Planta de Personal/Impresión_de_descripción_del_cargo/td_Descripcin del Cargo1' is clicked on

2022-03-03 14:06:12 - [TEST_STEP][PASSED] - if (waitForElementVisible(findTestObject("Modulo Pruebas Planta de Personal/Impresión_de_descripción_del_cargo/a_Descargar archivo en formato Doc"), 1)): null

2022-03-03 14:06:16 - [MESSAGE][PASSED] - Object 'Object Repository/Modulo Pruebas Planta de Personal/Impresión_de_descripción_del_cargo/a_Descargar archivo en formato Doc' is visible

2022-03-03 14:06:16 - [TEST_STEP][PASSED] - closeBrowser(): Browser is closed

2022-03-03 14:06:16 - [MESSAGE][PASSED] - Browser is closed]]></system-out>
         <system-err><![CDATA[]]></system-err>
      </testcase>
      <system-out><![CDATA[2022-03-03 13:59:57 - [TEST_SUITE][FAILED] - 12-Pruebas_Planta_Personal: Test Cases/12.1-Pruebas_planta_personal/12.1.1-Crear_una_unidad FAILED.
Reason:
com.kms.katalon.core.exception.StepFailedException: Unable to click on object 'Object Repository/Modulo Pruebas Planta de Personal/Crear_una_unidad/a_Organigrama_organigramacrearUnidad'
	at com.kms.katalon.core.webui.keyword.internal.WebUIKeywordMain.stepFailed(WebUIKeywordMain.groovy:64)
	at com.kms.katalon.core.webui.keyword.internal.WebUIKeywordMain.runKeyword(WebUIKeywordMain.groovy:26)
	at com.kms.katalon.core.webui.keyword.builtin.ClickKeyword.click(ClickKeyword.groovy:74)
	at com.kms.katalon.core.webui.keyword.builtin.ClickKeyword.execute(ClickKeyword.groovy:40)
	at com.kms.katalon.core.keyword.internal.KeywordExecutor.executeKeywordForPlatform(KeywordExecutor.groovy:74)
	at com.kms.katalon.core.webui.keyword.WebUiBuiltInKeywords.click(WebUiBuiltInKeywords.groovy:620)
	at com.kms.katalon.core.webui.keyword.WebUiBuiltInKeywords$click$5.call(Unknown Source)
	at 12.1.1-Crear_una_unidad.run(12.1.1-Crear_una_unidad:44)
	at com.kms.katalon.core.main.ScriptEngine.run(ScriptEngine.java:194)
	at com.kms.katalon.core.main.ScriptEngine.runScriptAsRawText(ScriptEngine.java:119)
	at com.kms.katalon.core.main.TestCaseExecutor.runScript(TestCaseExecutor.java:442)
	at com.kms.katalon.core.main.TestCaseExecutor.doExecute(TestCaseExecutor.java:433)
	at com.kms.katalon.core.main.TestCaseExecutor.processExecutionPhase(TestCaseExecutor.java:412)
	at com.kms.katalon.core.main.TestCaseExecutor.accessMainPhase(TestCaseExecutor.java:404)
	at com.kms.katalon.core.main.TestCaseExecutor.execute(TestCaseExecutor.java:281)
	at com.kms.katalon.core.main.TestSuiteExecutor.accessTestCaseMainPhase(TestSuiteExecutor.java:202)
	at com.kms.katalon.core.main.TestSuiteExecutor.accessTestSuiteMainPhase(TestSuiteExecutor.java:164)
	at com.kms.katalon.core.main.TestSuiteExecutor.execute(TestSuiteExecutor.java:105)
	at com.kms.katalon.core.main.TestCaseMain.startTestSuite(TestCaseMain.java:185)
	at com.kms.katalon.core.main.TestCaseMain$startTestSuite$0.call(Unknown Source)
	at TempTestSuite1646330736977.run(TempTestSuite1646330736977.groovy:36)
Caused by: org.openqa.selenium.ElementClickInterceptedException: element click intercepted: Element <a id="organigrama:crearUnidad" href="#" class="ui-commandlink ui-widget imagenMiniAdicionarUnidad" aria-label="Crear Unidad" onclick="PrimeFaces.ab({s:&quot;organigrama:crearUnidad&quot;,f:&quot;organigrama&quot;,p:&quot;organigrama:crearUnidad&quot;,u:&quot;areaAplicacion&quot;});return false;" title="Crear Unidad"></a> is not clickable at point (526, 172). Other element would receive the click: <div style="text-align:center;">...</div>
  (Session info: chrome=98.0.4758.102)
Build info: version: '3.141.59', revision: 'e82be7d358', time: '2018-11-14T08:25:53'
System info: host: 'US-AF-000371', ip: '192.168.56.1', os.name: 'Windows 10', os.arch: 'amd64', os.version: '10.0', java.version: '1.8.0_282'
Driver info: com.kms.katalon.selenium.driver.CChromeDriver
Capabilities {acceptInsecureCerts: false, browserName: chrome, browserVersion: 98.0.4758.102, chrome: {chromedriverVersion: 97.0.4692.36 (747e0a0f19c13..., userDataDir: C:\Users\DIEGO~1.ROJ\AppDat...}, goog:chromeOptions: {debuggerAddress: localhost:63899}, javascriptEnabled: true, networkConnectionEnabled: false, pageLoadStrategy: normal, platform: WINDOWS, platformName: WINDOWS, proxy: Proxy(), setWindowRect: true, strictFileInteractability: false, timeouts: {implicit: 0, pageLoad: 300000, script: 30000}, unhandledPromptBehavior: dismiss and notify, webauthn:extension:credBlob: true, webauthn:extension:largeBlob: true, webauthn:virtualAuthenticators: true}
Session ID: 79f21757df688d0667b721ad39c686b9
	at org.openqa.selenium.remote.http.W3CHttpResponseCodec.createException(W3CHttpResponseCodec.java:187)
	at org.openqa.selenium.remote.http.W3CHttpResponseCodec.decode(W3CHttpResponseCodec.java:122)
	at org.openqa.selenium.remote.http.W3CHttpResponseCodec.decode(W3CHttpResponseCodec.java:49)
	at org.openqa.selenium.remote.HttpCommandExecutor.execute(HttpCommandExecutor.java:158)
	at org.openqa.selenium.remote.service.DriverCommandExecutor.execute(DriverCommandExecutor.java:83)
	at org.openqa.selenium.remote.RemoteWebDriver.execute(RemoteWebDriver.java:552)
	at com.kms.katalon.selenium.driver.CChromeDriver.execute(CChromeDriver.java:19)
	at org.openqa.selenium.remote.RemoteWebElement.execute(RemoteWebElement.java:285)
	at org.openqa.selenium.remote.RemoteWebElement.click(RemoteWebElement.java:84)
	at org.openqa.selenium.support.events.EventFiringWebDriver$EventFiringWebElement.lambda$new$0(EventFiringWebDriver.java:404)
	at com.sun.proxy.$Proxy11.click(Unknown Source)
	at org.openqa.selenium.support.events.EventFiringWebDriver$EventFiringWebElement.click(EventFiringWebDriver.java:417)
	at org.openqa.selenium.WebElement$click$0.call(Unknown Source)
	at com.kms.katalon.core.webui.keyword.builtin.ClickKeyword.clickUntilSuccessWithTimeout(ClickKeyword.groovy:81)
	at com.kms.katalon.core.webui.keyword.builtin.ClickKeyword.clickUntilSuccessWithTimeout(ClickKeyword.groovy)
	at com.kms.katalon.core.webui.keyword.builtin.ClickKeyword$_click_closure1.doCall(ClickKeyword.groovy:67)
	at com.kms.katalon.core.webui.keyword.builtin.ClickKeyword$_click_closure1.call(ClickKeyword.groovy)
	at com.kms.katalon.core.webui.keyword.internal.WebUIKeywordMain.runKeyword(WebUIKeywordMain.groovy:20)
	... 19 more]]></system-out>
      <system-err><![CDATA[2022-03-03 13:59:57 - [TEST_SUITE][FAILED] - 12-Pruebas_Planta_Personal: Test Cases/12.1-Pruebas_planta_personal/12.1.1-Crear_una_unidad FAILED.
Reason:
com.kms.katalon.core.exception.StepFailedException: Unable to click on object 'Object Repository/Modulo Pruebas Planta de Personal/Crear_una_unidad/a_Organigrama_organigramacrearUnidad'
	at com.kms.katalon.core.webui.keyword.internal.WebUIKeywordMain.stepFailed(WebUIKeywordMain.groovy:64)
	at com.kms.katalon.core.webui.keyword.internal.WebUIKeywordMain.runKeyword(WebUIKeywordMain.groovy:26)
	at com.kms.katalon.core.webui.keyword.builtin.ClickKeyword.click(ClickKeyword.groovy:74)
	at com.kms.katalon.core.webui.keyword.builtin.ClickKeyword.execute(ClickKeyword.groovy:40)
	at com.kms.katalon.core.keyword.internal.KeywordExecutor.executeKeywordForPlatform(KeywordExecutor.groovy:74)
	at com.kms.katalon.core.webui.keyword.WebUiBuiltInKeywords.click(WebUiBuiltInKeywords.groovy:620)
	at com.kms.katalon.core.webui.keyword.WebUiBuiltInKeywords$click$5.call(Unknown Source)
	at 12.1.1-Crear_una_unidad.run(12.1.1-Crear_una_unidad:44)
	at com.kms.katalon.core.main.ScriptEngine.run(ScriptEngine.java:194)
	at com.kms.katalon.core.main.ScriptEngine.runScriptAsRawText(ScriptEngine.java:119)
	at com.kms.katalon.core.main.TestCaseExecutor.runScript(TestCaseExecutor.java:442)
	at com.kms.katalon.core.main.TestCaseExecutor.doExecute(TestCaseExecutor.java:433)
	at com.kms.katalon.core.main.TestCaseExecutor.processExecutionPhase(TestCaseExecutor.java:412)
	at com.kms.katalon.core.main.TestCaseExecutor.accessMainPhase(TestCaseExecutor.java:404)
	at com.kms.katalon.core.main.TestCaseExecutor.execute(TestCaseExecutor.java:281)
	at com.kms.katalon.core.main.TestSuiteExecutor.accessTestCaseMainPhase(TestSuiteExecutor.java:202)
	at com.kms.katalon.core.main.TestSuiteExecutor.accessTestSuiteMainPhase(TestSuiteExecutor.java:164)
	at com.kms.katalon.core.main.TestSuiteExecutor.execute(TestSuiteExecutor.java:105)
	at com.kms.katalon.core.main.TestCaseMain.startTestSuite(TestCaseMain.java:185)
	at com.kms.katalon.core.main.TestCaseMain$startTestSuite$0.call(Unknown Source)
	at TempTestSuite1646330736977.run(TempTestSuite1646330736977.groovy:36)
Caused by: org.openqa.selenium.ElementClickInterceptedException: element click intercepted: Element <a id="organigrama:crearUnidad" href="#" class="ui-commandlink ui-widget imagenMiniAdicionarUnidad" aria-label="Crear Unidad" onclick="PrimeFaces.ab({s:&quot;organigrama:crearUnidad&quot;,f:&quot;organigrama&quot;,p:&quot;organigrama:crearUnidad&quot;,u:&quot;areaAplicacion&quot;});return false;" title="Crear Unidad"></a> is not clickable at point (526, 172). Other element would receive the click: <div style="text-align:center;">...</div>
  (Session info: chrome=98.0.4758.102)
Build info: version: '3.141.59', revision: 'e82be7d358', time: '2018-11-14T08:25:53'
System info: host: 'US-AF-000371', ip: '192.168.56.1', os.name: 'Windows 10', os.arch: 'amd64', os.version: '10.0', java.version: '1.8.0_282'
Driver info: com.kms.katalon.selenium.driver.CChromeDriver
Capabilities {acceptInsecureCerts: false, browserName: chrome, browserVersion: 98.0.4758.102, chrome: {chromedriverVersion: 97.0.4692.36 (747e0a0f19c13..., userDataDir: C:\Users\DIEGO~1.ROJ\AppDat...}, goog:chromeOptions: {debuggerAddress: localhost:63899}, javascriptEnabled: true, networkConnectionEnabled: false, pageLoadStrategy: normal, platform: WINDOWS, platformName: WINDOWS, proxy: Proxy(), setWindowRect: true, strictFileInteractability: false, timeouts: {implicit: 0, pageLoad: 300000, script: 30000}, unhandledPromptBehavior: dismiss and notify, webauthn:extension:credBlob: true, webauthn:extension:largeBlob: true, webauthn:virtualAuthenticators: true}
Session ID: 79f21757df688d0667b721ad39c686b9
	at org.openqa.selenium.remote.http.W3CHttpResponseCodec.createException(W3CHttpResponseCodec.java:187)
	at org.openqa.selenium.remote.http.W3CHttpResponseCodec.decode(W3CHttpResponseCodec.java:122)
	at org.openqa.selenium.remote.http.W3CHttpResponseCodec.decode(W3CHttpResponseCodec.java:49)
	at org.openqa.selenium.remote.HttpCommandExecutor.execute(HttpCommandExecutor.java:158)
	at org.openqa.selenium.remote.service.DriverCommandExecutor.execute(DriverCommandExecutor.java:83)
	at org.openqa.selenium.remote.RemoteWebDriver.execute(RemoteWebDriver.java:552)
	at com.kms.katalon.selenium.driver.CChromeDriver.execute(CChromeDriver.java:19)
	at org.openqa.selenium.remote.RemoteWebElement.execute(RemoteWebElement.java:285)
	at org.openqa.selenium.remote.RemoteWebElement.click(RemoteWebElement.java:84)
	at org.openqa.selenium.support.events.EventFiringWebDriver$EventFiringWebElement.lambda$new$0(EventFiringWebDriver.java:404)
	at com.sun.proxy.$Proxy11.click(Unknown Source)
	at org.openqa.selenium.support.events.EventFiringWebDriver$EventFiringWebElement.click(EventFiringWebDriver.java:417)
	at org.openqa.selenium.WebElement$click$0.call(Unknown Source)
	at com.kms.katalon.core.webui.keyword.builtin.ClickKeyword.clickUntilSuccessWithTimeout(ClickKeyword.groovy:81)
	at com.kms.katalon.core.webui.keyword.builtin.ClickKeyword.clickUntilSuccessWithTimeout(ClickKeyword.groovy)
	at com.kms.katalon.core.webui.keyword.builtin.ClickKeyword$_click_closure1.doCall(ClickKeyword.groovy:67)
	at com.kms.katalon.core.webui.keyword.builtin.ClickKeyword$_click_closure1.call(ClickKeyword.groovy)
	at com.kms.katalon.core.webui.keyword.internal.WebUIKeywordMain.runKeyword(WebUIKeywordMain.groovy:20)
	... 19 more]]></system-err>
   </testsuite>
</testsuites>
