<?xml version="1.0" encoding="UTF-8"?>
<testsuites name="2-Pruebas hoja de vida" time="265.772" tests="10" failures="1" errors="0">
   <testsuite name="2-Pruebas hoja de vida" tests="10" failures="1" errors="0" time="265.772" skipped="0" timestamp="2022-05-11 09:36:46" hostname="diego.rojas - US-AF-000371" id="Test Suites/Test_Suite_Secundaria/2-Pruebas hoja de vida">
      <properties>
         <property name="deviceName" value=""/>
         <property name="devicePlatform" value=""/>
         <property name="logFolder" value="C:\\Users\\diego.rojas\\git\\Pruebas-Minimas\\Reports\\20220511_093638\\Test_Suite_Secundaria\\2-Pruebas hoja de vida\\20220511_093638"/>
         <property name="logFiles" value="C:\\Users\\diego.rojas\\git\\Pruebas-Minimas\\Reports\\20220511_093638\\Test_Suite_Secundaria\\2-Pruebas hoja de vida\\20220511_093638\\execution0.log"/>
         <property name="attachments" value="C:\\Users\\diego.rojas\\git\\Pruebas-Minimas\\Reports\\20220511_093638\\Test_Suite_Secundaria\\2-Pruebas hoja de vida\\20220511_093638\\1652280072367.png"/>
         <property name="hostName" value="diego.rojas - US-AF-000371"/>
         <property name="os" value="Windows 10 64bit"/>
         <property name="katalonVersion" value="8.3.0.208"/>
         <property name="browser" value="Chrome 101.0.4951.54"/>
         <property name="hostAddress" value="192.168.56.1"/>
         <property name="sessionId" value="fd15112ee2bd4d789c4064a5ff4eb0a7"/>
         <property name="seleniumVersion" value="3.141.59"/>
         <property name="proxyInformation" value="ProxyInformation { proxyOption=NO_PROXY, proxyServerType=HTTP, username=, password=********, proxyServerAddress=, proxyServerPort=0, executionList=&quot;&quot;, isApplyToDesiredCapabilities=true }"/>
         <property name="platform" value="Windows 10"/>
      </properties>
      <testcase name="Test Cases/1.2-Tareas_Secundarias/2.1-Pruebas_Hoja_de_Vida/2.1.0-Nueva_Categoria" time="21.081" classname="Test Cases/1.2-Tareas_Secundarias/2.1-Pruebas_Hoja_de_Vida/2.1.0-Nueva_Categoria" status="PASSED">
         <system-out><![CDATA[2022-05-11 09:36:47 - [TEST_CASE][PASSED] - Test Cases/1.2-Tareas_Secundarias/2.1-Pruebas_Hoja_de_Vida/2.1.0-Nueva_Categoria: Test Cases/1.2-Tareas_Secundarias/2.1-Pruebas_Hoja_de_Vida/2.1.0-Nueva_Categoria

2022-05-11 09:36:48 - [TEST_STEP][PASSED] - callTestCase(findTestCase("0.1-Login"), [:], STOP_ON_FAILURE): Call Test Case 'Test Cases/0.1-Login' successfully

2022-05-11 09:36:48 - [TEST_CASE][PASSED] - Test Cases/0.1-Login: Test Cases/0.1-Login

2022-05-11 09:36:48 - [TEST_STEP][PASSED] - openBrowser(""): Browser is opened with url: ''

2022-05-11 09:36:49 - [MESSAGE][INFO] - Starting 'Chrome' driver

2022-05-11 09:36:49 - [MESSAGE][INFO] - Action delay is set to 0 milliseconds

2022-05-11 09:36:51 - [MESSAGE][PASSED] - Browser is opened with url: ''

2022-05-11 09:36:51 - [TEST_STEP][PASSED] - maximizeWindow(): Current window maximized

2022-05-11 09:36:51 - [MESSAGE][PASSED] - Current window maximized

2022-05-11 09:36:51 - [TEST_STEP][PASSED] - i = G_Login: null

2022-05-11 09:36:51 - [TEST_STEP][PASSED] - url = new java.net.URL(i): null

2022-05-11 09:36:51 - [TEST_STEP][PASSED] - println("URL: " + url.toString()): null

2022-05-11 09:36:51 - [TEST_STEP][PASSED] - connection = url.openConnection(): null

2022-05-11 09:36:51 - [TEST_STEP][PASSED] - connection.setRequestMethod("GET"): null

2022-05-11 09:36:51 - [TEST_STEP][PASSED] - connection.setReadTimeout(2 * 1000): null

2022-05-11 09:36:51 - [TEST_STEP][PASSED] - try: null

2022-05-11 09:36:51 - [TEST_STEP][PASSED] - connection.connect(): null

2022-05-11 09:36:51 - [TEST_STEP][PASSED] - flag = connected: null

2022-05-11 09:36:51 - [TEST_STEP][PASSED] - println("Valor_ori: " + flag): null

2022-05-11 09:36:51 - [TEST_STEP][PASSED] - if (flag): null

2022-05-11 09:36:51 - [TEST_STEP][PASSED] - navigateToUrl(i): Navigate to 'http://192.168.2.19:8380/saraweb' successfully

2022-05-11 09:36:52 - [MESSAGE][PASSED] - Navigate to 'http://192.168.2.19:8380/saraweb' successfully

2022-05-11 09:36:52 - [TEST_STEP][PASSED] - a(): null

2022-05-11 09:36:52 - [TEST_STEP][PASSED] - setText(findTestObject("3-OBJECTS UTILIDADES/Login/input_USUARIO_loginusuario"), G_Usuario): Text 'saraadmin' is set on object 'Object Repository/3-OBJECTS UTILIDADES/Login/input_USUARIO_loginusuario'

2022-05-11 09:36:53 - [MESSAGE][PASSED] - Text 'saraadmin' is set on object 'Object Repository/3-OBJECTS UTILIDADES/Login/input_USUARIO_loginusuario'

2022-05-11 09:36:53 - [TEST_STEP][PASSED] - setEncryptedText(findTestObject("3-OBJECTS UTILIDADES/Login/input_CLAVE_loginpassword"), "MkG4/TYiCFC3cb2driP7+Q=="): Text ****** has been set on object 'Object Repository/3-OBJECTS UTILIDADES/Login/input_CLAVE_loginpassword'

2022-05-11 09:36:53 - [MESSAGE][PASSED] - Text ****** has been set on object 'Object Repository/3-OBJECTS UTILIDADES/Login/input_CLAVE_loginpassword'

2022-05-11 09:36:53 - [TEST_STEP][PASSED] - waitForElementClickable(findTestObject("3-OBJECTS UTILIDADES/Login/a_Ingresar"), G_TimeOut): Object 'Object Repository/3-OBJECTS UTILIDADES/Login/a_Ingresar' is clickable

2022-05-11 09:36:54 - [MESSAGE][PASSED] - Object 'Object Repository/3-OBJECTS UTILIDADES/Login/a_Ingresar' is clickable

2022-05-11 09:36:54 - [TEST_STEP][PASSED] - click(findTestObject("3-OBJECTS UTILIDADES/Login/a_Ingresar")): Object: 'Object Repository/3-OBJECTS UTILIDADES/Login/a_Ingresar' is clicked on

2022-05-11 09:36:55 - [MESSAGE][PASSED] - Object: 'Object Repository/3-OBJECTS UTILIDADES/Login/a_Ingresar' is clicked on

2022-05-11 09:36:55 - [TEST_STEP][PASSED] - element = findWebElement(findTestObject("3-OBJECTS UTILIDADES/Login/a_Ir"), 30): null

2022-05-11 09:36:56 - [TEST_STEP][PASSED] - executeJavaScript("arguments[0].click()", Arrays.asList(element)): Execute JavaScript 'arguments[0].click()' successfully

2022-05-11 09:36:56 - [MESSAGE][PASSED] - Execute JavaScript 'arguments[0].click()' successfully

2022-05-11 09:36:56 - [MESSAGE][PASSED] - Call Test Case 'Test Cases/0.1-Login' successfully

2022-05-11 09:36:56 - [TEST_STEP][PASSED] - waitForElementClickable(findTestObject("2-OBJECTS TAREAS SECUNDARIAS/Pruebas Hoja de Vida/Nueva_Categoria/span_Categora_buscar glyphicons glyphicons-search"), 0): Object 'Object Repository/2-OBJECTS TAREAS SECUNDARIAS/Pruebas Hoja de Vida/Nueva_Categoria/span_Categora_buscar glyphicons glyphicons-search' is clickable

2022-05-11 09:36:56 - [MESSAGE][WARNING] - Timeout '0' is invalid. Using default page load timeout: '40'

2022-05-11 09:36:57 - [MESSAGE][PASSED] - Object 'Object Repository/2-OBJECTS TAREAS SECUNDARIAS/Pruebas Hoja de Vida/Nueva_Categoria/span_Categora_buscar glyphicons glyphicons-search' is clickable

2022-05-11 09:36:57 - [TEST_STEP][PASSED] - setText(findTestObject("2-OBJECTS TAREAS SECUNDARIAS/Pruebas Hoja de Vida/Nueva_Categoria/span_Categora_buscar glyphicons glyphicons-search"), "categoria"): Text 'categoria' is set on object 'Object Repository/2-OBJECTS TAREAS SECUNDARIAS/Pruebas Hoja de Vida/Nueva_Categoria/span_Categora_buscar glyphicons glyphicons-search'

2022-05-11 09:36:58 - [MESSAGE][PASSED] - Text 'categoria' is set on object 'Object Repository/2-OBJECTS TAREAS SECUNDARIAS/Pruebas Hoja de Vida/Nueva_Categoria/span_Categora_buscar glyphicons glyphicons-search'

2022-05-11 09:36:58 - [TEST_STEP][PASSED] - waitForElementVisible(findTestObject("2-OBJECTS TAREAS SECUNDARIAS/Pruebas Hoja de Vida/Nueva_Categoria/span_categoria"), 0): Object 'Object Repository/2-OBJECTS TAREAS SECUNDARIAS/Pruebas Hoja de Vida/Nueva_Categoria/span_categoria' is visible

2022-05-11 09:36:58 - [MESSAGE][WARNING] - Timeout '0' is invalid. Using default page load timeout: '40'

2022-05-11 09:36:59 - [MESSAGE][PASSED] - Object 'Object Repository/2-OBJECTS TAREAS SECUNDARIAS/Pruebas Hoja de Vida/Nueva_Categoria/span_categoria' is visible

2022-05-11 09:36:59 - [TEST_STEP][PASSED] - click(findTestObject("2-OBJECTS TAREAS SECUNDARIAS/Pruebas Hoja de Vida/Nueva_Categoria/span_categoria")): Object: 'Object Repository/2-OBJECTS TAREAS SECUNDARIAS/Pruebas Hoja de Vida/Nueva_Categoria/span_categoria' is clicked on

2022-05-11 09:36:59 - [MESSAGE][PASSED] - Object: 'Object Repository/2-OBJECTS TAREAS SECUNDARIAS/Pruebas Hoja de Vida/Nueva_Categoria/span_categoria' is clicked on

2022-05-11 09:36:59 - [TEST_STEP][PASSED] - setText(findTestObject("2-OBJECTS TAREAS SECUNDARIAS/Pruebas Hoja de Vida/Nueva_Categoria/input_Actos Administrativos_form_categoriaSeccionj_idt61"), "prueba"): Text 'prueba' is set on object 'Object Repository/2-OBJECTS TAREAS SECUNDARIAS/Pruebas Hoja de Vida/Nueva_Categoria/input_Actos Administrativos_form_categoriaSeccionj_idt61'

2022-05-11 09:37:01 - [MESSAGE][PASSED] - Text 'prueba' is set on object 'Object Repository/2-OBJECTS TAREAS SECUNDARIAS/Pruebas Hoja de Vida/Nueva_Categoria/input_Actos Administrativos_form_categoriaSeccionj_idt61'

2022-05-11 09:37:01 - [TEST_STEP][PASSED] - sendKeys(findTestObject("2-OBJECTS TAREAS SECUNDARIAS/Pruebas Hoja de Vida/Nueva_Categoria/input_Actos Administrativos_form_categoriaSeccionj_idt61"), Keys.chord(ENTER)): Keys 'ENTER + ' sent to object: 'Object Repository/2-OBJECTS TAREAS SECUNDARIAS/Pruebas Hoja de Vida/Nueva_Categoria/input_Actos Administrativos_form_categoriaSeccionj_idt61'

2022-05-11 09:37:01 - [MESSAGE][PASSED] - Keys 'ENTER + ' sent to object: 'Object Repository/2-OBJECTS TAREAS SECUNDARIAS/Pruebas Hoja de Vida/Nueva_Categoria/input_Actos Administrativos_form_categoriaSeccionj_idt61'

2022-05-11 09:37:01 - [TEST_STEP][PASSED] - if (waitForElementClickable(findTestObject("2-OBJECTS TAREAS SECUNDARIAS/Pruebas Hoja de Vida/Nueva_Categoria/span_prueba"), 1)): null

2022-05-11 09:37:02 - [MESSAGE][PASSED] - Object 'Object Repository/2-OBJECTS TAREAS SECUNDARIAS/Pruebas Hoja de Vida/Nueva_Categoria/span_prueba' is clickable

2022-05-11 09:37:02 - [TEST_STEP][PASSED] - click(findTestObject("2-OBJECTS TAREAS SECUNDARIAS/Pruebas Hoja de Vida/Nueva_Categoria/span_prueba")): Object: 'Object Repository/2-OBJECTS TAREAS SECUNDARIAS/Pruebas Hoja de Vida/Nueva_Categoria/span_prueba' is clicked on

2022-05-11 09:37:02 - [MESSAGE][PASSED] - Object: 'Object Repository/2-OBJECTS TAREAS SECUNDARIAS/Pruebas Hoja de Vida/Nueva_Categoria/span_prueba' is clicked on

2022-05-11 09:37:02 - [TEST_STEP][PASSED] - click(findTestObject("2-OBJECTS TAREAS SECUNDARIAS/Pruebas Hoja de Vida/Nueva_Categoria/a_Eliminar")): Object: 'Object Repository/2-OBJECTS TAREAS SECUNDARIAS/Pruebas Hoja de Vida/Nueva_Categoria/a_Eliminar' is clicked on

2022-05-11 09:37:03 - [MESSAGE][PASSED] - Object: 'Object Repository/2-OBJECTS TAREAS SECUNDARIAS/Pruebas Hoja de Vida/Nueva_Categoria/a_Eliminar' is clicked on

2022-05-11 09:37:03 - [TEST_STEP][PASSED] - click(findTestObject("2-OBJECTS TAREAS SECUNDARIAS/Pruebas Hoja de Vida/Nueva_Categoria/a_Aceptar")): Object: 'Object Repository/2-OBJECTS TAREAS SECUNDARIAS/Pruebas Hoja de Vida/Nueva_Categoria/a_Aceptar' is clicked on

2022-05-11 09:37:03 - [MESSAGE][PASSED] - Object: 'Object Repository/2-OBJECTS TAREAS SECUNDARIAS/Pruebas Hoja de Vida/Nueva_Categoria/a_Aceptar' is clicked on

2022-05-11 09:37:03 - [TEST_STEP][PASSED] - click(findTestObject("2-OBJECTS TAREAS SECUNDARIAS/Pruebas Hoja de Vida/Nueva_Categoria/a_Nuevo")): Object: 'Object Repository/2-OBJECTS TAREAS SECUNDARIAS/Pruebas Hoja de Vida/Nueva_Categoria/a_Nuevo' is clicked on

2022-05-11 09:37:04 - [MESSAGE][PASSED] - Object: 'Object Repository/2-OBJECTS TAREAS SECUNDARIAS/Pruebas Hoja de Vida/Nueva_Categoria/a_Nuevo' is clicked on

2022-05-11 09:37:04 - [TEST_STEP][PASSED] - setText(findTestObject("2-OBJECTS TAREAS SECUNDARIAS/Pruebas Hoja de Vida/Nueva_Categoria/input_Descripcin_form_categoriaSecciondescripcion"), "prueba"): Text 'prueba' is set on object 'Object Repository/2-OBJECTS TAREAS SECUNDARIAS/Pruebas Hoja de Vida/Nueva_Categoria/input_Descripcin_form_categoriaSecciondescripcion'

2022-05-11 09:37:05 - [MESSAGE][PASSED] - Text 'prueba' is set on object 'Object Repository/2-OBJECTS TAREAS SECUNDARIAS/Pruebas Hoja de Vida/Nueva_Categoria/input_Descripcin_form_categoriaSecciondescripcion'

2022-05-11 09:37:05 - [TEST_STEP][PASSED] - setText(findTestObject("2-OBJECTS TAREAS SECUNDARIAS/Pruebas Hoja de Vida/Nueva_Categoria/input_Orden_form_categoriaSeccionorden"), "5"): Text '5' is set on object 'Object Repository/2-OBJECTS TAREAS SECUNDARIAS/Pruebas Hoja de Vida/Nueva_Categoria/input_Orden_form_categoriaSeccionorden'

2022-05-11 09:37:06 - [MESSAGE][PASSED] - Text '5' is set on object 'Object Repository/2-OBJECTS TAREAS SECUNDARIAS/Pruebas Hoja de Vida/Nueva_Categoria/input_Orden_form_categoriaSeccionorden'

2022-05-11 09:37:06 - [TEST_STEP][PASSED] - click(findTestObject("2-OBJECTS TAREAS SECUNDARIAS/Pruebas Hoja de Vida/Nueva_Categoria/a_Guardar")): Object: 'Object Repository/2-OBJECTS TAREAS SECUNDARIAS/Pruebas Hoja de Vida/Nueva_Categoria/a_Guardar' is clicked on

2022-05-11 09:37:06 - [MESSAGE][PASSED] - Object: 'Object Repository/2-OBJECTS TAREAS SECUNDARIAS/Pruebas Hoja de Vida/Nueva_Categoria/a_Guardar' is clicked on

2022-05-11 09:37:06 - [TEST_STEP][PASSED] - Result = getText(findTestObject("3-OBJECTS UTILIDADES/Alerta/Alerta")): Text of object 'Object Repository/3-OBJECTS UTILIDADES/Alerta/Alerta' is: 'Se adiciono el registro correctamente'

2022-05-11 09:37:07 - [MESSAGE][PASSED] - Text of object 'Object Repository/3-OBJECTS UTILIDADES/Alerta/Alerta' is: 'Se adiciono el registro correctamente'

2022-05-11 09:37:07 - [TEST_STEP][PASSED] - if (Result == "Se adiciono el registro correctamente"): Browser is closed

2022-05-11 09:37:07 - [TEST_STEP][PASSED] - Resultado = "PRUEBA OK": null

2022-05-11 09:37:07 - [TEST_STEP][PASSED] - closeBrowser(): Browser is closed

2022-05-11 09:37:08 - [MESSAGE][PASSED] - Browser is closed]]></system-out>
         <system-err><![CDATA[]]></system-err>
      </testcase>
      <testcase name="Test Cases/1.2-Tareas_Secundarias/2.1-Pruebas_Hoja_de_Vida/2.1.1-Nueva_Seccion" time="24.736" classname="Test Cases/1.2-Tareas_Secundarias/2.1-Pruebas_Hoja_de_Vida/2.1.1-Nueva_Seccion" status="PASSED">
         <system-out><![CDATA[2022-05-11 09:37:08 - [TEST_CASE][PASSED] - Test Cases/1.2-Tareas_Secundarias/2.1-Pruebas_Hoja_de_Vida/2.1.1-Nueva_Seccion: Test Cases/1.2-Tareas_Secundarias/2.1-Pruebas_Hoja_de_Vida/2.1.1-Nueva_Seccion

2022-05-11 09:37:08 - [TEST_STEP][PASSED] - callTestCase(findTestCase("0.1-Login"), [:], STOP_ON_FAILURE): Call Test Case 'Test Cases/0.1-Login' successfully

2022-05-11 09:37:08 - [TEST_CASE][PASSED] - Test Cases/0.1-Login: Test Cases/0.1-Login

2022-05-11 09:37:08 - [TEST_STEP][PASSED] - openBrowser(""): Browser is opened with url: ''

2022-05-11 09:37:08 - [MESSAGE][INFO] - Starting 'Chrome' driver

2022-05-11 09:37:08 - [MESSAGE][INFO] - Action delay is set to 0 milliseconds

2022-05-11 09:37:10 - [MESSAGE][PASSED] - Browser is opened with url: ''

2022-05-11 09:37:10 - [TEST_STEP][PASSED] - maximizeWindow(): Current window maximized

2022-05-11 09:37:10 - [MESSAGE][PASSED] - Current window maximized

2022-05-11 09:37:10 - [TEST_STEP][PASSED] - i = G_Login: null

2022-05-11 09:37:10 - [TEST_STEP][PASSED] - url = new java.net.URL(i): null

2022-05-11 09:37:10 - [TEST_STEP][PASSED] - println("URL: " + url.toString()): null

2022-05-11 09:37:10 - [TEST_STEP][PASSED] - connection = url.openConnection(): null

2022-05-11 09:37:10 - [TEST_STEP][PASSED] - connection.setRequestMethod("GET"): null

2022-05-11 09:37:10 - [TEST_STEP][PASSED] - connection.setReadTimeout(2 * 1000): null

2022-05-11 09:37:10 - [TEST_STEP][PASSED] - try: null

2022-05-11 09:37:10 - [TEST_STEP][PASSED] - connection.connect(): null

2022-05-11 09:37:10 - [TEST_STEP][PASSED] - flag = connected: null

2022-05-11 09:37:10 - [TEST_STEP][PASSED] - println("Valor_ori: " + flag): null

2022-05-11 09:37:10 - [TEST_STEP][PASSED] - if (flag): null

2022-05-11 09:37:10 - [TEST_STEP][PASSED] - navigateToUrl(i): Navigate to 'http://192.168.2.19:8380/saraweb' successfully

2022-05-11 09:37:10 - [MESSAGE][PASSED] - Navigate to 'http://192.168.2.19:8380/saraweb' successfully

2022-05-11 09:37:10 - [TEST_STEP][PASSED] - a(): null

2022-05-11 09:37:10 - [TEST_STEP][PASSED] - setText(findTestObject("3-OBJECTS UTILIDADES/Login/input_USUARIO_loginusuario"), G_Usuario): Text 'saraadmin' is set on object 'Object Repository/3-OBJECTS UTILIDADES/Login/input_USUARIO_loginusuario'

2022-05-11 09:37:11 - [MESSAGE][PASSED] - Text 'saraadmin' is set on object 'Object Repository/3-OBJECTS UTILIDADES/Login/input_USUARIO_loginusuario'

2022-05-11 09:37:11 - [TEST_STEP][PASSED] - setEncryptedText(findTestObject("3-OBJECTS UTILIDADES/Login/input_CLAVE_loginpassword"), "MkG4/TYiCFC3cb2driP7+Q=="): Text ****** has been set on object 'Object Repository/3-OBJECTS UTILIDADES/Login/input_CLAVE_loginpassword'

2022-05-11 09:37:11 - [MESSAGE][PASSED] - Text ****** has been set on object 'Object Repository/3-OBJECTS UTILIDADES/Login/input_CLAVE_loginpassword'

2022-05-11 09:37:11 - [TEST_STEP][PASSED] - waitForElementClickable(findTestObject("3-OBJECTS UTILIDADES/Login/a_Ingresar"), G_TimeOut): Object 'Object Repository/3-OBJECTS UTILIDADES/Login/a_Ingresar' is clickable

2022-05-11 09:37:12 - [MESSAGE][PASSED] - Object 'Object Repository/3-OBJECTS UTILIDADES/Login/a_Ingresar' is clickable

2022-05-11 09:37:12 - [TEST_STEP][PASSED] - click(findTestObject("3-OBJECTS UTILIDADES/Login/a_Ingresar")): Object: 'Object Repository/3-OBJECTS UTILIDADES/Login/a_Ingresar' is clicked on

2022-05-11 09:37:13 - [MESSAGE][PASSED] - Object: 'Object Repository/3-OBJECTS UTILIDADES/Login/a_Ingresar' is clicked on

2022-05-11 09:37:13 - [TEST_STEP][PASSED] - element = findWebElement(findTestObject("3-OBJECTS UTILIDADES/Login/a_Ir"), 30): null

2022-05-11 09:37:14 - [TEST_STEP][PASSED] - executeJavaScript("arguments[0].click()", Arrays.asList(element)): Execute JavaScript 'arguments[0].click()' successfully

2022-05-11 09:37:14 - [MESSAGE][PASSED] - Execute JavaScript 'arguments[0].click()' successfully

2022-05-11 09:37:14 - [MESSAGE][PASSED] - Call Test Case 'Test Cases/0.1-Login' successfully

2022-05-11 09:37:14 - [TEST_STEP][PASSED] - click(findTestObject("2-OBJECTS TAREAS SECUNDARIAS/Pruebas Hoja de Vida/Nueva_sección/input_Secciones_form_templatej_idt286j_idt29")): Object: 'Object Repository/2-OBJECTS TAREAS SECUNDARIAS/Pruebas Hoja de Vida/Nueva_sección/input_Secciones_form_templatej_idt286j_idt29' is clicked on

2022-05-11 09:37:15 - [MESSAGE][PASSED] - Object: 'Object Repository/2-OBJECTS TAREAS SECUNDARIAS/Pruebas Hoja de Vida/Nueva_sección/input_Secciones_form_templatej_idt286j_idt29' is clicked on

2022-05-11 09:37:15 - [TEST_STEP][PASSED] - click(findTestObject("2-OBJECTS TAREAS SECUNDARIAS/Pruebas Hoja de Vida/Nueva_sección/a_ADMINISTRADOR DEL SISTEMA - SARA_cerrar_menu")): Object: 'Object Repository/2-OBJECTS TAREAS SECUNDARIAS/Pruebas Hoja de Vida/Nueva_sección/a_ADMINISTRADOR DEL SISTEMA - SARA_cerrar_menu' is clicked on

2022-05-11 09:37:15 - [MESSAGE][PASSED] - Object: 'Object Repository/2-OBJECTS TAREAS SECUNDARIAS/Pruebas Hoja de Vida/Nueva_sección/a_ADMINISTRADOR DEL SISTEMA - SARA_cerrar_menu' is clicked on

2022-05-11 09:37:15 - [TEST_STEP][PASSED] - click(findTestObject("2-OBJECTS TAREAS SECUNDARIAS/Pruebas Hoja de Vida/Nueva_sección/label_Parametros de Formularios")): Object: 'Object Repository/2-OBJECTS TAREAS SECUNDARIAS/Pruebas Hoja de Vida/Nueva_sección/label_Parametros de Formularios' is clicked on

2022-05-11 09:37:16 - [MESSAGE][PASSED] - Object: 'Object Repository/2-OBJECTS TAREAS SECUNDARIAS/Pruebas Hoja de Vida/Nueva_sección/label_Parametros de Formularios' is clicked on

2022-05-11 09:37:16 - [TEST_STEP][PASSED] - click(findTestObject("2-OBJECTS TAREAS SECUNDARIAS/Pruebas Hoja de Vida/Nueva_sección/a_Seccion")): Object: 'Object Repository/2-OBJECTS TAREAS SECUNDARIAS/Pruebas Hoja de Vida/Nueva_sección/a_Seccion' is clicked on

2022-05-11 09:37:16 - [MESSAGE][PASSED] - Object: 'Object Repository/2-OBJECTS TAREAS SECUNDARIAS/Pruebas Hoja de Vida/Nueva_sección/a_Seccion' is clicked on

2022-05-11 09:37:16 - [TEST_STEP][PASSED] - waitForElementClickable(findTestObject("2-OBJECTS TAREAS SECUNDARIAS/Pruebas Hoja de Vida/Nueva_sección/input_Nueva Hoja Vida_seccion_formj_idt60"), 0): Object 'Object Repository/2-OBJECTS TAREAS SECUNDARIAS/Pruebas Hoja de Vida/Nueva_sección/input_Nueva Hoja Vida_seccion_formj_idt60' is clickable

2022-05-11 09:37:16 - [MESSAGE][WARNING] - Timeout '0' is invalid. Using default page load timeout: '40'

2022-05-11 09:37:17 - [MESSAGE][PASSED] - Object 'Object Repository/2-OBJECTS TAREAS SECUNDARIAS/Pruebas Hoja de Vida/Nueva_sección/input_Nueva Hoja Vida_seccion_formj_idt60' is clickable

2022-05-11 09:37:17 - [TEST_STEP][PASSED] - click(findTestObject("2-OBJECTS TAREAS SECUNDARIAS/Pruebas Hoja de Vida/Nueva_sección/input_Nueva Hoja Vida_seccion_formj_idt60")): Object: 'Object Repository/2-OBJECTS TAREAS SECUNDARIAS/Pruebas Hoja de Vida/Nueva_sección/input_Nueva Hoja Vida_seccion_formj_idt60' is clicked on

2022-05-11 09:37:17 - [MESSAGE][PASSED] - Object: 'Object Repository/2-OBJECTS TAREAS SECUNDARIAS/Pruebas Hoja de Vida/Nueva_sección/input_Nueva Hoja Vida_seccion_formj_idt60' is clicked on

2022-05-11 09:37:17 - [TEST_STEP][PASSED] - setText(findTestObject("2-OBJECTS TAREAS SECUNDARIAS/Pruebas Hoja de Vida/Nueva_sección/input_Nueva Hoja Vida_seccion_formj_idt60"), "prueba"): Text 'prueba' is set on object 'Object Repository/2-OBJECTS TAREAS SECUNDARIAS/Pruebas Hoja de Vida/Nueva_sección/input_Nueva Hoja Vida_seccion_formj_idt60'

2022-05-11 09:37:18 - [MESSAGE][PASSED] - Text 'prueba' is set on object 'Object Repository/2-OBJECTS TAREAS SECUNDARIAS/Pruebas Hoja de Vida/Nueva_sección/input_Nueva Hoja Vida_seccion_formj_idt60'

2022-05-11 09:37:18 - [TEST_STEP][PASSED] - sendKeys(findTestObject("2-OBJECTS TAREAS SECUNDARIAS/Pruebas Hoja de Vida/Nueva_sección/input_Nueva Hoja Vida_seccion_formj_idt60"), Keys.chord(ENTER)): Keys 'ENTER + ' sent to object: 'Object Repository/2-OBJECTS TAREAS SECUNDARIAS/Pruebas Hoja de Vida/Nueva_sección/input_Nueva Hoja Vida_seccion_formj_idt60'

2022-05-11 09:37:19 - [MESSAGE][PASSED] - Keys 'ENTER + ' sent to object: 'Object Repository/2-OBJECTS TAREAS SECUNDARIAS/Pruebas Hoja de Vida/Nueva_sección/input_Nueva Hoja Vida_seccion_formj_idt60'

2022-05-11 09:37:19 - [TEST_STEP][PASSED] - if (waitForElementClickable(findTestObject("2-OBJECTS TAREAS SECUNDARIAS/Pruebas Hoja de Vida/Nueva_sección/span_Prueba"), 1)): null

2022-05-11 09:37:19 - [MESSAGE][PASSED] - Object 'Object Repository/2-OBJECTS TAREAS SECUNDARIAS/Pruebas Hoja de Vida/Nueva_sección/span_Prueba' is clickable

2022-05-11 09:37:19 - [TEST_STEP][PASSED] - click(findTestObject("2-OBJECTS TAREAS SECUNDARIAS/Pruebas Hoja de Vida/Nueva_sección/span_Prueba")): Object: 'Object Repository/2-OBJECTS TAREAS SECUNDARIAS/Pruebas Hoja de Vida/Nueva_sección/span_Prueba' is clicked on

2022-05-11 09:37:20 - [MESSAGE][PASSED] - Object: 'Object Repository/2-OBJECTS TAREAS SECUNDARIAS/Pruebas Hoja de Vida/Nueva_sección/span_Prueba' is clicked on

2022-05-11 09:37:20 - [TEST_STEP][PASSED] - click(findTestObject("2-OBJECTS TAREAS SECUNDARIAS/Pruebas Hoja de Vida/Nueva_sección/a_Eliminar")): Object: 'Object Repository/2-OBJECTS TAREAS SECUNDARIAS/Pruebas Hoja de Vida/Nueva_sección/a_Eliminar' is clicked on

2022-05-11 09:37:20 - [MESSAGE][PASSED] - Object: 'Object Repository/2-OBJECTS TAREAS SECUNDARIAS/Pruebas Hoja de Vida/Nueva_sección/a_Eliminar' is clicked on

2022-05-11 09:37:20 - [TEST_STEP][PASSED] - click(findTestObject("2-OBJECTS TAREAS SECUNDARIAS/Pruebas Hoja de Vida/Nueva_sección/a_Nuevo")): Object: 'Object Repository/2-OBJECTS TAREAS SECUNDARIAS/Pruebas Hoja de Vida/Nueva_sección/a_Nuevo' is clicked on

2022-05-11 09:37:21 - [MESSAGE][PASSED] - Object: 'Object Repository/2-OBJECTS TAREAS SECUNDARIAS/Pruebas Hoja de Vida/Nueva_sección/a_Nuevo' is clicked on

2022-05-11 09:37:21 - [TEST_STEP][PASSED] - setText(findTestObject("2-OBJECTS TAREAS SECUNDARIAS/Pruebas Hoja de Vida/Nueva_sección/input_Descripcin_seccion_formtabdescripcion"), "Prueba"): Text 'Prueba' is set on object 'Object Repository/2-OBJECTS TAREAS SECUNDARIAS/Pruebas Hoja de Vida/Nueva_sección/input_Descripcin_seccion_formtabdescripcion'

2022-05-11 09:37:22 - [MESSAGE][PASSED] - Text 'Prueba' is set on object 'Object Repository/2-OBJECTS TAREAS SECUNDARIAS/Pruebas Hoja de Vida/Nueva_sección/input_Descripcin_seccion_formtabdescripcion'

2022-05-11 09:37:22 - [TEST_STEP][PASSED] - setText(findTestObject("2-OBJECTS TAREAS SECUNDARIAS/Pruebas Hoja de Vida/Nueva_sección/input_Orden_seccion_formtaborden"), "12345"): Text '12345' is set on object 'Object Repository/2-OBJECTS TAREAS SECUNDARIAS/Pruebas Hoja de Vida/Nueva_sección/input_Orden_seccion_formtaborden'

2022-05-11 09:37:23 - [MESSAGE][PASSED] - Text '12345' is set on object 'Object Repository/2-OBJECTS TAREAS SECUNDARIAS/Pruebas Hoja de Vida/Nueva_sección/input_Orden_seccion_formtaborden'

2022-05-11 09:37:23 - [TEST_STEP][PASSED] - selectOptionByIndex(findTestObject("2-OBJECTS TAREAS SECUNDARIAS/Pruebas Hoja de Vida/Nueva_sección/select_SeleccioneBienes"), "2"): All options with index in [2] are selected on object 'Object Repository/2-OBJECTS TAREAS SECUNDARIAS/Pruebas Hoja de Vida/Nueva_sección/select_SeleccioneBienes'

2022-05-11 09:37:24 - [MESSAGE][PASSED] - All options with index in [2] are selected on object 'Object Repository/2-OBJECTS TAREAS SECUNDARIAS/Pruebas Hoja de Vida/Nueva_sección/select_SeleccioneBienes'

2022-05-11 09:37:24 - [TEST_STEP][PASSED] - selectOptionByIndex(findTestObject("2-OBJECTS TAREAS SECUNDARIAS/Pruebas Hoja de Vida/Nueva_sección/select_SeleccioneAreas de experiencia"), "5"): All options with index in [5] are selected on object 'Object Repository/2-OBJECTS TAREAS SECUNDARIAS/Pruebas Hoja de Vida/Nueva_sección/select_SeleccioneAreas de experiencia'

2022-05-11 09:37:25 - [MESSAGE][PASSED] - All options with index in [5] are selected on object 'Object Repository/2-OBJECTS TAREAS SECUNDARIAS/Pruebas Hoja de Vida/Nueva_sección/select_SeleccioneAreas de experiencia'

2022-05-11 09:37:25 - [TEST_STEP][PASSED] - setText(findTestObject("2-OBJECTS TAREAS SECUNDARIAS/Pruebas Hoja de Vida/Nueva_sección/textarea_Mensaje_seccion_formtabmensaje"), "PRUEBA"): Text 'PRUEBA' is set on object 'Object Repository/2-OBJECTS TAREAS SECUNDARIAS/Pruebas Hoja de Vida/Nueva_sección/textarea_Mensaje_seccion_formtabmensaje'

2022-05-11 09:37:26 - [MESSAGE][PASSED] - Text 'PRUEBA' is set on object 'Object Repository/2-OBJECTS TAREAS SECUNDARIAS/Pruebas Hoja de Vida/Nueva_sección/textarea_Mensaje_seccion_formtabmensaje'

2022-05-11 09:37:26 - [TEST_STEP][PASSED] - setText(findTestObject("2-OBJECTS TAREAS SECUNDARIAS/Pruebas Hoja de Vida/Nueva_sección/textarea_Mensaje Final_seccion_formtabmensaje_final"), "PRUEBA"): Text 'PRUEBA' is set on object 'Object Repository/2-OBJECTS TAREAS SECUNDARIAS/Pruebas Hoja de Vida/Nueva_sección/textarea_Mensaje Final_seccion_formtabmensaje_final'

2022-05-11 09:37:27 - [MESSAGE][PASSED] - Text 'PRUEBA' is set on object 'Object Repository/2-OBJECTS TAREAS SECUNDARIAS/Pruebas Hoja de Vida/Nueva_sección/textarea_Mensaje Final_seccion_formtabmensaje_final'

2022-05-11 09:37:27 - [TEST_STEP][PASSED] - setText(findTestObject("2-OBJECTS TAREAS SECUNDARIAS/Pruebas Hoja de Vida/Nueva_sección/textarea_Texto Confirmar_seccion_formtabmensaje_aceptacion"), "PRUEBA"): Text 'PRUEBA' is set on object 'Object Repository/2-OBJECTS TAREAS SECUNDARIAS/Pruebas Hoja de Vida/Nueva_sección/textarea_Texto Confirmar_seccion_formtabmensaje_aceptacion'

2022-05-11 09:37:28 - [MESSAGE][PASSED] - Text 'PRUEBA' is set on object 'Object Repository/2-OBJECTS TAREAS SECUNDARIAS/Pruebas Hoja de Vida/Nueva_sección/textarea_Texto Confirmar_seccion_formtabmensaje_aceptacion'

2022-05-11 09:37:28 - [TEST_STEP][PASSED] - selectOptionByIndex(findTestObject("2-OBJECTS TAREAS SECUNDARIAS/Pruebas Hoja de Vida/Nueva_sección/select_SeleccioneMultiplex AnexosNo solicitarnico anexo"), "2"): All options with index in [2] are selected on object 'Object Repository/2-OBJECTS TAREAS SECUNDARIAS/Pruebas Hoja de Vida/Nueva_sección/select_SeleccioneMultiplex AnexosNo solicitarnico anexo'

2022-05-11 09:37:29 - [MESSAGE][PASSED] - All options with index in [2] are selected on object 'Object Repository/2-OBJECTS TAREAS SECUNDARIAS/Pruebas Hoja de Vida/Nueva_sección/select_SeleccioneMultiplex AnexosNo solicitarnico anexo'

2022-05-11 09:37:29 - [TEST_STEP][PASSED] - selectOptionByIndex(findTestObject("2-OBJECTS TAREAS SECUNDARIAS/Pruebas Hoja de Vida/Nueva_sección/select_SeleccioneSiNo"), "1"): All options with index in [1] are selected on object 'Object Repository/2-OBJECTS TAREAS SECUNDARIAS/Pruebas Hoja de Vida/Nueva_sección/select_SeleccioneSiNo'

2022-05-11 09:37:30 - [MESSAGE][PASSED] - All options with index in [1] are selected on object 'Object Repository/2-OBJECTS TAREAS SECUNDARIAS/Pruebas Hoja de Vida/Nueva_sección/select_SeleccioneSiNo'

2022-05-11 09:37:30 - [TEST_STEP][PASSED] - setText(findTestObject("2-OBJECTS TAREAS SECUNDARIAS/Pruebas Hoja de Vida/Nueva_sección/input_Externo_seccion_formtabexterno"), "PRUEBA"): Text 'PRUEBA' is set on object 'Object Repository/2-OBJECTS TAREAS SECUNDARIAS/Pruebas Hoja de Vida/Nueva_sección/input_Externo_seccion_formtabexterno'

2022-05-11 09:37:30 - [MESSAGE][PASSED] - Text 'PRUEBA' is set on object 'Object Repository/2-OBJECTS TAREAS SECUNDARIAS/Pruebas Hoja de Vida/Nueva_sección/input_Externo_seccion_formtabexterno'

2022-05-11 09:37:30 - [TEST_STEP][PASSED] - click(findTestObject("2-OBJECTS TAREAS SECUNDARIAS/Pruebas Hoja de Vida/Nueva_sección/a_Guardar")): Object: 'Object Repository/2-OBJECTS TAREAS SECUNDARIAS/Pruebas Hoja de Vida/Nueva_sección/a_Guardar' is clicked on

2022-05-11 09:37:31 - [MESSAGE][PASSED] - Object: 'Object Repository/2-OBJECTS TAREAS SECUNDARIAS/Pruebas Hoja de Vida/Nueva_sección/a_Guardar' is clicked on

2022-05-11 09:37:31 - [TEST_STEP][PASSED] - Result = getText(findTestObject("3-OBJECTS UTILIDADES/Alerta/Alerta")): Text of object 'Object Repository/3-OBJECTS UTILIDADES/Alerta/Alerta' is: 'Se adiciono el registro correctamente'

2022-05-11 09:37:32 - [MESSAGE][PASSED] - Text of object 'Object Repository/3-OBJECTS UTILIDADES/Alerta/Alerta' is: 'Se adiciono el registro correctamente'

2022-05-11 09:37:32 - [TEST_STEP][PASSED] - if (Result == "Se adiciono el registro correctamente"): Browser is closed

2022-05-11 09:37:32 - [TEST_STEP][PASSED] - Resultado = "Prueba ok": null

2022-05-11 09:37:32 - [TEST_STEP][PASSED] - closeBrowser(): Browser is closed

2022-05-11 09:37:32 - [MESSAGE][PASSED] - Browser is closed

2022-05-11 09:37:32 - [TEST_STEP][PASSED] - closeBrowser(): Browser is closed

2022-05-11 09:37:32 - [MESSAGE][PASSED] - Browser is closed]]></system-out>
         <system-err><![CDATA[]]></system-err>
      </testcase>
      <testcase name="Test Cases/1.2-Tareas_Secundarias/2.1-Pruebas_Hoja_de_Vida/2.1.2-Nuevo_Formulario_Hoja_de_vida" time="16.746" classname="Test Cases/1.2-Tareas_Secundarias/2.1-Pruebas_Hoja_de_Vida/2.1.2-Nuevo_Formulario_Hoja_de_vida" status="PASSED">
         <system-out><![CDATA[2022-05-11 09:37:32 - [TEST_CASE][PASSED] - Test Cases/1.2-Tareas_Secundarias/2.1-Pruebas_Hoja_de_Vida/2.1.2-Nuevo_Formulario_Hoja_de_vida: Test Cases/1.2-Tareas_Secundarias/2.1-Pruebas_Hoja_de_Vida/2.1.2-Nuevo_Formulario_Hoja_de_vida

2022-05-11 09:37:33 - [TEST_STEP][PASSED] - callTestCase(findTestCase("0.1-Login"), [:], STOP_ON_FAILURE): Call Test Case 'Test Cases/0.1-Login' successfully

2022-05-11 09:37:33 - [TEST_CASE][PASSED] - Test Cases/0.1-Login: Test Cases/0.1-Login

2022-05-11 09:37:33 - [TEST_STEP][PASSED] - openBrowser(""): Browser is opened with url: ''

2022-05-11 09:37:33 - [MESSAGE][INFO] - Starting 'Chrome' driver

2022-05-11 09:37:33 - [MESSAGE][INFO] - Action delay is set to 0 milliseconds

2022-05-11 09:37:34 - [MESSAGE][PASSED] - Browser is opened with url: ''

2022-05-11 09:37:34 - [TEST_STEP][PASSED] - maximizeWindow(): Current window maximized

2022-05-11 09:37:34 - [MESSAGE][PASSED] - Current window maximized

2022-05-11 09:37:34 - [TEST_STEP][PASSED] - i = G_Login: null

2022-05-11 09:37:34 - [TEST_STEP][PASSED] - url = new java.net.URL(i): null

2022-05-11 09:37:34 - [TEST_STEP][PASSED] - println("URL: " + url.toString()): null

2022-05-11 09:37:34 - [TEST_STEP][PASSED] - connection = url.openConnection(): null

2022-05-11 09:37:34 - [TEST_STEP][PASSED] - connection.setRequestMethod("GET"): null

2022-05-11 09:37:34 - [TEST_STEP][PASSED] - connection.setReadTimeout(2 * 1000): null

2022-05-11 09:37:34 - [TEST_STEP][PASSED] - try: null

2022-05-11 09:37:34 - [TEST_STEP][PASSED] - connection.connect(): null

2022-05-11 09:37:34 - [TEST_STEP][PASSED] - flag = connected: null

2022-05-11 09:37:34 - [TEST_STEP][PASSED] - println("Valor_ori: " + flag): null

2022-05-11 09:37:34 - [TEST_STEP][PASSED] - if (flag): null

2022-05-11 09:37:34 - [TEST_STEP][PASSED] - navigateToUrl(i): Navigate to 'http://192.168.2.19:8380/saraweb' successfully

2022-05-11 09:37:35 - [MESSAGE][PASSED] - Navigate to 'http://192.168.2.19:8380/saraweb' successfully

2022-05-11 09:37:35 - [TEST_STEP][PASSED] - a(): null

2022-05-11 09:37:35 - [TEST_STEP][PASSED] - setText(findTestObject("3-OBJECTS UTILIDADES/Login/input_USUARIO_loginusuario"), G_Usuario): Text 'saraadmin' is set on object 'Object Repository/3-OBJECTS UTILIDADES/Login/input_USUARIO_loginusuario'

2022-05-11 09:37:36 - [MESSAGE][PASSED] - Text 'saraadmin' is set on object 'Object Repository/3-OBJECTS UTILIDADES/Login/input_USUARIO_loginusuario'

2022-05-11 09:37:36 - [TEST_STEP][PASSED] - setEncryptedText(findTestObject("3-OBJECTS UTILIDADES/Login/input_CLAVE_loginpassword"), "MkG4/TYiCFC3cb2driP7+Q=="): Text ****** has been set on object 'Object Repository/3-OBJECTS UTILIDADES/Login/input_CLAVE_loginpassword'

2022-05-11 09:37:36 - [MESSAGE][PASSED] - Text ****** has been set on object 'Object Repository/3-OBJECTS UTILIDADES/Login/input_CLAVE_loginpassword'

2022-05-11 09:37:36 - [TEST_STEP][PASSED] - waitForElementClickable(findTestObject("3-OBJECTS UTILIDADES/Login/a_Ingresar"), G_TimeOut): Object 'Object Repository/3-OBJECTS UTILIDADES/Login/a_Ingresar' is clickable

2022-05-11 09:37:37 - [MESSAGE][PASSED] - Object 'Object Repository/3-OBJECTS UTILIDADES/Login/a_Ingresar' is clickable

2022-05-11 09:37:37 - [TEST_STEP][PASSED] - click(findTestObject("3-OBJECTS UTILIDADES/Login/a_Ingresar")): Object: 'Object Repository/3-OBJECTS UTILIDADES/Login/a_Ingresar' is clicked on

2022-05-11 09:37:38 - [MESSAGE][PASSED] - Object: 'Object Repository/3-OBJECTS UTILIDADES/Login/a_Ingresar' is clicked on

2022-05-11 09:37:38 - [TEST_STEP][PASSED] - element = findWebElement(findTestObject("3-OBJECTS UTILIDADES/Login/a_Ir"), 30): null

2022-05-11 09:37:38 - [TEST_STEP][PASSED] - executeJavaScript("arguments[0].click()", Arrays.asList(element)): Execute JavaScript 'arguments[0].click()' successfully

2022-05-11 09:37:38 - [MESSAGE][PASSED] - Execute JavaScript 'arguments[0].click()' successfully

2022-05-11 09:37:38 - [MESSAGE][PASSED] - Call Test Case 'Test Cases/0.1-Login' successfully

2022-05-11 09:37:38 - [TEST_STEP][PASSED] - click(findTestObject("2-OBJECTS TAREAS SECUNDARIAS/Pruebas Hoja de Vida/Nuevo_Formulario_Hoja_de_vida1/input_Secciones_form_templatej_idt286j_idt29")): Object: 'Object Repository/2-OBJECTS TAREAS SECUNDARIAS/Pruebas Hoja de Vida/Nuevo_Formulario_Hoja_de_vida1/input_Secciones_form_templatej_idt286j_idt29' is clicked on

2022-05-11 09:37:39 - [MESSAGE][PASSED] - Object: 'Object Repository/2-OBJECTS TAREAS SECUNDARIAS/Pruebas Hoja de Vida/Nuevo_Formulario_Hoja_de_vida1/input_Secciones_form_templatej_idt286j_idt29' is clicked on

2022-05-11 09:37:39 - [TEST_STEP][PASSED] - click(findTestObject("2-OBJECTS TAREAS SECUNDARIAS/Pruebas Hoja de Vida/Nuevo_Formulario_Hoja_de_vida1/a_ADMINISTRADOR DEL SISTEMA - SARA_cerrar_menu")): Object: 'Object Repository/2-OBJECTS TAREAS SECUNDARIAS/Pruebas Hoja de Vida/Nuevo_Formulario_Hoja_de_vida1/a_ADMINISTRADOR DEL SISTEMA - SARA_cerrar_menu' is clicked on

2022-05-11 09:37:40 - [MESSAGE][PASSED] - Object: 'Object Repository/2-OBJECTS TAREAS SECUNDARIAS/Pruebas Hoja de Vida/Nuevo_Formulario_Hoja_de_vida1/a_ADMINISTRADOR DEL SISTEMA - SARA_cerrar_menu' is clicked on

2022-05-11 09:37:40 - [TEST_STEP][PASSED] - click(findTestObject("2-OBJECTS TAREAS SECUNDARIAS/Pruebas Hoja de Vida/Nuevo_Formulario_Hoja_de_vida1/label_Parametros de Formularios")): Object: 'Object Repository/2-OBJECTS TAREAS SECUNDARIAS/Pruebas Hoja de Vida/Nuevo_Formulario_Hoja_de_vida1/label_Parametros de Formularios' is clicked on

2022-05-11 09:37:40 - [MESSAGE][PASSED] - Object: 'Object Repository/2-OBJECTS TAREAS SECUNDARIAS/Pruebas Hoja de Vida/Nuevo_Formulario_Hoja_de_vida1/label_Parametros de Formularios' is clicked on

2022-05-11 09:37:40 - [TEST_STEP][PASSED] - click(findTestObject("2-OBJECTS TAREAS SECUNDARIAS/Pruebas Hoja de Vida/Nuevo_Formulario_Hoja_de_vida1/a_Formulario")): Object: 'Object Repository/2-OBJECTS TAREAS SECUNDARIAS/Pruebas Hoja de Vida/Nuevo_Formulario_Hoja_de_vida1/a_Formulario' is clicked on

2022-05-11 09:37:41 - [MESSAGE][PASSED] - Object: 'Object Repository/2-OBJECTS TAREAS SECUNDARIAS/Pruebas Hoja de Vida/Nuevo_Formulario_Hoja_de_vida1/a_Formulario' is clicked on

2022-05-11 09:37:41 - [TEST_STEP][PASSED] - setText(findTestObject("2-OBJECTS TAREAS SECUNDARIAS/Pruebas Hoja de Vida/Nuevo_Formulario_Hoja_de_vida1/input_Nueva Hoja Vida_form_formularioj_idt61"), "prueba"): Text 'prueba' is set on object 'Object Repository/2-OBJECTS TAREAS SECUNDARIAS/Pruebas Hoja de Vida/Nuevo_Formulario_Hoja_de_vida1/input_Nueva Hoja Vida_form_formularioj_idt61'

2022-05-11 09:37:42 - [MESSAGE][PASSED] - Text 'prueba' is set on object 'Object Repository/2-OBJECTS TAREAS SECUNDARIAS/Pruebas Hoja de Vida/Nuevo_Formulario_Hoja_de_vida1/input_Nueva Hoja Vida_form_formularioj_idt61'

2022-05-11 09:37:42 - [TEST_STEP][PASSED] - sendKeys(findTestObject("2-OBJECTS TAREAS SECUNDARIAS/Pruebas Hoja de Vida/Nuevo_Formulario_Hoja_de_vida1/input_Nueva Hoja Vida_form_formularioj_idt61"), Keys.chord(ENTER)): Keys 'ENTER + ' sent to object: 'Object Repository/2-OBJECTS TAREAS SECUNDARIAS/Pruebas Hoja de Vida/Nuevo_Formulario_Hoja_de_vida1/input_Nueva Hoja Vida_form_formularioj_idt61'

2022-05-11 09:37:42 - [MESSAGE][PASSED] - Keys 'ENTER + ' sent to object: 'Object Repository/2-OBJECTS TAREAS SECUNDARIAS/Pruebas Hoja de Vida/Nuevo_Formulario_Hoja_de_vida1/input_Nueva Hoja Vida_form_formularioj_idt61'

2022-05-11 09:37:42 - [TEST_STEP][PASSED] - if (waitForElementClickable(findTestObject("2-OBJECTS TAREAS SECUNDARIAS/Pruebas Hoja de Vida/Nuevo_Formulario_Hoja_de_vida1/span_Prueba"), 1)): null

2022-05-11 09:37:43 - [MESSAGE][PASSED] - Object 'Object Repository/2-OBJECTS TAREAS SECUNDARIAS/Pruebas Hoja de Vida/Nuevo_Formulario_Hoja_de_vida1/span_Prueba' is clickable

2022-05-11 09:37:43 - [TEST_STEP][PASSED] - click(findTestObject("2-OBJECTS TAREAS SECUNDARIAS/Pruebas Hoja de Vida/Nuevo_Formulario_Hoja_de_vida1/span_Prueba")): Object: 'Object Repository/2-OBJECTS TAREAS SECUNDARIAS/Pruebas Hoja de Vida/Nuevo_Formulario_Hoja_de_vida1/span_Prueba' is clicked on

2022-05-11 09:37:43 - [MESSAGE][PASSED] - Object: 'Object Repository/2-OBJECTS TAREAS SECUNDARIAS/Pruebas Hoja de Vida/Nuevo_Formulario_Hoja_de_vida1/span_Prueba' is clicked on

2022-05-11 09:37:43 - [TEST_STEP][PASSED] - click(findTestObject("2-OBJECTS TAREAS SECUNDARIAS/Pruebas Hoja de Vida/Nuevo_Formulario_Hoja_de_vida1/a_Eliminar")): Object: 'Object Repository/2-OBJECTS TAREAS SECUNDARIAS/Pruebas Hoja de Vida/Nuevo_Formulario_Hoja_de_vida1/a_Eliminar' is clicked on

2022-05-11 09:37:44 - [MESSAGE][PASSED] - Object: 'Object Repository/2-OBJECTS TAREAS SECUNDARIAS/Pruebas Hoja de Vida/Nuevo_Formulario_Hoja_de_vida1/a_Eliminar' is clicked on

2022-05-11 09:37:44 - [TEST_STEP][PASSED] - click(findTestObject("2-OBJECTS TAREAS SECUNDARIAS/Pruebas Hoja de Vida/Nuevo_Formulario_Hoja_de_vida1/a_Aceptar_Eliminar")): Object: 'Object Repository/2-OBJECTS TAREAS SECUNDARIAS/Pruebas Hoja de Vida/Nuevo_Formulario_Hoja_de_vida1/a_Aceptar_Eliminar' is clicked on

2022-05-11 09:37:45 - [MESSAGE][PASSED] - Object: 'Object Repository/2-OBJECTS TAREAS SECUNDARIAS/Pruebas Hoja de Vida/Nuevo_Formulario_Hoja_de_vida1/a_Aceptar_Eliminar' is clicked on

2022-05-11 09:37:45 - [TEST_STEP][PASSED] - click(findTestObject("2-OBJECTS TAREAS SECUNDARIAS/Pruebas Hoja de Vida/Nuevo_Formulario_Hoja_de_vida1/a_Nuevo")): Object: 'Object Repository/2-OBJECTS TAREAS SECUNDARIAS/Pruebas Hoja de Vida/Nuevo_Formulario_Hoja_de_vida1/a_Nuevo' is clicked on

2022-05-11 09:37:46 - [MESSAGE][PASSED] - Object: 'Object Repository/2-OBJECTS TAREAS SECUNDARIAS/Pruebas Hoja de Vida/Nuevo_Formulario_Hoja_de_vida1/a_Nuevo' is clicked on

2022-05-11 09:37:46 - [TEST_STEP][PASSED] - setText(findTestObject("2-OBJECTS TAREAS SECUNDARIAS/Pruebas Hoja de Vida/Nuevo_Formulario_Hoja_de_vida1/input_Nombre_form_formularionombre"), "prueba"): Text 'prueba' is set on object 'Object Repository/2-OBJECTS TAREAS SECUNDARIAS/Pruebas Hoja de Vida/Nuevo_Formulario_Hoja_de_vida1/input_Nombre_form_formularionombre'

2022-05-11 09:37:47 - [MESSAGE][PASSED] - Text 'prueba' is set on object 'Object Repository/2-OBJECTS TAREAS SECUNDARIAS/Pruebas Hoja de Vida/Nuevo_Formulario_Hoja_de_vida1/input_Nombre_form_formularionombre'

2022-05-11 09:37:47 - [TEST_STEP][PASSED] - setText(findTestObject("2-OBJECTS TAREAS SECUNDARIAS/Pruebas Hoja de Vida/Nuevo_Formulario_Hoja_de_vida1/input_Cdigo_form_formulariomodulo"), "123"): Text '123' is set on object 'Object Repository/2-OBJECTS TAREAS SECUNDARIAS/Pruebas Hoja de Vida/Nuevo_Formulario_Hoja_de_vida1/input_Cdigo_form_formulariomodulo'

2022-05-11 09:37:47 - [MESSAGE][PASSED] - Text '123' is set on object 'Object Repository/2-OBJECTS TAREAS SECUNDARIAS/Pruebas Hoja de Vida/Nuevo_Formulario_Hoja_de_vida1/input_Cdigo_form_formulariomodulo'

2022-05-11 09:37:47 - [TEST_STEP][PASSED] - click(findTestObject("2-OBJECTS TAREAS SECUNDARIAS/Pruebas Hoja de Vida/Nuevo_Formulario_Hoja_de_vida1/a_Guardar")): Object: 'Object Repository/2-OBJECTS TAREAS SECUNDARIAS/Pruebas Hoja de Vida/Nuevo_Formulario_Hoja_de_vida1/a_Guardar' is clicked on

2022-05-11 09:37:48 - [MESSAGE][PASSED] - Object: 'Object Repository/2-OBJECTS TAREAS SECUNDARIAS/Pruebas Hoja de Vida/Nuevo_Formulario_Hoja_de_vida1/a_Guardar' is clicked on

2022-05-11 09:37:48 - [TEST_STEP][PASSED] - Result = getText(findTestObject("3-OBJECTS UTILIDADES/Alerta/Alerta")): Text of object 'Object Repository/3-OBJECTS UTILIDADES/Alerta/Alerta' is: 'Se adiciono el registro correctamente'

2022-05-11 09:37:48 - [MESSAGE][PASSED] - Text of object 'Object Repository/3-OBJECTS UTILIDADES/Alerta/Alerta' is: 'Se adiciono el registro correctamente'

2022-05-11 09:37:48 - [TEST_STEP][PASSED] - if (Result == "Se adiciono el registro correctamente"): Browser is closed

2022-05-11 09:37:48 - [TEST_STEP][PASSED] - Resultado = "PRUEBA OK": null

2022-05-11 09:37:48 - [TEST_STEP][PASSED] - closeBrowser(): Browser is closed

2022-05-11 09:37:49 - [MESSAGE][PASSED] - Browser is closed

2022-05-11 09:37:49 - [TEST_STEP][PASSED] - closeBrowser(): Browser is closed

2022-05-11 09:37:49 - [MESSAGE][PASSED] - Browser is closed]]></system-out>
         <system-err><![CDATA[]]></system-err>
      </testcase>
      <testcase name="Test Cases/1.2-Tareas_Secundarias/2.1-Pruebas_Hoja_de_Vida/2.1.3-Crear_Nueva_Tipo_de_Hoja" time="20.374" classname="Test Cases/1.2-Tareas_Secundarias/2.1-Pruebas_Hoja_de_Vida/2.1.3-Crear_Nueva_Tipo_de_Hoja" status="PASSED">
         <system-out><![CDATA[2022-05-11 09:37:49 - [TEST_CASE][PASSED] - Test Cases/1.2-Tareas_Secundarias/2.1-Pruebas_Hoja_de_Vida/2.1.3-Crear_Nueva_Tipo_de_Hoja: Test Cases/1.2-Tareas_Secundarias/2.1-Pruebas_Hoja_de_Vida/2.1.3-Crear_Nueva_Tipo_de_Hoja

2022-05-11 09:37:50 - [TEST_STEP][PASSED] - callTestCase(findTestCase("0.1-Login"), [:], STOP_ON_FAILURE): Call Test Case 'Test Cases/0.1-Login' successfully

2022-05-11 09:37:50 - [TEST_CASE][PASSED] - Test Cases/0.1-Login: Test Cases/0.1-Login

2022-05-11 09:37:50 - [TEST_STEP][PASSED] - openBrowser(""): Browser is opened with url: ''

2022-05-11 09:37:50 - [MESSAGE][INFO] - Starting 'Chrome' driver

2022-05-11 09:37:50 - [MESSAGE][INFO] - Action delay is set to 0 milliseconds

2022-05-11 09:37:51 - [MESSAGE][PASSED] - Browser is opened with url: ''

2022-05-11 09:37:51 - [TEST_STEP][PASSED] - maximizeWindow(): Current window maximized

2022-05-11 09:37:51 - [MESSAGE][PASSED] - Current window maximized

2022-05-11 09:37:51 - [TEST_STEP][PASSED] - i = G_Login: null

2022-05-11 09:37:51 - [TEST_STEP][PASSED] - url = new java.net.URL(i): null

2022-05-11 09:37:51 - [TEST_STEP][PASSED] - println("URL: " + url.toString()): null

2022-05-11 09:37:51 - [TEST_STEP][PASSED] - connection = url.openConnection(): null

2022-05-11 09:37:51 - [TEST_STEP][PASSED] - connection.setRequestMethod("GET"): null

2022-05-11 09:37:51 - [TEST_STEP][PASSED] - connection.setReadTimeout(2 * 1000): null

2022-05-11 09:37:51 - [TEST_STEP][PASSED] - try: null

2022-05-11 09:37:51 - [TEST_STEP][PASSED] - connection.connect(): null

2022-05-11 09:37:51 - [TEST_STEP][PASSED] - flag = connected: null

2022-05-11 09:37:51 - [TEST_STEP][PASSED] - println("Valor_ori: " + flag): null

2022-05-11 09:37:51 - [TEST_STEP][PASSED] - if (flag): null

2022-05-11 09:37:51 - [TEST_STEP][PASSED] - navigateToUrl(i): Navigate to 'http://192.168.2.19:8380/saraweb' successfully

2022-05-11 09:37:52 - [MESSAGE][PASSED] - Navigate to 'http://192.168.2.19:8380/saraweb' successfully

2022-05-11 09:37:52 - [TEST_STEP][PASSED] - a(): null

2022-05-11 09:37:52 - [TEST_STEP][PASSED] - setText(findTestObject("3-OBJECTS UTILIDADES/Login/input_USUARIO_loginusuario"), G_Usuario): Text 'saraadmin' is set on object 'Object Repository/3-OBJECTS UTILIDADES/Login/input_USUARIO_loginusuario'

2022-05-11 09:37:53 - [MESSAGE][PASSED] - Text 'saraadmin' is set on object 'Object Repository/3-OBJECTS UTILIDADES/Login/input_USUARIO_loginusuario'

2022-05-11 09:37:53 - [TEST_STEP][PASSED] - setEncryptedText(findTestObject("3-OBJECTS UTILIDADES/Login/input_CLAVE_loginpassword"), "MkG4/TYiCFC3cb2driP7+Q=="): Text ****** has been set on object 'Object Repository/3-OBJECTS UTILIDADES/Login/input_CLAVE_loginpassword'

2022-05-11 09:37:53 - [MESSAGE][PASSED] - Text ****** has been set on object 'Object Repository/3-OBJECTS UTILIDADES/Login/input_CLAVE_loginpassword'

2022-05-11 09:37:53 - [TEST_STEP][PASSED] - waitForElementClickable(findTestObject("3-OBJECTS UTILIDADES/Login/a_Ingresar"), G_TimeOut): Object 'Object Repository/3-OBJECTS UTILIDADES/Login/a_Ingresar' is clickable

2022-05-11 09:37:53 - [MESSAGE][PASSED] - Object 'Object Repository/3-OBJECTS UTILIDADES/Login/a_Ingresar' is clickable

2022-05-11 09:37:53 - [TEST_STEP][PASSED] - click(findTestObject("3-OBJECTS UTILIDADES/Login/a_Ingresar")): Object: 'Object Repository/3-OBJECTS UTILIDADES/Login/a_Ingresar' is clicked on

2022-05-11 09:37:55 - [MESSAGE][PASSED] - Object: 'Object Repository/3-OBJECTS UTILIDADES/Login/a_Ingresar' is clicked on

2022-05-11 09:37:55 - [TEST_STEP][PASSED] - element = findWebElement(findTestObject("3-OBJECTS UTILIDADES/Login/a_Ir"), 30): null

2022-05-11 09:37:55 - [TEST_STEP][PASSED] - executeJavaScript("arguments[0].click()", Arrays.asList(element)): Execute JavaScript 'arguments[0].click()' successfully

2022-05-11 09:37:55 - [MESSAGE][PASSED] - Execute JavaScript 'arguments[0].click()' successfully

2022-05-11 09:37:55 - [MESSAGE][PASSED] - Call Test Case 'Test Cases/0.1-Login' successfully

2022-05-11 09:37:55 - [TEST_STEP][PASSED] - setText(findTestObject("2-OBJECTS TAREAS SECUNDARIAS/Pruebas Hoja de Vida/Crear_Nueva_Tipo_de_Hoja/input_Empresa 1_form_templatej_idt24_input"), "Tipo de Hoja"): Text 'Tipo de Hoja' is set on object 'Object Repository/2-OBJECTS TAREAS SECUNDARIAS/Pruebas Hoja de Vida/Crear_Nueva_Tipo_de_Hoja/input_Empresa 1_form_templatej_idt24_input'

2022-05-11 09:37:56 - [MESSAGE][PASSED] - Text 'Tipo de Hoja' is set on object 'Object Repository/2-OBJECTS TAREAS SECUNDARIAS/Pruebas Hoja de Vida/Crear_Nueva_Tipo_de_Hoja/input_Empresa 1_form_templatej_idt24_input'

2022-05-11 09:37:56 - [TEST_STEP][PASSED] - click(findTestObject("2-OBJECTS TAREAS SECUNDARIAS/Pruebas Hoja de Vida/Crear_Nueva_Tipo_de_Hoja/span_Tipo de Hoja")): Object: 'Object Repository/2-OBJECTS TAREAS SECUNDARIAS/Pruebas Hoja de Vida/Crear_Nueva_Tipo_de_Hoja/span_Tipo de Hoja' is clicked on

2022-05-11 09:37:58 - [MESSAGE][PASSED] - Object: 'Object Repository/2-OBJECTS TAREAS SECUNDARIAS/Pruebas Hoja de Vida/Crear_Nueva_Tipo_de_Hoja/span_Tipo de Hoja' is clicked on

2022-05-11 09:37:58 - [TEST_STEP][PASSED] - if (waitForElementClickable(findTestObject("2-OBJECTS TAREAS SECUNDARIAS/Pruebas Hoja de Vida/Crear_Nueva_Tipo_de_Hoja/span_P1"), 1)): null

2022-05-11 09:37:59 - [MESSAGE][PASSED] - Object 'Object Repository/2-OBJECTS TAREAS SECUNDARIAS/Pruebas Hoja de Vida/Crear_Nueva_Tipo_de_Hoja/span_P1' is clickable

2022-05-11 09:37:59 - [TEST_STEP][PASSED] - click(findTestObject("2-OBJECTS TAREAS SECUNDARIAS/Pruebas Hoja de Vida/Crear_Nueva_Tipo_de_Hoja/span_P1")): Object: 'Object Repository/2-OBJECTS TAREAS SECUNDARIAS/Pruebas Hoja de Vida/Crear_Nueva_Tipo_de_Hoja/span_P1' is clicked on

2022-05-11 09:37:59 - [MESSAGE][PASSED] - Object: 'Object Repository/2-OBJECTS TAREAS SECUNDARIAS/Pruebas Hoja de Vida/Crear_Nueva_Tipo_de_Hoja/span_P1' is clicked on

2022-05-11 09:37:59 - [TEST_STEP][PASSED] - click(findTestObject("2-OBJECTS TAREAS SECUNDARIAS/Pruebas Hoja de Vida/Crear_Nueva_Tipo_de_Hoja/a_Eliminar")): Object: 'Object Repository/2-OBJECTS TAREAS SECUNDARIAS/Pruebas Hoja de Vida/Crear_Nueva_Tipo_de_Hoja/a_Eliminar' is clicked on

2022-05-11 09:38:00 - [MESSAGE][PASSED] - Object: 'Object Repository/2-OBJECTS TAREAS SECUNDARIAS/Pruebas Hoja de Vida/Crear_Nueva_Tipo_de_Hoja/a_Eliminar' is clicked on

2022-05-11 09:38:00 - [TEST_STEP][PASSED] - click(findTestObject("2-OBJECTS TAREAS SECUNDARIAS/Pruebas Hoja de Vida/Crear_Nueva_Tipo_de_Hoja/a_Aceptar")): Object: 'Object Repository/2-OBJECTS TAREAS SECUNDARIAS/Pruebas Hoja de Vida/Crear_Nueva_Tipo_de_Hoja/a_Aceptar' is clicked on

2022-05-11 09:38:00 - [MESSAGE][PASSED] - Object: 'Object Repository/2-OBJECTS TAREAS SECUNDARIAS/Pruebas Hoja de Vida/Crear_Nueva_Tipo_de_Hoja/a_Aceptar' is clicked on

2022-05-11 09:38:00 - [TEST_STEP][PASSED] - click(findTestObject("2-OBJECTS TAREAS SECUNDARIAS/Pruebas Hoja de Vida/Crear_Nueva_Tipo_de_Hoja/a_Nuevo")): Object: 'Object Repository/2-OBJECTS TAREAS SECUNDARIAS/Pruebas Hoja de Vida/Crear_Nueva_Tipo_de_Hoja/a_Nuevo' is clicked on

2022-05-11 09:38:01 - [MESSAGE][PASSED] - Object: 'Object Repository/2-OBJECTS TAREAS SECUNDARIAS/Pruebas Hoja de Vida/Crear_Nueva_Tipo_de_Hoja/a_Nuevo' is clicked on

2022-05-11 09:38:01 - [TEST_STEP][PASSED] - setText(findTestObject("2-OBJECTS TAREAS SECUNDARIAS/Pruebas Hoja de Vida/Crear_Nueva_Tipo_de_Hoja/input_Tipo Relacin Hoja_form_tipohojavinculacion"), "P1"): Text 'P1' is set on object 'Object Repository/2-OBJECTS TAREAS SECUNDARIAS/Pruebas Hoja de Vida/Crear_Nueva_Tipo_de_Hoja/input_Tipo Relacin Hoja_form_tipohojavinculacion'

2022-05-11 09:38:02 - [MESSAGE][PASSED] - Text 'P1' is set on object 'Object Repository/2-OBJECTS TAREAS SECUNDARIAS/Pruebas Hoja de Vida/Crear_Nueva_Tipo_de_Hoja/input_Tipo Relacin Hoja_form_tipohojavinculacion'

2022-05-11 09:38:02 - [TEST_STEP][PASSED] - setText(findTestObject("2-OBJECTS TAREAS SECUNDARIAS/Pruebas Hoja de Vida/Crear_Nueva_Tipo_de_Hoja/input_Descripcin_form_tipohojadescripcion"), "prueba"): Text 'prueba' is set on object 'Object Repository/2-OBJECTS TAREAS SECUNDARIAS/Pruebas Hoja de Vida/Crear_Nueva_Tipo_de_Hoja/input_Descripcin_form_tipohojadescripcion'

2022-05-11 09:38:03 - [MESSAGE][PASSED] - Text 'prueba' is set on object 'Object Repository/2-OBJECTS TAREAS SECUNDARIAS/Pruebas Hoja de Vida/Crear_Nueva_Tipo_de_Hoja/input_Descripcin_form_tipohojadescripcion'

2022-05-11 09:38:03 - [TEST_STEP][PASSED] - click(findTestObject("2-OBJECTS TAREAS SECUNDARIAS/Pruebas Hoja de Vida/Crear_Nueva_Tipo_de_Hoja/label_No_Novedad Directa")): Object: 'Object Repository/2-OBJECTS TAREAS SECUNDARIAS/Pruebas Hoja de Vida/Crear_Nueva_Tipo_de_Hoja/label_No_Novedad Directa' is clicked on

2022-05-11 09:38:03 - [MESSAGE][PASSED] - Object: 'Object Repository/2-OBJECTS TAREAS SECUNDARIAS/Pruebas Hoja de Vida/Crear_Nueva_Tipo_de_Hoja/label_No_Novedad Directa' is clicked on

2022-05-11 09:38:03 - [TEST_STEP][PASSED] - click(findTestObject("2-OBJECTS TAREAS SECUNDARIAS/Pruebas Hoja de Vida/Crear_Nueva_Tipo_de_Hoja/label_Si_Crear Hoja")): Object: 'Object Repository/2-OBJECTS TAREAS SECUNDARIAS/Pruebas Hoja de Vida/Crear_Nueva_Tipo_de_Hoja/label_Si_Crear Hoja' is clicked on

2022-05-11 09:38:03 - [MESSAGE][PASSED] - Object: 'Object Repository/2-OBJECTS TAREAS SECUNDARIAS/Pruebas Hoja de Vida/Crear_Nueva_Tipo_de_Hoja/label_Si_Crear Hoja' is clicked on

2022-05-11 09:38:03 - [TEST_STEP][PASSED] - click(findTestObject("2-OBJECTS TAREAS SECUNDARIAS/Pruebas Hoja de Vida/Crear_Nueva_Tipo_de_Hoja/label_No_Novedad Aprobada")): Object: 'Object Repository/2-OBJECTS TAREAS SECUNDARIAS/Pruebas Hoja de Vida/Crear_Nueva_Tipo_de_Hoja/label_No_Novedad Aprobada' is clicked on

2022-05-11 09:38:04 - [MESSAGE][PASSED] - Object: 'Object Repository/2-OBJECTS TAREAS SECUNDARIAS/Pruebas Hoja de Vida/Crear_Nueva_Tipo_de_Hoja/label_No_Novedad Aprobada' is clicked on

2022-05-11 09:38:04 - [TEST_STEP][PASSED] - click(findTestObject("2-OBJECTS TAREAS SECUNDARIAS/Pruebas Hoja de Vida/Crear_Nueva_Tipo_de_Hoja/label_No_Novedad Rechazada")): Object: 'Object Repository/2-OBJECTS TAREAS SECUNDARIAS/Pruebas Hoja de Vida/Crear_Nueva_Tipo_de_Hoja/label_No_Novedad Rechazada' is clicked on

2022-05-11 09:38:04 - [MESSAGE][PASSED] - Object: 'Object Repository/2-OBJECTS TAREAS SECUNDARIAS/Pruebas Hoja de Vida/Crear_Nueva_Tipo_de_Hoja/label_No_Novedad Rechazada' is clicked on

2022-05-11 09:38:04 - [TEST_STEP][PASSED] - selectOptionByIndex(findTestObject("2-OBJECTS TAREAS SECUNDARIAS/Pruebas Hoja de Vida/Crear_Nueva_Tipo_de_Hoja/select_Formulario Asociados"), 8): All options with index in [8] are selected on object 'Object Repository/2-OBJECTS TAREAS SECUNDARIAS/Pruebas Hoja de Vida/Crear_Nueva_Tipo_de_Hoja/select_Formulario Asociados'

2022-05-11 09:38:05 - [MESSAGE][PASSED] - All options with index in [8] are selected on object 'Object Repository/2-OBJECTS TAREAS SECUNDARIAS/Pruebas Hoja de Vida/Crear_Nueva_Tipo_de_Hoja/select_Formulario Asociados'

2022-05-11 09:38:05 - [TEST_STEP][PASSED] - selectOptionByIndex(findTestObject("2-OBJECTS TAREAS SECUNDARIAS/Pruebas Hoja de Vida/Crear_Nueva_Tipo_de_Hoja/select_Hoja Asociar"), 3): All options with index in [3] are selected on object 'Object Repository/2-OBJECTS TAREAS SECUNDARIAS/Pruebas Hoja de Vida/Crear_Nueva_Tipo_de_Hoja/select_Hoja Asociar'

2022-05-11 09:38:06 - [MESSAGE][PASSED] - All options with index in [3] are selected on object 'Object Repository/2-OBJECTS TAREAS SECUNDARIAS/Pruebas Hoja de Vida/Crear_Nueva_Tipo_de_Hoja/select_Hoja Asociar'

2022-05-11 09:38:06 - [TEST_STEP][PASSED] - selectOptionByIndex(findTestObject("2-OBJECTS TAREAS SECUNDARIAS/Pruebas Hoja de Vida/Crear_Nueva_Tipo_de_Hoja/select_Gestion Periodo"), 2): All options with index in [2] are selected on object 'Object Repository/2-OBJECTS TAREAS SECUNDARIAS/Pruebas Hoja de Vida/Crear_Nueva_Tipo_de_Hoja/select_Gestion Periodo'

2022-05-11 09:38:07 - [MESSAGE][PASSED] - All options with index in [2] are selected on object 'Object Repository/2-OBJECTS TAREAS SECUNDARIAS/Pruebas Hoja de Vida/Crear_Nueva_Tipo_de_Hoja/select_Gestion Periodo'

2022-05-11 09:38:07 - [TEST_STEP][PASSED] - selectOptionByIndex(findTestObject("2-OBJECTS TAREAS SECUNDARIAS/Pruebas Hoja de Vida/Crear_Nueva_Tipo_de_Hoja/select_Modo"), 1): All options with index in [1] are selected on object 'Object Repository/2-OBJECTS TAREAS SECUNDARIAS/Pruebas Hoja de Vida/Crear_Nueva_Tipo_de_Hoja/select_Modo'

2022-05-11 09:38:08 - [MESSAGE][PASSED] - All options with index in [1] are selected on object 'Object Repository/2-OBJECTS TAREAS SECUNDARIAS/Pruebas Hoja de Vida/Crear_Nueva_Tipo_de_Hoja/select_Modo'

2022-05-11 09:38:08 - [TEST_STEP][PASSED] - click(findTestObject("2-OBJECTS TAREAS SECUNDARIAS/Pruebas Hoja de Vida/Crear_Nueva_Tipo_de_Hoja/a_Guardar")): Object: 'Object Repository/2-OBJECTS TAREAS SECUNDARIAS/Pruebas Hoja de Vida/Crear_Nueva_Tipo_de_Hoja/a_Guardar' is clicked on

2022-05-11 09:38:09 - [MESSAGE][PASSED] - Object: 'Object Repository/2-OBJECTS TAREAS SECUNDARIAS/Pruebas Hoja de Vida/Crear_Nueva_Tipo_de_Hoja/a_Guardar' is clicked on

2022-05-11 09:38:09 - [TEST_STEP][PASSED] - Result = getText(findTestObject("3-OBJECTS UTILIDADES/Alerta/Alerta")): Text of object 'Object Repository/3-OBJECTS UTILIDADES/Alerta/Alerta' is: 'Se adiciono el registro correctamente'

2022-05-11 09:38:10 - [MESSAGE][PASSED] - Text of object 'Object Repository/3-OBJECTS UTILIDADES/Alerta/Alerta' is: 'Se adiciono el registro correctamente'

2022-05-11 09:38:10 - [TEST_STEP][PASSED] - if (Result == "Se adiciono el registro correctamente"): null

2022-05-11 09:38:10 - [TEST_STEP][PASSED] - Resultado = "PRUEBAS OK": null]]></system-out>
         <system-err><![CDATA[]]></system-err>
      </testcase>
      <testcase name="Test Cases/1.2-Tareas_Secundarias/2.1-Pruebas_Hoja_de_Vida/2.1.4-Crear_Nueva_Hoja_de_Vida" time="39.209" classname="Test Cases/1.2-Tareas_Secundarias/2.1-Pruebas_Hoja_de_Vida/2.1.4-Crear_Nueva_Hoja_de_Vida" status="PASSED">
         <system-out><![CDATA[2022-05-11 09:38:10 - [TEST_CASE][PASSED] - Test Cases/1.2-Tareas_Secundarias/2.1-Pruebas_Hoja_de_Vida/2.1.4-Crear_Nueva_Hoja_de_Vida: Test Cases/1.2-Tareas_Secundarias/2.1-Pruebas_Hoja_de_Vida/2.1.4-Crear_Nueva_Hoja_de_Vida

2022-05-11 09:38:10 - [TEST_STEP][PASSED] - callTestCase(findTestCase("1.1-Tareas Principales/1.1.1-Crear Nueva Hoja de Vida"), [:], STOP_ON_FAILURE): Call Test Case 'Test Cases/1.1-Tareas Principales/1.1.1-Crear Nueva Hoja de Vida' successfully

2022-05-11 09:38:10 - [TEST_CASE][PASSED] - Test Cases/1.1-Tareas Principales/1.1.1-Crear Nueva Hoja de Vida: Test Cases/1.1-Tareas Principales/1.1.1-Crear Nueva Hoja de Vida

2022-05-11 09:38:10 - [TEST_STEP][PASSED] - random_double = Math.random() * 9999 + 999: null

2022-05-11 09:38:10 - [TEST_STEP][PASSED] - random_double = Math.round(random_double * 1000): null

2022-05-11 09:38:10 - [TEST_STEP][PASSED] - identificacion = toString().replace(".0", ""): null

2022-05-11 09:38:10 - [TEST_STEP][PASSED] - callTestCase(findTestCase("0.1-Login"), [:], STOP_ON_FAILURE): Call Test Case 'Test Cases/0.1-Login' successfully

2022-05-11 09:38:11 - [TEST_CASE][PASSED] - Test Cases/0.1-Login: Test Cases/0.1-Login

2022-05-11 09:38:11 - [TEST_STEP][PASSED] - openBrowser(""): Browser is opened with url: ''

2022-05-11 09:38:11 - [MESSAGE][WARNING] - A browser is already opened. Closing browser and opening a new one

2022-05-11 09:38:11 - [MESSAGE][INFO] - Starting 'Chrome' driver

2022-05-11 09:38:11 - [MESSAGE][INFO] - Action delay is set to 0 milliseconds

2022-05-11 09:38:13 - [MESSAGE][PASSED] - Browser is opened with url: ''

2022-05-11 09:38:13 - [TEST_STEP][PASSED] - maximizeWindow(): Current window maximized

2022-05-11 09:38:13 - [MESSAGE][PASSED] - Current window maximized

2022-05-11 09:38:13 - [TEST_STEP][PASSED] - i = G_Login: null

2022-05-11 09:38:13 - [TEST_STEP][PASSED] - url = new java.net.URL(i): null

2022-05-11 09:38:13 - [TEST_STEP][PASSED] - println("URL: " + url.toString()): null

2022-05-11 09:38:13 - [TEST_STEP][PASSED] - connection = url.openConnection(): null

2022-05-11 09:38:13 - [TEST_STEP][PASSED] - connection.setRequestMethod("GET"): null

2022-05-11 09:38:13 - [TEST_STEP][PASSED] - connection.setReadTimeout(2 * 1000): null

2022-05-11 09:38:13 - [TEST_STEP][PASSED] - try: null

2022-05-11 09:38:13 - [TEST_STEP][PASSED] - connection.connect(): null

2022-05-11 09:38:13 - [TEST_STEP][PASSED] - flag = connected: null

2022-05-11 09:38:13 - [TEST_STEP][PASSED] - println("Valor_ori: " + flag): null

2022-05-11 09:38:13 - [TEST_STEP][PASSED] - if (flag): null

2022-05-11 09:38:13 - [TEST_STEP][PASSED] - navigateToUrl(i): Navigate to 'http://192.168.2.19:8380/saraweb' successfully

2022-05-11 09:38:13 - [MESSAGE][PASSED] - Navigate to 'http://192.168.2.19:8380/saraweb' successfully

2022-05-11 09:38:13 - [TEST_STEP][PASSED] - a(): null

2022-05-11 09:38:13 - [TEST_STEP][PASSED] - setText(findTestObject("3-OBJECTS UTILIDADES/Login/input_USUARIO_loginusuario"), G_Usuario): Text 'saraadmin' is set on object 'Object Repository/3-OBJECTS UTILIDADES/Login/input_USUARIO_loginusuario'

2022-05-11 09:38:14 - [MESSAGE][PASSED] - Text 'saraadmin' is set on object 'Object Repository/3-OBJECTS UTILIDADES/Login/input_USUARIO_loginusuario'

2022-05-11 09:38:14 - [TEST_STEP][PASSED] - setEncryptedText(findTestObject("3-OBJECTS UTILIDADES/Login/input_CLAVE_loginpassword"), "MkG4/TYiCFC3cb2driP7+Q=="): Text ****** has been set on object 'Object Repository/3-OBJECTS UTILIDADES/Login/input_CLAVE_loginpassword'

2022-05-11 09:38:15 - [MESSAGE][PASSED] - Text ****** has been set on object 'Object Repository/3-OBJECTS UTILIDADES/Login/input_CLAVE_loginpassword'

2022-05-11 09:38:15 - [TEST_STEP][PASSED] - waitForElementClickable(findTestObject("3-OBJECTS UTILIDADES/Login/a_Ingresar"), G_TimeOut): Object 'Object Repository/3-OBJECTS UTILIDADES/Login/a_Ingresar' is clickable

2022-05-11 09:38:15 - [MESSAGE][PASSED] - Object 'Object Repository/3-OBJECTS UTILIDADES/Login/a_Ingresar' is clickable

2022-05-11 09:38:15 - [TEST_STEP][PASSED] - click(findTestObject("3-OBJECTS UTILIDADES/Login/a_Ingresar")): Object: 'Object Repository/3-OBJECTS UTILIDADES/Login/a_Ingresar' is clicked on

2022-05-11 09:38:16 - [MESSAGE][PASSED] - Object: 'Object Repository/3-OBJECTS UTILIDADES/Login/a_Ingresar' is clicked on

2022-05-11 09:38:16 - [TEST_STEP][PASSED] - element = findWebElement(findTestObject("3-OBJECTS UTILIDADES/Login/a_Ir"), 30): null

2022-05-11 09:38:17 - [TEST_STEP][PASSED] - executeJavaScript("arguments[0].click()", Arrays.asList(element)): Execute JavaScript 'arguments[0].click()' successfully

2022-05-11 09:38:17 - [MESSAGE][PASSED] - Execute JavaScript 'arguments[0].click()' successfully

2022-05-11 09:38:17 - [MESSAGE][PASSED] - Call Test Case 'Test Cases/0.1-Login' successfully

2022-05-11 09:38:17 - [TEST_STEP][PASSED] - waitForElementClickable(findTestObject("1-OBJECTS TAREAS PRINCIPALES/Modulo Tarea Listado Hojas de Vida/Crear Nueva Hoja de Vida/input_Listado Hojas De Vida_form_templatej_idt24_input"), G_TimeOut): Object 'Object Repository/1-OBJECTS TAREAS PRINCIPALES/Modulo Tarea Listado Hojas de Vida/Crear Nueva Hoja de Vida/input_Listado Hojas De Vida_form_templatej_idt24_input' is clickable

2022-05-11 09:38:18 - [MESSAGE][PASSED] - Object 'Object Repository/1-OBJECTS TAREAS PRINCIPALES/Modulo Tarea Listado Hojas de Vida/Crear Nueva Hoja de Vida/input_Listado Hojas De Vida_form_templatej_idt24_input' is clickable

2022-05-11 09:38:18 - [TEST_STEP][PASSED] - setText(findTestObject("1-OBJECTS TAREAS PRINCIPALES/Modulo Tarea Listado Hojas de Vida/Crear Nueva Hoja de Vida/input_Listado Hojas De Vida_form_templatej_idt24_input"), "Listado Hojas de Vida"): Text 'Listado Hojas de Vida' is set on object 'Object Repository/1-OBJECTS TAREAS PRINCIPALES/Modulo Tarea Listado Hojas de Vida/Crear Nueva Hoja de Vida/input_Listado Hojas De Vida_form_templatej_idt24_input'

2022-05-11 09:38:18 - [MESSAGE][PASSED] - Text 'Listado Hojas de Vida' is set on object 'Object Repository/1-OBJECTS TAREAS PRINCIPALES/Modulo Tarea Listado Hojas de Vida/Crear Nueva Hoja de Vida/input_Listado Hojas De Vida_form_templatej_idt24_input'

2022-05-11 09:38:18 - [TEST_STEP][PASSED] - waitForElementVisible(findTestObject("1-OBJECTS TAREAS PRINCIPALES/Modulo Tarea Listado Hojas de Vida/Crear Nueva Hoja de Vida/span_Listado Hojas de Vida"), 0): Object 'Object Repository/1-OBJECTS TAREAS PRINCIPALES/Modulo Tarea Listado Hojas de Vida/Crear Nueva Hoja de Vida/span_Listado Hojas de Vida' is visible

2022-05-11 09:38:19 - [MESSAGE][WARNING] - Timeout '0' is invalid. Using default page load timeout: '40'

2022-05-11 09:38:20 - [MESSAGE][PASSED] - Object 'Object Repository/1-OBJECTS TAREAS PRINCIPALES/Modulo Tarea Listado Hojas de Vida/Crear Nueva Hoja de Vida/span_Listado Hojas de Vida' is visible

2022-05-11 09:38:20 - [TEST_STEP][PASSED] - click(findTestObject("1-OBJECTS TAREAS PRINCIPALES/Modulo Tarea Listado Hojas de Vida/Crear Nueva Hoja de Vida/span_Listado Hojas de Vida")): Object: 'Object Repository/1-OBJECTS TAREAS PRINCIPALES/Modulo Tarea Listado Hojas de Vida/Crear Nueva Hoja de Vida/span_Listado Hojas de Vida' is clicked on

2022-05-11 09:38:20 - [MESSAGE][PASSED] - Object: 'Object Repository/1-OBJECTS TAREAS PRINCIPALES/Modulo Tarea Listado Hojas de Vida/Crear Nueva Hoja de Vida/span_Listado Hojas de Vida' is clicked on

2022-05-11 09:38:20 - [TEST_STEP][PASSED] - waitForElementClickable(findTestObject("1-OBJECTS TAREAS PRINCIPALES/Modulo Tarea Listado Hojas de Vida/Crear Nueva Hoja de Vida/a_Nueva HojaVida"), G_TimeOut): Object 'Object Repository/1-OBJECTS TAREAS PRINCIPALES/Modulo Tarea Listado Hojas de Vida/Crear Nueva Hoja de Vida/a_Nueva HojaVida' is clickable

2022-05-11 09:38:21 - [MESSAGE][PASSED] - Object 'Object Repository/1-OBJECTS TAREAS PRINCIPALES/Modulo Tarea Listado Hojas de Vida/Crear Nueva Hoja de Vida/a_Nueva HojaVida' is clickable

2022-05-11 09:38:21 - [TEST_STEP][PASSED] - click(findTestObject("1-OBJECTS TAREAS PRINCIPALES/Modulo Tarea Listado Hojas de Vida/Crear Nueva Hoja de Vida/a_Nueva HojaVida")): Object: 'Object Repository/1-OBJECTS TAREAS PRINCIPALES/Modulo Tarea Listado Hojas de Vida/Crear Nueva Hoja de Vida/a_Nueva HojaVida' is clicked on

2022-05-11 09:38:22 - [MESSAGE][PASSED] - Object: 'Object Repository/1-OBJECTS TAREAS PRINCIPALES/Modulo Tarea Listado Hojas de Vida/Crear Nueva Hoja de Vida/a_Nueva HojaVida' is clicked on

2022-05-11 09:38:22 - [TEST_STEP][PASSED] - waitForElementClickable(findTestObject("1-OBJECTS TAREAS PRINCIPALES/Modulo Tarea Listado Hojas de Vida/Crear Nueva Hoja de Vida/input_Identificacin_nuevahoja_"), 0): Object 'Object Repository/1-OBJECTS TAREAS PRINCIPALES/Modulo Tarea Listado Hojas de Vida/Crear Nueva Hoja de Vida/input_Identificacin_nuevahoja_' is clickable

2022-05-11 09:38:22 - [MESSAGE][WARNING] - Timeout '0' is invalid. Using default page load timeout: '40'

2022-05-11 09:38:22 - [MESSAGE][PASSED] - Object 'Object Repository/1-OBJECTS TAREAS PRINCIPALES/Modulo Tarea Listado Hojas de Vida/Crear Nueva Hoja de Vida/input_Identificacin_nuevahoja_' is clickable

2022-05-11 09:38:22 - [TEST_STEP][PASSED] - setText(findTestObject("1-OBJECTS TAREAS PRINCIPALES/Modulo Tarea Listado Hojas de Vida/Crear Nueva Hoja de Vida/input_Identificacin_nuevahoja_"), identificacion): Text '1813634' is set on object 'Object Repository/1-OBJECTS TAREAS PRINCIPALES/Modulo Tarea Listado Hojas de Vida/Crear Nueva Hoja de Vida/input_Identificacin_nuevahoja_'

2022-05-11 09:38:23 - [MESSAGE][PASSED] - Text '1813634' is set on object 'Object Repository/1-OBJECTS TAREAS PRINCIPALES/Modulo Tarea Listado Hojas de Vida/Crear Nueva Hoja de Vida/input_Identificacin_nuevahoja_'

2022-05-11 09:38:23 - [TEST_STEP][PASSED] - selectOptionByIndex(findTestObject("1-OBJECTS TAREAS PRINCIPALES/Modulo Tarea Listado Hojas de Vida/Crear Nueva Hoja de Vida/select_-- Seleccione --.ASPIRA"), "4"): All options with index in [4] are selected on object 'Object Repository/1-OBJECTS TAREAS PRINCIPALES/Modulo Tarea Listado Hojas de Vida/Crear Nueva Hoja de Vida/select_-- Seleccione --.ASPIRA'

2022-05-11 09:38:24 - [MESSAGE][PASSED] - All options with index in [4] are selected on object 'Object Repository/1-OBJECTS TAREAS PRINCIPALES/Modulo Tarea Listado Hojas de Vida/Crear Nueva Hoja de Vida/select_-- Seleccione --.ASPIRA'

2022-05-11 09:38:24 - [TEST_STEP][PASSED] - click(findTestObject("1-OBJECTS TAREAS PRINCIPALES/Modulo Tarea Listado Hojas de Vida/Crear Nueva Hoja de Vida/a_Nueva Solicitud")): Object: 'Object Repository/1-OBJECTS TAREAS PRINCIPALES/Modulo Tarea Listado Hojas de Vida/Crear Nueva Hoja de Vida/a_Nueva Solicitud' is clicked on

2022-05-11 09:38:24 - [MESSAGE][PASSED] - Object: 'Object Repository/1-OBJECTS TAREAS PRINCIPALES/Modulo Tarea Listado Hojas de Vida/Crear Nueva Hoja de Vida/a_Nueva Solicitud' is clicked on

2022-05-11 09:38:24 - [TEST_STEP][PASSED] - waitForElementPresent(findTestObject("1-OBJECTS TAREAS PRINCIPALES/Modulo Tarea Listado Hojas de Vida/Crear Nueva Hoja de Vida/input__hojaVidaseccionj_idt8350j_idt845"), 0): Object 'Object Repository/1-OBJECTS TAREAS PRINCIPALES/Modulo Tarea Listado Hojas de Vida/Crear Nueva Hoja de Vida/input__hojaVidaseccionj_idt8350j_idt845' is present

2022-05-11 09:38:24 - [MESSAGE][WARNING] - Timeout '0' is invalid. Using default page load timeout: '40'

2022-05-11 09:38:25 - [MESSAGE][PASSED] - Object 'Object Repository/1-OBJECTS TAREAS PRINCIPALES/Modulo Tarea Listado Hojas de Vida/Crear Nueva Hoja de Vida/input__hojaVidaseccionj_idt8350j_idt845' is present

2022-05-11 09:38:25 - [TEST_STEP][PASSED] - setText(findTestObject("1-OBJECTS TAREAS PRINCIPALES/Modulo Tarea Listado Hojas de Vida/Crear Nueva Hoja de Vida/input__hojaVidaseccionj_idt8350j_idt845"), identificacion): Text '1813634' is set on object 'Object Repository/1-OBJECTS TAREAS PRINCIPALES/Modulo Tarea Listado Hojas de Vida/Crear Nueva Hoja de Vida/input__hojaVidaseccionj_idt8350j_idt845'

2022-05-11 09:38:26 - [MESSAGE][PASSED] - Text '1813634' is set on object 'Object Repository/1-OBJECTS TAREAS PRINCIPALES/Modulo Tarea Listado Hojas de Vida/Crear Nueva Hoja de Vida/input__hojaVidaseccionj_idt8350j_idt845'

2022-05-11 09:38:26 - [TEST_STEP][PASSED] - setText(findTestObject("1-OBJECTS TAREAS PRINCIPALES/Modulo Tarea Listado Hojas de Vida/Crear Nueva Hoja de Vida/input__hojaVidaseccionj_idt8351j_idt845"), "Empleado" + identificacion): Text 'Empleado1813634' is set on object 'Object Repository/1-OBJECTS TAREAS PRINCIPALES/Modulo Tarea Listado Hojas de Vida/Crear Nueva Hoja de Vida/input__hojaVidaseccionj_idt8351j_idt845'

2022-05-11 09:38:27 - [MESSAGE][PASSED] - Text 'Empleado1813634' is set on object 'Object Repository/1-OBJECTS TAREAS PRINCIPALES/Modulo Tarea Listado Hojas de Vida/Crear Nueva Hoja de Vida/input__hojaVidaseccionj_idt8351j_idt845'

2022-05-11 09:38:27 - [TEST_STEP][PASSED] - setText(findTestObject("1-OBJECTS TAREAS PRINCIPALES/Modulo Tarea Listado Hojas de Vida/Crear Nueva Hoja de Vida/input__hojaVidaseccionj_idt8352j_idt845"), " Pruebas_Automaticas"): Text ' Pruebas_Automaticas' is set on object 'Object Repository/1-OBJECTS TAREAS PRINCIPALES/Modulo Tarea Listado Hojas de Vida/Crear Nueva Hoja de Vida/input__hojaVidaseccionj_idt8352j_idt845'

2022-05-11 09:38:28 - [MESSAGE][PASSED] - Text ' Pruebas_Automaticas' is set on object 'Object Repository/1-OBJECTS TAREAS PRINCIPALES/Modulo Tarea Listado Hojas de Vida/Crear Nueva Hoja de Vida/input__hojaVidaseccionj_idt8352j_idt845'

2022-05-11 09:38:28 - [TEST_STEP][PASSED] - setText(findTestObject("1-OBJECTS TAREAS PRINCIPALES/Modulo Tarea Listado Hojas de Vida/Crear Nueva Hoja de Vida/input__hojaVidaseccionj_idt8353fecha_input"), "30/08/1995"): Text '30/08/1995' is set on object 'Object Repository/1-OBJECTS TAREAS PRINCIPALES/Modulo Tarea Listado Hojas de Vida/Crear Nueva Hoja de Vida/input__hojaVidaseccionj_idt8353fecha_input'

2022-05-11 09:38:29 - [MESSAGE][PASSED] - Text '30/08/1995' is set on object 'Object Repository/1-OBJECTS TAREAS PRINCIPALES/Modulo Tarea Listado Hojas de Vida/Crear Nueva Hoja de Vida/input__hojaVidaseccionj_idt8353fecha_input'

2022-05-11 09:38:29 - [TEST_STEP][PASSED] - sendKeys(findTestObject("1-OBJECTS TAREAS PRINCIPALES/Modulo Tarea Listado Hojas de Vida/Crear Nueva Hoja de Vida/input__hojaVidaseccionj_idt8353fecha_input"), Keys.chord(ENTER)): Keys 'ENTER + ' sent to object: 'Object Repository/1-OBJECTS TAREAS PRINCIPALES/Modulo Tarea Listado Hojas de Vida/Crear Nueva Hoja de Vida/input__hojaVidaseccionj_idt8353fecha_input'

2022-05-11 09:38:29 - [MESSAGE][PASSED] - Keys 'ENTER + ' sent to object: 'Object Repository/1-OBJECTS TAREAS PRINCIPALES/Modulo Tarea Listado Hojas de Vida/Crear Nueva Hoja de Vida/input__hojaVidaseccionj_idt8353fecha_input'

2022-05-11 09:38:29 - [TEST_STEP][PASSED] - waitForElementClickable(findTestObject("1-OBJECTS TAREAS PRINCIPALES/Modulo Tarea Listado Hojas de Vida/Crear Nueva Hoja de Vida/a__hojaVidaseccionj_idt8354j_idt865"), G_TimeOut): Object 'Object Repository/1-OBJECTS TAREAS PRINCIPALES/Modulo Tarea Listado Hojas de Vida/Crear Nueva Hoja de Vida/a__hojaVidaseccionj_idt8354j_idt865' is clickable

2022-05-11 09:38:29 - [MESSAGE][PASSED] - Object 'Object Repository/1-OBJECTS TAREAS PRINCIPALES/Modulo Tarea Listado Hojas de Vida/Crear Nueva Hoja de Vida/a__hojaVidaseccionj_idt8354j_idt865' is clickable

2022-05-11 09:38:29 - [TEST_STEP][PASSED] - click(findTestObject("1-OBJECTS TAREAS PRINCIPALES/Modulo Tarea Listado Hojas de Vida/Crear Nueva Hoja de Vida/a__hojaVidaseccionj_idt8354j_idt865")): Object: 'Object Repository/1-OBJECTS TAREAS PRINCIPALES/Modulo Tarea Listado Hojas de Vida/Crear Nueva Hoja de Vida/a__hojaVidaseccionj_idt8354j_idt865' is clicked on

2022-05-11 09:38:30 - [MESSAGE][PASSED] - Object: 'Object Repository/1-OBJECTS TAREAS PRINCIPALES/Modulo Tarea Listado Hojas de Vida/Crear Nueva Hoja de Vida/a__hojaVidaseccionj_idt8354j_idt865' is clicked on

2022-05-11 09:38:30 - [TEST_STEP][PASSED] - waitForElementClickable(findTestObject("1-OBJECTS TAREAS PRINCIPALES/Modulo Tarea Listado Hojas de Vida/Crear Nueva Hoja de Vida/span_CEDULA CIUDADANIA"), G_TimeOut): Object 'Object Repository/1-OBJECTS TAREAS PRINCIPALES/Modulo Tarea Listado Hojas de Vida/Crear Nueva Hoja de Vida/span_CEDULA CIUDADANIA' is clickable

2022-05-11 09:38:31 - [MESSAGE][PASSED] - Object 'Object Repository/1-OBJECTS TAREAS PRINCIPALES/Modulo Tarea Listado Hojas de Vida/Crear Nueva Hoja de Vida/span_CEDULA CIUDADANIA' is clickable

2022-05-11 09:38:31 - [TEST_STEP][PASSED] - click(findTestObject("1-OBJECTS TAREAS PRINCIPALES/Modulo Tarea Listado Hojas de Vida/Crear Nueva Hoja de Vida/span_CEDULA CIUDADANIA")): Object: 'Object Repository/1-OBJECTS TAREAS PRINCIPALES/Modulo Tarea Listado Hojas de Vida/Crear Nueva Hoja de Vida/span_CEDULA CIUDADANIA' is clicked on

2022-05-11 09:38:31 - [MESSAGE][PASSED] - Object: 'Object Repository/1-OBJECTS TAREAS PRINCIPALES/Modulo Tarea Listado Hojas de Vida/Crear Nueva Hoja de Vida/span_CEDULA CIUDADANIA' is clicked on

2022-05-11 09:38:31 - [TEST_STEP][PASSED] - waitForElementClickable(findTestObject("1-OBJECTS TAREAS PRINCIPALES/Modulo Tarea Listado Hojas de Vida/Crear Nueva Hoja de Vida/input_Fecha Expedicin_hojaVidas"), G_TimeOut): Object 'Object Repository/1-OBJECTS TAREAS PRINCIPALES/Modulo Tarea Listado Hojas de Vida/Crear Nueva Hoja de Vida/input_Fecha Expedicin_hojaVidas' is clickable

2022-05-11 09:38:32 - [MESSAGE][PASSED] - Object 'Object Repository/1-OBJECTS TAREAS PRINCIPALES/Modulo Tarea Listado Hojas de Vida/Crear Nueva Hoja de Vida/input_Fecha Expedicin_hojaVidas' is clickable

2022-05-11 09:38:32 - [TEST_STEP][PASSED] - setText(findTestObject("1-OBJECTS TAREAS PRINCIPALES/Modulo Tarea Listado Hojas de Vida/Crear Nueva Hoja de Vida/input_Fecha Expedicin_hojaVidas"), "13/09/2013"): Text '13/09/2013' is set on object 'Object Repository/1-OBJECTS TAREAS PRINCIPALES/Modulo Tarea Listado Hojas de Vida/Crear Nueva Hoja de Vida/input_Fecha Expedicin_hojaVidas'

2022-05-11 09:38:32 - [MESSAGE][PASSED] - Text '13/09/2013' is set on object 'Object Repository/1-OBJECTS TAREAS PRINCIPALES/Modulo Tarea Listado Hojas de Vida/Crear Nueva Hoja de Vida/input_Fecha Expedicin_hojaVidas'

2022-05-11 09:38:32 - [TEST_STEP][PASSED] - sendKeys(findTestObject("1-OBJECTS TAREAS PRINCIPALES/Modulo Tarea Listado Hojas de Vida/Crear Nueva Hoja de Vida/input_Fecha Expedicin_hojaVidas"), Keys.chord(ENTER)): Keys 'ENTER + ' sent to object: 'Object Repository/1-OBJECTS TAREAS PRINCIPALES/Modulo Tarea Listado Hojas de Vida/Crear Nueva Hoja de Vida/input_Fecha Expedicin_hojaVidas'

2022-05-11 09:38:33 - [MESSAGE][PASSED] - Keys 'ENTER + ' sent to object: 'Object Repository/1-OBJECTS TAREAS PRINCIPALES/Modulo Tarea Listado Hojas de Vida/Crear Nueva Hoja de Vida/input_Fecha Expedicin_hojaVidas'

2022-05-11 09:38:33 - [TEST_STEP][PASSED] - selectOptionByIndex(findTestObject("1-OBJECTS TAREAS PRINCIPALES/Modulo Tarea Listado Hojas de Vida/Crear Nueva Hoja de Vida/select_-- Seleccione--000000ABEJORRAL"), "113"): All options with index in [113] are selected on object 'Object Repository/1-OBJECTS TAREAS PRINCIPALES/Modulo Tarea Listado Hojas de Vida/Crear Nueva Hoja de Vida/select_-- Seleccione--000000ABEJORRAL'

2022-05-11 09:38:36 - [MESSAGE][PASSED] - All options with index in [113] are selected on object 'Object Repository/1-OBJECTS TAREAS PRINCIPALES/Modulo Tarea Listado Hojas de Vida/Crear Nueva Hoja de Vida/select_-- Seleccione--000000ABEJORRAL'

2022-05-11 09:38:36 - [TEST_STEP][PASSED] - setText(findTestObject("1-OBJECTS TAREAS PRINCIPALES/Modulo Tarea Listado Hojas de Vida/Crear Nueva Hoja de Vida/input__hojaVidaseccionj_idt8358j_idt845"), "634564654684"): Text '634564654684' is set on object 'Object Repository/1-OBJECTS TAREAS PRINCIPALES/Modulo Tarea Listado Hojas de Vida/Crear Nueva Hoja de Vida/input__hojaVidaseccionj_idt8358j_idt845'

2022-05-11 09:38:37 - [MESSAGE][PASSED] - Text '634564654684' is set on object 'Object Repository/1-OBJECTS TAREAS PRINCIPALES/Modulo Tarea Listado Hojas de Vida/Crear Nueva Hoja de Vida/input__hojaVidaseccionj_idt8358j_idt845'

2022-05-11 09:38:37 - [TEST_STEP][PASSED] - setText(findTestObject("1-OBJECTS TAREAS PRINCIPALES/Modulo Tarea Listado Hojas de Vida/Crear Nueva Hoja de Vida/input__hojaVidaseccionj_idt8359j_idt845"), "noodle@gmail.com"): Text 'noodle@gmail.com' is set on object 'Object Repository/1-OBJECTS TAREAS PRINCIPALES/Modulo Tarea Listado Hojas de Vida/Crear Nueva Hoja de Vida/input__hojaVidaseccionj_idt8359j_idt845'

2022-05-11 09:38:38 - [MESSAGE][PASSED] - Text 'noodle@gmail.com' is set on object 'Object Repository/1-OBJECTS TAREAS PRINCIPALES/Modulo Tarea Listado Hojas de Vida/Crear Nueva Hoja de Vida/input__hojaVidaseccionj_idt8359j_idt845'

2022-05-11 09:38:38 - [TEST_STEP][PASSED] - selectOptionByIndex(findTestObject("1-OBJECTS TAREAS PRINCIPALES/Modulo Tarea Listado Hojas de Vida/Crear Nueva Hoja de Vida/select_AA-ABAB-BB-OO-"), "7"): All options with index in [7] are selected on object 'Object Repository/1-OBJECTS TAREAS PRINCIPALES/Modulo Tarea Listado Hojas de Vida/Crear Nueva Hoja de Vida/select_AA-ABAB-BB-OO-'

2022-05-11 09:38:39 - [MESSAGE][PASSED] - All options with index in [7] are selected on object 'Object Repository/1-OBJECTS TAREAS PRINCIPALES/Modulo Tarea Listado Hojas de Vida/Crear Nueva Hoja de Vida/select_AA-ABAB-BB-OO-'

2022-05-11 09:38:39 - [TEST_STEP][PASSED] - click(findTestObject("1-OBJECTS TAREAS PRINCIPALES/Modulo Tarea Listado Hojas de Vida/Crear Nueva Hoja de Vida/a__hojaVidaseccionj_idt21411j_idt254")): Object: 'Object Repository/1-OBJECTS TAREAS PRINCIPALES/Modulo Tarea Listado Hojas de Vida/Crear Nueva Hoja de Vida/a__hojaVidaseccionj_idt21411j_idt254' is clicked on

2022-05-11 09:38:39 - [MESSAGE][PASSED] - Object: 'Object Repository/1-OBJECTS TAREAS PRINCIPALES/Modulo Tarea Listado Hojas de Vida/Crear Nueva Hoja de Vida/a__hojaVidaseccionj_idt21411j_idt254' is clicked on

[...]

2022-05-11 09:40:28 - [TEST_STEP][PASSED] - click(findTestObject("2-OBJECTS TAREAS SECUNDARIAS/Pruebas Hoja de Vida/Notificar_Novedades_Hoja_Vida/a_Guardar")): Object: 'Object Repository/2-OBJECTS TAREAS SECUNDARIAS/Pruebas Hoja de Vida/Notificar_Novedades_Hoja_Vida/a_Guardar' is clicked on

2022-05-11 09:40:28 - [MESSAGE][PASSED] - Object: 'Object Repository/2-OBJECTS TAREAS SECUNDARIAS/Pruebas Hoja de Vida/Notificar_Novedades_Hoja_Vida/a_Guardar' is clicked on

2022-05-11 09:40:28 - [TEST_STEP][PASSED] - if (waitForElementVisible(findTestObject("2-OBJECTS TAREAS SECUNDARIAS/Pruebas Hoja de Vida/Notificar_Novedades_Hoja_Vida/div_INFONo hay cambios que guardar"), 1)): Web element with id: 'Object Repository/2-OBJECTS TAREAS SECUNDARIAS/Pruebas Hoja de Vida/Notificar_Novedades_Hoja_Vida/div_INFONo hay cambios que guardar' located by '//div[(text() = 'INFO:No hay cambios que guardar' or . = 'INFO:No hay cambios que guardar')]' not found

2022-05-11 09:40:31 - [MESSAGE][INFO] - Unable to find the element located by 'By.xpath: //div[(text() = 'INFO:No hay cambios que guardar' or . = 'INFO:No hay cambios que guardar')]'. Please recheck the objects properties to make sure the desired element is located. 

2022-05-11 09:40:31 - [MESSAGE][WARNING] - Web element with id: 'Object Repository/2-OBJECTS TAREAS SECUNDARIAS/Pruebas Hoja de Vida/Notificar_Novedades_Hoja_Vida/div_INFONo hay cambios que guardar' located by '//div[(text() = 'INFO:No hay cambios que guardar' or . = 'INFO:No hay cambios que guardar')]' not found

2022-05-11 09:40:31 - [TEST_STEP][FAILED] - Result = getText(findTestObject("2-OBJECTS TAREAS SECUNDARIAS/Pruebas Hoja de Vida/Notificar_Novedades_Hoja_Vida/label_Sus datos han sido Actualizados correctamente")): Unable to get text of object 'Object Repository/2-OBJECTS TAREAS SECUNDARIAS/Pruebas Hoja de Vida/Notificar_Novedades_Hoja_Vida/label_Sus datos han sido Actualizados correctamente' (Root cause: com.kms.katalon.core.exception.StepFailedException: Unable to get text of object 'Object Repository/2-OBJECTS TAREAS SECUNDARIAS/Pruebas Hoja de Vida/Notificar_Novedades_Hoja_Vida/label_Sus datos han sido Actualizados correctamente'
	at com.kms.katalon.core.webui.keyword.internal.WebUIKeywordMain.stepFailed(WebUIKeywordMain.groovy:64)
	at com.kms.katalon.core.webui.keyword.internal.WebUIKeywordMain.runKeyword(WebUIKeywordMain.groovy:26)
	at com.kms.katalon.core.webui.keyword.builtin.GetTextKeyword.getText(GetTextKeyword.groovy:88)
	at com.kms.katalon.core.webui.keyword.builtin.GetTextKeyword.execute(GetTextKeyword.groovy:67)
	at com.kms.katalon.core.keyword.internal.KeywordExecutor.executeKeywordForPlatform(KeywordExecutor.groovy:74)
	at com.kms.katalon.core.webui.keyword.WebUiBuiltInKeywords.getText(WebUiBuiltInKeywords.groovy:918)
	at com.kms.katalon.core.webui.keyword.WebUiBuiltInKeywords$getText$9.call(Unknown Source)
	at 2.2.2-Notificar_Novedades_Hoja_Vida.run(2.2.2-Notificar_Novedades_Hoja_Vida:84)
	at com.kms.katalon.core.main.ScriptEngine.run(ScriptEngine.java:194)
	at com.kms.katalon.core.main.ScriptEngine.runScriptAsRawText(ScriptEngine.java:119)
	at com.kms.katalon.core.main.TestCaseExecutor.runScript(TestCaseExecutor.java:445)
	at com.kms.katalon.core.main.TestCaseExecutor.doExecute(TestCaseExecutor.java:436)
	at com.kms.katalon.core.main.TestCaseExecutor.processExecutionPhase(TestCaseExecutor.java:415)
	at com.kms.katalon.core.main.TestCaseExecutor.accessMainPhase(TestCaseExecutor.java:407)
	at com.kms.katalon.core.main.TestCaseExecutor.execute(TestCaseExecutor.java:284)
	at com.kms.katalon.core.common.CommonExecutor.accessTestCaseMainPhase(CommonExecutor.java:65)
	at com.kms.katalon.core.main.TestSuiteExecutor.accessTestSuiteMainPhase(TestSuiteExecutor.java:144)
	at com.kms.katalon.core.main.TestSuiteExecutor.execute(TestSuiteExecutor.java:106)
	at com.kms.katalon.core.main.TestCaseMain.startTestSuite(TestCaseMain.java:185)
	at com.kms.katalon.core.main.TestCaseMain$startTestSuite$0.call(Unknown Source)
	at TempTestSuite1652279798673.run(TempTestSuite1652279798673.groovy:36)
Caused by: com.kms.katalon.core.webui.exception.WebElementNotFoundException: Web element with id: 'Object Repository/2-OBJECTS TAREAS SECUNDARIAS/Pruebas Hoja de Vida/Notificar_Novedades_Hoja_Vida/label_Sus datos han sido Actualizados correctamente' located by '//div[2]/label' not found
	at com.kms.katalon.core.webui.common.WebUiCommonHelper.findWebElement(WebUiCommonHelper.java:1370)
	at com.kms.katalon.core.webui.keyword.internal.WebUIAbstractKeyword.findWebElement(WebUIAbstractKeyword.groovy:27)
	at com.kms.katalon.core.webui.keyword.internal.WebUIAbstractKeyword.findWebElement(WebUIAbstractKeyword.groovy:26)
	at com.kms.katalon.core.webui.keyword.builtin.GetTextKeyword$_getText_closure1.doCall(GetTextKeyword.groovy:78)
	at com.kms.katalon.core.webui.keyword.builtin.GetTextKeyword$_getText_closure1.call(GetTextKeyword.groovy)
	at com.kms.katalon.core.webui.keyword.internal.WebUIKeywordMain.runKeyword(WebUIKeywordMain.groovy:20)
	at com.kms.katalon.core.webui.keyword.builtin.GetTextKeyword.getText(GetTextKeyword.groovy:88)
	at com.kms.katalon.core.webui.keyword.builtin.GetTextKeyword.execute(GetTextKeyword.groovy:67)
	at com.kms.katalon.core.keyword.internal.KeywordExecutor.executeKeywordForPlatform(KeywordExecutor.groovy:74)
	at com.kms.katalon.core.webui.keyword.WebUiBuiltInKeywords.getText(WebUiBuiltInKeywords.groovy:918)
	at com.kms.katalon.core.webui.keyword.WebUiBuiltInKeywords$getText$9.call(Unknown Source)
	at Script1641240645641.run(Script1641240645641.groovy:84)
	... 13 more
)

2022-05-11 09:41:12 - [MESSAGE][INFO] - Unable to find the element located by 'By.xpath: //div[2]/label'. Please recheck the objects properties to make sure the desired element is located. 

2022-05-11 09:41:12 - [MESSAGE][FAILED] - Unable to get text of object 'Object Repository/2-OBJECTS TAREAS SECUNDARIAS/Pruebas Hoja de Vida/Notificar_Novedades_Hoja_Vida/label_Sus datos han sido Actualizados correctamente' (Root cause: com.kms.katalon.core.exception.StepFailedException: Unable to get text of object 'Object Repository/2-OBJECTS TAREAS SECUNDARIAS/Pruebas Hoja de Vida/Notificar_Novedades_Hoja_Vida/label_Sus datos han sido Actualizados correctamente'
	at com.kms.katalon.core.webui.keyword.internal.WebUIKeywordMain.stepFailed(WebUIKeywordMain.groovy:64)
	at com.kms.katalon.core.webui.keyword.internal.WebUIKeywordMain.runKeyword(WebUIKeywordMain.groovy:26)
	at com.kms.katalon.core.webui.keyword.builtin.GetTextKeyword.getText(GetTextKeyword.groovy:88)
	at com.kms.katalon.core.webui.keyword.builtin.GetTextKeyword.execute(GetTextKeyword.groovy:67)
	at com.kms.katalon.core.keyword.internal.KeywordExecutor.executeKeywordForPlatform(KeywordExecutor.groovy:74)
	at com.kms.katalon.core.webui.keyword.WebUiBuiltInKeywords.getText(WebUiBuiltInKeywords.groovy:918)
	at com.kms.katalon.core.webui.keyword.WebUiBuiltInKeywords$getText$9.call(Unknown Source)
	at 2.2.2-Notificar_Novedades_Hoja_Vida.run(2.2.2-Notificar_Novedades_Hoja_Vida:84)
	at com.kms.katalon.core.main.ScriptEngine.run(ScriptEngine.java:194)
	at com.kms.katalon.core.main.ScriptEngine.runScriptAsRawText(ScriptEngine.java:119)
	at com.kms.katalon.core.main.TestCaseExecutor.runScript(TestCaseExecutor.java:445)
	at com.kms.katalon.core.main.TestCaseExecutor.doExecute(TestCaseExecutor.java:436)
	at com.kms.katalon.core.main.TestCaseExecutor.processExecutionPhase(TestCaseExecutor.java:415)
	at com.kms.katalon.core.main.TestCaseExecutor.accessMainPhase(TestCaseExecutor.java:407)
	at com.kms.katalon.core.main.TestCaseExecutor.execute(TestCaseExecutor.java:284)
	at com.kms.katalon.core.common.CommonExecutor.accessTestCaseMainPhase(CommonExecutor.java:65)
	at com.kms.katalon.core.main.TestSuiteExecutor.accessTestSuiteMainPhase(TestSuiteExecutor.java:144)
	at com.kms.katalon.core.main.TestSuiteExecutor.execute(TestSuiteExecutor.java:106)
	at com.kms.katalon.core.main.TestCaseMain.startTestSuite(TestCaseMain.java:185)
	at com.kms.katalon.core.main.TestCaseMain$startTestSuite$0.call(Unknown Source)
	at TempTestSuite1652279798673.run(TempTestSuite1652279798673.groovy:36)
Caused by: com.kms.katalon.core.webui.exception.WebElementNotFoundException: Web element with id: 'Object Repository/2-OBJECTS TAREAS SECUNDARIAS/Pruebas Hoja de Vida/Notificar_Novedades_Hoja_Vida/label_Sus datos han sido Actualizados correctamente' located by '//div[2]/label' not found
	at com.kms.katalon.core.webui.common.WebUiCommonHelper.findWebElement(WebUiCommonHelper.java:1370)
	at com.kms.katalon.core.webui.keyword.internal.WebUIAbstractKeyword.findWebElement(WebUIAbstractKeyword.groovy:27)
	at com.kms.katalon.core.webui.keyword.internal.WebUIAbstractKeyword.findWebElement(WebUIAbstractKeyword.groovy:26)
	at com.kms.katalon.core.webui.keyword.builtin.GetTextKeyword$_getText_closure1.doCall(GetTextKeyword.groovy:78)
	at com.kms.katalon.core.webui.keyword.builtin.GetTextKeyword$_getText_closure1.call(GetTextKeyword.groovy)
	at com.kms.katalon.core.webui.keyword.internal.WebUIKeywordMain.runKeyword(WebUIKeywordMain.groovy:20)
	at com.kms.katalon.core.webui.keyword.builtin.GetTextKeyword.getText(GetTextKeyword.groovy:88)
	at com.kms.katalon.core.webui.keyword.builtin.GetTextKeyword.execute(GetTextKeyword.groovy:67)
	at com.kms.katalon.core.keyword.internal.KeywordExecutor.executeKeywordForPlatform(KeywordExecutor.groovy:74)
	at com.kms.katalon.core.webui.keyword.WebUiBuiltInKeywords.getText(WebUiBuiltInKeywords.groovy:918)
	at com.kms.katalon.core.webui.keyword.WebUiBuiltInKeywords$getText$9.call(Unknown Source)
	at Script1641240645641.run(Script1641240645641.groovy:84)
	... 13 more
)
[[ATTACHMENT|C:\\Users\\diego.rojas\\git\\Pruebas-Minimas\\Reports\\20220511_093638\\Test_Suite_Secundaria\\2-Pruebas hoja de vida\\20220511_093638\\1652280072367.png]]]]></system-out>
         <system-err><![CDATA[2022-05-11 09:40:14 - [TEST_CASE][FAILED] - Test Cases/1.2-Tareas_Secundarias/2.1-Pruebas_Hoja_de_Vida/2.2.2-Notificar_Novedades_Hoja_Vida: Test Cases/1.2-Tareas_Secundarias/2.1-Pruebas_Hoja_de_Vida/2.2.2-Notificar_Novedades_Hoja_Vida FAILED.
Reason:
com.kms.katalon.core.exception.StepFailedException: Unable to get text of object 'Object Repository/2-OBJECTS TAREAS SECUNDARIAS/Pruebas Hoja de Vida/Notificar_Novedades_Hoja_Vida/label_Sus datos han sido Actualizados correctamente'
	at com.kms.katalon.core.webui.keyword.internal.WebUIKeywordMain.stepFailed(WebUIKeywordMain.groovy:64)
	at com.kms.katalon.core.webui.keyword.internal.WebUIKeywordMain.runKeyword(WebUIKeywordMain.groovy:26)
	at com.kms.katalon.core.webui.keyword.builtin.GetTextKeyword.getText(GetTextKeyword.groovy:88)
	at com.kms.katalon.core.webui.keyword.builtin.GetTextKeyword.execute(GetTextKeyword.groovy:67)
	at com.kms.katalon.core.keyword.internal.KeywordExecutor.executeKeywordForPlatform(KeywordExecutor.groovy:74)
	at com.kms.katalon.core.webui.keyword.WebUiBuiltInKeywords.getText(WebUiBuiltInKeywords.groovy:918)
	at com.kms.katalon.core.webui.keyword.WebUiBuiltInKeywords$getText$9.call(Unknown Source)
	at 2.2.2-Notificar_Novedades_Hoja_Vida.run(2.2.2-Notificar_Novedades_Hoja_Vida:84)
	at com.kms.katalon.core.main.ScriptEngine.run(ScriptEngine.java:194)
	at com.kms.katalon.core.main.ScriptEngine.runScriptAsRawText(ScriptEngine.java:119)
	at com.kms.katalon.core.main.TestCaseExecutor.runScript(TestCaseExecutor.java:445)
	at com.kms.katalon.core.main.TestCaseExecutor.doExecute(TestCaseExecutor.java:436)
	at com.kms.katalon.core.main.TestCaseExecutor.processExecutionPhase(TestCaseExecutor.java:415)
	at com.kms.katalon.core.main.TestCaseExecutor.accessMainPhase(TestCaseExecutor.java:407)
	at com.kms.katalon.core.main.TestCaseExecutor.execute(TestCaseExecutor.java:284)
	at com.kms.katalon.core.common.CommonExecutor.accessTestCaseMainPhase(CommonExecutor.java:65)
	at com.kms.katalon.core.main.TestSuiteExecutor.accessTestSuiteMainPhase(TestSuiteExecutor.java:144)
	at com.kms.katalon.core.main.TestSuiteExecutor.execute(TestSuiteExecutor.java:106)
	at com.kms.katalon.core.main.TestCaseMain.startTestSuite(TestCaseMain.java:185)
	at com.kms.katalon.core.main.TestCaseMain$startTestSuite$0.call(Unknown Source)
	at TempTestSuite1652279798673.run(TempTestSuite1652279798673.groovy:36)
Caused by: com.kms.katalon.core.webui.exception.WebElementNotFoundException: Web element with id: 'Object Repository/2-OBJECTS TAREAS SECUNDARIAS/Pruebas Hoja de Vida/Notificar_Novedades_Hoja_Vida/label_Sus datos han sido Actualizados correctamente' located by '//div[2]/label' not found
	at com.kms.katalon.core.webui.common.WebUiCommonHelper.findWebElement(WebUiCommonHelper.java:1370)
	at com.kms.katalon.core.webui.keyword.internal.WebUIAbstractKeyword.findWebElement(WebUIAbstractKeyword.groovy:27)
	at com.kms.katalon.core.webui.keyword.internal.WebUIAbstractKeyword.findWebElement(WebUIAbstractKeyword.groovy:26)
	at com.kms.katalon.core.webui.keyword.builtin.GetTextKeyword$_getText_closure1.doCall(GetTextKeyword.groovy:78)
	at com.kms.katalon.core.webui.keyword.builtin.GetTextKeyword$_getText_closure1.call(GetTextKeyword.groovy)
	at com.kms.katalon.core.webui.keyword.internal.WebUIKeywordMain.runKeyword(WebUIKeywordMain.groovy:20)
	... 19 more]]></system-err>
      </testcase>
      <system-out><![CDATA[2022-05-11 09:36:46 - [TEST_SUITE][FAILED] - 2-Pruebas hoja de vida: Test Cases/1.2-Tareas_Secundarias/2.1-Pruebas_Hoja_de_Vida/2.2.2-Notificar_Novedades_Hoja_Vida FAILED.
Reason:
com.kms.katalon.core.exception.StepFailedException: Unable to get text of object 'Object Repository/2-OBJECTS TAREAS SECUNDARIAS/Pruebas Hoja de Vida/Notificar_Novedades_Hoja_Vida/label_Sus datos han sido Actualizados correctamente'
	at com.kms.katalon.core.webui.keyword.internal.WebUIKeywordMain.stepFailed(WebUIKeywordMain.groovy:64)
	at com.kms.katalon.core.webui.keyword.internal.WebUIKeywordMain.runKeyword(WebUIKeywordMain.groovy:26)
	at com.kms.katalon.core.webui.keyword.builtin.GetTextKeyword.getText(GetTextKeyword.groovy:88)
	at com.kms.katalon.core.webui.keyword.builtin.GetTextKeyword.execute(GetTextKeyword.groovy:67)
	at com.kms.katalon.core.keyword.internal.KeywordExecutor.executeKeywordForPlatform(KeywordExecutor.groovy:74)
	at com.kms.katalon.core.webui.keyword.WebUiBuiltInKeywords.getText(WebUiBuiltInKeywords.groovy:918)
	at com.kms.katalon.core.webui.keyword.WebUiBuiltInKeywords$getText$9.call(Unknown Source)
	at 2.2.2-Notificar_Novedades_Hoja_Vida.run(2.2.2-Notificar_Novedades_Hoja_Vida:84)
	at com.kms.katalon.core.main.ScriptEngine.run(ScriptEngine.java:194)
	at com.kms.katalon.core.main.ScriptEngine.runScriptAsRawText(ScriptEngine.java:119)
	at com.kms.katalon.core.main.TestCaseExecutor.runScript(TestCaseExecutor.java:445)
	at com.kms.katalon.core.main.TestCaseExecutor.doExecute(TestCaseExecutor.java:436)
	at com.kms.katalon.core.main.TestCaseExecutor.processExecutionPhase(TestCaseExecutor.java:415)
	at com.kms.katalon.core.main.TestCaseExecutor.accessMainPhase(TestCaseExecutor.java:407)
	at com.kms.katalon.core.main.TestCaseExecutor.execute(TestCaseExecutor.java:284)
	at com.kms.katalon.core.common.CommonExecutor.accessTestCaseMainPhase(CommonExecutor.java:65)
	at com.kms.katalon.core.main.TestSuiteExecutor.accessTestSuiteMainPhase(TestSuiteExecutor.java:144)
	at com.kms.katalon.core.main.TestSuiteExecutor.execute(TestSuiteExecutor.java:106)
	at com.kms.katalon.core.main.TestCaseMain.startTestSuite(TestCaseMain.java:185)
	at com.kms.katalon.core.main.TestCaseMain$startTestSuite$0.call(Unknown Source)
	at TempTestSuite1652279798673.run(TempTestSuite1652279798673.groovy:36)
Caused by: com.kms.katalon.core.webui.exception.WebElementNotFoundException: Web element with id: 'Object Repository/2-OBJECTS TAREAS SECUNDARIAS/Pruebas Hoja de Vida/Notificar_Novedades_Hoja_Vida/label_Sus datos han sido Actualizados correctamente' located by '//div[2]/label' not found
	at com.kms.katalon.core.webui.common.WebUiCommonHelper.findWebElement(WebUiCommonHelper.java:1370)
	at com.kms.katalon.core.webui.keyword.internal.WebUIAbstractKeyword.findWebElement(WebUIAbstractKeyword.groovy:27)
	at com.kms.katalon.core.webui.keyword.internal.WebUIAbstractKeyword.findWebElement(WebUIAbstractKeyword.groovy:26)
	at com.kms.katalon.core.webui.keyword.builtin.GetTextKeyword$_getText_closure1.doCall(GetTextKeyword.groovy:78)
	at com.kms.katalon.core.webui.keyword.builtin.GetTextKeyword$_getText_closure1.call(GetTextKeyword.groovy)
	at com.kms.katalon.core.webui.keyword.internal.WebUIKeywordMain.runKeyword(WebUIKeywordMain.groovy:20)
	... 19 more]]></system-out>
      <system-err><![CDATA[2022-05-11 09:36:46 - [TEST_SUITE][FAILED] - 2-Pruebas hoja de vida: Test Cases/1.2-Tareas_Secundarias/2.1-Pruebas_Hoja_de_Vida/2.2.2-Notificar_Novedades_Hoja_Vida FAILED.
Reason:
com.kms.katalon.core.exception.StepFailedException: Unable to get text of object 'Object Repository/2-OBJECTS TAREAS SECUNDARIAS/Pruebas Hoja de Vida/Notificar_Novedades_Hoja_Vida/label_Sus datos han sido Actualizados correctamente'
	at com.kms.katalon.core.webui.keyword.internal.WebUIKeywordMain.stepFailed(WebUIKeywordMain.groovy:64)
	at com.kms.katalon.core.webui.keyword.internal.WebUIKeywordMain.runKeyword(WebUIKeywordMain.groovy:26)
	at com.kms.katalon.core.webui.keyword.builtin.GetTextKeyword.getText(GetTextKeyword.groovy:88)
	at com.kms.katalon.core.webui.keyword.builtin.GetTextKeyword.execute(GetTextKeyword.groovy:67)
	at com.kms.katalon.core.keyword.internal.KeywordExecutor.executeKeywordForPlatform(KeywordExecutor.groovy:74)
	at com.kms.katalon.core.webui.keyword.WebUiBuiltInKeywords.getText(WebUiBuiltInKeywords.groovy:918)
	at com.kms.katalon.core.webui.keyword.WebUiBuiltInKeywords$getText$9.call(Unknown Source)
	at 2.2.2-Notificar_Novedades_Hoja_Vida.run(2.2.2-Notificar_Novedades_Hoja_Vida:84)
	at com.kms.katalon.core.main.ScriptEngine.run(ScriptEngine.java:194)
	at com.kms.katalon.core.main.ScriptEngine.runScriptAsRawText(ScriptEngine.java:119)
	at com.kms.katalon.core.main.TestCaseExecutor.runScript(TestCaseExecutor.java:445)
	at com.kms.katalon.core.main.TestCaseExecutor.doExecute(TestCaseExecutor.java:436)
	at com.kms.katalon.core.main.TestCaseExecutor.processExecutionPhase(TestCaseExecutor.java:415)
	at com.kms.katalon.core.main.TestCaseExecutor.accessMainPhase(TestCaseExecutor.java:407)
	at com.kms.katalon.core.main.TestCaseExecutor.execute(TestCaseExecutor.java:284)
	at com.kms.katalon.core.common.CommonExecutor.accessTestCaseMainPhase(CommonExecutor.java:65)
	at com.kms.katalon.core.main.TestSuiteExecutor.accessTestSuiteMainPhase(TestSuiteExecutor.java:144)
	at com.kms.katalon.core.main.TestSuiteExecutor.execute(TestSuiteExecutor.java:106)
	at com.kms.katalon.core.main.TestCaseMain.startTestSuite(TestCaseMain.java:185)
	at com.kms.katalon.core.main.TestCaseMain$startTestSuite$0.call(Unknown Source)
	at TempTestSuite1652279798673.run(TempTestSuite1652279798673.groovy:36)
Caused by: com.kms.katalon.core.webui.exception.WebElementNotFoundException: Web element with id: 'Object Repository/2-OBJECTS TAREAS SECUNDARIAS/Pruebas Hoja de Vida/Notificar_Novedades_Hoja_Vida/label_Sus datos han sido Actualizados correctamente' located by '//div[2]/label' not found
	at com.kms.katalon.core.webui.common.WebUiCommonHelper.findWebElement(WebUiCommonHelper.java:1370)
	at com.kms.katalon.core.webui.keyword.internal.WebUIAbstractKeyword.findWebElement(WebUIAbstractKeyword.groovy:27)
	at com.kms.katalon.core.webui.keyword.internal.WebUIAbstractKeyword.findWebElement(WebUIAbstractKeyword.groovy:26)
	at com.kms.katalon.core.webui.keyword.builtin.GetTextKeyword$_getText_closure1.doCall(GetTextKeyword.groovy:78)
	at com.kms.katalon.core.webui.keyword.builtin.GetTextKeyword$_getText_closure1.call(GetTextKeyword.groovy)
	at com.kms.katalon.core.webui.keyword.internal.WebUIKeywordMain.runKeyword(WebUIKeywordMain.groovy:20)
	... 19 more]]></system-err>
   </testsuite>
</testsuites>
